<?xml version="1.0" encoding="UTF-8"?>
<testsuite xmlns:xsi="http://www.w3.org/2001/XMLSchema-instance" xsi:noNamespaceSchemaLocation="https://maven.apache.org/surefire/maven-surefire-plugin/xsd/surefire-test-report-3.0.xsd" version="3.0" name="laptop.test.TestLaptop4" time="13.36" tests="50" errors="0" skipped="0" failures="0">
  <properties>
    <property name="java.specification.version" value="17"/>
    <property name="sun.cpu.isalist" value="amd64"/>
    <property name="sun.jnu.encoding" value="Cp1252"/>
    <property name="sun.awt.enableExtraMouseButtons" value="true"/>
    <property name="java.class.path" value="C:\Users\dani\eclipse-workspace\LibreriaMaven\target\test-classes;C:\Users\dani\eclipse-workspace\LibreriaMaven\target\classes;C:\Users\dani\.m2\repository\org\junit\jupiter\junit-jupiter-api\5.9.1\junit-jupiter-api-5.9.1.jar;C:\Users\dani\.m2\repository\org\opentest4j\opentest4j\1.2.0\opentest4j-1.2.0.jar;C:\Users\dani\.m2\repository\org\junit\platform\junit-platform-commons\1.9.1\junit-platform-commons-1.9.1.jar;C:\Users\dani\.m2\repository\org\apiguardian\apiguardian-api\1.1.2\apiguardian-api-1.1.2.jar;C:\Users\dani\.m2\repository\org\junit\jupiter\junit-jupiter-engine\5.9.1\junit-jupiter-engine-5.9.1.jar;C:\Users\dani\.m2\repository\org\junit\platform\junit-platform-engine\1.9.1\junit-platform-engine-1.9.1.jar;C:\Users\dani\.m2\repository\org\junit\jupiter\junit-jupiter-params\5.9.1\junit-jupiter-params-5.9.1.jar;C:\Users\dani\.m2\repository\org\openjfx\javafx-controls\11\javafx-controls-11-win.jar;C:\Users\dani\.m2\repository\org\openjfx\javafx-graphics\11\javafx-graphics-11.jar;C:\Users\dani\.m2\repository\org\openjfx\javafx-graphics\11\javafx-graphics-11-win.jar;C:\Users\dani\.m2\repository\org\openjfx\javafx-base\11\javafx-base-11.jar;C:\Users\dani\.m2\repository\org\openjfx\javafx-base\11\javafx-base-11-win.jar;C:\Users\dani\.m2\repository\org\openjfx\javafx-fxml\11\javafx-fxml-11.jar;C:\Users\dani\.m2\repository\org\openjfx\javafx-fxml\11\javafx-fxml-11-win.jar;C:\Users\dani\.m2\repository\org\openjfx\javafx-controls\11\javafx-controls-11.jar;C:\Users\dani\.m2\repository\org\mybatis\mybatis\3.5.11\mybatis-3.5.11.jar;C:\Users\dani\.m2\repository\com\mysql\mysql-connector-j\8.0.31\mysql-connector-j-8.0.31.jar;C:\Users\dani\.m2\repository\com\google\protobuf\protobuf-java\3.19.4\protobuf-java-3.19.4.jar;C:\Users\dani\.m2\repository\com\itextpdf\itextpdf\5.5.13.3\itextpdf-5.5.13.3.jar;C:\Users\dani\.m2\repository\org\glassfish\web\jakarta.servlet.jsp.jstl\2.0.0\jakarta.servlet.jsp.jstl-2.0.0.jar;C:\Users\dani\.m2\repository\jakarta\servlet\jsp\jstl\jakarta.servlet.jsp.jstl-api\2.0.0\jakarta.servlet.jsp.jstl-api-2.0.0.jar;C:\Users\dani\.m2\repository\jakarta\servlet\jakarta.servlet-api\5.0.0\jakarta.servlet-api-5.0.0.jar;C:\Users\dani\.m2\repository\jakarta\el\jakarta.el-api\4.0.0\jakarta.el-api-4.0.0.jar;C:\Users\dani\.m2\repository\jakarta\xml\bind\jakarta.xml.bind-api\3.0.0\jakarta.xml.bind-api-3.0.0.jar;C:\Users\dani\.m2\repository\com\sun\activation\jakarta.activation\2.0.0\jakarta.activation-2.0.0.jar;C:\Users\dani\.m2\repository\org\seleniumhq\selenium\selenium-java\4.6.0\selenium-java-4.6.0.jar;C:\Users\dani\.m2\repository\org\seleniumhq\selenium\selenium-api\4.6.0\selenium-api-4.6.0.jar;C:\Users\dani\.m2\repository\org\seleniumhq\selenium\selenium-devtools-v105\4.6.0\selenium-devtools-v105-4.6.0.jar;C:\Users\dani\.m2\repository\org\seleniumhq\selenium\selenium-devtools-v106\4.6.0\selenium-devtools-v106-4.6.0.jar;C:\Users\dani\.m2\repository\org\seleniumhq\selenium\selenium-devtools-v107\4.6.0\selenium-devtools-v107-4.6.0.jar;C:\Users\dani\.m2\repository\org\seleniumhq\selenium\selenium-devtools-v85\4.6.0\selenium-devtools-v85-4.6.0.jar;C:\Users\dani\.m2\repository\org\seleniumhq\selenium\selenium-edge-driver\4.6.0\selenium-edge-driver-4.6.0.jar;C:\Users\dani\.m2\repository\org\seleniumhq\selenium\selenium-firefox-driver\4.6.0\selenium-firefox-driver-4.6.0.jar;C:\Users\dani\.m2\repository\org\seleniumhq\selenium\selenium-ie-driver\4.6.0\selenium-ie-driver-4.6.0.jar;C:\Users\dani\.m2\repository\org\seleniumhq\selenium\selenium-remote-driver\4.6.0\selenium-remote-driver-4.6.0.jar;C:\Users\dani\.m2\repository\com\beust\jcommander\1.82\jcommander-1.82.jar;C:\Users\dani\.m2\repository\io\netty\netty-buffer\4.1.84.Final\netty-buffer-4.1.84.Final.jar;C:\Users\dani\.m2\repository\io\netty\netty-codec-http\4.1.84.Final\netty-codec-http-4.1.84.Final.jar;C:\Users\dani\.m2\repository\io\netty\netty-codec\4.1.84.Final\netty-codec-4.1.84.Final.jar;C:\Users\dani\.m2\repository\io\netty\netty-handler\4.1.84.Final\netty-handler-4.1.84.Final.jar;C:\Users\dani\.m2\repository\io\netty\netty-common\4.1.84.Final\netty-common-4.1.84.Final.jar;C:\Users\dani\.m2\repository\io\netty\netty-transport-classes-epoll\4.1.84.Final\netty-transport-classes-epoll-4.1.84.Final.jar;C:\Users\dani\.m2\repository\io\netty\netty-transport-classes-kqueue\4.1.84.Final\netty-transport-classes-kqueue-4.1.84.Final.jar;C:\Users\dani\.m2\repository\io\netty\netty-transport-native-epoll\4.1.84.Final\netty-transport-native-epoll-4.1.84.Final.jar;C:\Users\dani\.m2\repository\io\netty\netty-transport-native-kqueue\4.1.84.Final\netty-transport-native-kqueue-4.1.84.Final.jar;C:\Users\dani\.m2\repository\io\netty\netty-transport-native-unix-common\4.1.84.Final\netty-transport-native-unix-common-4.1.84.Final.jar;C:\Users\dani\.m2\repository\io\netty\netty-transport\4.1.84.Final\netty-transport-4.1.84.Final.jar;C:\Users\dani\.m2\repository\io\netty\netty-resolver\4.1.84.Final\netty-resolver-4.1.84.Final.jar;C:\Users\dani\.m2\repository\io\opentelemetry\opentelemetry-api\1.19.0\opentelemetry-api-1.19.0.jar;C:\Users\dani\.m2\repository\io\opentelemetry\opentelemetry-context\1.19.0\opentelemetry-context-1.19.0.jar;C:\Users\dani\.m2\repository\io\opentelemetry\opentelemetry-exporter-logging\1.19.0\opentelemetry-exporter-logging-1.19.0.jar;C:\Users\dani\.m2\repository\io\opentelemetry\opentelemetry-sdk-metrics\1.19.0\opentelemetry-sdk-metrics-1.19.0.jar;C:\Users\dani\.m2\repository\io\opentelemetry\opentelemetry-sdk-logs\1.19.0-alpha\opentelemetry-sdk-logs-1.19.0-alpha.jar;C:\Users\dani\.m2\repository\io\opentelemetry\opentelemetry-api-logs\1.19.0-alpha\opentelemetry-api-logs-1.19.0-alpha.jar;C:\Users\dani\.m2\repository\io\opentelemetry\opentelemetry-sdk-common\1.19.0\opentelemetry-sdk-common-1.19.0.jar;C:\Users\dani\.m2\repository\io\opentelemetry\opentelemetry-sdk-extension-autoconfigure-spi\1.19.0\opentelemetry-sdk-extension-autoconfigure-spi-1.19.0.jar;C:\Users\dani\.m2\repository\io\opentelemetry\opentelemetry-sdk-extension-autoconfigure\1.19.0-alpha\opentelemetry-sdk-extension-autoconfigure-1.19.0-alpha.jar;C:\Users\dani\.m2\repository\io\opentelemetry\opentelemetry-exporter-common\1.19.0\opentelemetry-exporter-common-1.19.0.jar;C:\Users\dani\.m2\repository\io\opentelemetry\opentelemetry-sdk-trace\1.19.0\opentelemetry-sdk-trace-1.19.0.jar;C:\Users\dani\.m2\repository\io\opentelemetry\opentelemetry-sdk\1.19.0\opentelemetry-sdk-1.19.0.jar;C:\Users\dani\.m2\repository\io\opentelemetry\opentelemetry-semconv\1.19.0-alpha\opentelemetry-semconv-1.19.0-alpha.jar;C:\Users\dani\.m2\repository\io\ous\jtoml\2.0.0\jtoml-2.0.0.jar;C:\Users\dani\.m2\repository\net\bytebuddy\byte-buddy\1.12.18\byte-buddy-1.12.18.jar;C:\Users\dani\.m2\repository\org\apache\commons\commons-exec\1.3\commons-exec-1.3.jar;C:\Users\dani\.m2\repository\org\asynchttpclient\async-http-client\2.12.3\async-http-client-2.12.3.jar;C:\Users\dani\.m2\repository\org\asynchttpclient\async-http-client-netty-utils\2.12.3\async-http-client-netty-utils-2.12.3.jar;C:\Users\dani\.m2\repository\io\netty\netty-codec-socks\4.1.60.Final\netty-codec-socks-4.1.60.Final.jar;C:\Users\dani\.m2\repository\io\netty\netty-handler-proxy\4.1.60.Final\netty-handler-proxy-4.1.60.Final.jar;C:\Users\dani\.m2\repository\io\netty\netty-transport-native-epoll\4.1.60.Final\netty-transport-native-epoll-4.1.60.Final-linux-x86_64.jar;C:\Users\dani\.m2\repository\io\netty\netty-transport-native-kqueue\4.1.60.Final\netty-transport-native-kqueue-4.1.60.Final-osx-x86_64.jar;C:\Users\dani\.m2\repository\org\reactivestreams\reactive-streams\1.0.3\reactive-streams-1.0.3.jar;C:\Users\dani\.m2\repository\com\typesafe\netty\netty-reactive-streams\2.0.4\netty-reactive-streams-2.0.4.jar;C:\Users\dani\.m2\repository\org\slf4j\slf4j-api\1.7.30\slf4j-api-1.7.30.jar;C:\Users\dani\.m2\repository\org\seleniumhq\selenium\selenium-http\4.6.0\selenium-http-4.6.0.jar;C:\Users\dani\.m2\repository\dev\failsafe\failsafe\3.3.0\failsafe-3.3.0.jar;C:\Users\dani\.m2\repository\org\seleniumhq\selenium\selenium-manager\4.6.0\selenium-manager-4.6.0.jar;C:\Users\dani\.m2\repository\org\seleniumhq\selenium\selenium-safari-driver\4.6.0\selenium-safari-driver-4.6.0.jar;C:\Users\dani\.m2\repository\org\seleniumhq\selenium\selenium-support\4.6.0\selenium-support-4.6.0.jar;C:\Users\dani\.m2\repository\org\seleniumhq\selenium\selenium-chrome-driver\4.6.0\selenium-chrome-driver-4.6.0.jar;C:\Users\dani\.m2\repository\com\google\auto\service\auto-service-annotations\1.0.1\auto-service-annotations-1.0.1.jar;C:\Users\dani\.m2\repository\com\google\auto\service\auto-service\1.0.1\auto-service-1.0.1.jar;C:\Users\dani\.m2\repository\com\google\auto\auto-common\1.2\auto-common-1.2.jar;C:\Users\dani\.m2\repository\com\google\guava\guava\31.1-jre\guava-31.1-jre.jar;C:\Users\dani\.m2\repository\com\google\guava\failureaccess\1.0.1\failureaccess-1.0.1.jar;C:\Users\dani\.m2\repository\com\google\guava\listenablefuture\9999.0-empty-to-avoid-conflict-with-guava\listenablefuture-9999.0-empty-to-avoid-conflict-with-guava.jar;C:\Users\dani\.m2\repository\com\google\code\findbugs\jsr305\3.0.2\jsr305-3.0.2.jar;C:\Users\dani\.m2\repository\org\checkerframework\checker-qual\3.12.0\checker-qual-3.12.0.jar;C:\Users\dani\.m2\repository\com\google\errorprone\error_prone_annotations\2.11.0\error_prone_annotations-2.11.0.jar;C:\Users\dani\.m2\repository\com\google\j2objc\j2objc-annotations\1.3\j2objc-annotations-1.3.jar;C:\Users\dani\.m2\repository\org\seleniumhq\selenium\selenium-chromium-driver\4.6.0\selenium-chromium-driver-4.6.0.jar;C:\Users\dani\.m2\repository\org\seleniumhq\selenium\selenium-json\4.6.0\selenium-json-4.6.0.jar;C:\Users\dani\.m2\repository\org\apache\tomcat\tomcat-catalina\10.1.4\tomcat-catalina-10.1.4.jar;C:\Users\dani\.m2\repository\org\apache\tomcat\tomcat-servlet-api\10.1.4\tomcat-servlet-api-10.1.4.jar;C:\Users\dani\.m2\repository\org\apache\tomcat\tomcat-jsp-api\10.1.4\tomcat-jsp-api-10.1.4.jar;C:\Users\dani\.m2\repository\org\apache\tomcat\tomcat-el-api\10.1.4\tomcat-el-api-10.1.4.jar;C:\Users\dani\.m2\repository\org\apache\tomcat\tomcat-juli\10.1.4\tomcat-juli-10.1.4.jar;C:\Users\dani\.m2\repository\org\apache\tomcat\tomcat-annotations-api\10.1.4\tomcat-annotations-api-10.1.4.jar;C:\Users\dani\.m2\repository\org\apache\tomcat\tomcat-api\10.1.4\tomcat-api-10.1.4.jar;C:\Users\dani\.m2\repository\org\apache\tomcat\tomcat-jni\10.1.4\tomcat-jni-10.1.4.jar;C:\Users\dani\.m2\repository\org\apache\tomcat\tomcat-coyote\10.1.4\tomcat-coyote-10.1.4.jar;C:\Users\dani\.m2\repository\org\apache\tomcat\tomcat-util\10.1.4\tomcat-util-10.1.4.jar;C:\Users\dani\.m2\repository\org\apache\tomcat\tomcat-util-scan\10.1.4\tomcat-util-scan-10.1.4.jar;C:\Users\dani\.m2\repository\org\apache\tomcat\tomcat-jaspic-api\10.1.4\tomcat-jaspic-api-10.1.4.jar;"/>
    <property name="java.vm.vendor" value="Eclipse Adoptium"/>
    <property name="sun.arch.data.model" value="64"/>
    <property name="user.variant" value=""/>
    <property name="java.vendor.url" value="https://adoptium.net/"/>
    <property name="user.timezone" value="Europe/Rome"/>
    <property name="os.name" value="Windows 10"/>
    <property name="java.vm.specification.version" value="17"/>
    <property name="sun.java.launcher" value="SUN_STANDARD"/>
    <property name="user.country" value="IT"/>
    <property name="sun.boot.library.path" value="C:\Program Files\Eclipse Adoptium\jdk-17.0.5.8-hotspot\bin"/>
    <property name="sun.java.command" value="C:\Users\dani\AppData\Local\Temp\surefire15546692201380735492\surefirebooter15304802702245572809.jar C:\Users\dani\AppData\Local\Temp\surefire15546692201380735492 2023-06-07T20-38-03_472-jvmRun1 surefire1528636249475298303tmp surefire_010103873642673648474tmp"/>
    <property name="jdk.debug" value="release"/>
    <property name="surefire.test.class.path" value="C:\Users\dani\eclipse-workspace\LibreriaMaven\target\test-classes;C:\Users\dani\eclipse-workspace\LibreriaMaven\target\classes;C:\Users\dani\.m2\repository\org\junit\jupiter\junit-jupiter-api\5.9.1\junit-jupiter-api-5.9.1.jar;C:\Users\dani\.m2\repository\org\opentest4j\opentest4j\1.2.0\opentest4j-1.2.0.jar;C:\Users\dani\.m2\repository\org\junit\platform\junit-platform-commons\1.9.1\junit-platform-commons-1.9.1.jar;C:\Users\dani\.m2\repository\org\apiguardian\apiguardian-api\1.1.2\apiguardian-api-1.1.2.jar;C:\Users\dani\.m2\repository\org\junit\jupiter\junit-jupiter-engine\5.9.1\junit-jupiter-engine-5.9.1.jar;C:\Users\dani\.m2\repository\org\junit\platform\junit-platform-engine\1.9.1\junit-platform-engine-1.9.1.jar;C:\Users\dani\.m2\repository\org\junit\jupiter\junit-jupiter-params\5.9.1\junit-jupiter-params-5.9.1.jar;C:\Users\dani\.m2\repository\org\openjfx\javafx-controls\11\javafx-controls-11-win.jar;C:\Users\dani\.m2\repository\org\openjfx\javafx-graphics\11\javafx-graphics-11.jar;C:\Users\dani\.m2\repository\org\openjfx\javafx-graphics\11\javafx-graphics-11-win.jar;C:\Users\dani\.m2\repository\org\openjfx\javafx-base\11\javafx-base-11.jar;C:\Users\dani\.m2\repository\org\openjfx\javafx-base\11\javafx-base-11-win.jar;C:\Users\dani\.m2\repository\org\openjfx\javafx-fxml\11\javafx-fxml-11.jar;C:\Users\dani\.m2\repository\org\openjfx\javafx-fxml\11\javafx-fxml-11-win.jar;C:\Users\dani\.m2\repository\org\openjfx\javafx-controls\11\javafx-controls-11.jar;C:\Users\dani\.m2\repository\org\mybatis\mybatis\3.5.11\mybatis-3.5.11.jar;C:\Users\dani\.m2\repository\com\mysql\mysql-connector-j\8.0.31\mysql-connector-j-8.0.31.jar;C:\Users\dani\.m2\repository\com\google\protobuf\protobuf-java\3.19.4\protobuf-java-3.19.4.jar;C:\Users\dani\.m2\repository\com\itextpdf\itextpdf\5.5.13.3\itextpdf-5.5.13.3.jar;C:\Users\dani\.m2\repository\org\glassfish\web\jakarta.servlet.jsp.jstl\2.0.0\jakarta.servlet.jsp.jstl-2.0.0.jar;C:\Users\dani\.m2\repository\jakarta\servlet\jsp\jstl\jakarta.servlet.jsp.jstl-api\2.0.0\jakarta.servlet.jsp.jstl-api-2.0.0.jar;C:\Users\dani\.m2\repository\jakarta\servlet\jakarta.servlet-api\5.0.0\jakarta.servlet-api-5.0.0.jar;C:\Users\dani\.m2\repository\jakarta\el\jakarta.el-api\4.0.0\jakarta.el-api-4.0.0.jar;C:\Users\dani\.m2\repository\jakarta\xml\bind\jakarta.xml.bind-api\3.0.0\jakarta.xml.bind-api-3.0.0.jar;C:\Users\dani\.m2\repository\com\sun\activation\jakarta.activation\2.0.0\jakarta.activation-2.0.0.jar;C:\Users\dani\.m2\repository\org\seleniumhq\selenium\selenium-java\4.6.0\selenium-java-4.6.0.jar;C:\Users\dani\.m2\repository\org\seleniumhq\selenium\selenium-api\4.6.0\selenium-api-4.6.0.jar;C:\Users\dani\.m2\repository\org\seleniumhq\selenium\selenium-devtools-v105\4.6.0\selenium-devtools-v105-4.6.0.jar;C:\Users\dani\.m2\repository\org\seleniumhq\selenium\selenium-devtools-v106\4.6.0\selenium-devtools-v106-4.6.0.jar;C:\Users\dani\.m2\repository\org\seleniumhq\selenium\selenium-devtools-v107\4.6.0\selenium-devtools-v107-4.6.0.jar;C:\Users\dani\.m2\repository\org\seleniumhq\selenium\selenium-devtools-v85\4.6.0\selenium-devtools-v85-4.6.0.jar;C:\Users\dani\.m2\repository\org\seleniumhq\selenium\selenium-edge-driver\4.6.0\selenium-edge-driver-4.6.0.jar;C:\Users\dani\.m2\repository\org\seleniumhq\selenium\selenium-firefox-driver\4.6.0\selenium-firefox-driver-4.6.0.jar;C:\Users\dani\.m2\repository\org\seleniumhq\selenium\selenium-ie-driver\4.6.0\selenium-ie-driver-4.6.0.jar;C:\Users\dani\.m2\repository\org\seleniumhq\selenium\selenium-remote-driver\4.6.0\selenium-remote-driver-4.6.0.jar;C:\Users\dani\.m2\repository\com\beust\jcommander\1.82\jcommander-1.82.jar;C:\Users\dani\.m2\repository\io\netty\netty-buffer\4.1.84.Final\netty-buffer-4.1.84.Final.jar;C:\Users\dani\.m2\repository\io\netty\netty-codec-http\4.1.84.Final\netty-codec-http-4.1.84.Final.jar;C:\Users\dani\.m2\repository\io\netty\netty-codec\4.1.84.Final\netty-codec-4.1.84.Final.jar;C:\Users\dani\.m2\repository\io\netty\netty-handler\4.1.84.Final\netty-handler-4.1.84.Final.jar;C:\Users\dani\.m2\repository\io\netty\netty-common\4.1.84.Final\netty-common-4.1.84.Final.jar;C:\Users\dani\.m2\repository\io\netty\netty-transport-classes-epoll\4.1.84.Final\netty-transport-classes-epoll-4.1.84.Final.jar;C:\Users\dani\.m2\repository\io\netty\netty-transport-classes-kqueue\4.1.84.Final\netty-transport-classes-kqueue-4.1.84.Final.jar;C:\Users\dani\.m2\repository\io\netty\netty-transport-native-epoll\4.1.84.Final\netty-transport-native-epoll-4.1.84.Final.jar;C:\Users\dani\.m2\repository\io\netty\netty-transport-native-kqueue\4.1.84.Final\netty-transport-native-kqueue-4.1.84.Final.jar;C:\Users\dani\.m2\repository\io\netty\netty-transport-native-unix-common\4.1.84.Final\netty-transport-native-unix-common-4.1.84.Final.jar;C:\Users\dani\.m2\repository\io\netty\netty-transport\4.1.84.Final\netty-transport-4.1.84.Final.jar;C:\Users\dani\.m2\repository\io\netty\netty-resolver\4.1.84.Final\netty-resolver-4.1.84.Final.jar;C:\Users\dani\.m2\repository\io\opentelemetry\opentelemetry-api\1.19.0\opentelemetry-api-1.19.0.jar;C:\Users\dani\.m2\repository\io\opentelemetry\opentelemetry-context\1.19.0\opentelemetry-context-1.19.0.jar;C:\Users\dani\.m2\repository\io\opentelemetry\opentelemetry-exporter-logging\1.19.0\opentelemetry-exporter-logging-1.19.0.jar;C:\Users\dani\.m2\repository\io\opentelemetry\opentelemetry-sdk-metrics\1.19.0\opentelemetry-sdk-metrics-1.19.0.jar;C:\Users\dani\.m2\repository\io\opentelemetry\opentelemetry-sdk-logs\1.19.0-alpha\opentelemetry-sdk-logs-1.19.0-alpha.jar;C:\Users\dani\.m2\repository\io\opentelemetry\opentelemetry-api-logs\1.19.0-alpha\opentelemetry-api-logs-1.19.0-alpha.jar;C:\Users\dani\.m2\repository\io\opentelemetry\opentelemetry-sdk-common\1.19.0\opentelemetry-sdk-common-1.19.0.jar;C:\Users\dani\.m2\repository\io\opentelemetry\opentelemetry-sdk-extension-autoconfigure-spi\1.19.0\opentelemetry-sdk-extension-autoconfigure-spi-1.19.0.jar;C:\Users\dani\.m2\repository\io\opentelemetry\opentelemetry-sdk-extension-autoconfigure\1.19.0-alpha\opentelemetry-sdk-extension-autoconfigure-1.19.0-alpha.jar;C:\Users\dani\.m2\repository\io\opentelemetry\opentelemetry-exporter-common\1.19.0\opentelemetry-exporter-common-1.19.0.jar;C:\Users\dani\.m2\repository\io\opentelemetry\opentelemetry-sdk-trace\1.19.0\opentelemetry-sdk-trace-1.19.0.jar;C:\Users\dani\.m2\repository\io\opentelemetry\opentelemetry-sdk\1.19.0\opentelemetry-sdk-1.19.0.jar;C:\Users\dani\.m2\repository\io\opentelemetry\opentelemetry-semconv\1.19.0-alpha\opentelemetry-semconv-1.19.0-alpha.jar;C:\Users\dani\.m2\repository\io\ous\jtoml\2.0.0\jtoml-2.0.0.jar;C:\Users\dani\.m2\repository\net\bytebuddy\byte-buddy\1.12.18\byte-buddy-1.12.18.jar;C:\Users\dani\.m2\repository\org\apache\commons\commons-exec\1.3\commons-exec-1.3.jar;C:\Users\dani\.m2\repository\org\asynchttpclient\async-http-client\2.12.3\async-http-client-2.12.3.jar;C:\Users\dani\.m2\repository\org\asynchttpclient\async-http-client-netty-utils\2.12.3\async-http-client-netty-utils-2.12.3.jar;C:\Users\dani\.m2\repository\io\netty\netty-codec-socks\4.1.60.Final\netty-codec-socks-4.1.60.Final.jar;C:\Users\dani\.m2\repository\io\netty\netty-handler-proxy\4.1.60.Final\netty-handler-proxy-4.1.60.Final.jar;C:\Users\dani\.m2\repository\io\netty\netty-transport-native-epoll\4.1.60.Final\netty-transport-native-epoll-4.1.60.Final-linux-x86_64.jar;C:\Users\dani\.m2\repository\io\netty\netty-transport-native-kqueue\4.1.60.Final\netty-transport-native-kqueue-4.1.60.Final-osx-x86_64.jar;C:\Users\dani\.m2\repository\org\reactivestreams\reactive-streams\1.0.3\reactive-streams-1.0.3.jar;C:\Users\dani\.m2\repository\com\typesafe\netty\netty-reactive-streams\2.0.4\netty-reactive-streams-2.0.4.jar;C:\Users\dani\.m2\repository\org\slf4j\slf4j-api\1.7.30\slf4j-api-1.7.30.jar;C:\Users\dani\.m2\repository\org\seleniumhq\selenium\selenium-http\4.6.0\selenium-http-4.6.0.jar;C:\Users\dani\.m2\repository\dev\failsafe\failsafe\3.3.0\failsafe-3.3.0.jar;C:\Users\dani\.m2\repository\org\seleniumhq\selenium\selenium-manager\4.6.0\selenium-manager-4.6.0.jar;C:\Users\dani\.m2\repository\org\seleniumhq\selenium\selenium-safari-driver\4.6.0\selenium-safari-driver-4.6.0.jar;C:\Users\dani\.m2\repository\org\seleniumhq\selenium\selenium-support\4.6.0\selenium-support-4.6.0.jar;C:\Users\dani\.m2\repository\org\seleniumhq\selenium\selenium-chrome-driver\4.6.0\selenium-chrome-driver-4.6.0.jar;C:\Users\dani\.m2\repository\com\google\auto\service\auto-service-annotations\1.0.1\auto-service-annotations-1.0.1.jar;C:\Users\dani\.m2\repository\com\google\auto\service\auto-service\1.0.1\auto-service-1.0.1.jar;C:\Users\dani\.m2\repository\com\google\auto\auto-common\1.2\auto-common-1.2.jar;C:\Users\dani\.m2\repository\com\google\guava\guava\31.1-jre\guava-31.1-jre.jar;C:\Users\dani\.m2\repository\com\google\guava\failureaccess\1.0.1\failureaccess-1.0.1.jar;C:\Users\dani\.m2\repository\com\google\guava\listenablefuture\9999.0-empty-to-avoid-conflict-with-guava\listenablefuture-9999.0-empty-to-avoid-conflict-with-guava.jar;C:\Users\dani\.m2\repository\com\google\code\findbugs\jsr305\3.0.2\jsr305-3.0.2.jar;C:\Users\dani\.m2\repository\org\checkerframework\checker-qual\3.12.0\checker-qual-3.12.0.jar;C:\Users\dani\.m2\repository\com\google\errorprone\error_prone_annotations\2.11.0\error_prone_annotations-2.11.0.jar;C:\Users\dani\.m2\repository\com\google\j2objc\j2objc-annotations\1.3\j2objc-annotations-1.3.jar;C:\Users\dani\.m2\repository\org\seleniumhq\selenium\selenium-chromium-driver\4.6.0\selenium-chromium-driver-4.6.0.jar;C:\Users\dani\.m2\repository\org\seleniumhq\selenium\selenium-json\4.6.0\selenium-json-4.6.0.jar;C:\Users\dani\.m2\repository\org\apache\tomcat\tomcat-catalina\10.1.4\tomcat-catalina-10.1.4.jar;C:\Users\dani\.m2\repository\org\apache\tomcat\tomcat-servlet-api\10.1.4\tomcat-servlet-api-10.1.4.jar;C:\Users\dani\.m2\repository\org\apache\tomcat\tomcat-jsp-api\10.1.4\tomcat-jsp-api-10.1.4.jar;C:\Users\dani\.m2\repository\org\apache\tomcat\tomcat-el-api\10.1.4\tomcat-el-api-10.1.4.jar;C:\Users\dani\.m2\repository\org\apache\tomcat\tomcat-juli\10.1.4\tomcat-juli-10.1.4.jar;C:\Users\dani\.m2\repository\org\apache\tomcat\tomcat-annotations-api\10.1.4\tomcat-annotations-api-10.1.4.jar;C:\Users\dani\.m2\repository\org\apache\tomcat\tomcat-api\10.1.4\tomcat-api-10.1.4.jar;C:\Users\dani\.m2\repository\org\apache\tomcat\tomcat-jni\10.1.4\tomcat-jni-10.1.4.jar;C:\Users\dani\.m2\repository\org\apache\tomcat\tomcat-coyote\10.1.4\tomcat-coyote-10.1.4.jar;C:\Users\dani\.m2\repository\org\apache\tomcat\tomcat-util\10.1.4\tomcat-util-10.1.4.jar;C:\Users\dani\.m2\repository\org\apache\tomcat\tomcat-util-scan\10.1.4\tomcat-util-scan-10.1.4.jar;C:\Users\dani\.m2\repository\org\apache\tomcat\tomcat-jaspic-api\10.1.4\tomcat-jaspic-api-10.1.4.jar;"/>
    <property name="sun.cpu.endian" value="little"/>
    <property name="user.home" value="C:\Users\dani"/>
    <property name="user.language" value="it"/>
    <property name="java.specification.vendor" value="Oracle Corporation"/>
    <property name="java.version.date" value="2022-10-18"/>
    <property name="java.home" value="C:\Program Files\Eclipse Adoptium\jdk-17.0.5.8-hotspot"/>
    <property name="file.separator" value="\"/>
    <property name="style.color" value="always"/>
    <property name="basedir" value="C:\Users\dani\eclipse-workspace\LibreriaMaven"/>
    <property name="java.vm.compressedOopsMode" value="32-bit"/>
    <property name="line.separator" value="&#10;"/>
    <property name="java.vm.specification.vendor" value="Oracle Corporation"/>
    <property name="java.specification.name" value="Java Platform API Specification"/>
    <property name="surefire.real.class.path" value="C:\Users\dani\AppData\Local\Temp\surefire15546692201380735492\surefirebooter15304802702245572809.jar"/>
    <property name="user.script" value=""/>
    <property name="sun.management.compiler" value="HotSpot 64-Bit Tiered Compilers"/>
    <property name="java.runtime.version" value="17.0.5+8"/>
    <property name="user.name" value="dani"/>
    <property name="path.separator" value=";"/>
    <property name="os.version" value="10.0"/>
    <property name="java.runtime.name" value="OpenJDK Runtime Environment"/>
    <property name="file.encoding" value="Cp1252"/>
    <property name="java.vm.name" value="OpenJDK 64-Bit Server VM"/>
    <property name="java.vendor.version" value="Temurin-17.0.5+8"/>
    <property name="localRepository" value="C:\Users\dani\.m2\repository"/>
    <property name="java.vendor.url.bug" value="https://github.com/adoptium/adoptium-support/issues"/>
    <property name="java.io.tmpdir" value="C:\Users\dani\AppData\Local\Temp\"/>
    <property name="java.version" value="17.0.5"/>
    <property name="user.dir" value="C:\Users\dani\eclipse-workspace\LibreriaMaven"/>
    <property name="os.arch" value="amd64"/>
    <property name="java.vm.specification.name" value="Java Virtual Machine Specification"/>
    <property name="sun.os.patch.level" value=""/>
    <property name="native.encoding" value="Cp1252"/>
    <property name="java.library.path" value="C:\Program Files\Eclipse Adoptium\jdk-17.0.5.8-hotspot\bin;C:\WINDOWS\Sun\Java\bin;C:\WINDOWS\system32;C:\WINDOWS;C:/Users/dani/.p2/pool/plugins/org.eclipse.justj.openjdk.hotspot.jre.full.win32.x86_64_17.0.6.v20230204-1729/jre/bin/server;C:/Users/dani/.p2/pool/plugins/org.eclipse.justj.openjdk.hotspot.jre.full.win32.x86_64_17.0.6.v20230204-1729/jre/bin;C:\Program Files\OpenJDK\jdk-11.0.17.8-hotspot\bin;C:\WINDOWS\system32;C:\WINDOWS;C:\WINDOWS\System32\Wbem;C:\WINDOWS\System32\WindowsPowerShell\v1.0\;C:\Program Files\MySQL\MySQL Server 8.0\bin;C:\Program Files\MySQL\MySQL Connector C 6.1\include;C:\Program Files\MySQL\MySQL Server 8.0\include;C:\Program Files\MySQL\MySQL Connector C 6.1\lib;C:\ProgramData\MySQL\MySQL Server 8.0;C:\WINDOWS\System32\OpenSSH\;C:\Program Files\Git\cmd;C:\Program Files\TortoiseGit\bin;C:\Program Files\TortoiseSVN\bin;C:\Users\dani\Desktop\apache-maven-3.8.6-bin\apache-maven-3.8.6\bin;C:\Program Files\Java\jdk-11.0.9\bin;C:\Program Files\MySQL\MySQL Shell 8.0\bin\;C:\Program Files\MySQL\MySQL Connector C 6.1\include;C:\MinGW\bin;C:\Program Files\MySQL\MySQL Connector C 6.1\bin;C:\Program Files\MySQL\MySQL Server 8.0\include;C:\Users\dani\AppData\Local\Microsoft\WindowsApps;C:\Users\dani\AppData\Local\GitHubDesktop\bin;C:\WINDOWS\System32;;."/>
    <property name="java.vm.info" value="mixed mode, sharing"/>
    <property name="java.vendor" value="Eclipse Adoptium"/>
    <property name="java.vm.version" value="17.0.5+8"/>
    <property name="sun.io.unicode.encoding" value="UnicodeLittle"/>
    <property name="java.class.version" value="61.0"/>
  </properties>
  <testcase name="testCategorie(String)[1]" classname="laptop.test.TestLaptop4" time="0.001">
    <system-err><![CDATA[giu 07, 2023 8:39:26 PM web.bean.LibroBean <init>
INFORMAZIONI: costruttore
]]></system-err>
  </testcase>
  <testcase name="testCategorie(String)[2]" classname="laptop.test.TestLaptop4" time="0.001">
    <system-err><![CDATA[giu 07, 2023 8:39:26 PM web.bean.LibroBean <init>
INFORMAZIONI: costruttore
]]></system-err>
  </testcase>
  <testcase name="testCategorie(String)[3]" classname="laptop.test.TestLaptop4" time="0.002">
    <system-err><![CDATA[giu 07, 2023 8:39:26 PM web.bean.LibroBean <init>
INFORMAZIONI: costruttore
]]></system-err>
  </testcase>
  <testcase name="testCategorie(String)[4]" classname="laptop.test.TestLaptop4" time="0.001">
    <system-err><![CDATA[giu 07, 2023 8:39:26 PM web.bean.LibroBean <init>
INFORMAZIONI: costruttore
]]></system-err>
  </testcase>
  <testcase name="testCategorie(String)[5]" classname="laptop.test.TestLaptop4" time="0.025">
    <system-err><![CDATA[giu 07, 2023 8:39:26 PM web.bean.LibroBean <init>
INFORMAZIONI: costruttore
]]></system-err>
  </testcase>
  <testcase name="testCategorie(String)[6]" classname="laptop.test.TestLaptop4" time="0.001">
    <system-err><![CDATA[giu 07, 2023 8:39:26 PM web.bean.LibroBean <init>
INFORMAZIONI: costruttore
]]></system-err>
  </testcase>
  <testcase name="testCategorie(String)[7]" classname="laptop.test.TestLaptop4" time="0.002">
    <system-err><![CDATA[giu 07, 2023 8:39:26 PM web.bean.LibroBean <init>
INFORMAZIONI: costruttore
]]></system-err>
  </testcase>
  <testcase name="testCategorie(String)[8]" classname="laptop.test.TestLaptop4" time="0.001">
    <system-err><![CDATA[giu 07, 2023 8:39:26 PM web.bean.LibroBean <init>
INFORMAZIONI: costruttore
]]></system-err>
  </testcase>
  <testcase name="testCategorie(String)[9]" classname="laptop.test.TestLaptop4" time="0.001">
    <system-err><![CDATA[giu 07, 2023 8:39:26 PM web.bean.LibroBean <init>
INFORMAZIONI: costruttore
]]></system-err>
  </testcase>
  <testcase name="testFattura" classname="laptop.test.TestLaptop4" time="0.001">
    <system-err><![CDATA[giu 07, 2023 8:39:26 PM web.bean.LibroBean <init>
INFORMAZIONI: costruttore
]]></system-err>
  </testcase>
  <testcase name="testModificaOggettoList" classname="laptop.test.TestLaptop4" time="0.036">
    <system-err><![CDATA[giu 07, 2023 8:39:26 PM web.bean.LibroBean <init>
INFORMAZIONI: costruttore
giu 07, 2023 8:39:26 PM laptop.utilities.ConnToDb generalConnection
INFORMAZIONI: Tentativo di conessione al server..........\\n
giu 07, 2023 8:39:26 PM laptop.utilities.ConnToDb generalConnection
INFORMAZIONI: Connesso standard ........

]]></system-err>
  </testcase>
  <testcase name="testCiv" classname="laptop.test.TestLaptop4" time="0">
    <system-err><![CDATA[giu 07, 2023 8:39:26 PM web.bean.LibroBean <init>
INFORMAZIONI: costruttore
]]></system-err>
  </testcase>
  <testcase name="testCategorieLibriBean" classname="laptop.test.TestLaptop4" time="0.002">
    <system-err><![CDATA[giu 07, 2023 8:39:26 PM web.bean.LibroBean <init>
INFORMAZIONI: costruttore
]]></system-err>
  </testcase>
  <testcase name="testTipo(String)[1]" classname="laptop.test.TestLaptop4" time="0.001">
    <system-err><![CDATA[giu 07, 2023 8:39:26 PM web.bean.LibroBean <init>
INFORMAZIONI: costruttore
]]></system-err>
  </testcase>
  <testcase name="testTipo(String)[2]" classname="laptop.test.TestLaptop4" time="0.002">
    <system-err><![CDATA[giu 07, 2023 8:39:26 PM web.bean.LibroBean <init>
INFORMAZIONI: costruttore
]]></system-err>
  </testcase>
  <testcase name="testTipo(String)[3]" classname="laptop.test.TestLaptop4" time="0.001">
    <system-err><![CDATA[giu 07, 2023 8:39:26 PM web.bean.LibroBean <init>
INFORMAZIONI: costruttore
]]></system-err>
  </testcase>
  <testcase name="testUser" classname="laptop.test.TestLaptop4" time="0.003">
    <system-err><![CDATA[giu 07, 2023 8:39:26 PM web.bean.LibroBean <init>
INFORMAZIONI: costruttore
]]></system-err>
  </testcase>
  <testcase name="testID" classname="laptop.test.TestLaptop4" time="0.001">
    <system-err><![CDATA[giu 07, 2023 8:39:26 PM web.bean.LibroBean <init>
INFORMAZIONI: costruttore
]]></system-err>
  </testcase>
  <testcase name="testCreaNegozio" classname="laptop.test.TestLaptop4" time="0.001">
    <system-err><![CDATA[giu 07, 2023 8:39:26 PM web.bean.LibroBean <init>
INFORMAZIONI: costruttore
]]></system-err>
  </testcase>
  <testcase name="testRicercaBean" classname="laptop.test.TestLaptop4" time="0.027">
    <system-err><![CDATA[giu 07, 2023 8:39:26 PM web.bean.LibroBean <init>
INFORMAZIONI: costruttore
giu 07, 2023 8:39:26 PM laptop.utilities.ConnToDb generalConnection
INFORMAZIONI: Tentativo di conessione al server..........\\n
giu 07, 2023 8:39:27 PM laptop.utilities.ConnToDb generalConnection
INFORMAZIONI: Connesso standard ........

]]></system-err>
  </testcase>
  <testcase name="testScadenza" classname="laptop.test.TestLaptop4" time="0">
    <system-err><![CDATA[giu 07, 2023 8:39:27 PM web.bean.LibroBean <init>
INFORMAZIONI: costruttore
]]></system-err>
  </testcase>
  <testcase name="testListaCarte" classname="laptop.test.TestLaptop4" time="0.598">
    <system-err><![CDATA[giu 07, 2023 8:39:27 PM web.bean.LibroBean <init>
INFORMAZIONI: costruttore
giu 07, 2023 8:39:27 PM laptop.utilities.ConnToDb generalConnection
INFORMAZIONI: Tentativo di conessione al server..........\\n
giu 07, 2023 8:39:27 PM laptop.utilities.ConnToDb generalConnection
INFORMAZIONI: Connesso standard ........

giu 07, 2023 8:39:27 PM laptop.utilities.ConnToDb generalConnection
INFORMAZIONI: Tentativo di conessione al server..........\\n
giu 07, 2023 8:39:27 PM laptop.utilities.ConnToDb generalConnection
INFORMAZIONI: Connesso standard ........

]]></system-err>
  </testcase>
  <testcase name="testListaLibri" classname="laptop.test.TestLaptop4" time="0.034">
    <system-err><![CDATA[giu 07, 2023 8:39:27 PM web.bean.LibroBean <init>
INFORMAZIONI: costruttore
giu 07, 2023 8:39:27 PM laptop.utilities.ConnToDb generalConnection
INFORMAZIONI: Tentativo di conessione al server..........\\n
giu 07, 2023 8:39:27 PM laptop.utilities.ConnToDb generalConnection
INFORMAZIONI: Connesso standard ........

]]></system-err>
  </testcase>
  <testcase name="testParametriSystemBean" classname="laptop.test.TestLaptop4" time="0.001">
    <system-err><![CDATA[giu 07, 2023 8:39:27 PM web.bean.LibroBean <init>
INFORMAZIONI: costruttore
]]></system-err>
  </testcase>
  <testcase name="testCodiceCarta" classname="laptop.test.TestLaptop4" time="0.001">
    <system-err><![CDATA[giu 07, 2023 8:39:27 PM web.bean.LibroBean <init>
INFORMAZIONI: costruttore
]]></system-err>
  </testcase>
  <testcase name="testCognomeCarta" classname="laptop.test.TestLaptop4" time="0.001">
    <system-err><![CDATA[giu 07, 2023 8:39:27 PM web.bean.LibroBean <init>
INFORMAZIONI: costruttore
]]></system-err>
  </testcase>
  <testcase name="testInsertRivistaBean" classname="laptop.test.TestLaptop4" time="0.502">
    <system-err><![CDATA[giu 07, 2023 8:39:27 PM web.bean.LibroBean <init>
INFORMAZIONI: costruttore
giu 07, 2023 8:39:27 PM laptop.utilities.ConnToDb generalConnection
INFORMAZIONI: Tentativo di conessione al server..........\\n
giu 07, 2023 8:39:27 PM laptop.utilities.ConnToDb generalConnection
INFORMAZIONI: Connesso standard ........

giu 07, 2023 8:39:28 PM laptop.utilities.ConnToDb generalConnection
INFORMAZIONI: Tentativo di conessione al server..........\\n
giu 07, 2023 8:39:28 PM laptop.utilities.ConnToDb generalConnection
INFORMAZIONI: Connesso standard ........

]]></system-err>
  </testcase>
  <testcase name="testCreaLibroBean" classname="laptop.test.TestLaptop4" time="0.001">
    <system-err><![CDATA[giu 07, 2023 8:39:28 PM web.bean.LibroBean <init>
INFORMAZIONI: costruttore
]]></system-err>
  </testcase>
  <testcase name="testNomeCarta" classname="laptop.test.TestLaptop4" time="0.001">
    <system-err><![CDATA[giu 07, 2023 8:39:28 PM web.bean.LibroBean <init>
INFORMAZIONI: costruttore
]]></system-err>
  </testcase>
  <testcase name="testReportG" classname="laptop.test.TestLaptop4" time="0.034">
    <system-err><![CDATA[giu 07, 2023 8:39:28 PM web.bean.LibroBean <init>
INFORMAZIONI: costruttore
giu 07, 2023 8:39:28 PM laptop.utilities.ConnToDb generalConnection
INFORMAZIONI: Tentativo di conessione al server..........\\n
giu 07, 2023 8:39:28 PM laptop.utilities.ConnToDb generalConnection
INFORMAZIONI: Connesso standard ........

]]></system-err>
  </testcase>
  <testcase name="testReportL" classname="laptop.test.TestLaptop4" time="0.057">
    <system-err><![CDATA[giu 07, 2023 8:39:28 PM web.bean.LibroBean <init>
INFORMAZIONI: costruttore
giu 07, 2023 8:39:28 PM laptop.utilities.ConnToDb generalConnection
INFORMAZIONI: Tentativo di conessione al server..........\\n
giu 07, 2023 8:39:28 PM laptop.utilities.ConnToDb generalConnection
INFORMAZIONI: Connesso standard ........

]]></system-err>
  </testcase>
  <testcase name="testReportR" classname="laptop.test.TestLaptop4" time="0.073">
    <system-err><![CDATA[giu 07, 2023 8:39:28 PM web.bean.LibroBean <init>
INFORMAZIONI: costruttore
giu 07, 2023 8:39:28 PM laptop.utilities.ConnToDb generalConnection
INFORMAZIONI: Tentativo di conessione al server..........\\n
giu 07, 2023 8:39:28 PM laptop.utilities.ConnToDb generalConnection
INFORMAZIONI: Connesso standard ........

]]></system-err>
  </testcase>
  <testcase name="testPrezzoTransazione" classname="laptop.test.TestLaptop4" time="0.001">
    <system-err><![CDATA[giu 07, 2023 8:39:28 PM web.bean.LibroBean <init>
INFORMAZIONI: costruttore
]]></system-err>
  </testcase>
  <testcase name="testListaGiornali" classname="laptop.test.TestLaptop4" time="0.023">
    <system-err><![CDATA[giu 07, 2023 8:39:28 PM web.bean.LibroBean <init>
INFORMAZIONI: costruttore
giu 07, 2023 8:39:28 PM laptop.utilities.ConnToDb generalConnection
INFORMAZIONI: Tentativo di conessione al server..........\\n
giu 07, 2023 8:39:28 PM laptop.utilities.ConnToDb generalConnection
INFORMAZIONI: Connesso standard ........

]]></system-err>
  </testcase>
  <testcase name="testPagamento" classname="laptop.test.TestLaptop4" time="0.724">
    <system-err><![CDATA[giu 07, 2023 8:39:28 PM web.bean.LibroBean <init>
INFORMAZIONI: costruttore
giu 07, 2023 8:39:28 PM laptop.utilities.ConnToDb generalConnection
INFORMAZIONI: Tentativo di conessione al server..........\\n
giu 07, 2023 8:39:28 PM laptop.utilities.ConnToDb generalConnection
INFORMAZIONI: Connesso standard ........

giu 07, 2023 8:39:28 PM laptop.utilities.ConnToDb generalConnection
INFORMAZIONI: Tentativo di conessione al server..........\\n
giu 07, 2023 8:39:28 PM laptop.utilities.ConnToDb generalConnection
INFORMAZIONI: Connesso standard ........

giu 07, 2023 8:39:29 PM laptop.utilities.ConnToDb generalConnection
INFORMAZIONI: Tentativo di conessione al server..........\\n
giu 07, 2023 8:39:29 PM laptop.utilities.ConnToDb generalConnection
INFORMAZIONI: Connesso standard ........

]]></system-err>
  </testcase>
  <testcase name="testLibriBean" classname="laptop.test.TestLaptop4" time="0.058">
    <system-err><![CDATA[giu 07, 2023 8:39:29 PM web.bean.LibroBean <init>
INFORMAZIONI: costruttore
giu 07, 2023 8:39:29 PM laptop.utilities.ConnToDb generalConnection
INFORMAZIONI: Tentativo di conessione al server..........\\n
giu 07, 2023 8:39:29 PM laptop.utilities.ConnToDb generalConnection
INFORMAZIONI: Connesso standard ........

]]></system-err>
  </testcase>
  <testcase name="testCreaGiornale" classname="laptop.test.TestLaptop4" time="0.002">
    <system-err><![CDATA[giu 07, 2023 8:39:29 PM web.bean.LibroBean <init>
INFORMAZIONI: costruttore
]]></system-err>
  </testcase>
  <testcase name="testLogout" classname="laptop.test.TestLaptop4" time="0.006">
    <system-err><![CDATA[giu 07, 2023 8:39:29 PM web.bean.LibroBean <init>
INFORMAZIONI: costruttore
giu 07, 2023 8:39:29 PM laptop.database.UsersDao logout
INFORMAZIONI: stai sloggando come franco
giu 07, 2023 8:39:29 PM laptop.database.UsersDao logout
INFORMAZIONI: stai sloggando null
]]></system-err>
  </testcase>
  <testcase name="testUserBeanType(String)[1]" classname="laptop.test.TestLaptop4" time="0.003">
    <system-err><![CDATA[giu 07, 2023 8:39:29 PM web.bean.LibroBean <init>
INFORMAZIONI: costruttore
]]></system-err>
  </testcase>
  <testcase name="testUserBeanType(String)[2]" classname="laptop.test.TestLaptop4" time="0.013">
    <system-err><![CDATA[giu 07, 2023 8:39:29 PM web.bean.LibroBean <init>
INFORMAZIONI: costruttore
]]></system-err>
  </testcase>
  <testcase name="testUserBeanType(String)[3]" classname="laptop.test.TestLaptop4" time="0.005">
    <system-err><![CDATA[giu 07, 2023 8:39:29 PM web.bean.LibroBean <init>
INFORMAZIONI: costruttore
]]></system-err>
  </testcase>
  <testcase name="testUserBeanType(String)[4]" classname="laptop.test.TestLaptop4" time="0.003">
    <system-err><![CDATA[giu 07, 2023 8:39:29 PM web.bean.LibroBean <init>
INFORMAZIONI: costruttore
]]></system-err>
  </testcase>
  <testcase name="testPrezzo(Float)[1]" classname="laptop.test.TestLaptop4" time="0.003">
    <system-err><![CDATA[giu 07, 2023 8:39:29 PM web.bean.LibroBean <init>
INFORMAZIONI: costruttore
]]></system-err>
  </testcase>
  <testcase name="testPrezzo(Float)[2]" classname="laptop.test.TestLaptop4" time="0.009">
    <system-err><![CDATA[giu 07, 2023 8:39:29 PM web.bean.LibroBean <init>
INFORMAZIONI: costruttore
]]></system-err>
  </testcase>
  <testcase name="testPrezzo(Float)[3]" classname="laptop.test.TestLaptop4" time="0.005">
    <system-err><![CDATA[giu 07, 2023 8:39:29 PM web.bean.LibroBean <init>
INFORMAZIONI: costruttore
]]></system-err>
  </testcase>
  <testcase name="testCategorieRivista" classname="laptop.test.TestLaptop4" time="0.007">
    <system-err><![CDATA[giu 07, 2023 8:39:29 PM web.bean.LibroBean <init>
INFORMAZIONI: costruttore
]]></system-err>
  </testcase>
  <testcase name="testReportUtenti" classname="laptop.test.TestLaptop4" time="0.072">
    <system-err><![CDATA[giu 07, 2023 8:39:29 PM web.bean.LibroBean <init>
INFORMAZIONI: costruttore
giu 07, 2023 8:39:29 PM laptop.utilities.ConnToDb generalConnection
INFORMAZIONI: Tentativo di conessione al server..........\\n
giu 07, 2023 8:39:29 PM laptop.utilities.ConnToDb generalConnection
INFORMAZIONI: Connesso standard ........

]]></system-err>
  </testcase>
  <testcase name="testTitolo" classname="laptop.test.TestLaptop4" time="0.001">
    <system-err><![CDATA[giu 07, 2023 8:39:29 PM web.bean.LibroBean <init>
INFORMAZIONI: costruttore
]]></system-err>
  </testcase>
  <testcase name="testTitolo(String)[1]" classname="laptop.test.TestLaptop4" time="0.003">
    <system-err><![CDATA[giu 07, 2023 8:39:29 PM web.bean.LibroBean <init>
INFORMAZIONI: costruttore
]]></system-err>
  </testcase>
  <testcase name="testTitolo(String)[2]" classname="laptop.test.TestLaptop4" time="0.002">
    <system-err><![CDATA[giu 07, 2023 8:39:29 PM web.bean.LibroBean <init>
INFORMAZIONI: costruttore
]]></system-err>
  </testcase>
</testsuite>