<?xml version="1.0" encoding="UTF-8"?>
<testsuite xmlns:xsi="http://www.w3.org/2001/XMLSchema-instance" xsi:noNamespaceSchemaLocation="https://maven.apache.org/surefire/maven-surefire-plugin/xsd/surefire-test-report-3.0.xsd" version="3.0" name="laptop.test.TestLaptop2" time="8.436" tests="41" errors="0" skipped="0" failures="0">
  <properties>
    <property name="java.specification.version" value="17"/>
    <property name="sun.cpu.isalist" value="amd64"/>
    <property name="sun.jnu.encoding" value="Cp1252"/>
    <property name="sun.awt.enableExtraMouseButtons" value="true"/>
    <property name="java.class.path" value="C:\Users\ilciro\IdeaProjects\LibreriaFinale\target\test-classes;C:\Users\ilciro\IdeaProjects\LibreriaFinale\target\classes;C:\Users\ilciro\.m2\repository\org\junit\jupiter\junit-jupiter-api\5.9.2\junit-jupiter-api-5.9.2.jar;C:\Users\ilciro\.m2\repository\org\opentest4j\opentest4j\1.2.0\opentest4j-1.2.0.jar;C:\Users\ilciro\.m2\repository\org\junit\platform\junit-platform-commons\1.9.2\junit-platform-commons-1.9.2.jar;C:\Users\ilciro\.m2\repository\org\apiguardian\apiguardian-api\1.1.2\apiguardian-api-1.1.2.jar;C:\Users\ilciro\.m2\repository\org\junit\jupiter\junit-jupiter-engine\5.9.2\junit-jupiter-engine-5.9.2.jar;C:\Users\ilciro\.m2\repository\org\junit\platform\junit-platform-engine\1.9.2\junit-platform-engine-1.9.2.jar;C:\Users\ilciro\.m2\repository\org\junit\jupiter\junit-jupiter-params\5.9.2\junit-jupiter-params-5.9.2.jar;C:\Users\ilciro\.m2\repository\org\openjfx\javafx-controls\17\javafx-controls-17-win.jar;C:\Users\ilciro\.m2\repository\org\openjfx\javafx-graphics\17\javafx-graphics-17.jar;C:\Users\ilciro\.m2\repository\org\openjfx\javafx-graphics\17\javafx-graphics-17-win.jar;C:\Users\ilciro\.m2\repository\org\openjfx\javafx-base\17\javafx-base-17.jar;C:\Users\ilciro\.m2\repository\org\openjfx\javafx-base\17\javafx-base-17-win.jar;C:\Users\ilciro\.m2\repository\org\openjfx\javafx-fxml\17\javafx-fxml-17.jar;C:\Users\ilciro\.m2\repository\org\openjfx\javafx-fxml\17\javafx-fxml-17-win.jar;C:\Users\ilciro\.m2\repository\org\openjfx\javafx-controls\17\javafx-controls-17.jar;C:\Users\ilciro\.m2\repository\org\mybatis\mybatis\3.5.13\mybatis-3.5.13.jar;C:\Users\ilciro\.m2\repository\com\mysql\mysql-connector-j\8.0.32\mysql-connector-j-8.0.32.jar;C:\Users\ilciro\.m2\repository\com\google\protobuf\protobuf-java\3.21.9\protobuf-java-3.21.9.jar;C:\Users\ilciro\.m2\repository\com\itextpdf\itextpdf\5.5.13.3\itextpdf-5.5.13.3.jar;C:\Users\ilciro\.m2\repository\org\glassfish\web\jakarta.servlet.jsp.jstl\2.0.0\jakarta.servlet.jsp.jstl-2.0.0.jar;C:\Users\ilciro\.m2\repository\jakarta\servlet\jsp\jstl\jakarta.servlet.jsp.jstl-api\2.0.0\jakarta.servlet.jsp.jstl-api-2.0.0.jar;C:\Users\ilciro\.m2\repository\jakarta\servlet\jakarta.servlet-api\5.0.0\jakarta.servlet-api-5.0.0.jar;C:\Users\ilciro\.m2\repository\jakarta\el\jakarta.el-api\4.0.0\jakarta.el-api-4.0.0.jar;C:\Users\ilciro\.m2\repository\jakarta\xml\bind\jakarta.xml.bind-api\3.0.0\jakarta.xml.bind-api-3.0.0.jar;C:\Users\ilciro\.m2\repository\com\sun\activation\jakarta.activation\2.0.0\jakarta.activation-2.0.0.jar;C:\Users\ilciro\.m2\repository\org\seleniumhq\selenium\selenium-java\4.8.1\selenium-java-4.8.1.jar;C:\Users\ilciro\.m2\repository\org\seleniumhq\selenium\selenium-api\4.8.1\selenium-api-4.8.1.jar;C:\Users\ilciro\.m2\repository\org\seleniumhq\selenium\selenium-devtools-v108\4.8.1\selenium-devtools-v108-4.8.1.jar;C:\Users\ilciro\.m2\repository\org\seleniumhq\selenium\selenium-devtools-v109\4.8.1\selenium-devtools-v109-4.8.1.jar;C:\Users\ilciro\.m2\repository\org\seleniumhq\selenium\selenium-devtools-v110\4.8.1\selenium-devtools-v110-4.8.1.jar;C:\Users\ilciro\.m2\repository\org\seleniumhq\selenium\selenium-devtools-v85\4.8.1\selenium-devtools-v85-4.8.1.jar;C:\Users\ilciro\.m2\repository\org\seleniumhq\selenium\selenium-edge-driver\4.8.1\selenium-edge-driver-4.8.1.jar;C:\Users\ilciro\.m2\repository\org\seleniumhq\selenium\selenium-firefox-driver\4.8.1\selenium-firefox-driver-4.8.1.jar;C:\Users\ilciro\.m2\repository\org\seleniumhq\selenium\selenium-http\4.8.1\selenium-http-4.8.1.jar;C:\Users\ilciro\.m2\repository\dev\failsafe\failsafe\3.3.0\failsafe-3.3.0.jar;C:\Users\ilciro\.m2\repository\org\seleniumhq\selenium\selenium-ie-driver\4.8.1\selenium-ie-driver-4.8.1.jar;C:\Users\ilciro\.m2\repository\org\seleniumhq\selenium\selenium-remote-driver\4.8.1\selenium-remote-driver-4.8.1.jar;C:\Users\ilciro\.m2\repository\com\beust\jcommander\1.82\jcommander-1.82.jar;C:\Users\ilciro\.m2\repository\io\netty\netty-buffer\4.1.87.Final\netty-buffer-4.1.87.Final.jar;C:\Users\ilciro\.m2\repository\io\netty\netty-codec-http\4.1.87.Final\netty-codec-http-4.1.87.Final.jar;C:\Users\ilciro\.m2\repository\io\netty\netty-codec\4.1.87.Final\netty-codec-4.1.87.Final.jar;C:\Users\ilciro\.m2\repository\io\netty\netty-handler\4.1.87.Final\netty-handler-4.1.87.Final.jar;C:\Users\ilciro\.m2\repository\io\netty\netty-common\4.1.87.Final\netty-common-4.1.87.Final.jar;C:\Users\ilciro\.m2\repository\io\netty\netty-transport-classes-epoll\4.1.87.Final\netty-transport-classes-epoll-4.1.87.Final.jar;C:\Users\ilciro\.m2\repository\io\netty\netty-transport-classes-kqueue\4.1.87.Final\netty-transport-classes-kqueue-4.1.87.Final.jar;C:\Users\ilciro\.m2\repository\io\netty\netty-transport-native-epoll\4.1.87.Final\netty-transport-native-epoll-4.1.87.Final.jar;C:\Users\ilciro\.m2\repository\io\netty\netty-transport-native-kqueue\4.1.87.Final\netty-transport-native-kqueue-4.1.87.Final.jar;C:\Users\ilciro\.m2\repository\io\netty\netty-transport-native-unix-common\4.1.87.Final\netty-transport-native-unix-common-4.1.87.Final.jar;C:\Users\ilciro\.m2\repository\io\netty\netty-transport\4.1.87.Final\netty-transport-4.1.87.Final.jar;C:\Users\ilciro\.m2\repository\io\netty\netty-resolver\4.1.87.Final\netty-resolver-4.1.87.Final.jar;C:\Users\ilciro\.m2\repository\io\opentelemetry\opentelemetry-api\1.22.0\opentelemetry-api-1.22.0.jar;C:\Users\ilciro\.m2\repository\io\opentelemetry\opentelemetry-context\1.22.0\opentelemetry-context-1.22.0.jar;C:\Users\ilciro\.m2\repository\io\opentelemetry\opentelemetry-exporter-logging\1.22.0\opentelemetry-exporter-logging-1.22.0.jar;C:\Users\ilciro\.m2\repository\io\opentelemetry\opentelemetry-sdk-metrics\1.22.0\opentelemetry-sdk-metrics-1.22.0.jar;C:\Users\ilciro\.m2\repository\io\opentelemetry\opentelemetry-sdk-logs\1.22.0-alpha\opentelemetry-sdk-logs-1.22.0-alpha.jar;C:\Users\ilciro\.m2\repository\io\opentelemetry\opentelemetry-api-logs\1.22.0-alpha\opentelemetry-api-logs-1.22.0-alpha.jar;C:\Users\ilciro\.m2\repository\io\opentelemetry\opentelemetry-sdk-common\1.22.0\opentelemetry-sdk-common-1.22.0.jar;C:\Users\ilciro\.m2\repository\io\opentelemetry\opentelemetry-sdk-extension-autoconfigure-spi\1.22.0\opentelemetry-sdk-extension-autoconfigure-spi-1.22.0.jar;C:\Users\ilciro\.m2\repository\io\opentelemetry\opentelemetry-sdk-extension-autoconfigure\1.22.0-alpha\opentelemetry-sdk-extension-autoconfigure-1.22.0-alpha.jar;C:\Users\ilciro\.m2\repository\io\opentelemetry\opentelemetry-sdk-trace\1.22.0\opentelemetry-sdk-trace-1.22.0.jar;C:\Users\ilciro\.m2\repository\io\opentelemetry\opentelemetry-sdk\1.22.0\opentelemetry-sdk-1.22.0.jar;C:\Users\ilciro\.m2\repository\io\opentelemetry\opentelemetry-semconv\1.22.0-alpha\opentelemetry-semconv-1.22.0-alpha.jar;C:\Users\ilciro\.m2\repository\io\ous\jtoml\2.0.0\jtoml-2.0.0.jar;C:\Users\ilciro\.m2\repository\net\bytebuddy\byte-buddy\1.12.22\byte-buddy-1.12.22.jar;C:\Users\ilciro\.m2\repository\org\apache\commons\commons-exec\1.3\commons-exec-1.3.jar;C:\Users\ilciro\.m2\repository\org\asynchttpclient\async-http-client\2.12.3\async-http-client-2.12.3.jar;C:\Users\ilciro\.m2\repository\org\asynchttpclient\async-http-client-netty-utils\2.12.3\async-http-client-netty-utils-2.12.3.jar;C:\Users\ilciro\.m2\repository\io\netty\netty-codec-socks\4.1.60.Final\netty-codec-socks-4.1.60.Final.jar;C:\Users\ilciro\.m2\repository\io\netty\netty-handler-proxy\4.1.60.Final\netty-handler-proxy-4.1.60.Final.jar;C:\Users\ilciro\.m2\repository\io\netty\netty-transport-native-epoll\4.1.60.Final\netty-transport-native-epoll-4.1.60.Final-linux-x86_64.jar;C:\Users\ilciro\.m2\repository\io\netty\netty-transport-native-kqueue\4.1.60.Final\netty-transport-native-kqueue-4.1.60.Final-osx-x86_64.jar;C:\Users\ilciro\.m2\repository\org\reactivestreams\reactive-streams\1.0.3\reactive-streams-1.0.3.jar;C:\Users\ilciro\.m2\repository\com\typesafe\netty\netty-reactive-streams\2.0.4\netty-reactive-streams-2.0.4.jar;C:\Users\ilciro\.m2\repository\org\slf4j\slf4j-api\1.7.30\slf4j-api-1.7.30.jar;C:\Users\ilciro\.m2\repository\org\seleniumhq\selenium\selenium-manager\4.8.1\selenium-manager-4.8.1.jar;C:\Users\ilciro\.m2\repository\org\seleniumhq\selenium\selenium-safari-driver\4.8.1\selenium-safari-driver-4.8.1.jar;C:\Users\ilciro\.m2\repository\org\seleniumhq\selenium\selenium-support\4.8.1\selenium-support-4.8.1.jar;C:\Users\ilciro\.m2\repository\org\seleniumhq\selenium\selenium-chrome-driver\4.8.1\selenium-chrome-driver-4.8.1.jar;C:\Users\ilciro\.m2\repository\com\google\auto\service\auto-service-annotations\1.0.1\auto-service-annotations-1.0.1.jar;C:\Users\ilciro\.m2\repository\com\google\auto\service\auto-service\1.0.1\auto-service-1.0.1.jar;C:\Users\ilciro\.m2\repository\com\google\auto\auto-common\1.2\auto-common-1.2.jar;C:\Users\ilciro\.m2\repository\com\google\guava\guava\31.1-jre\guava-31.1-jre.jar;C:\Users\ilciro\.m2\repository\com\google\guava\failureaccess\1.0.1\failureaccess-1.0.1.jar;C:\Users\ilciro\.m2\repository\com\google\guava\listenablefuture\9999.0-empty-to-avoid-conflict-with-guava\listenablefuture-9999.0-empty-to-avoid-conflict-with-guava.jar;C:\Users\ilciro\.m2\repository\com\google\code\findbugs\jsr305\3.0.2\jsr305-3.0.2.jar;C:\Users\ilciro\.m2\repository\org\checkerframework\checker-qual\3.12.0\checker-qual-3.12.0.jar;C:\Users\ilciro\.m2\repository\com\google\errorprone\error_prone_annotations\2.11.0\error_prone_annotations-2.11.0.jar;C:\Users\ilciro\.m2\repository\com\google\j2objc\j2objc-annotations\1.3\j2objc-annotations-1.3.jar;C:\Users\ilciro\.m2\repository\org\seleniumhq\selenium\selenium-chromium-driver\4.8.1\selenium-chromium-driver-4.8.1.jar;C:\Users\ilciro\.m2\repository\org\seleniumhq\selenium\selenium-json\4.8.1\selenium-json-4.8.1.jar;C:\Users\ilciro\.m2\repository\org\apache\tomcat\tomcat-catalina\10.1.7\tomcat-catalina-10.1.7.jar;C:\Users\ilciro\.m2\repository\org\apache\tomcat\tomcat-servlet-api\10.1.7\tomcat-servlet-api-10.1.7.jar;C:\Users\ilciro\.m2\repository\org\apache\tomcat\tomcat-jsp-api\10.1.7\tomcat-jsp-api-10.1.7.jar;C:\Users\ilciro\.m2\repository\org\apache\tomcat\tomcat-el-api\10.1.7\tomcat-el-api-10.1.7.jar;C:\Users\ilciro\.m2\repository\org\apache\tomcat\tomcat-juli\10.1.7\tomcat-juli-10.1.7.jar;C:\Users\ilciro\.m2\repository\org\apache\tomcat\tomcat-annotations-api\10.1.7\tomcat-annotations-api-10.1.7.jar;C:\Users\ilciro\.m2\repository\org\apache\tomcat\tomcat-api\10.1.7\tomcat-api-10.1.7.jar;C:\Users\ilciro\.m2\repository\org\apache\tomcat\tomcat-jni\10.1.7\tomcat-jni-10.1.7.jar;C:\Users\ilciro\.m2\repository\org\apache\tomcat\tomcat-coyote\10.1.7\tomcat-coyote-10.1.7.jar;C:\Users\ilciro\.m2\repository\org\apache\tomcat\tomcat-util\10.1.7\tomcat-util-10.1.7.jar;C:\Users\ilciro\.m2\repository\org\apache\tomcat\tomcat-util-scan\10.1.7\tomcat-util-scan-10.1.7.jar;C:\Users\ilciro\.m2\repository\org\apache\tomcat\tomcat-jaspic-api\10.1.7\tomcat-jaspic-api-10.1.7.jar;C:\Users\ilciro\.m2\repository\org\sonarsource\scanner\maven\sonar-maven-plugin\3.10.0.2594\sonar-maven-plugin-3.10.0.2594.jar;C:\Users\ilciro\.m2\repository\org\codehaus\plexus\plexus-sec-dispatcher\2.0\plexus-sec-dispatcher-2.0.jar;C:\Users\ilciro\.m2\repository\org\codehaus\plexus\plexus-utils\3.4.1\plexus-utils-3.4.1.jar;C:\Users\ilciro\.m2\repository\org\codehaus\plexus\plexus-cipher\2.0\plexus-cipher-2.0.jar;C:\Users\ilciro\.m2\repository\javax\inject\javax.inject\1\javax.inject-1.jar;C:\Users\ilciro\.m2\repository\org\sonarsource\scanner\api\sonar-scanner-api\2.16.3.1081\sonar-scanner-api-2.16.3.1081.jar;C:\Users\ilciro\.m2\repository\commons-lang\commons-lang\2.6\commons-lang-2.6.jar;"/>
    <property name="java.vm.vendor" value="Eclipse Adoptium"/>
    <property name="sun.arch.data.model" value="64"/>
    <property name="user.variant" value=""/>
    <property name="java.vendor.url" value="https://adoptium.net/"/>
    <property name="user.timezone" value="Europe/Rome"/>
    <property name="os.name" value="Windows 10"/>
    <property name="java.vm.specification.version" value="17"/>
    <property name="sun.java.launcher" value="SUN_STANDARD"/>
    <property name="user.country" value="IT"/>
    <property name="sun.boot.library.path" value="C:\Program Files\Eclipse Adoptium\jdk-17.0.8.101-hotspot\bin"/>
    <property name="sun.java.command" value="C:\Users\ilciro\AppData\Local\Temp\surefire12605869842105185174\surefirebooter5350615421472087907.jar C:\Users\ilciro\AppData\Local\Temp\surefire12605869842105185174 2023-11-08T16-40-08_599-jvmRun1 surefire2050094179237046929tmp surefire_015526198675162331143tmp"/>
    <property name="jdk.debug" value="release"/>
    <property name="surefire.test.class.path" value="C:\Users\ilciro\IdeaProjects\LibreriaFinale\target\test-classes;C:\Users\ilciro\IdeaProjects\LibreriaFinale\target\classes;C:\Users\ilciro\.m2\repository\org\junit\jupiter\junit-jupiter-api\5.9.2\junit-jupiter-api-5.9.2.jar;C:\Users\ilciro\.m2\repository\org\opentest4j\opentest4j\1.2.0\opentest4j-1.2.0.jar;C:\Users\ilciro\.m2\repository\org\junit\platform\junit-platform-commons\1.9.2\junit-platform-commons-1.9.2.jar;C:\Users\ilciro\.m2\repository\org\apiguardian\apiguardian-api\1.1.2\apiguardian-api-1.1.2.jar;C:\Users\ilciro\.m2\repository\org\junit\jupiter\junit-jupiter-engine\5.9.2\junit-jupiter-engine-5.9.2.jar;C:\Users\ilciro\.m2\repository\org\junit\platform\junit-platform-engine\1.9.2\junit-platform-engine-1.9.2.jar;C:\Users\ilciro\.m2\repository\org\junit\jupiter\junit-jupiter-params\5.9.2\junit-jupiter-params-5.9.2.jar;C:\Users\ilciro\.m2\repository\org\openjfx\javafx-controls\17\javafx-controls-17-win.jar;C:\Users\ilciro\.m2\repository\org\openjfx\javafx-graphics\17\javafx-graphics-17.jar;C:\Users\ilciro\.m2\repository\org\openjfx\javafx-graphics\17\javafx-graphics-17-win.jar;C:\Users\ilciro\.m2\repository\org\openjfx\javafx-base\17\javafx-base-17.jar;C:\Users\ilciro\.m2\repository\org\openjfx\javafx-base\17\javafx-base-17-win.jar;C:\Users\ilciro\.m2\repository\org\openjfx\javafx-fxml\17\javafx-fxml-17.jar;C:\Users\ilciro\.m2\repository\org\openjfx\javafx-fxml\17\javafx-fxml-17-win.jar;C:\Users\ilciro\.m2\repository\org\openjfx\javafx-controls\17\javafx-controls-17.jar;C:\Users\ilciro\.m2\repository\org\mybatis\mybatis\3.5.13\mybatis-3.5.13.jar;C:\Users\ilciro\.m2\repository\com\mysql\mysql-connector-j\8.0.32\mysql-connector-j-8.0.32.jar;C:\Users\ilciro\.m2\repository\com\google\protobuf\protobuf-java\3.21.9\protobuf-java-3.21.9.jar;C:\Users\ilciro\.m2\repository\com\itextpdf\itextpdf\5.5.13.3\itextpdf-5.5.13.3.jar;C:\Users\ilciro\.m2\repository\org\glassfish\web\jakarta.servlet.jsp.jstl\2.0.0\jakarta.servlet.jsp.jstl-2.0.0.jar;C:\Users\ilciro\.m2\repository\jakarta\servlet\jsp\jstl\jakarta.servlet.jsp.jstl-api\2.0.0\jakarta.servlet.jsp.jstl-api-2.0.0.jar;C:\Users\ilciro\.m2\repository\jakarta\servlet\jakarta.servlet-api\5.0.0\jakarta.servlet-api-5.0.0.jar;C:\Users\ilciro\.m2\repository\jakarta\el\jakarta.el-api\4.0.0\jakarta.el-api-4.0.0.jar;C:\Users\ilciro\.m2\repository\jakarta\xml\bind\jakarta.xml.bind-api\3.0.0\jakarta.xml.bind-api-3.0.0.jar;C:\Users\ilciro\.m2\repository\com\sun\activation\jakarta.activation\2.0.0\jakarta.activation-2.0.0.jar;C:\Users\ilciro\.m2\repository\org\seleniumhq\selenium\selenium-java\4.8.1\selenium-java-4.8.1.jar;C:\Users\ilciro\.m2\repository\org\seleniumhq\selenium\selenium-api\4.8.1\selenium-api-4.8.1.jar;C:\Users\ilciro\.m2\repository\org\seleniumhq\selenium\selenium-devtools-v108\4.8.1\selenium-devtools-v108-4.8.1.jar;C:\Users\ilciro\.m2\repository\org\seleniumhq\selenium\selenium-devtools-v109\4.8.1\selenium-devtools-v109-4.8.1.jar;C:\Users\ilciro\.m2\repository\org\seleniumhq\selenium\selenium-devtools-v110\4.8.1\selenium-devtools-v110-4.8.1.jar;C:\Users\ilciro\.m2\repository\org\seleniumhq\selenium\selenium-devtools-v85\4.8.1\selenium-devtools-v85-4.8.1.jar;C:\Users\ilciro\.m2\repository\org\seleniumhq\selenium\selenium-edge-driver\4.8.1\selenium-edge-driver-4.8.1.jar;C:\Users\ilciro\.m2\repository\org\seleniumhq\selenium\selenium-firefox-driver\4.8.1\selenium-firefox-driver-4.8.1.jar;C:\Users\ilciro\.m2\repository\org\seleniumhq\selenium\selenium-http\4.8.1\selenium-http-4.8.1.jar;C:\Users\ilciro\.m2\repository\dev\failsafe\failsafe\3.3.0\failsafe-3.3.0.jar;C:\Users\ilciro\.m2\repository\org\seleniumhq\selenium\selenium-ie-driver\4.8.1\selenium-ie-driver-4.8.1.jar;C:\Users\ilciro\.m2\repository\org\seleniumhq\selenium\selenium-remote-driver\4.8.1\selenium-remote-driver-4.8.1.jar;C:\Users\ilciro\.m2\repository\com\beust\jcommander\1.82\jcommander-1.82.jar;C:\Users\ilciro\.m2\repository\io\netty\netty-buffer\4.1.87.Final\netty-buffer-4.1.87.Final.jar;C:\Users\ilciro\.m2\repository\io\netty\netty-codec-http\4.1.87.Final\netty-codec-http-4.1.87.Final.jar;C:\Users\ilciro\.m2\repository\io\netty\netty-codec\4.1.87.Final\netty-codec-4.1.87.Final.jar;C:\Users\ilciro\.m2\repository\io\netty\netty-handler\4.1.87.Final\netty-handler-4.1.87.Final.jar;C:\Users\ilciro\.m2\repository\io\netty\netty-common\4.1.87.Final\netty-common-4.1.87.Final.jar;C:\Users\ilciro\.m2\repository\io\netty\netty-transport-classes-epoll\4.1.87.Final\netty-transport-classes-epoll-4.1.87.Final.jar;C:\Users\ilciro\.m2\repository\io\netty\netty-transport-classes-kqueue\4.1.87.Final\netty-transport-classes-kqueue-4.1.87.Final.jar;C:\Users\ilciro\.m2\repository\io\netty\netty-transport-native-epoll\4.1.87.Final\netty-transport-native-epoll-4.1.87.Final.jar;C:\Users\ilciro\.m2\repository\io\netty\netty-transport-native-kqueue\4.1.87.Final\netty-transport-native-kqueue-4.1.87.Final.jar;C:\Users\ilciro\.m2\repository\io\netty\netty-transport-native-unix-common\4.1.87.Final\netty-transport-native-unix-common-4.1.87.Final.jar;C:\Users\ilciro\.m2\repository\io\netty\netty-transport\4.1.87.Final\netty-transport-4.1.87.Final.jar;C:\Users\ilciro\.m2\repository\io\netty\netty-resolver\4.1.87.Final\netty-resolver-4.1.87.Final.jar;C:\Users\ilciro\.m2\repository\io\opentelemetry\opentelemetry-api\1.22.0\opentelemetry-api-1.22.0.jar;C:\Users\ilciro\.m2\repository\io\opentelemetry\opentelemetry-context\1.22.0\opentelemetry-context-1.22.0.jar;C:\Users\ilciro\.m2\repository\io\opentelemetry\opentelemetry-exporter-logging\1.22.0\opentelemetry-exporter-logging-1.22.0.jar;C:\Users\ilciro\.m2\repository\io\opentelemetry\opentelemetry-sdk-metrics\1.22.0\opentelemetry-sdk-metrics-1.22.0.jar;C:\Users\ilciro\.m2\repository\io\opentelemetry\opentelemetry-sdk-logs\1.22.0-alpha\opentelemetry-sdk-logs-1.22.0-alpha.jar;C:\Users\ilciro\.m2\repository\io\opentelemetry\opentelemetry-api-logs\1.22.0-alpha\opentelemetry-api-logs-1.22.0-alpha.jar;C:\Users\ilciro\.m2\repository\io\opentelemetry\opentelemetry-sdk-common\1.22.0\opentelemetry-sdk-common-1.22.0.jar;C:\Users\ilciro\.m2\repository\io\opentelemetry\opentelemetry-sdk-extension-autoconfigure-spi\1.22.0\opentelemetry-sdk-extension-autoconfigure-spi-1.22.0.jar;C:\Users\ilciro\.m2\repository\io\opentelemetry\opentelemetry-sdk-extension-autoconfigure\1.22.0-alpha\opentelemetry-sdk-extension-autoconfigure-1.22.0-alpha.jar;C:\Users\ilciro\.m2\repository\io\opentelemetry\opentelemetry-sdk-trace\1.22.0\opentelemetry-sdk-trace-1.22.0.jar;C:\Users\ilciro\.m2\repository\io\opentelemetry\opentelemetry-sdk\1.22.0\opentelemetry-sdk-1.22.0.jar;C:\Users\ilciro\.m2\repository\io\opentelemetry\opentelemetry-semconv\1.22.0-alpha\opentelemetry-semconv-1.22.0-alpha.jar;C:\Users\ilciro\.m2\repository\io\ous\jtoml\2.0.0\jtoml-2.0.0.jar;C:\Users\ilciro\.m2\repository\net\bytebuddy\byte-buddy\1.12.22\byte-buddy-1.12.22.jar;C:\Users\ilciro\.m2\repository\org\apache\commons\commons-exec\1.3\commons-exec-1.3.jar;C:\Users\ilciro\.m2\repository\org\asynchttpclient\async-http-client\2.12.3\async-http-client-2.12.3.jar;C:\Users\ilciro\.m2\repository\org\asynchttpclient\async-http-client-netty-utils\2.12.3\async-http-client-netty-utils-2.12.3.jar;C:\Users\ilciro\.m2\repository\io\netty\netty-codec-socks\4.1.60.Final\netty-codec-socks-4.1.60.Final.jar;C:\Users\ilciro\.m2\repository\io\netty\netty-handler-proxy\4.1.60.Final\netty-handler-proxy-4.1.60.Final.jar;C:\Users\ilciro\.m2\repository\io\netty\netty-transport-native-epoll\4.1.60.Final\netty-transport-native-epoll-4.1.60.Final-linux-x86_64.jar;C:\Users\ilciro\.m2\repository\io\netty\netty-transport-native-kqueue\4.1.60.Final\netty-transport-native-kqueue-4.1.60.Final-osx-x86_64.jar;C:\Users\ilciro\.m2\repository\org\reactivestreams\reactive-streams\1.0.3\reactive-streams-1.0.3.jar;C:\Users\ilciro\.m2\repository\com\typesafe\netty\netty-reactive-streams\2.0.4\netty-reactive-streams-2.0.4.jar;C:\Users\ilciro\.m2\repository\org\slf4j\slf4j-api\1.7.30\slf4j-api-1.7.30.jar;C:\Users\ilciro\.m2\repository\org\seleniumhq\selenium\selenium-manager\4.8.1\selenium-manager-4.8.1.jar;C:\Users\ilciro\.m2\repository\org\seleniumhq\selenium\selenium-safari-driver\4.8.1\selenium-safari-driver-4.8.1.jar;C:\Users\ilciro\.m2\repository\org\seleniumhq\selenium\selenium-support\4.8.1\selenium-support-4.8.1.jar;C:\Users\ilciro\.m2\repository\org\seleniumhq\selenium\selenium-chrome-driver\4.8.1\selenium-chrome-driver-4.8.1.jar;C:\Users\ilciro\.m2\repository\com\google\auto\service\auto-service-annotations\1.0.1\auto-service-annotations-1.0.1.jar;C:\Users\ilciro\.m2\repository\com\google\auto\service\auto-service\1.0.1\auto-service-1.0.1.jar;C:\Users\ilciro\.m2\repository\com\google\auto\auto-common\1.2\auto-common-1.2.jar;C:\Users\ilciro\.m2\repository\com\google\guava\guava\31.1-jre\guava-31.1-jre.jar;C:\Users\ilciro\.m2\repository\com\google\guava\failureaccess\1.0.1\failureaccess-1.0.1.jar;C:\Users\ilciro\.m2\repository\com\google\guava\listenablefuture\9999.0-empty-to-avoid-conflict-with-guava\listenablefuture-9999.0-empty-to-avoid-conflict-with-guava.jar;C:\Users\ilciro\.m2\repository\com\google\code\findbugs\jsr305\3.0.2\jsr305-3.0.2.jar;C:\Users\ilciro\.m2\repository\org\checkerframework\checker-qual\3.12.0\checker-qual-3.12.0.jar;C:\Users\ilciro\.m2\repository\com\google\errorprone\error_prone_annotations\2.11.0\error_prone_annotations-2.11.0.jar;C:\Users\ilciro\.m2\repository\com\google\j2objc\j2objc-annotations\1.3\j2objc-annotations-1.3.jar;C:\Users\ilciro\.m2\repository\org\seleniumhq\selenium\selenium-chromium-driver\4.8.1\selenium-chromium-driver-4.8.1.jar;C:\Users\ilciro\.m2\repository\org\seleniumhq\selenium\selenium-json\4.8.1\selenium-json-4.8.1.jar;C:\Users\ilciro\.m2\repository\org\apache\tomcat\tomcat-catalina\10.1.7\tomcat-catalina-10.1.7.jar;C:\Users\ilciro\.m2\repository\org\apache\tomcat\tomcat-servlet-api\10.1.7\tomcat-servlet-api-10.1.7.jar;C:\Users\ilciro\.m2\repository\org\apache\tomcat\tomcat-jsp-api\10.1.7\tomcat-jsp-api-10.1.7.jar;C:\Users\ilciro\.m2\repository\org\apache\tomcat\tomcat-el-api\10.1.7\tomcat-el-api-10.1.7.jar;C:\Users\ilciro\.m2\repository\org\apache\tomcat\tomcat-juli\10.1.7\tomcat-juli-10.1.7.jar;C:\Users\ilciro\.m2\repository\org\apache\tomcat\tomcat-annotations-api\10.1.7\tomcat-annotations-api-10.1.7.jar;C:\Users\ilciro\.m2\repository\org\apache\tomcat\tomcat-api\10.1.7\tomcat-api-10.1.7.jar;C:\Users\ilciro\.m2\repository\org\apache\tomcat\tomcat-jni\10.1.7\tomcat-jni-10.1.7.jar;C:\Users\ilciro\.m2\repository\org\apache\tomcat\tomcat-coyote\10.1.7\tomcat-coyote-10.1.7.jar;C:\Users\ilciro\.m2\repository\org\apache\tomcat\tomcat-util\10.1.7\tomcat-util-10.1.7.jar;C:\Users\ilciro\.m2\repository\org\apache\tomcat\tomcat-util-scan\10.1.7\tomcat-util-scan-10.1.7.jar;C:\Users\ilciro\.m2\repository\org\apache\tomcat\tomcat-jaspic-api\10.1.7\tomcat-jaspic-api-10.1.7.jar;C:\Users\ilciro\.m2\repository\org\sonarsource\scanner\maven\sonar-maven-plugin\3.10.0.2594\sonar-maven-plugin-3.10.0.2594.jar;C:\Users\ilciro\.m2\repository\org\codehaus\plexus\plexus-sec-dispatcher\2.0\plexus-sec-dispatcher-2.0.jar;C:\Users\ilciro\.m2\repository\org\codehaus\plexus\plexus-utils\3.4.1\plexus-utils-3.4.1.jar;C:\Users\ilciro\.m2\repository\org\codehaus\plexus\plexus-cipher\2.0\plexus-cipher-2.0.jar;C:\Users\ilciro\.m2\repository\javax\inject\javax.inject\1\javax.inject-1.jar;C:\Users\ilciro\.m2\repository\org\sonarsource\scanner\api\sonar-scanner-api\2.16.3.1081\sonar-scanner-api-2.16.3.1081.jar;C:\Users\ilciro\.m2\repository\commons-lang\commons-lang\2.6\commons-lang-2.6.jar;"/>
    <property name="sun.cpu.endian" value="little"/>
    <property name="user.home" value="C:\Users\ilciro"/>
    <property name="user.language" value="it"/>
    <property name="java.specification.vendor" value="Oracle Corporation"/>
    <property name="java.version.date" value="2023-08-24"/>
    <property name="java.home" value="C:\Program Files\Eclipse Adoptium\jdk-17.0.8.101-hotspot"/>
    <property name="file.separator" value="\"/>
    <property name="basedir" value="C:\Users\ilciro\IdeaProjects\LibreriaFinale"/>
    <property name="java.vm.compressedOopsMode" value="32-bit"/>
    <property name="line.separator" value="&#10;"/>
    <property name="java.vm.specification.vendor" value="Oracle Corporation"/>
    <property name="java.specification.name" value="Java Platform API Specification"/>
    <property name="surefire.real.class.path" value="C:\Users\ilciro\AppData\Local\Temp\surefire12605869842105185174\surefirebooter5350615421472087907.jar"/>
    <property name="user.script" value=""/>
    <property name="sun.management.compiler" value="HotSpot 64-Bit Tiered Compilers"/>
    <property name="java.runtime.version" value="17.0.8.1+1"/>
    <property name="user.name" value="ilciro"/>
    <property name="path.separator" value=";"/>
    <property name="os.version" value="10.0"/>
    <property name="java.runtime.name" value="OpenJDK Runtime Environment"/>
    <property name="file.encoding" value="Cp1252"/>
    <property name="java.vm.name" value="OpenJDK 64-Bit Server VM"/>
    <property name="java.vendor.version" value="Temurin-17.0.8.1+1"/>
    <property name="localRepository" value="C:\Users\ilciro\.m2\repository"/>
    <property name="java.vendor.url.bug" value="https://github.com/adoptium/adoptium-support/issues"/>
    <property name="java.io.tmpdir" value="C:\Users\ilciro\AppData\Local\Temp\"/>
    <property name="idea.version" value="2022.2.2"/>
    <property name="java.version" value="17.0.8.1"/>
    <property name="user.dir" value="C:\Users\ilciro\IdeaProjects\LibreriaFinale"/>
    <property name="os.arch" value="amd64"/>
    <property name="java.vm.specification.name" value="Java Virtual Machine Specification"/>
    <property name="sun.os.patch.level" value=""/>
    <property name="native.encoding" value="Cp1252"/>
    <property name="java.library.path" value="C:\Program Files\Eclipse Adoptium\jdk-17.0.8.101-hotspot\bin;C:\WINDOWS\Sun\Java\bin;C:\WINDOWS\system32;C:\WINDOWS;C:\Program Files\Eclipse Adoptium\jdk-17.0.8.101-hotspot\bin;C:\WINDOWS\system32;C:\WINDOWS;C:\WINDOWS\System32\Wbem;C:\WINDOWS\System32\WindowsPowerShell\v1.0\;C:\WINDOWS\System32\OpenSSH\;C:\Program Files\Microsoft SQL Server\130\Tools\Binn\;C:\Program Files\Microsoft SQL Server\Client SDK\ODBC\170\Tools\Binn\;C:\Program Files\dotnet\;C:\Program Files\MySQL\MySQL Server 8.0\bin;C:\Program Files\TortoiseSVN\bin;C:\Program Files\VisualSVN Server\bin;C:\Program Files\Git\cmd;C:\Program Files (x86)\apache-maven-3.9.5-bin\apache-maven-3.9.5\bin;C:\Program Files\MySQL\MySQL Shell 8.0\bin\;C:\Users\ilciro\AppData\Local\Microsoft\WindowsApps;C:\Users\ilciro\.dotnet\tools;."/>
    <property name="java.vm.info" value="mixed mode, sharing"/>
    <property name="java.vendor" value="Eclipse Adoptium"/>
    <property name="java.vm.version" value="17.0.8.1+1"/>
    <property name="sun.io.unicode.encoding" value="UnicodeLittle"/>
    <property name="java.class.version" value="61.0"/>
  </properties>
  <testcase name="testAggiornaPass" classname="laptop.test.TestLaptop2" time="0.679">
    <system-err><![CDATA[nov 08, 2023 4:40:55 PM laptop.controller.ControllerPassword <init>
INFORMAZIONI: Costruttore ControllerPassword
nov 08, 2023 4:40:55 PM laptop.controller.ControllerRegistraUtente <init>
INFORMAZIONI: Costruttore ControllerRegistaUtente
nov 08, 2023 4:40:55 PM laptop.controller.ControllerRicercaPerTipo <init>
INFORMAZIONI: Costruttore ControllerRicercaPerTipo
nov 08, 2023 4:40:55 PM laptop.controller.ControllerVisualizzaProfilo <init>
INFORMAZIONI: Costruttore ControllerVisualizzaProfilo
nov 08, 2023 4:40:55 PM laptop.controller.ControllerUserPage <init>
INFORMAZIONI: Costruttore ControllerUserPage
nov 08, 2023 4:40:55 PM laptop.controller.ControllerAggiungiUtente <init>
INFORMAZIONI: Costruttore ControllerAggiungiUtente
nov 08, 2023 4:40:55 PM laptop.controller.ControllerModificaUtente <init>
INFORMAZIONI: Costruttore ControllerModificaUtente
nov 08, 2023 4:40:55 PM laptop.controller.ControllerCancellaUser <init>
INFORMAZIONI: Costruttore ControllerCancellaUser
nov 08, 2023 4:40:55 PM laptop.utilities.ConnToDb generalConnection
INFORMAZIONI: Tentativo di conessione al server..........\\n
nov 08, 2023 4:40:55 PM laptop.utilities.ConnToDb generalConnection
INFORMAZIONI: Connesso standard ........

nov 08, 2023 4:40:55 PM laptop.database.UsersDao checkUser
INFORMAZIONI: idUser baoPublishing@gmail.com
nov 08, 2023 4:40:55 PM laptop.utilities.ConnToDb generalConnection
INFORMAZIONI: Tentativo di conessione al server..........\\n
nov 08, 2023 4:40:55 PM laptop.utilities.ConnToDb generalConnection
INFORMAZIONI: Connesso standard ........

nov 08, 2023 4:40:56 PM laptop.database.UsersDao checkResetpass
INFORMAZIONI: row affectedbaoPublishing@gmail.com
]]></system-err>
  </testcase>
  <testcase name="modificaUtente" classname="laptop.test.TestLaptop2" time="1.3">
    <system-err><![CDATA[nov 08, 2023 4:40:56 PM laptop.controller.ControllerPassword <init>
INFORMAZIONI: Costruttore ControllerPassword
nov 08, 2023 4:40:56 PM laptop.controller.ControllerRegistraUtente <init>
INFORMAZIONI: Costruttore ControllerRegistaUtente
nov 08, 2023 4:40:56 PM laptop.controller.ControllerRicercaPerTipo <init>
INFORMAZIONI: Costruttore ControllerRicercaPerTipo
nov 08, 2023 4:40:56 PM laptop.controller.ControllerVisualizzaProfilo <init>
INFORMAZIONI: Costruttore ControllerVisualizzaProfilo
nov 08, 2023 4:40:56 PM laptop.controller.ControllerUserPage <init>
INFORMAZIONI: Costruttore ControllerUserPage
nov 08, 2023 4:40:56 PM laptop.controller.ControllerAggiungiUtente <init>
INFORMAZIONI: Costruttore ControllerAggiungiUtente
nov 08, 2023 4:40:56 PM laptop.controller.ControllerModificaUtente <init>
INFORMAZIONI: Costruttore ControllerModificaUtente
nov 08, 2023 4:40:56 PM laptop.controller.ControllerCancellaUser <init>
INFORMAZIONI: Costruttore ControllerCancellaUser
nov 08, 2023 4:40:56 PM laptop.utilities.ConnToDb generalConnection
INFORMAZIONI: Tentativo di conessione al server..........\\n
nov 08, 2023 4:40:56 PM laptop.utilities.ConnToDb generalConnection
INFORMAZIONI: Connesso standard ........

nov 08, 2023 4:40:56 PM laptop.utilities.ConnToDb generalConnection
INFORMAZIONI: Tentativo di conessione al server..........\\n
nov 08, 2023 4:40:56 PM laptop.utilities.ConnToDb generalConnection
INFORMAZIONI: Connesso standard ........

nov 08, 2023 4:40:56 PM laptop.utilities.ConnToDb generalConnection
INFORMAZIONI: Tentativo di conessione al server..........\\n
nov 08, 2023 4:40:56 PM laptop.utilities.ConnToDb generalConnection
INFORMAZIONI: Connesso standard ........

nov 08, 2023 4:40:57 PM laptop.utilities.ConnToDb generalConnection
INFORMAZIONI: Tentativo di conessione al server..........\\n
nov 08, 2023 4:40:57 PM laptop.utilities.ConnToDb generalConnection
INFORMAZIONI: Connesso standard ........

]]></system-err>
  </testcase>
  <testcase name="testGetCredenziali" classname="laptop.test.TestLaptop2" time="0.04">
    <system-err><![CDATA[nov 08, 2023 4:40:57 PM laptop.controller.ControllerPassword <init>
INFORMAZIONI: Costruttore ControllerPassword
nov 08, 2023 4:40:57 PM laptop.controller.ControllerRegistraUtente <init>
INFORMAZIONI: Costruttore ControllerRegistaUtente
nov 08, 2023 4:40:57 PM laptop.controller.ControllerRicercaPerTipo <init>
INFORMAZIONI: Costruttore ControllerRicercaPerTipo
nov 08, 2023 4:40:57 PM laptop.controller.ControllerVisualizzaProfilo <init>
INFORMAZIONI: Costruttore ControllerVisualizzaProfilo
nov 08, 2023 4:40:57 PM laptop.controller.ControllerUserPage <init>
INFORMAZIONI: Costruttore ControllerUserPage
nov 08, 2023 4:40:57 PM laptop.controller.ControllerAggiungiUtente <init>
INFORMAZIONI: Costruttore ControllerAggiungiUtente
nov 08, 2023 4:40:57 PM laptop.controller.ControllerModificaUtente <init>
INFORMAZIONI: Costruttore ControllerModificaUtente
nov 08, 2023 4:40:57 PM laptop.controller.ControllerCancellaUser <init>
INFORMAZIONI: Costruttore ControllerCancellaUser
nov 08, 2023 4:40:57 PM laptop.utilities.ConnToDb generalConnection
INFORMAZIONI: Tentativo di conessione al server..........\\n
nov 08, 2023 4:40:57 PM laptop.utilities.ConnToDb generalConnection
INFORMAZIONI: Connesso standard ........

nov 08, 2023 4:40:57 PM laptop.database.UsersDao pickData
INFORMAZIONI: errore in mysql :
]]></system-err>
  </testcase>
  <testcase name="testAggiornaTotale" classname="laptop.test.TestLaptop2" time="0.887">
    <system-err><![CDATA[nov 08, 2023 4:40:57 PM laptop.controller.ControllerPassword <init>
INFORMAZIONI: Costruttore ControllerPassword
nov 08, 2023 4:40:57 PM laptop.controller.ControllerRegistraUtente <init>
INFORMAZIONI: Costruttore ControllerRegistaUtente
nov 08, 2023 4:40:57 PM laptop.controller.ControllerRicercaPerTipo <init>
INFORMAZIONI: Costruttore ControllerRicercaPerTipo
nov 08, 2023 4:40:57 PM laptop.controller.ControllerVisualizzaProfilo <init>
INFORMAZIONI: Costruttore ControllerVisualizzaProfilo
nov 08, 2023 4:40:57 PM laptop.controller.ControllerUserPage <init>
INFORMAZIONI: Costruttore ControllerUserPage
nov 08, 2023 4:40:57 PM laptop.controller.ControllerAggiungiUtente <init>
INFORMAZIONI: Costruttore ControllerAggiungiUtente
nov 08, 2023 4:40:57 PM laptop.controller.ControllerModificaUtente <init>
INFORMAZIONI: Costruttore ControllerModificaUtente
nov 08, 2023 4:40:57 PM laptop.controller.ControllerCancellaUser <init>
INFORMAZIONI: Costruttore ControllerCancellaUser
nov 08, 2023 4:40:57 PM laptop.utilities.ConnToDb generalConnection
INFORMAZIONI: Tentativo di conessione al server..........\\n
nov 08, 2023 4:40:57 PM laptop.utilities.ConnToDb generalConnection
INFORMAZIONI: Connesso standard ........

nov 08, 2023 4:40:57 PM laptop.database.UsersDao pickData
INFORMAZIONI: errore in mysql :
nov 08, 2023 4:40:57 PM laptop.utilities.ConnToDb generalConnection
INFORMAZIONI: Tentativo di conessione al server..........\\n
nov 08, 2023 4:40:57 PM laptop.utilities.ConnToDb generalConnection
INFORMAZIONI: Connesso standard ........

]]></system-err>
  </testcase>
  <testcase name="testCheckTempUser(String)[1]" classname="laptop.test.TestLaptop2" time="0.022">
    <system-err><![CDATA[nov 08, 2023 4:40:58 PM laptop.controller.ControllerPassword <init>
INFORMAZIONI: Costruttore ControllerPassword
nov 08, 2023 4:40:58 PM laptop.controller.ControllerRegistraUtente <init>
INFORMAZIONI: Costruttore ControllerRegistaUtente
nov 08, 2023 4:40:58 PM laptop.controller.ControllerRicercaPerTipo <init>
INFORMAZIONI: Costruttore ControllerRicercaPerTipo
nov 08, 2023 4:40:58 PM laptop.controller.ControllerVisualizzaProfilo <init>
INFORMAZIONI: Costruttore ControllerVisualizzaProfilo
nov 08, 2023 4:40:58 PM laptop.controller.ControllerUserPage <init>
INFORMAZIONI: Costruttore ControllerUserPage
nov 08, 2023 4:40:58 PM laptop.controller.ControllerAggiungiUtente <init>
INFORMAZIONI: Costruttore ControllerAggiungiUtente
nov 08, 2023 4:40:58 PM laptop.controller.ControllerModificaUtente <init>
INFORMAZIONI: Costruttore ControllerModificaUtente
nov 08, 2023 4:40:58 PM laptop.controller.ControllerCancellaUser <init>
INFORMAZIONI: Costruttore ControllerCancellaUser
nov 08, 2023 4:40:58 PM laptop.utilities.ConnToDb generalConnection
INFORMAZIONI: Tentativo di conessione al server..........\\n
nov 08, 2023 4:40:58 PM laptop.utilities.ConnToDb generalConnection
INFORMAZIONI: Connesso standard ........

nov 08, 2023 4:40:58 PM laptop.database.UsersDao checkTempUser
INFORMAZIONI: errore in mysql :
java.sql.SQLException: Column 'idUser' not found.
	at com.mysql.cj.jdbc.exceptions.SQLError.createSQLException(SQLError.java:129)
	at com.mysql.cj.jdbc.exceptions.SQLError.createSQLException(SQLError.java:97)
	at com.mysql.cj.jdbc.exceptions.SQLError.createSQLException(SQLError.java:89)
	at com.mysql.cj.jdbc.exceptions.SQLError.createSQLException(SQLError.java:63)
	at com.mysql.cj.jdbc.result.ResultSetImpl.findColumn(ResultSetImpl.java:584)
	at com.mysql.cj.jdbc.result.ResultSetImpl.getInt(ResultSetImpl.java:851)
	at laptop.database.UsersDao.checkTempUser(UsersDao.java:179)
	at laptop.test.TestLaptop2.testCheckTempUser(TestLaptop2.java:171)
	at java.base/jdk.internal.reflect.NativeMethodAccessorImpl.invoke0(Native Method)
	at java.base/jdk.internal.reflect.NativeMethodAccessorImpl.invoke(NativeMethodAccessorImpl.java:77)
	at java.base/jdk.internal.reflect.DelegatingMethodAccessorImpl.invoke(DelegatingMethodAccessorImpl.java:43)
	at java.base/java.lang.reflect.Method.invoke(Method.java:568)
	at org.junit.platform.commons.util.ReflectionUtils.invokeMethod(ReflectionUtils.java:727)
	at org.junit.jupiter.engine.execution.MethodInvocation.proceed(MethodInvocation.java:60)
	at org.junit.jupiter.engine.execution.InvocationInterceptorChain$ValidatingInvocation.proceed(InvocationInterceptorChain.java:131)
	at org.junit.jupiter.engine.extension.TimeoutExtension.intercept(TimeoutExtension.java:156)
	at org.junit.jupiter.engine.extension.TimeoutExtension.interceptTestableMethod(TimeoutExtension.java:147)
	at org.junit.jupiter.engine.extension.TimeoutExtension.interceptTestTemplateMethod(TimeoutExtension.java:94)
	at org.junit.jupiter.engine.execution.InterceptingExecutableInvoker$ReflectiveInterceptorCall.lambda$ofVoidMethod$0(InterceptingExecutableInvoker.java:103)
	at org.junit.jupiter.engine.execution.InterceptingExecutableInvoker.lambda$invoke$0(InterceptingExecutableInvoker.java:93)
	at org.junit.jupiter.engine.execution.InvocationInterceptorChain$InterceptedInvocation.proceed(InvocationInterceptorChain.java:106)
	at org.junit.jupiter.engine.execution.InvocationInterceptorChain.proceed(InvocationInterceptorChain.java:64)
	at org.junit.jupiter.engine.execution.InvocationInterceptorChain.chainAndInvoke(InvocationInterceptorChain.java:45)
	at org.junit.jupiter.engine.execution.InvocationInterceptorChain.invoke(InvocationInterceptorChain.java:37)
	at org.junit.jupiter.engine.execution.InterceptingExecutableInvoker.invoke(InterceptingExecutableInvoker.java:92)
	at org.junit.jupiter.engine.execution.InterceptingExecutableInvoker.invoke(InterceptingExecutableInvoker.java:86)
	at org.junit.jupiter.engine.descriptor.TestMethodTestDescriptor.lambda$invokeTestMethod$7(TestMethodTestDescriptor.java:217)
	at org.junit.platform.engine.support.hierarchical.ThrowableCollector.execute(ThrowableCollector.java:73)
	at org.junit.jupiter.engine.descriptor.TestMethodTestDescriptor.invokeTestMethod(TestMethodTestDescriptor.java:213)
	at org.junit.jupiter.engine.descriptor.TestMethodTestDescriptor.execute(TestMethodTestDescriptor.java:138)
	at org.junit.jupiter.engine.descriptor.TestMethodTestDescriptor.execute(TestMethodTestDescriptor.java:68)
	at org.junit.platform.engine.support.hierarchical.NodeTestTask.lambda$executeRecursively$6(NodeTestTask.java:151)
	at org.junit.platform.engine.support.hierarchical.ThrowableCollector.execute(ThrowableCollector.java:73)
	at org.junit.platform.engine.support.hierarchical.NodeTestTask.lambda$executeRecursively$8(NodeTestTask.java:141)
	at org.junit.platform.engine.support.hierarchical.Node.around(Node.java:137)
	at org.junit.platform.engine.support.hierarchical.NodeTestTask.lambda$executeRecursively$9(NodeTestTask.java:139)
	at org.junit.platform.engine.support.hierarchical.ThrowableCollector.execute(ThrowableCollector.java:73)
	at org.junit.platform.engine.support.hierarchical.NodeTestTask.executeRecursively(NodeTestTask.java:138)
	at org.junit.platform.engine.support.hierarchical.NodeTestTask.execute(NodeTestTask.java:95)
	at org.junit.platform.engine.support.hierarchical.SameThreadHierarchicalTestExecutorService.submit(SameThreadHierarchicalTestExecutorService.java:35)
	at org.junit.platform.engine.support.hierarchical.NodeTestTask$DefaultDynamicTestExecutor.execute(NodeTestTask.java:226)
	at org.junit.platform.engine.support.hierarchical.NodeTestTask$DefaultDynamicTestExecutor.execute(NodeTestTask.java:204)
	at org.junit.jupiter.engine.descriptor.TestTemplateTestDescriptor.execute(TestTemplateTestDescriptor.java:142)
	at org.junit.jupiter.engine.descriptor.TestTemplateTestDescriptor.lambda$execute$2(TestTemplateTestDescriptor.java:110)
	at java.base/java.util.stream.ForEachOps$ForEachOp$OfRef.accept(ForEachOps.java:183)
	at java.base/java.util.stream.ReferencePipeline$3$1.accept(ReferencePipeline.java:197)
	at java.base/java.util.stream.ReferencePipeline$2$1.accept(ReferencePipeline.java:179)
	at java.base/java.util.stream.ReferencePipeline$3$1.accept(ReferencePipeline.java:197)
	at java.base/java.util.stream.ForEachOps$ForEachOp$OfRef.accept(ForEachOps.java:183)
	at java.base/java.util.stream.ReferencePipeline$3$1.accept(ReferencePipeline.java:197)
	at java.base/java.util.stream.ReferencePipeline$3$1.accept(ReferencePipeline.java:197)
	at java.base/java.util.stream.ReferencePipeline$3$1.accept(ReferencePipeline.java:197)
	at java.base/java.util.stream.ForEachOps$ForEachOp$OfRef.accept(ForEachOps.java:183)
	at java.base/java.util.stream.ReferencePipeline$3$1.accept(ReferencePipeline.java:197)
	at java.base/java.util.Spliterators$ArraySpliterator.forEachRemaining(Spliterators.java:992)
	at java.base/java.util.stream.AbstractPipeline.copyInto(AbstractPipeline.java:509)
	at java.base/java.util.stream.AbstractPipeline.wrapAndCopyInto(AbstractPipeline.java:499)
	at java.base/java.util.stream.ForEachOps$ForEachOp.evaluateSequential(ForEachOps.java:150)
	at java.base/java.util.stream.ForEachOps$ForEachOp$OfRef.evaluateSequential(ForEachOps.java:173)
	at java.base/java.util.stream.AbstractPipeline.evaluate(AbstractPipeline.java:234)
	at java.base/java.util.stream.ReferencePipeline.forEach(ReferencePipeline.java:596)
	at java.base/java.util.stream.ReferencePipeline$7$1.accept(ReferencePipeline.java:276)
	at java.base/java.util.stream.ReferencePipeline$3$1.accept(ReferencePipeline.java:197)
	at java.base/java.util.stream.ReferencePipeline$3$1.accept(ReferencePipeline.java:197)
	at java.base/java.util.stream.ReferencePipeline$3$1.accept(ReferencePipeline.java:197)
	at java.base/java.util.ArrayList$ArrayListSpliterator.forEachRemaining(ArrayList.java:1625)
	at java.base/java.util.stream.AbstractPipeline.copyInto(AbstractPipeline.java:509)
	at java.base/java.util.stream.AbstractPipeline.wrapAndCopyInto(AbstractPipeline.java:499)
	at java.base/java.util.stream.ForEachOps$ForEachOp.evaluateSequential(ForEachOps.java:150)
	at java.base/java.util.stream.ForEachOps$ForEachOp$OfRef.evaluateSequential(ForEachOps.java:173)
	at java.base/java.util.stream.AbstractPipeline.evaluate(AbstractPipeline.java:234)
	at java.base/java.util.stream.ReferencePipeline.forEach(ReferencePipeline.java:596)
	at java.base/java.util.stream.ReferencePipeline$7$1.accept(ReferencePipeline.java:276)
	at java.base/java.util.ArrayList$ArrayListSpliterator.forEachRemaining(ArrayList.java:1625)
	at java.base/java.util.stream.AbstractPipeline.copyInto(AbstractPipeline.java:509)
	at java.base/java.util.stream.AbstractPipeline.wrapAndCopyInto(AbstractPipeline.java:499)
	at java.base/java.util.stream.ForEachOps$ForEachOp.evaluateSequential(ForEachOps.java:150)
	at java.base/java.util.stream.ForEachOps$ForEachOp$OfRef.evaluateSequential(ForEachOps.java:173)
	at java.base/java.util.stream.AbstractPipeline.evaluate(AbstractPipeline.java:234)
	at java.base/java.util.stream.ReferencePipeline.forEach(ReferencePipeline.java:596)
	at org.junit.jupiter.engine.descriptor.TestTemplateTestDescriptor.execute(TestTemplateTestDescriptor.java:110)
	at org.junit.jupiter.engine.descriptor.TestTemplateTestDescriptor.execute(TestTemplateTestDescriptor.java:44)
	at org.junit.platform.engine.support.hierarchical.NodeTestTask.lambda$executeRecursively$6(NodeTestTask.java:151)
	at org.junit.platform.engine.support.hierarchical.ThrowableCollector.execute(ThrowableCollector.java:73)
	at org.junit.platform.engine.support.hierarchical.NodeTestTask.lambda$executeRecursively$8(NodeTestTask.java:141)
	at org.junit.platform.engine.support.hierarchical.Node.around(Node.java:137)
	at org.junit.platform.engine.support.hierarchical.NodeTestTask.lambda$executeRecursively$9(NodeTestTask.java:139)
	at org.junit.platform.engine.support.hierarchical.ThrowableCollector.execute(ThrowableCollector.java:73)
	at org.junit.platform.engine.support.hierarchical.NodeTestTask.executeRecursively(NodeTestTask.java:138)
	at org.junit.platform.engine.support.hierarchical.NodeTestTask.execute(NodeTestTask.java:95)
	at java.base/java.util.ArrayList.forEach(ArrayList.java:1511)
	at org.junit.platform.engine.support.hierarchical.SameThreadHierarchicalTestExecutorService.invokeAll(SameThreadHierarchicalTestExecutorService.java:41)
	at org.junit.platform.engine.support.hierarchical.NodeTestTask.lambda$executeRecursively$6(NodeTestTask.java:155)
	at org.junit.platform.engine.support.hierarchical.ThrowableCollector.execute(ThrowableCollector.java:73)
	at org.junit.platform.engine.support.hierarchical.NodeTestTask.lambda$executeRecursively$8(NodeTestTask.java:141)
	at org.junit.platform.engine.support.hierarchical.Node.around(Node.java:137)
	at org.junit.platform.engine.support.hierarchical.NodeTestTask.lambda$executeRecursively$9(NodeTestTask.java:139)
	at org.junit.platform.engine.support.hierarchical.ThrowableCollector.execute(ThrowableCollector.java:73)
	at org.junit.platform.engine.support.hierarchical.NodeTestTask.executeRecursively(NodeTestTask.java:138)
	at org.junit.platform.engine.support.hierarchical.NodeTestTask.execute(NodeTestTask.java:95)
	at java.base/java.util.ArrayList.forEach(ArrayList.java:1511)
	at org.junit.platform.engine.support.hierarchical.SameThreadHierarchicalTestExecutorService.invokeAll(SameThreadHierarchicalTestExecutorService.java:41)
	at org.junit.platform.engine.support.hierarchical.NodeTestTask.lambda$executeRecursively$6(NodeTestTask.java:155)
	at org.junit.platform.engine.support.hierarchical.ThrowableCollector.execute(ThrowableCollector.java:73)
	at org.junit.platform.engine.support.hierarchical.NodeTestTask.lambda$executeRecursively$8(NodeTestTask.java:141)
	at org.junit.platform.engine.support.hierarchical.Node.around(Node.java:137)
	at org.junit.platform.engine.support.hierarchical.NodeTestTask.lambda$executeRecursively$9(NodeTestTask.java:139)
	at org.junit.platform.engine.support.hierarchical.ThrowableCollector.execute(ThrowableCollector.java:73)
	at org.junit.platform.engine.support.hierarchical.NodeTestTask.executeRecursively(NodeTestTask.java:138)
	at org.junit.platform.engine.support.hierarchical.NodeTestTask.execute(NodeTestTask.java:95)
	at org.junit.platform.engine.support.hierarchical.SameThreadHierarchicalTestExecutorService.submit(SameThreadHierarchicalTestExecutorService.java:35)
	at org.junit.platform.engine.support.hierarchical.HierarchicalTestExecutor.execute(HierarchicalTestExecutor.java:57)
	at org.junit.platform.engine.support.hierarchical.HierarchicalTestEngine.execute(HierarchicalTestEngine.java:54)
	at org.junit.platform.launcher.core.EngineExecutionOrchestrator.execute(EngineExecutionOrchestrator.java:147)
	at org.junit.platform.launcher.core.EngineExecutionOrchestrator.execute(EngineExecutionOrchestrator.java:127)
	at org.junit.platform.launcher.core.EngineExecutionOrchestrator.execute(EngineExecutionOrchestrator.java:90)
	at org.junit.platform.launcher.core.EngineExecutionOrchestrator.lambda$execute$0(EngineExecutionOrchestrator.java:55)
	at org.junit.platform.launcher.core.EngineExecutionOrchestrator.withInterceptedStreams(EngineExecutionOrchestrator.java:102)
	at org.junit.platform.launcher.core.EngineExecutionOrchestrator.execute(EngineExecutionOrchestrator.java:54)
	at org.junit.platform.launcher.core.DefaultLauncher.execute(DefaultLauncher.java:114)
	at org.junit.platform.launcher.core.DefaultLauncher.execute(DefaultLauncher.java:86)
	at org.junit.platform.launcher.core.DefaultLauncherSession$DelegatingLauncher.execute(DefaultLauncherSession.java:86)
	at org.junit.platform.launcher.core.SessionPerRequestLauncher.execute(SessionPerRequestLauncher.java:53)
	at org.apache.maven.surefire.junitplatform.JUnitPlatformProvider.execute(JUnitPlatformProvider.java:188)
	at org.apache.maven.surefire.junitplatform.JUnitPlatformProvider.invokeAllTests(JUnitPlatformProvider.java:154)
	at org.apache.maven.surefire.junitplatform.JUnitPlatformProvider.invoke(JUnitPlatformProvider.java:128)
	at org.apache.maven.surefire.booter.ForkedBooter.runSuitesInProcess(ForkedBooter.java:428)
	at org.apache.maven.surefire.booter.ForkedBooter.execute(ForkedBooter.java:162)
	at org.apache.maven.surefire.booter.ForkedBooter.run(ForkedBooter.java:562)
	at org.apache.maven.surefire.booter.ForkedBooter.main(ForkedBooter.java:548)

]]></system-err>
  </testcase>
  <testcase name="testCheckTempUser(String)[2]" classname="laptop.test.TestLaptop2" time="0.283">
    <system-err><![CDATA[nov 08, 2023 4:40:58 PM laptop.controller.ControllerPassword <init>
INFORMAZIONI: Costruttore ControllerPassword
nov 08, 2023 4:40:58 PM laptop.controller.ControllerRegistraUtente <init>
INFORMAZIONI: Costruttore ControllerRegistaUtente
nov 08, 2023 4:40:58 PM laptop.controller.ControllerRicercaPerTipo <init>
INFORMAZIONI: Costruttore ControllerRicercaPerTipo
nov 08, 2023 4:40:58 PM laptop.controller.ControllerVisualizzaProfilo <init>
INFORMAZIONI: Costruttore ControllerVisualizzaProfilo
nov 08, 2023 4:40:58 PM laptop.controller.ControllerUserPage <init>
INFORMAZIONI: Costruttore ControllerUserPage
nov 08, 2023 4:40:58 PM laptop.controller.ControllerAggiungiUtente <init>
INFORMAZIONI: Costruttore ControllerAggiungiUtente
nov 08, 2023 4:40:58 PM laptop.controller.ControllerModificaUtente <init>
INFORMAZIONI: Costruttore ControllerModificaUtente
nov 08, 2023 4:40:58 PM laptop.controller.ControllerCancellaUser <init>
INFORMAZIONI: Costruttore ControllerCancellaUser
nov 08, 2023 4:40:58 PM laptop.utilities.ConnToDb generalConnection
INFORMAZIONI: Tentativo di conessione al server..........\\n
nov 08, 2023 4:40:58 PM laptop.utilities.ConnToDb generalConnection
INFORMAZIONI: Connesso standard ........

nov 08, 2023 4:40:58 PM laptop.database.UsersDao checkTempUser
INFORMAZIONI: errore in mysql :
java.sql.SQLException: Column 'idUser' not found.
	at com.mysql.cj.jdbc.exceptions.SQLError.createSQLException(SQLError.java:129)
	at com.mysql.cj.jdbc.exceptions.SQLError.createSQLException(SQLError.java:97)
	at com.mysql.cj.jdbc.exceptions.SQLError.createSQLException(SQLError.java:89)
	at com.mysql.cj.jdbc.exceptions.SQLError.createSQLException(SQLError.java:63)
	at com.mysql.cj.jdbc.result.ResultSetImpl.findColumn(ResultSetImpl.java:584)
	at com.mysql.cj.jdbc.result.ResultSetImpl.getInt(ResultSetImpl.java:851)
	at laptop.database.UsersDao.checkTempUser(UsersDao.java:179)
	at laptop.test.TestLaptop2.testCheckTempUser(TestLaptop2.java:171)
	at java.base/jdk.internal.reflect.NativeMethodAccessorImpl.invoke0(Native Method)
	at java.base/jdk.internal.reflect.NativeMethodAccessorImpl.invoke(NativeMethodAccessorImpl.java:77)
	at java.base/jdk.internal.reflect.DelegatingMethodAccessorImpl.invoke(DelegatingMethodAccessorImpl.java:43)
	at java.base/java.lang.reflect.Method.invoke(Method.java:568)
	at org.junit.platform.commons.util.ReflectionUtils.invokeMethod(ReflectionUtils.java:727)
	at org.junit.jupiter.engine.execution.MethodInvocation.proceed(MethodInvocation.java:60)
	at org.junit.jupiter.engine.execution.InvocationInterceptorChain$ValidatingInvocation.proceed(InvocationInterceptorChain.java:131)
	at org.junit.jupiter.engine.extension.TimeoutExtension.intercept(TimeoutExtension.java:156)
	at org.junit.jupiter.engine.extension.TimeoutExtension.interceptTestableMethod(TimeoutExtension.java:147)
	at org.junit.jupiter.engine.extension.TimeoutExtension.interceptTestTemplateMethod(TimeoutExtension.java:94)
	at org.junit.jupiter.engine.execution.InterceptingExecutableInvoker$ReflectiveInterceptorCall.lambda$ofVoidMethod$0(InterceptingExecutableInvoker.java:103)
	at org.junit.jupiter.engine.execution.InterceptingExecutableInvoker.lambda$invoke$0(InterceptingExecutableInvoker.java:93)
	at org.junit.jupiter.engine.execution.InvocationInterceptorChain$InterceptedInvocation.proceed(InvocationInterceptorChain.java:106)
	at org.junit.jupiter.engine.execution.InvocationInterceptorChain.proceed(InvocationInterceptorChain.java:64)
	at org.junit.jupiter.engine.execution.InvocationInterceptorChain.chainAndInvoke(InvocationInterceptorChain.java:45)
	at org.junit.jupiter.engine.execution.InvocationInterceptorChain.invoke(InvocationInterceptorChain.java:37)
	at org.junit.jupiter.engine.execution.InterceptingExecutableInvoker.invoke(InterceptingExecutableInvoker.java:92)
	at org.junit.jupiter.engine.execution.InterceptingExecutableInvoker.invoke(InterceptingExecutableInvoker.java:86)
	at org.junit.jupiter.engine.descriptor.TestMethodTestDescriptor.lambda$invokeTestMethod$7(TestMethodTestDescriptor.java:217)
	at org.junit.platform.engine.support.hierarchical.ThrowableCollector.execute(ThrowableCollector.java:73)
	at org.junit.jupiter.engine.descriptor.TestMethodTestDescriptor.invokeTestMethod(TestMethodTestDescriptor.java:213)
	at org.junit.jupiter.engine.descriptor.TestMethodTestDescriptor.execute(TestMethodTestDescriptor.java:138)
	at org.junit.jupiter.engine.descriptor.TestMethodTestDescriptor.execute(TestMethodTestDescriptor.java:68)
	at org.junit.platform.engine.support.hierarchical.NodeTestTask.lambda$executeRecursively$6(NodeTestTask.java:151)
	at org.junit.platform.engine.support.hierarchical.ThrowableCollector.execute(ThrowableCollector.java:73)
	at org.junit.platform.engine.support.hierarchical.NodeTestTask.lambda$executeRecursively$8(NodeTestTask.java:141)
	at org.junit.platform.engine.support.hierarchical.Node.around(Node.java:137)
	at org.junit.platform.engine.support.hierarchical.NodeTestTask.lambda$executeRecursively$9(NodeTestTask.java:139)
	at org.junit.platform.engine.support.hierarchical.ThrowableCollector.execute(ThrowableCollector.java:73)
	at org.junit.platform.engine.support.hierarchical.NodeTestTask.executeRecursively(NodeTestTask.java:138)
	at org.junit.platform.engine.support.hierarchical.NodeTestTask.execute(NodeTestTask.java:95)
	at org.junit.platform.engine.support.hierarchical.SameThreadHierarchicalTestExecutorService.submit(SameThreadHierarchicalTestExecutorService.java:35)
	at org.junit.platform.engine.support.hierarchical.NodeTestTask$DefaultDynamicTestExecutor.execute(NodeTestTask.java:226)
	at org.junit.platform.engine.support.hierarchical.NodeTestTask$DefaultDynamicTestExecutor.execute(NodeTestTask.java:204)
	at org.junit.jupiter.engine.descriptor.TestTemplateTestDescriptor.execute(TestTemplateTestDescriptor.java:142)
	at org.junit.jupiter.engine.descriptor.TestTemplateTestDescriptor.lambda$execute$2(TestTemplateTestDescriptor.java:110)
	at java.base/java.util.stream.ForEachOps$ForEachOp$OfRef.accept(ForEachOps.java:183)
	at java.base/java.util.stream.ReferencePipeline$3$1.accept(ReferencePipeline.java:197)
	at java.base/java.util.stream.ReferencePipeline$2$1.accept(ReferencePipeline.java:179)
	at java.base/java.util.stream.ReferencePipeline$3$1.accept(ReferencePipeline.java:197)
	at java.base/java.util.stream.ForEachOps$ForEachOp$OfRef.accept(ForEachOps.java:183)
	at java.base/java.util.stream.ReferencePipeline$3$1.accept(ReferencePipeline.java:197)
	at java.base/java.util.stream.ReferencePipeline$3$1.accept(ReferencePipeline.java:197)
	at java.base/java.util.stream.ReferencePipeline$3$1.accept(ReferencePipeline.java:197)
	at java.base/java.util.stream.ForEachOps$ForEachOp$OfRef.accept(ForEachOps.java:183)
	at java.base/java.util.stream.ReferencePipeline$3$1.accept(ReferencePipeline.java:197)
	at java.base/java.util.Spliterators$ArraySpliterator.forEachRemaining(Spliterators.java:992)
	at java.base/java.util.stream.AbstractPipeline.copyInto(AbstractPipeline.java:509)
	at java.base/java.util.stream.AbstractPipeline.wrapAndCopyInto(AbstractPipeline.java:499)
	at java.base/java.util.stream.ForEachOps$ForEachOp.evaluateSequential(ForEachOps.java:150)
	at java.base/java.util.stream.ForEachOps$ForEachOp$OfRef.evaluateSequential(ForEachOps.java:173)
	at java.base/java.util.stream.AbstractPipeline.evaluate(AbstractPipeline.java:234)
	at java.base/java.util.stream.ReferencePipeline.forEach(ReferencePipeline.java:596)
	at java.base/java.util.stream.ReferencePipeline$7$1.accept(ReferencePipeline.java:276)
	at java.base/java.util.stream.ReferencePipeline$3$1.accept(ReferencePipeline.java:197)
	at java.base/java.util.stream.ReferencePipeline$3$1.accept(ReferencePipeline.java:197)
	at java.base/java.util.stream.ReferencePipeline$3$1.accept(ReferencePipeline.java:197)
	at java.base/java.util.ArrayList$ArrayListSpliterator.forEachRemaining(ArrayList.java:1625)
	at java.base/java.util.stream.AbstractPipeline.copyInto(AbstractPipeline.java:509)
	at java.base/java.util.stream.AbstractPipeline.wrapAndCopyInto(AbstractPipeline.java:499)
	at java.base/java.util.stream.ForEachOps$ForEachOp.evaluateSequential(ForEachOps.java:150)
	at java.base/java.util.stream.ForEachOps$ForEachOp$OfRef.evaluateSequential(ForEachOps.java:173)
	at java.base/java.util.stream.AbstractPipeline.evaluate(AbstractPipeline.java:234)
	at java.base/java.util.stream.ReferencePipeline.forEach(ReferencePipeline.java:596)
	at java.base/java.util.stream.ReferencePipeline$7$1.accept(ReferencePipeline.java:276)
	at java.base/java.util.ArrayList$ArrayListSpliterator.forEachRemaining(ArrayList.java:1625)
	at java.base/java.util.stream.AbstractPipeline.copyInto(AbstractPipeline.java:509)
	at java.base/java.util.stream.AbstractPipeline.wrapAndCopyInto(AbstractPipeline.java:499)
	at java.base/java.util.stream.ForEachOps$ForEachOp.evaluateSequential(ForEachOps.java:150)
	at java.base/java.util.stream.ForEachOps$ForEachOp$OfRef.evaluateSequential(ForEachOps.java:173)
	at java.base/java.util.stream.AbstractPipeline.evaluate(AbstractPipeline.java:234)
	at java.base/java.util.stream.ReferencePipeline.forEach(ReferencePipeline.java:596)
	at org.junit.jupiter.engine.descriptor.TestTemplateTestDescriptor.execute(TestTemplateTestDescriptor.java:110)
	at org.junit.jupiter.engine.descriptor.TestTemplateTestDescriptor.execute(TestTemplateTestDescriptor.java:44)
	at org.junit.platform.engine.support.hierarchical.NodeTestTask.lambda$executeRecursively$6(NodeTestTask.java:151)
	at org.junit.platform.engine.support.hierarchical.ThrowableCollector.execute(ThrowableCollector.java:73)
	at org.junit.platform.engine.support.hierarchical.NodeTestTask.lambda$executeRecursively$8(NodeTestTask.java:141)
	at org.junit.platform.engine.support.hierarchical.Node.around(Node.java:137)
	at org.junit.platform.engine.support.hierarchical.NodeTestTask.lambda$executeRecursively$9(NodeTestTask.java:139)
	at org.junit.platform.engine.support.hierarchical.ThrowableCollector.execute(ThrowableCollector.java:73)
	at org.junit.platform.engine.support.hierarchical.NodeTestTask.executeRecursively(NodeTestTask.java:138)
	at org.junit.platform.engine.support.hierarchical.NodeTestTask.execute(NodeTestTask.java:95)
	at java.base/java.util.ArrayList.forEach(ArrayList.java:1511)
	at org.junit.platform.engine.support.hierarchical.SameThreadHierarchicalTestExecutorService.invokeAll(SameThreadHierarchicalTestExecutorService.java:41)
	at org.junit.platform.engine.support.hierarchical.NodeTestTask.lambda$executeRecursively$6(NodeTestTask.java:155)
	at org.junit.platform.engine.support.hierarchical.ThrowableCollector.execute(ThrowableCollector.java:73)
	at org.junit.platform.engine.support.hierarchical.NodeTestTask.lambda$executeRecursively$8(NodeTestTask.java:141)
	at org.junit.platform.engine.support.hierarchical.Node.around(Node.java:137)
	at org.junit.platform.engine.support.hierarchical.NodeTestTask.lambda$executeRecursively$9(NodeTestTask.java:139)
	at org.junit.platform.engine.support.hierarchical.ThrowableCollector.execute(ThrowableCollector.java:73)
	at org.junit.platform.engine.support.hierarchical.NodeTestTask.executeRecursively(NodeTestTask.java:138)
	at org.junit.platform.engine.support.hierarchical.NodeTestTask.execute(NodeTestTask.java:95)
	at java.base/java.util.ArrayList.forEach(ArrayList.java:1511)
	at org.junit.platform.engine.support.hierarchical.SameThreadHierarchicalTestExecutorService.invokeAll(SameThreadHierarchicalTestExecutorService.java:41)
	at org.junit.platform.engine.support.hierarchical.NodeTestTask.lambda$executeRecursively$6(NodeTestTask.java:155)
	at org.junit.platform.engine.support.hierarchical.ThrowableCollector.execute(ThrowableCollector.java:73)
	at org.junit.platform.engine.support.hierarchical.NodeTestTask.lambda$executeRecursively$8(NodeTestTask.java:141)
	at org.junit.platform.engine.support.hierarchical.Node.around(Node.java:137)
	at org.junit.platform.engine.support.hierarchical.NodeTestTask.lambda$executeRecursively$9(NodeTestTask.java:139)
	at org.junit.platform.engine.support.hierarchical.ThrowableCollector.execute(ThrowableCollector.java:73)
	at org.junit.platform.engine.support.hierarchical.NodeTestTask.executeRecursively(NodeTestTask.java:138)
	at org.junit.platform.engine.support.hierarchical.NodeTestTask.execute(NodeTestTask.java:95)
	at org.junit.platform.engine.support.hierarchical.SameThreadHierarchicalTestExecutorService.submit(SameThreadHierarchicalTestExecutorService.java:35)
	at org.junit.platform.engine.support.hierarchical.HierarchicalTestExecutor.execute(HierarchicalTestExecutor.java:57)
	at org.junit.platform.engine.support.hierarchical.HierarchicalTestEngine.execute(HierarchicalTestEngine.java:54)
	at org.junit.platform.launcher.core.EngineExecutionOrchestrator.execute(EngineExecutionOrchestrator.java:147)
	at org.junit.platform.launcher.core.EngineExecutionOrchestrator.execute(EngineExecutionOrchestrator.java:127)
	at org.junit.platform.launcher.core.EngineExecutionOrchestrator.execute(EngineExecutionOrchestrator.java:90)
	at org.junit.platform.launcher.core.EngineExecutionOrchestrator.lambda$execute$0(EngineExecutionOrchestrator.java:55)
	at org.junit.platform.launcher.core.EngineExecutionOrchestrator.withInterceptedStreams(EngineExecutionOrchestrator.java:102)
	at org.junit.platform.launcher.core.EngineExecutionOrchestrator.execute(EngineExecutionOrchestrator.java:54)
	at org.junit.platform.launcher.core.DefaultLauncher.execute(DefaultLauncher.java:114)
	at org.junit.platform.launcher.core.DefaultLauncher.execute(DefaultLauncher.java:86)
	at org.junit.platform.launcher.core.DefaultLauncherSession$DelegatingLauncher.execute(DefaultLauncherSession.java:86)
	at org.junit.platform.launcher.core.SessionPerRequestLauncher.execute(SessionPerRequestLauncher.java:53)
	at org.apache.maven.surefire.junitplatform.JUnitPlatformProvider.execute(JUnitPlatformProvider.java:188)
	at org.apache.maven.surefire.junitplatform.JUnitPlatformProvider.invokeAllTests(JUnitPlatformProvider.java:154)
	at org.apache.maven.surefire.junitplatform.JUnitPlatformProvider.invoke(JUnitPlatformProvider.java:128)
	at org.apache.maven.surefire.booter.ForkedBooter.runSuitesInProcess(ForkedBooter.java:428)
	at org.apache.maven.surefire.booter.ForkedBooter.execute(ForkedBooter.java:162)
	at org.apache.maven.surefire.booter.ForkedBooter.run(ForkedBooter.java:562)
	at org.apache.maven.surefire.booter.ForkedBooter.main(ForkedBooter.java:548)

]]></system-err>
  </testcase>
  <testcase name="testCancellaUtente" classname="laptop.test.TestLaptop2" time="0.784">
    <system-err><![CDATA[nov 08, 2023 4:40:58 PM laptop.controller.ControllerPassword <init>
INFORMAZIONI: Costruttore ControllerPassword
nov 08, 2023 4:40:58 PM laptop.controller.ControllerRegistraUtente <init>
INFORMAZIONI: Costruttore ControllerRegistaUtente
nov 08, 2023 4:40:58 PM laptop.controller.ControllerRicercaPerTipo <init>
INFORMAZIONI: Costruttore ControllerRicercaPerTipo
nov 08, 2023 4:40:58 PM laptop.controller.ControllerVisualizzaProfilo <init>
INFORMAZIONI: Costruttore ControllerVisualizzaProfilo
nov 08, 2023 4:40:58 PM laptop.controller.ControllerUserPage <init>
INFORMAZIONI: Costruttore ControllerUserPage
nov 08, 2023 4:40:58 PM laptop.controller.ControllerAggiungiUtente <init>
INFORMAZIONI: Costruttore ControllerAggiungiUtente
nov 08, 2023 4:40:58 PM laptop.controller.ControllerModificaUtente <init>
INFORMAZIONI: Costruttore ControllerModificaUtente
nov 08, 2023 4:40:58 PM laptop.controller.ControllerCancellaUser <init>
INFORMAZIONI: Costruttore ControllerCancellaUser
nov 08, 2023 4:40:58 PM laptop.utilities.ConnToDb generalConnection
INFORMAZIONI: Tentativo di conessione al server..........\\n
nov 08, 2023 4:40:58 PM laptop.utilities.ConnToDb generalConnection
INFORMAZIONI: Connesso standard ........

nov 08, 2023 4:40:59 PM laptop.database.UsersDao deleteUser
INFORMAZIONI: cancello user ruoloEDITORE
]]></system-err>
  </testcase>
  <testcase name="testCreateUser2" classname="laptop.test.TestLaptop2" time="0.227">
    <system-err><![CDATA[nov 08, 2023 4:40:59 PM laptop.controller.ControllerPassword <init>
INFORMAZIONI: Costruttore ControllerPassword
nov 08, 2023 4:40:59 PM laptop.controller.ControllerRegistraUtente <init>
INFORMAZIONI: Costruttore ControllerRegistaUtente
nov 08, 2023 4:40:59 PM laptop.controller.ControllerRicercaPerTipo <init>
INFORMAZIONI: Costruttore ControllerRicercaPerTipo
nov 08, 2023 4:40:59 PM laptop.controller.ControllerVisualizzaProfilo <init>
INFORMAZIONI: Costruttore ControllerVisualizzaProfilo
nov 08, 2023 4:40:59 PM laptop.controller.ControllerUserPage <init>
INFORMAZIONI: Costruttore ControllerUserPage
nov 08, 2023 4:40:59 PM laptop.controller.ControllerAggiungiUtente <init>
INFORMAZIONI: Costruttore ControllerAggiungiUtente
nov 08, 2023 4:40:59 PM laptop.controller.ControllerModificaUtente <init>
INFORMAZIONI: Costruttore ControllerModificaUtente
nov 08, 2023 4:40:59 PM laptop.controller.ControllerCancellaUser <init>
INFORMAZIONI: Costruttore ControllerCancellaUser
nov 08, 2023 4:40:59 PM laptop.utilities.ConnToDb generalConnection
INFORMAZIONI: Tentativo di conessione al server..........\\n
nov 08, 2023 4:40:59 PM laptop.utilities.ConnToDb generalConnection
INFORMAZIONI: Connesso standard ........

]]></system-err>
  </testcase>
  <testcase name="testGetDati" classname="laptop.test.TestLaptop2" time="0.052">
    <system-err><![CDATA[nov 08, 2023 4:40:59 PM laptop.controller.ControllerPassword <init>
INFORMAZIONI: Costruttore ControllerPassword
nov 08, 2023 4:40:59 PM laptop.controller.ControllerRegistraUtente <init>
INFORMAZIONI: Costruttore ControllerRegistaUtente
nov 08, 2023 4:40:59 PM laptop.controller.ControllerRicercaPerTipo <init>
INFORMAZIONI: Costruttore ControllerRicercaPerTipo
nov 08, 2023 4:40:59 PM laptop.controller.ControllerVisualizzaProfilo <init>
INFORMAZIONI: Costruttore ControllerVisualizzaProfilo
nov 08, 2023 4:40:59 PM laptop.controller.ControllerUserPage <init>
INFORMAZIONI: Costruttore ControllerUserPage
nov 08, 2023 4:40:59 PM laptop.controller.ControllerAggiungiUtente <init>
INFORMAZIONI: Costruttore ControllerAggiungiUtente
nov 08, 2023 4:40:59 PM laptop.controller.ControllerModificaUtente <init>
INFORMAZIONI: Costruttore ControllerModificaUtente
nov 08, 2023 4:40:59 PM laptop.controller.ControllerCancellaUser <init>
INFORMAZIONI: Costruttore ControllerCancellaUser
nov 08, 2023 4:40:59 PM laptop.utilities.ConnToDb generalConnection
INFORMAZIONI: Tentativo di conessione al server..........\\n
nov 08, 2023 4:40:59 PM laptop.utilities.ConnToDb generalConnection
INFORMAZIONI: Connesso standard ........

]]></system-err>
  </testcase>
  <testcase name="testGetTipo(String)[1]" classname="laptop.test.TestLaptop2" time="0.005">
    <system-err><![CDATA[nov 08, 2023 4:40:59 PM laptop.controller.ControllerPassword <init>
INFORMAZIONI: Costruttore ControllerPassword
nov 08, 2023 4:40:59 PM laptop.controller.ControllerRegistraUtente <init>
INFORMAZIONI: Costruttore ControllerRegistaUtente
nov 08, 2023 4:40:59 PM laptop.controller.ControllerRicercaPerTipo <init>
INFORMAZIONI: Costruttore ControllerRicercaPerTipo
nov 08, 2023 4:40:59 PM laptop.controller.ControllerVisualizzaProfilo <init>
INFORMAZIONI: Costruttore ControllerVisualizzaProfilo
nov 08, 2023 4:40:59 PM laptop.controller.ControllerUserPage <init>
INFORMAZIONI: Costruttore ControllerUserPage
nov 08, 2023 4:40:59 PM laptop.controller.ControllerAggiungiUtente <init>
INFORMAZIONI: Costruttore ControllerAggiungiUtente
nov 08, 2023 4:40:59 PM laptop.controller.ControllerModificaUtente <init>
INFORMAZIONI: Costruttore ControllerModificaUtente
nov 08, 2023 4:40:59 PM laptop.controller.ControllerCancellaUser <init>
INFORMAZIONI: Costruttore ControllerCancellaUser
]]></system-err>
  </testcase>
  <testcase name="testGetTipo(String)[2]" classname="laptop.test.TestLaptop2" time="0.01">
    <system-err><![CDATA[nov 08, 2023 4:40:59 PM laptop.controller.ControllerPassword <init>
INFORMAZIONI: Costruttore ControllerPassword
nov 08, 2023 4:40:59 PM laptop.controller.ControllerRegistraUtente <init>
INFORMAZIONI: Costruttore ControllerRegistaUtente
nov 08, 2023 4:40:59 PM laptop.controller.ControllerRicercaPerTipo <init>
INFORMAZIONI: Costruttore ControllerRicercaPerTipo
nov 08, 2023 4:40:59 PM laptop.controller.ControllerVisualizzaProfilo <init>
INFORMAZIONI: Costruttore ControllerVisualizzaProfilo
nov 08, 2023 4:40:59 PM laptop.controller.ControllerUserPage <init>
INFORMAZIONI: Costruttore ControllerUserPage
nov 08, 2023 4:40:59 PM laptop.controller.ControllerAggiungiUtente <init>
INFORMAZIONI: Costruttore ControllerAggiungiUtente
nov 08, 2023 4:40:59 PM laptop.controller.ControllerModificaUtente <init>
INFORMAZIONI: Costruttore ControllerModificaUtente
nov 08, 2023 4:40:59 PM laptop.controller.ControllerCancellaUser <init>
INFORMAZIONI: Costruttore ControllerCancellaUser
]]></system-err>
  </testcase>
  <testcase name="testGetTipo(String)[3]" classname="laptop.test.TestLaptop2" time="0.004">
    <system-err><![CDATA[nov 08, 2023 4:40:59 PM laptop.controller.ControllerPassword <init>
INFORMAZIONI: Costruttore ControllerPassword
nov 08, 2023 4:40:59 PM laptop.controller.ControllerRegistraUtente <init>
INFORMAZIONI: Costruttore ControllerRegistaUtente
nov 08, 2023 4:40:59 PM laptop.controller.ControllerRicercaPerTipo <init>
INFORMAZIONI: Costruttore ControllerRicercaPerTipo
nov 08, 2023 4:40:59 PM laptop.controller.ControllerVisualizzaProfilo <init>
INFORMAZIONI: Costruttore ControllerVisualizzaProfilo
nov 08, 2023 4:40:59 PM laptop.controller.ControllerUserPage <init>
INFORMAZIONI: Costruttore ControllerUserPage
nov 08, 2023 4:40:59 PM laptop.controller.ControllerAggiungiUtente <init>
INFORMAZIONI: Costruttore ControllerAggiungiUtente
nov 08, 2023 4:40:59 PM laptop.controller.ControllerModificaUtente <init>
INFORMAZIONI: Costruttore ControllerModificaUtente
nov 08, 2023 4:40:59 PM laptop.controller.ControllerCancellaUser <init>
INFORMAZIONI: Costruttore ControllerCancellaUser
]]></system-err>
  </testcase>
  <testcase name="testGetTipo(String)[4]" classname="laptop.test.TestLaptop2" time="0.001">
    <system-err><![CDATA[nov 08, 2023 4:40:59 PM laptop.controller.ControllerPassword <init>
INFORMAZIONI: Costruttore ControllerPassword
nov 08, 2023 4:40:59 PM laptop.controller.ControllerRegistraUtente <init>
INFORMAZIONI: Costruttore ControllerRegistaUtente
nov 08, 2023 4:40:59 PM laptop.controller.ControllerRicercaPerTipo <init>
INFORMAZIONI: Costruttore ControllerRicercaPerTipo
nov 08, 2023 4:40:59 PM laptop.controller.ControllerVisualizzaProfilo <init>
INFORMAZIONI: Costruttore ControllerVisualizzaProfilo
nov 08, 2023 4:40:59 PM laptop.controller.ControllerUserPage <init>
INFORMAZIONI: Costruttore ControllerUserPage
nov 08, 2023 4:40:59 PM laptop.controller.ControllerAggiungiUtente <init>
INFORMAZIONI: Costruttore ControllerAggiungiUtente
nov 08, 2023 4:40:59 PM laptop.controller.ControllerModificaUtente <init>
INFORMAZIONI: Costruttore ControllerModificaUtente
nov 08, 2023 4:40:59 PM laptop.controller.ControllerCancellaUser <init>
INFORMAZIONI: Costruttore ControllerCancellaUser
]]></system-err>
  </testcase>
  <testcase name="testDeleteTempUser" classname="laptop.test.TestLaptop2" time="0.047">
    <system-err><![CDATA[nov 08, 2023 4:40:59 PM laptop.controller.ControllerPassword <init>
INFORMAZIONI: Costruttore ControllerPassword
nov 08, 2023 4:40:59 PM laptop.controller.ControllerRegistraUtente <init>
INFORMAZIONI: Costruttore ControllerRegistaUtente
nov 08, 2023 4:40:59 PM laptop.controller.ControllerRicercaPerTipo <init>
INFORMAZIONI: Costruttore ControllerRicercaPerTipo
nov 08, 2023 4:40:59 PM laptop.controller.ControllerVisualizzaProfilo <init>
INFORMAZIONI: Costruttore ControllerVisualizzaProfilo
nov 08, 2023 4:40:59 PM laptop.controller.ControllerUserPage <init>
INFORMAZIONI: Costruttore ControllerUserPage
nov 08, 2023 4:40:59 PM laptop.controller.ControllerAggiungiUtente <init>
INFORMAZIONI: Costruttore ControllerAggiungiUtente
nov 08, 2023 4:40:59 PM laptop.controller.ControllerModificaUtente <init>
INFORMAZIONI: Costruttore ControllerModificaUtente
nov 08, 2023 4:40:59 PM laptop.controller.ControllerCancellaUser <init>
INFORMAZIONI: Costruttore ControllerCancellaUser
nov 08, 2023 4:40:59 PM laptop.utilities.ConnToDb generalConnection
INFORMAZIONI: Tentativo di conessione al server..........\\n
nov 08, 2023 4:40:59 PM laptop.utilities.ConnToDb generalConnection
INFORMAZIONI: Connesso standard ........

nov 08, 2023 4:40:59 PM laptop.database.UsersDao deleteTempUser
INFORMAZIONI: user deleted 
]]></system-err>
  </testcase>
  <testcase name="testSetRicercaG" classname="laptop.test.TestLaptop2" time="0.002">
    <system-err><![CDATA[nov 08, 2023 4:40:59 PM laptop.controller.ControllerPassword <init>
INFORMAZIONI: Costruttore ControllerPassword
nov 08, 2023 4:40:59 PM laptop.controller.ControllerRegistraUtente <init>
INFORMAZIONI: Costruttore ControllerRegistaUtente
nov 08, 2023 4:40:59 PM laptop.controller.ControllerRicercaPerTipo <init>
INFORMAZIONI: Costruttore ControllerRicercaPerTipo
nov 08, 2023 4:40:59 PM laptop.controller.ControllerVisualizzaProfilo <init>
INFORMAZIONI: Costruttore ControllerVisualizzaProfilo
nov 08, 2023 4:40:59 PM laptop.controller.ControllerUserPage <init>
INFORMAZIONI: Costruttore ControllerUserPage
nov 08, 2023 4:40:59 PM laptop.controller.ControllerAggiungiUtente <init>
INFORMAZIONI: Costruttore ControllerAggiungiUtente
nov 08, 2023 4:40:59 PM laptop.controller.ControllerModificaUtente <init>
INFORMAZIONI: Costruttore ControllerModificaUtente
nov 08, 2023 4:40:59 PM laptop.controller.ControllerCancellaUser <init>
INFORMAZIONI: Costruttore ControllerCancellaUser
]]></system-err>
  </testcase>
  <testcase name="testSetRicercaL" classname="laptop.test.TestLaptop2" time="0.001">
    <system-err><![CDATA[nov 08, 2023 4:40:59 PM laptop.controller.ControllerPassword <init>
INFORMAZIONI: Costruttore ControllerPassword
nov 08, 2023 4:40:59 PM laptop.controller.ControllerRegistraUtente <init>
INFORMAZIONI: Costruttore ControllerRegistaUtente
nov 08, 2023 4:40:59 PM laptop.controller.ControllerRicercaPerTipo <init>
INFORMAZIONI: Costruttore ControllerRicercaPerTipo
nov 08, 2023 4:40:59 PM laptop.controller.ControllerVisualizzaProfilo <init>
INFORMAZIONI: Costruttore ControllerVisualizzaProfilo
nov 08, 2023 4:40:59 PM laptop.controller.ControllerUserPage <init>
INFORMAZIONI: Costruttore ControllerUserPage
nov 08, 2023 4:40:59 PM laptop.controller.ControllerAggiungiUtente <init>
INFORMAZIONI: Costruttore ControllerAggiungiUtente
nov 08, 2023 4:40:59 PM laptop.controller.ControllerModificaUtente <init>
INFORMAZIONI: Costruttore ControllerModificaUtente
nov 08, 2023 4:40:59 PM laptop.controller.ControllerCancellaUser <init>
INFORMAZIONI: Costruttore ControllerCancellaUser
]]></system-err>
  </testcase>
  <testcase name="testSetRicercaR" classname="laptop.test.TestLaptop2" time="0.001">
    <system-err><![CDATA[nov 08, 2023 4:40:59 PM laptop.controller.ControllerPassword <init>
INFORMAZIONI: Costruttore ControllerPassword
nov 08, 2023 4:40:59 PM laptop.controller.ControllerRegistraUtente <init>
INFORMAZIONI: Costruttore ControllerRegistaUtente
nov 08, 2023 4:40:59 PM laptop.controller.ControllerRicercaPerTipo <init>
INFORMAZIONI: Costruttore ControllerRicercaPerTipo
nov 08, 2023 4:40:59 PM laptop.controller.ControllerVisualizzaProfilo <init>
INFORMAZIONI: Costruttore ControllerVisualizzaProfilo
nov 08, 2023 4:40:59 PM laptop.controller.ControllerUserPage <init>
INFORMAZIONI: Costruttore ControllerUserPage
nov 08, 2023 4:40:59 PM laptop.controller.ControllerAggiungiUtente <init>
INFORMAZIONI: Costruttore ControllerAggiungiUtente
nov 08, 2023 4:40:59 PM laptop.controller.ControllerModificaUtente <init>
INFORMAZIONI: Costruttore ControllerModificaUtente
nov 08, 2023 4:40:59 PM laptop.controller.ControllerCancellaUser <init>
INFORMAZIONI: Costruttore ControllerCancellaUser
]]></system-err>
  </testcase>
  <testcase name="testMaxIdUSer" classname="laptop.test.TestLaptop2" time="0.035">
    <system-err><![CDATA[nov 08, 2023 4:40:59 PM laptop.controller.ControllerPassword <init>
INFORMAZIONI: Costruttore ControllerPassword
nov 08, 2023 4:40:59 PM laptop.controller.ControllerRegistraUtente <init>
INFORMAZIONI: Costruttore ControllerRegistaUtente
nov 08, 2023 4:40:59 PM laptop.controller.ControllerRicercaPerTipo <init>
INFORMAZIONI: Costruttore ControllerRicercaPerTipo
nov 08, 2023 4:40:59 PM laptop.controller.ControllerVisualizzaProfilo <init>
INFORMAZIONI: Costruttore ControllerVisualizzaProfilo
nov 08, 2023 4:40:59 PM laptop.controller.ControllerUserPage <init>
INFORMAZIONI: Costruttore ControllerUserPage
nov 08, 2023 4:40:59 PM laptop.controller.ControllerAggiungiUtente <init>
INFORMAZIONI: Costruttore ControllerAggiungiUtente
nov 08, 2023 4:40:59 PM laptop.controller.ControllerModificaUtente <init>
INFORMAZIONI: Costruttore ControllerModificaUtente
nov 08, 2023 4:40:59 PM laptop.controller.ControllerCancellaUser <init>
INFORMAZIONI: Costruttore ControllerCancellaUser
nov 08, 2023 4:40:59 PM laptop.utilities.ConnToDb generalConnection
INFORMAZIONI: Tentativo di conessione al server..........\\n
nov 08, 2023 4:40:59 PM laptop.utilities.ConnToDb generalConnection
INFORMAZIONI: Connesso standard ........

]]></system-err>
  </testcase>
  <testcase name="testInserisciPagamento(String)[1]" classname="laptop.test.TestLaptop2" time="0.635">
    <system-err><![CDATA[nov 08, 2023 4:40:59 PM laptop.controller.ControllerPassword <init>
INFORMAZIONI: Costruttore ControllerPassword
nov 08, 2023 4:40:59 PM laptop.controller.ControllerRegistraUtente <init>
INFORMAZIONI: Costruttore ControllerRegistaUtente
nov 08, 2023 4:40:59 PM laptop.controller.ControllerRicercaPerTipo <init>
INFORMAZIONI: Costruttore ControllerRicercaPerTipo
nov 08, 2023 4:40:59 PM laptop.controller.ControllerVisualizzaProfilo <init>
INFORMAZIONI: Costruttore ControllerVisualizzaProfilo
nov 08, 2023 4:40:59 PM laptop.controller.ControllerUserPage <init>
INFORMAZIONI: Costruttore ControllerUserPage
nov 08, 2023 4:40:59 PM laptop.controller.ControllerAggiungiUtente <init>
INFORMAZIONI: Costruttore ControllerAggiungiUtente
nov 08, 2023 4:40:59 PM laptop.controller.ControllerModificaUtente <init>
INFORMAZIONI: Costruttore ControllerModificaUtente
nov 08, 2023 4:40:59 PM laptop.controller.ControllerCancellaUser <init>
INFORMAZIONI: Costruttore ControllerCancellaUser
nov 08, 2023 4:40:59 PM laptop.utilities.ConnToDb generalConnection
INFORMAZIONI: Tentativo di conessione al server..........\\n
nov 08, 2023 4:40:59 PM laptop.utilities.ConnToDb generalConnection
INFORMAZIONI: Connesso standard ........

]]></system-err>
  </testcase>
  <testcase name="testInserisciPagamento(String)[2]" classname="laptop.test.TestLaptop2" time="0.474">
    <system-err><![CDATA[nov 08, 2023 4:41:00 PM laptop.controller.ControllerPassword <init>
INFORMAZIONI: Costruttore ControllerPassword
nov 08, 2023 4:41:00 PM laptop.controller.ControllerRegistraUtente <init>
INFORMAZIONI: Costruttore ControllerRegistaUtente
nov 08, 2023 4:41:00 PM laptop.controller.ControllerRicercaPerTipo <init>
INFORMAZIONI: Costruttore ControllerRicercaPerTipo
nov 08, 2023 4:41:00 PM laptop.controller.ControllerVisualizzaProfilo <init>
INFORMAZIONI: Costruttore ControllerVisualizzaProfilo
nov 08, 2023 4:41:00 PM laptop.controller.ControllerUserPage <init>
INFORMAZIONI: Costruttore ControllerUserPage
nov 08, 2023 4:41:00 PM laptop.controller.ControllerAggiungiUtente <init>
INFORMAZIONI: Costruttore ControllerAggiungiUtente
nov 08, 2023 4:41:00 PM laptop.controller.ControllerModificaUtente <init>
INFORMAZIONI: Costruttore ControllerModificaUtente
nov 08, 2023 4:41:00 PM laptop.controller.ControllerCancellaUser <init>
INFORMAZIONI: Costruttore ControllerCancellaUser
nov 08, 2023 4:41:00 PM laptop.utilities.ConnToDb generalConnection
INFORMAZIONI: Tentativo di conessione al server..........\\n
nov 08, 2023 4:41:00 PM laptop.utilities.ConnToDb generalConnection
INFORMAZIONI: Connesso standard ........

]]></system-err>
  </testcase>
  <testcase name="testCancellaUser" classname="laptop.test.TestLaptop2" time="0.146">
    <system-err><![CDATA[nov 08, 2023 4:41:00 PM laptop.controller.ControllerPassword <init>
INFORMAZIONI: Costruttore ControllerPassword
nov 08, 2023 4:41:00 PM laptop.controller.ControllerRegistraUtente <init>
INFORMAZIONI: Costruttore ControllerRegistaUtente
nov 08, 2023 4:41:00 PM laptop.controller.ControllerRicercaPerTipo <init>
INFORMAZIONI: Costruttore ControllerRicercaPerTipo
nov 08, 2023 4:41:00 PM laptop.controller.ControllerVisualizzaProfilo <init>
INFORMAZIONI: Costruttore ControllerVisualizzaProfilo
nov 08, 2023 4:41:00 PM laptop.controller.ControllerUserPage <init>
INFORMAZIONI: Costruttore ControllerUserPage
nov 08, 2023 4:41:00 PM laptop.controller.ControllerAggiungiUtente <init>
INFORMAZIONI: Costruttore ControllerAggiungiUtente
nov 08, 2023 4:41:00 PM laptop.controller.ControllerModificaUtente <init>
INFORMAZIONI: Costruttore ControllerModificaUtente
nov 08, 2023 4:41:00 PM laptop.controller.ControllerCancellaUser <init>
INFORMAZIONI: Costruttore ControllerCancellaUser
nov 08, 2023 4:41:00 PM laptop.utilities.ConnToDb generalConnection
INFORMAZIONI: Tentativo di conessione al server..........\\n
nov 08, 2023 4:41:01 PM laptop.utilities.ConnToDb generalConnection
INFORMAZIONI: Connesso standard ........

nov 08, 2023 4:41:01 PM laptop.database.UsersDao deleteUser
INFORMAZIONI: cancello user ruoloEDITORE
]]></system-err>
  </testcase>
  <testcase name="testListaUsers" classname="laptop.test.TestLaptop2" time="0.03">
    <system-err><![CDATA[nov 08, 2023 4:41:01 PM laptop.controller.ControllerPassword <init>
INFORMAZIONI: Costruttore ControllerPassword
nov 08, 2023 4:41:01 PM laptop.controller.ControllerRegistraUtente <init>
INFORMAZIONI: Costruttore ControllerRegistaUtente
nov 08, 2023 4:41:01 PM laptop.controller.ControllerRicercaPerTipo <init>
INFORMAZIONI: Costruttore ControllerRicercaPerTipo
nov 08, 2023 4:41:01 PM laptop.controller.ControllerVisualizzaProfilo <init>
INFORMAZIONI: Costruttore ControllerVisualizzaProfilo
nov 08, 2023 4:41:01 PM laptop.controller.ControllerUserPage <init>
INFORMAZIONI: Costruttore ControllerUserPage
nov 08, 2023 4:41:01 PM laptop.controller.ControllerAggiungiUtente <init>
INFORMAZIONI: Costruttore ControllerAggiungiUtente
nov 08, 2023 4:41:01 PM laptop.controller.ControllerModificaUtente <init>
INFORMAZIONI: Costruttore ControllerModificaUtente
nov 08, 2023 4:41:01 PM laptop.controller.ControllerCancellaUser <init>
INFORMAZIONI: Costruttore ControllerCancellaUser
nov 08, 2023 4:41:01 PM laptop.utilities.ConnToDb generalConnection
INFORMAZIONI: Tentativo di conessione al server..........\\n
nov 08, 2023 4:41:01 PM laptop.utilities.ConnToDb generalConnection
INFORMAZIONI: Connesso standard ........

]]></system-err>
  </testcase>
  <testcase name="testRegistra" classname="laptop.test.TestLaptop2" time="0.58">
    <system-err><![CDATA[nov 08, 2023 4:41:01 PM laptop.controller.ControllerPassword <init>
INFORMAZIONI: Costruttore ControllerPassword
nov 08, 2023 4:41:01 PM laptop.controller.ControllerRegistraUtente <init>
INFORMAZIONI: Costruttore ControllerRegistaUtente
nov 08, 2023 4:41:01 PM laptop.controller.ControllerRicercaPerTipo <init>
INFORMAZIONI: Costruttore ControllerRicercaPerTipo
nov 08, 2023 4:41:01 PM laptop.controller.ControllerVisualizzaProfilo <init>
INFORMAZIONI: Costruttore ControllerVisualizzaProfilo
nov 08, 2023 4:41:01 PM laptop.controller.ControllerUserPage <init>
INFORMAZIONI: Costruttore ControllerUserPage
nov 08, 2023 4:41:01 PM laptop.controller.ControllerAggiungiUtente <init>
INFORMAZIONI: Costruttore ControllerAggiungiUtente
nov 08, 2023 4:41:01 PM laptop.controller.ControllerModificaUtente <init>
INFORMAZIONI: Costruttore ControllerModificaUtente
nov 08, 2023 4:41:01 PM laptop.controller.ControllerCancellaUser <init>
INFORMAZIONI: Costruttore ControllerCancellaUser
nov 08, 2023 4:41:01 PM laptop.utilities.ConnToDb generalConnection
INFORMAZIONI: Tentativo di conessione al server..........\\n
nov 08, 2023 4:41:01 PM laptop.utilities.ConnToDb generalConnection
INFORMAZIONI: Connesso standard ........

nov 08, 2023 4:41:01 PM laptop.database.UsersDao checkUser
INFORMAZIONI: idUser nuovoUtente10@gmail.com
nov 08, 2023 4:41:01 PM laptop.utilities.ConnToDb generalConnection
INFORMAZIONI: Tentativo di conessione al server..........\\n
nov 08, 2023 4:41:01 PM laptop.utilities.ConnToDb generalConnection
INFORMAZIONI: Connesso standard ........

]]></system-err>
  </testcase>
  <testcase name="testFindUser" classname="laptop.test.TestLaptop2" time="0.001">
    <system-err><![CDATA[nov 08, 2023 4:41:01 PM laptop.controller.ControllerPassword <init>
INFORMAZIONI: Costruttore ControllerPassword
nov 08, 2023 4:41:01 PM laptop.controller.ControllerRegistraUtente <init>
INFORMAZIONI: Costruttore ControllerRegistaUtente
nov 08, 2023 4:41:01 PM laptop.controller.ControllerRicercaPerTipo <init>
INFORMAZIONI: Costruttore ControllerRicercaPerTipo
nov 08, 2023 4:41:01 PM laptop.controller.ControllerVisualizzaProfilo <init>
INFORMAZIONI: Costruttore ControllerVisualizzaProfilo
nov 08, 2023 4:41:01 PM laptop.controller.ControllerUserPage <init>
INFORMAZIONI: Costruttore ControllerUserPage
nov 08, 2023 4:41:01 PM laptop.controller.ControllerAggiungiUtente <init>
INFORMAZIONI: Costruttore ControllerAggiungiUtente
nov 08, 2023 4:41:01 PM laptop.controller.ControllerModificaUtente <init>
INFORMAZIONI: Costruttore ControllerModificaUtente
nov 08, 2023 4:41:01 PM laptop.controller.ControllerCancellaUser <init>
INFORMAZIONI: Costruttore ControllerCancellaUser
]]></system-err>
  </testcase>
  <testcase name="login" classname="laptop.test.TestLaptop2" time="0.03">
    <system-err><![CDATA[nov 08, 2023 4:41:01 PM laptop.controller.ControllerPassword <init>
INFORMAZIONI: Costruttore ControllerPassword
nov 08, 2023 4:41:01 PM laptop.controller.ControllerRegistraUtente <init>
INFORMAZIONI: Costruttore ControllerRegistaUtente
nov 08, 2023 4:41:01 PM laptop.controller.ControllerRicercaPerTipo <init>
INFORMAZIONI: Costruttore ControllerRicercaPerTipo
nov 08, 2023 4:41:01 PM laptop.controller.ControllerVisualizzaProfilo <init>
INFORMAZIONI: Costruttore ControllerVisualizzaProfilo
nov 08, 2023 4:41:01 PM laptop.controller.ControllerUserPage <init>
INFORMAZIONI: Costruttore ControllerUserPage
nov 08, 2023 4:41:01 PM laptop.controller.ControllerAggiungiUtente <init>
INFORMAZIONI: Costruttore ControllerAggiungiUtente
nov 08, 2023 4:41:01 PM laptop.controller.ControllerModificaUtente <init>
INFORMAZIONI: Costruttore ControllerModificaUtente
nov 08, 2023 4:41:01 PM laptop.controller.ControllerCancellaUser <init>
INFORMAZIONI: Costruttore ControllerCancellaUser
nov 08, 2023 4:41:01 PM laptop.utilities.ConnToDb generalConnection
INFORMAZIONI: Tentativo di conessione al server..........\\n
nov 08, 2023 4:41:01 PM laptop.utilities.ConnToDb generalConnection
INFORMAZIONI: Connesso standard ........

nov 08, 2023 4:41:01 PM laptop.database.UsersDao checkUser
INFORMAZIONI: idUser admin
]]></system-err>
  </testcase>
  <testcase name="getRuoloTempUSer" classname="laptop.test.TestLaptop2" time="0.026">
    <system-err><![CDATA[nov 08, 2023 4:41:01 PM laptop.controller.ControllerPassword <init>
INFORMAZIONI: Costruttore ControllerPassword
nov 08, 2023 4:41:01 PM laptop.controller.ControllerRegistraUtente <init>
INFORMAZIONI: Costruttore ControllerRegistaUtente
nov 08, 2023 4:41:01 PM laptop.controller.ControllerRicercaPerTipo <init>
INFORMAZIONI: Costruttore ControllerRicercaPerTipo
nov 08, 2023 4:41:01 PM laptop.controller.ControllerVisualizzaProfilo <init>
INFORMAZIONI: Costruttore ControllerVisualizzaProfilo
nov 08, 2023 4:41:01 PM laptop.controller.ControllerUserPage <init>
INFORMAZIONI: Costruttore ControllerUserPage
nov 08, 2023 4:41:01 PM laptop.controller.ControllerAggiungiUtente <init>
INFORMAZIONI: Costruttore ControllerAggiungiUtente
nov 08, 2023 4:41:01 PM laptop.controller.ControllerModificaUtente <init>
INFORMAZIONI: Costruttore ControllerModificaUtente
nov 08, 2023 4:41:01 PM laptop.controller.ControllerCancellaUser <init>
INFORMAZIONI: Costruttore ControllerCancellaUser
nov 08, 2023 4:41:01 PM laptop.utilities.ConnToDb generalConnection
INFORMAZIONI: Tentativo di conessione al server..........\\n
nov 08, 2023 4:41:01 PM laptop.utilities.ConnToDb generalConnection
INFORMAZIONI: Connesso standard ........

]]></system-err>
  </testcase>
  <testcase name="logoutAfterLoginSE" classname="laptop.test.TestLaptop2" time="0.006">
    <system-err><![CDATA[nov 08, 2023 4:41:01 PM laptop.controller.ControllerPassword <init>
INFORMAZIONI: Costruttore ControllerPassword
nov 08, 2023 4:41:01 PM laptop.controller.ControllerRegistraUtente <init>
INFORMAZIONI: Costruttore ControllerRegistaUtente
nov 08, 2023 4:41:01 PM laptop.controller.ControllerRicercaPerTipo <init>
INFORMAZIONI: Costruttore ControllerRicercaPerTipo
nov 08, 2023 4:41:01 PM laptop.controller.ControllerVisualizzaProfilo <init>
INFORMAZIONI: Costruttore ControllerVisualizzaProfilo
nov 08, 2023 4:41:01 PM laptop.controller.ControllerUserPage <init>
INFORMAZIONI: Costruttore ControllerUserPage
nov 08, 2023 4:41:01 PM laptop.controller.ControllerAggiungiUtente <init>
INFORMAZIONI: Costruttore ControllerAggiungiUtente
nov 08, 2023 4:41:01 PM laptop.controller.ControllerModificaUtente <init>
INFORMAZIONI: Costruttore ControllerModificaUtente
nov 08, 2023 4:41:01 PM laptop.controller.ControllerCancellaUser <init>
INFORMAZIONI: Costruttore ControllerCancellaUser
nov 08, 2023 4:41:01 PM laptop.controller.ControllerHomePageAfterLoginSE logout
INFORMAZIONI: stai sloggando come Zerocalcare
nov 08, 2023 4:41:01 PM laptop.controller.ControllerHomePageAfterLoginSE logout
INFORMAZIONI: logout utente null
]]></system-err>
  </testcase>
  <testcase name="testGetUtentiLista" classname="laptop.test.TestLaptop2" time="0.049">
    <system-err><![CDATA[nov 08, 2023 4:41:01 PM laptop.controller.ControllerPassword <init>
INFORMAZIONI: Costruttore ControllerPassword
nov 08, 2023 4:41:01 PM laptop.controller.ControllerRegistraUtente <init>
INFORMAZIONI: Costruttore ControllerRegistaUtente
nov 08, 2023 4:41:01 PM laptop.controller.ControllerRicercaPerTipo <init>
INFORMAZIONI: Costruttore ControllerRicercaPerTipo
nov 08, 2023 4:41:01 PM laptop.controller.ControllerVisualizzaProfilo <init>
INFORMAZIONI: Costruttore ControllerVisualizzaProfilo
nov 08, 2023 4:41:01 PM laptop.controller.ControllerUserPage <init>
INFORMAZIONI: Costruttore ControllerUserPage
nov 08, 2023 4:41:01 PM laptop.controller.ControllerAggiungiUtente <init>
INFORMAZIONI: Costruttore ControllerAggiungiUtente
nov 08, 2023 4:41:01 PM laptop.controller.ControllerModificaUtente <init>
INFORMAZIONI: Costruttore ControllerModificaUtente
nov 08, 2023 4:41:01 PM laptop.controller.ControllerCancellaUser <init>
INFORMAZIONI: Costruttore ControllerCancellaUser
nov 08, 2023 4:41:01 PM laptop.utilities.ConnToDb generalConnection
INFORMAZIONI: Tentativo di conessione al server..........\\n
nov 08, 2023 4:41:01 PM laptop.utilities.ConnToDb generalConnection
INFORMAZIONI: Connesso standard ........

]]></system-err>
  </testcase>
  <testcase name="testGetIdRuoloF" classname="laptop.test.TestLaptop2" time="0.001">
    <system-err><![CDATA[nov 08, 2023 4:41:01 PM laptop.controller.ControllerPassword <init>
INFORMAZIONI: Costruttore ControllerPassword
nov 08, 2023 4:41:01 PM laptop.controller.ControllerRegistraUtente <init>
INFORMAZIONI: Costruttore ControllerRegistaUtente
nov 08, 2023 4:41:01 PM laptop.controller.ControllerRicercaPerTipo <init>
INFORMAZIONI: Costruttore ControllerRicercaPerTipo
nov 08, 2023 4:41:01 PM laptop.controller.ControllerVisualizzaProfilo <init>
INFORMAZIONI: Costruttore ControllerVisualizzaProfilo
nov 08, 2023 4:41:01 PM laptop.controller.ControllerUserPage <init>
INFORMAZIONI: Costruttore ControllerUserPage
nov 08, 2023 4:41:01 PM laptop.controller.ControllerAggiungiUtente <init>
INFORMAZIONI: Costruttore ControllerAggiungiUtente
nov 08, 2023 4:41:01 PM laptop.controller.ControllerModificaUtente <init>
INFORMAZIONI: Costruttore ControllerModificaUtente
nov 08, 2023 4:41:01 PM laptop.controller.ControllerCancellaUser <init>
INFORMAZIONI: Costruttore ControllerCancellaUser
]]></system-err>
  </testcase>
  <testcase name="testGetIdRuoloU(String)[1]" classname="laptop.test.TestLaptop2" time="0.002">
    <system-err><![CDATA[nov 08, 2023 4:41:01 PM laptop.controller.ControllerPassword <init>
INFORMAZIONI: Costruttore ControllerPassword
nov 08, 2023 4:41:01 PM laptop.controller.ControllerRegistraUtente <init>
INFORMAZIONI: Costruttore ControllerRegistaUtente
nov 08, 2023 4:41:01 PM laptop.controller.ControllerRicercaPerTipo <init>
INFORMAZIONI: Costruttore ControllerRicercaPerTipo
nov 08, 2023 4:41:01 PM laptop.controller.ControllerVisualizzaProfilo <init>
INFORMAZIONI: Costruttore ControllerVisualizzaProfilo
nov 08, 2023 4:41:01 PM laptop.controller.ControllerUserPage <init>
INFORMAZIONI: Costruttore ControllerUserPage
nov 08, 2023 4:41:01 PM laptop.controller.ControllerAggiungiUtente <init>
INFORMAZIONI: Costruttore ControllerAggiungiUtente
nov 08, 2023 4:41:01 PM laptop.controller.ControllerModificaUtente <init>
INFORMAZIONI: Costruttore ControllerModificaUtente
nov 08, 2023 4:41:01 PM laptop.controller.ControllerCancellaUser <init>
INFORMAZIONI: Costruttore ControllerCancellaUser
]]></system-err>
  </testcase>
  <testcase name="testGetIdRuoloU(String)[2]" classname="laptop.test.TestLaptop2" time="0.001">
    <system-err><![CDATA[nov 08, 2023 4:41:01 PM laptop.controller.ControllerPassword <init>
INFORMAZIONI: Costruttore ControllerPassword
nov 08, 2023 4:41:01 PM laptop.controller.ControllerRegistraUtente <init>
INFORMAZIONI: Costruttore ControllerRegistaUtente
nov 08, 2023 4:41:01 PM laptop.controller.ControllerRicercaPerTipo <init>
INFORMAZIONI: Costruttore ControllerRicercaPerTipo
nov 08, 2023 4:41:01 PM laptop.controller.ControllerVisualizzaProfilo <init>
INFORMAZIONI: Costruttore ControllerVisualizzaProfilo
nov 08, 2023 4:41:01 PM laptop.controller.ControllerUserPage <init>
INFORMAZIONI: Costruttore ControllerUserPage
nov 08, 2023 4:41:01 PM laptop.controller.ControllerAggiungiUtente <init>
INFORMAZIONI: Costruttore ControllerAggiungiUtente
nov 08, 2023 4:41:01 PM laptop.controller.ControllerModificaUtente <init>
INFORMAZIONI: Costruttore ControllerModificaUtente
nov 08, 2023 4:41:01 PM laptop.controller.ControllerCancellaUser <init>
INFORMAZIONI: Costruttore ControllerCancellaUser
]]></system-err>
  </testcase>
  <testcase name="testGetIdRuoloU(String)[3]" classname="laptop.test.TestLaptop2" time="0.001">
    <system-err><![CDATA[nov 08, 2023 4:41:01 PM laptop.controller.ControllerPassword <init>
INFORMAZIONI: Costruttore ControllerPassword
nov 08, 2023 4:41:01 PM laptop.controller.ControllerRegistraUtente <init>
INFORMAZIONI: Costruttore ControllerRegistaUtente
nov 08, 2023 4:41:01 PM laptop.controller.ControllerRicercaPerTipo <init>
INFORMAZIONI: Costruttore ControllerRicercaPerTipo
nov 08, 2023 4:41:01 PM laptop.controller.ControllerVisualizzaProfilo <init>
INFORMAZIONI: Costruttore ControllerVisualizzaProfilo
nov 08, 2023 4:41:01 PM laptop.controller.ControllerUserPage <init>
INFORMAZIONI: Costruttore ControllerUserPage
nov 08, 2023 4:41:01 PM laptop.controller.ControllerAggiungiUtente <init>
INFORMAZIONI: Costruttore ControllerAggiungiUtente
nov 08, 2023 4:41:01 PM laptop.controller.ControllerModificaUtente <init>
INFORMAZIONI: Costruttore ControllerModificaUtente
nov 08, 2023 4:41:01 PM laptop.controller.ControllerCancellaUser <init>
INFORMAZIONI: Costruttore ControllerCancellaUser
]]></system-err>
  </testcase>
  <testcase name="logoutAfterLogin" classname="laptop.test.TestLaptop2" time="0.003">
    <system-err><![CDATA[nov 08, 2023 4:41:01 PM laptop.controller.ControllerPassword <init>
INFORMAZIONI: Costruttore ControllerPassword
nov 08, 2023 4:41:01 PM laptop.controller.ControllerRegistraUtente <init>
INFORMAZIONI: Costruttore ControllerRegistaUtente
nov 08, 2023 4:41:01 PM laptop.controller.ControllerRicercaPerTipo <init>
INFORMAZIONI: Costruttore ControllerRicercaPerTipo
nov 08, 2023 4:41:01 PM laptop.controller.ControllerVisualizzaProfilo <init>
INFORMAZIONI: Costruttore ControllerVisualizzaProfilo
nov 08, 2023 4:41:01 PM laptop.controller.ControllerUserPage <init>
INFORMAZIONI: Costruttore ControllerUserPage
nov 08, 2023 4:41:01 PM laptop.controller.ControllerAggiungiUtente <init>
INFORMAZIONI: Costruttore ControllerAggiungiUtente
nov 08, 2023 4:41:01 PM laptop.controller.ControllerModificaUtente <init>
INFORMAZIONI: Costruttore ControllerModificaUtente
nov 08, 2023 4:41:01 PM laptop.controller.ControllerCancellaUser <init>
INFORMAZIONI: Costruttore ControllerCancellaUser
nov 08, 2023 4:41:01 PM laptop.controller.ControllerHomePageAfterLogin logout
INFORMAZIONI: stai sloggando come franco
nov 08, 2023 4:41:01 PM laptop.controller.ControllerHomePageAfterLogin logout
INFORMAZIONI: stai sloggando null
]]></system-err>
  </testcase>
  <testcase name="testGetInstanceU" classname="laptop.test.TestLaptop2" time="0.001">
    <system-err><![CDATA[nov 08, 2023 4:41:01 PM laptop.controller.ControllerPassword <init>
INFORMAZIONI: Costruttore ControllerPassword
nov 08, 2023 4:41:01 PM laptop.controller.ControllerRegistraUtente <init>
INFORMAZIONI: Costruttore ControllerRegistaUtente
nov 08, 2023 4:41:01 PM laptop.controller.ControllerRicercaPerTipo <init>
INFORMAZIONI: Costruttore ControllerRicercaPerTipo
nov 08, 2023 4:41:01 PM laptop.controller.ControllerVisualizzaProfilo <init>
INFORMAZIONI: Costruttore ControllerVisualizzaProfilo
nov 08, 2023 4:41:01 PM laptop.controller.ControllerUserPage <init>
INFORMAZIONI: Costruttore ControllerUserPage
nov 08, 2023 4:41:01 PM laptop.controller.ControllerAggiungiUtente <init>
INFORMAZIONI: Costruttore ControllerAggiungiUtente
nov 08, 2023 4:41:01 PM laptop.controller.ControllerModificaUtente <init>
INFORMAZIONI: Costruttore ControllerModificaUtente
nov 08, 2023 4:41:01 PM laptop.controller.ControllerCancellaUser <init>
INFORMAZIONI: Costruttore ControllerCancellaUser
]]></system-err>
  </testcase>
  <testcase name="testCheckData" classname="laptop.test.TestLaptop2" time="0.317">
    <system-err><![CDATA[nov 08, 2023 4:41:01 PM laptop.controller.ControllerPassword <init>
INFORMAZIONI: Costruttore ControllerPassword
nov 08, 2023 4:41:01 PM laptop.controller.ControllerRegistraUtente <init>
INFORMAZIONI: Costruttore ControllerRegistaUtente
nov 08, 2023 4:41:01 PM laptop.controller.ControllerRicercaPerTipo <init>
INFORMAZIONI: Costruttore ControllerRicercaPerTipo
nov 08, 2023 4:41:01 PM laptop.controller.ControllerVisualizzaProfilo <init>
INFORMAZIONI: Costruttore ControllerVisualizzaProfilo
nov 08, 2023 4:41:01 PM laptop.controller.ControllerUserPage <init>
INFORMAZIONI: Costruttore ControllerUserPage
nov 08, 2023 4:41:01 PM laptop.controller.ControllerAggiungiUtente <init>
INFORMAZIONI: Costruttore ControllerAggiungiUtente
nov 08, 2023 4:41:01 PM laptop.controller.ControllerModificaUtente <init>
INFORMAZIONI: Costruttore ControllerModificaUtente
nov 08, 2023 4:41:01 PM laptop.controller.ControllerCancellaUser <init>
INFORMAZIONI: Costruttore ControllerCancellaUser
nov 08, 2023 4:41:01 PM laptop.utilities.ConnToDb generalConnection
INFORMAZIONI: Tentativo di conessione al server..........\\n
nov 08, 2023 4:41:01 PM laptop.utilities.ConnToDb generalConnection
INFORMAZIONI: Connesso standard ........

]]></system-err>
  </testcase>
  <testcase name="testGetUtenti" classname="laptop.test.TestLaptop2" time="0.038">
    <system-err><![CDATA[nov 08, 2023 4:41:02 PM laptop.controller.ControllerPassword <init>
INFORMAZIONI: Costruttore ControllerPassword
nov 08, 2023 4:41:02 PM laptop.controller.ControllerRegistraUtente <init>
INFORMAZIONI: Costruttore ControllerRegistaUtente
nov 08, 2023 4:41:02 PM laptop.controller.ControllerRicercaPerTipo <init>
INFORMAZIONI: Costruttore ControllerRicercaPerTipo
nov 08, 2023 4:41:02 PM laptop.controller.ControllerVisualizzaProfilo <init>
INFORMAZIONI: Costruttore ControllerVisualizzaProfilo
nov 08, 2023 4:41:02 PM laptop.controller.ControllerUserPage <init>
INFORMAZIONI: Costruttore ControllerUserPage
nov 08, 2023 4:41:02 PM laptop.controller.ControllerAggiungiUtente <init>
INFORMAZIONI: Costruttore ControllerAggiungiUtente
nov 08, 2023 4:41:02 PM laptop.controller.ControllerModificaUtente <init>
INFORMAZIONI: Costruttore ControllerModificaUtente
nov 08, 2023 4:41:02 PM laptop.controller.ControllerCancellaUser <init>
INFORMAZIONI: Costruttore ControllerCancellaUser
nov 08, 2023 4:41:02 PM laptop.utilities.ConnToDb generalConnection
INFORMAZIONI: Tentativo di conessione al server..........\\n
nov 08, 2023 4:41:02 PM laptop.utilities.ConnToDb generalConnection
INFORMAZIONI: Connesso standard ........

]]></system-err>
  </testcase>
  <testcase name="testCambioTemUser" classname="laptop.test.TestLaptop2" time="1.136">
    <system-err><![CDATA[nov 08, 2023 4:41:02 PM laptop.controller.ControllerPassword <init>
INFORMAZIONI: Costruttore ControllerPassword
nov 08, 2023 4:41:02 PM laptop.controller.ControllerRegistraUtente <init>
INFORMAZIONI: Costruttore ControllerRegistaUtente
nov 08, 2023 4:41:02 PM laptop.controller.ControllerRicercaPerTipo <init>
INFORMAZIONI: Costruttore ControllerRicercaPerTipo
nov 08, 2023 4:41:02 PM laptop.controller.ControllerVisualizzaProfilo <init>
INFORMAZIONI: Costruttore ControllerVisualizzaProfilo
nov 08, 2023 4:41:02 PM laptop.controller.ControllerUserPage <init>
INFORMAZIONI: Costruttore ControllerUserPage
nov 08, 2023 4:41:02 PM laptop.controller.ControllerAggiungiUtente <init>
INFORMAZIONI: Costruttore ControllerAggiungiUtente
nov 08, 2023 4:41:02 PM laptop.controller.ControllerModificaUtente <init>
INFORMAZIONI: Costruttore ControllerModificaUtente
nov 08, 2023 4:41:02 PM laptop.controller.ControllerCancellaUser <init>
INFORMAZIONI: Costruttore ControllerCancellaUser
nov 08, 2023 4:41:02 PM laptop.utilities.ConnToDb generalConnection
INFORMAZIONI: Tentativo di conessione al server..........\\n
nov 08, 2023 4:41:02 PM laptop.utilities.ConnToDb generalConnection
INFORMAZIONI: Connesso standard ........

nov 08, 2023 4:41:02 PM laptop.utilities.ConnToDb generalConnection
INFORMAZIONI: Tentativo di conessione al server..........\\n
nov 08, 2023 4:41:02 PM laptop.utilities.ConnToDb generalConnection
INFORMAZIONI: Connesso standard ........

nov 08, 2023 4:41:02 PM laptop.utilities.ConnToDb generalConnection
INFORMAZIONI: Tentativo di conessione al server..........\\n
nov 08, 2023 4:41:02 PM laptop.utilities.ConnToDb generalConnection
INFORMAZIONI: Connesso standard ........

]]></system-err>
  </testcase>
  <testcase name="testGetPagamenti" classname="laptop.test.TestLaptop2" time="0.074">
    <system-err><![CDATA[nov 08, 2023 4:41:03 PM laptop.controller.ControllerPassword <init>
INFORMAZIONI: Costruttore ControllerPassword
nov 08, 2023 4:41:03 PM laptop.controller.ControllerRegistraUtente <init>
INFORMAZIONI: Costruttore ControllerRegistaUtente
nov 08, 2023 4:41:03 PM laptop.controller.ControllerRicercaPerTipo <init>
INFORMAZIONI: Costruttore ControllerRicercaPerTipo
nov 08, 2023 4:41:03 PM laptop.controller.ControllerVisualizzaProfilo <init>
INFORMAZIONI: Costruttore ControllerVisualizzaProfilo
nov 08, 2023 4:41:03 PM laptop.controller.ControllerUserPage <init>
INFORMAZIONI: Costruttore ControllerUserPage
nov 08, 2023 4:41:03 PM laptop.controller.ControllerAggiungiUtente <init>
INFORMAZIONI: Costruttore ControllerAggiungiUtente
nov 08, 2023 4:41:03 PM laptop.controller.ControllerModificaUtente <init>
INFORMAZIONI: Costruttore ControllerModificaUtente
nov 08, 2023 4:41:03 PM laptop.controller.ControllerCancellaUser <init>
INFORMAZIONI: Costruttore ControllerCancellaUser
nov 08, 2023 4:41:03 PM laptop.utilities.ConnToDb generalConnection
INFORMAZIONI: Tentativo di conessione al server..........\\n
nov 08, 2023 4:41:03 PM laptop.utilities.ConnToDb generalConnection
INFORMAZIONI: Connesso standard ........

]]></system-err>
  </testcase>
  <testcase name="testGetIdRuolo(String)[1]" classname="laptop.test.TestLaptop2" time="0.004">
    <system-err><![CDATA[nov 08, 2023 4:41:03 PM laptop.controller.ControllerPassword <init>
INFORMAZIONI: Costruttore ControllerPassword
nov 08, 2023 4:41:03 PM laptop.controller.ControllerRegistraUtente <init>
INFORMAZIONI: Costruttore ControllerRegistaUtente
nov 08, 2023 4:41:03 PM laptop.controller.ControllerRicercaPerTipo <init>
INFORMAZIONI: Costruttore ControllerRicercaPerTipo
nov 08, 2023 4:41:03 PM laptop.controller.ControllerVisualizzaProfilo <init>
INFORMAZIONI: Costruttore ControllerVisualizzaProfilo
nov 08, 2023 4:41:03 PM laptop.controller.ControllerUserPage <init>
INFORMAZIONI: Costruttore ControllerUserPage
nov 08, 2023 4:41:03 PM laptop.controller.ControllerAggiungiUtente <init>
INFORMAZIONI: Costruttore ControllerAggiungiUtente
nov 08, 2023 4:41:03 PM laptop.controller.ControllerModificaUtente <init>
INFORMAZIONI: Costruttore ControllerModificaUtente
nov 08, 2023 4:41:03 PM laptop.controller.ControllerCancellaUser <init>
INFORMAZIONI: Costruttore ControllerCancellaUser
]]></system-err>
  </testcase>
  <testcase name="testGetIdRuolo(String)[2]" classname="laptop.test.TestLaptop2" time="0.002">
    <system-err><![CDATA[nov 08, 2023 4:41:03 PM laptop.controller.ControllerPassword <init>
INFORMAZIONI: Costruttore ControllerPassword
nov 08, 2023 4:41:03 PM laptop.controller.ControllerRegistraUtente <init>
INFORMAZIONI: Costruttore ControllerRegistaUtente
nov 08, 2023 4:41:03 PM laptop.controller.ControllerRicercaPerTipo <init>
INFORMAZIONI: Costruttore ControllerRicercaPerTipo
nov 08, 2023 4:41:03 PM laptop.controller.ControllerVisualizzaProfilo <init>
INFORMAZIONI: Costruttore ControllerVisualizzaProfilo
nov 08, 2023 4:41:03 PM laptop.controller.ControllerUserPage <init>
INFORMAZIONI: Costruttore ControllerUserPage
nov 08, 2023 4:41:03 PM laptop.controller.ControllerAggiungiUtente <init>
INFORMAZIONI: Costruttore ControllerAggiungiUtente
nov 08, 2023 4:41:03 PM laptop.controller.ControllerModificaUtente <init>
INFORMAZIONI: Costruttore ControllerModificaUtente
nov 08, 2023 4:41:03 PM laptop.controller.ControllerCancellaUser <init>
INFORMAZIONI: Costruttore ControllerCancellaUser
]]></system-err>
  </testcase>
  <testcase name="testGetIdRuolo(String)[3]" classname="laptop.test.TestLaptop2" time="0.001">
    <system-err><![CDATA[nov 08, 2023 4:41:03 PM laptop.controller.ControllerPassword <init>
INFORMAZIONI: Costruttore ControllerPassword
nov 08, 2023 4:41:03 PM laptop.controller.ControllerRegistraUtente <init>
INFORMAZIONI: Costruttore ControllerRegistaUtente
nov 08, 2023 4:41:03 PM laptop.controller.ControllerRicercaPerTipo <init>
INFORMAZIONI: Costruttore ControllerRicercaPerTipo
nov 08, 2023 4:41:03 PM laptop.controller.ControllerVisualizzaProfilo <init>
INFORMAZIONI: Costruttore ControllerVisualizzaProfilo
nov 08, 2023 4:41:03 PM laptop.controller.ControllerUserPage <init>
INFORMAZIONI: Costruttore ControllerUserPage
nov 08, 2023 4:41:03 PM laptop.controller.ControllerAggiungiUtente <init>
INFORMAZIONI: Costruttore ControllerAggiungiUtente
nov 08, 2023 4:41:03 PM laptop.controller.ControllerModificaUtente <init>
INFORMAZIONI: Costruttore ControllerModificaUtente
nov 08, 2023 4:41:03 PM laptop.controller.ControllerCancellaUser <init>
INFORMAZIONI: Costruttore ControllerCancellaUser
]]></system-err>
  </testcase>
</testsuite>