<?xml version="1.0" encoding="UTF-8"?>
<testsuite xmlns:xsi="http://www.w3.org/2001/XMLSchema-instance" xsi:noNamespaceSchemaLocation="https://maven.apache.org/surefire/maven-surefire-plugin/xsd/surefire-test-report-3.0.xsd" version="3.0" name="laptop.test.TestLaptop2" time="18.27" tests="157" errors="0" skipped="0" failures="0">
  <properties>
    <property name="java.specification.version" value="17"/>
    <property name="sun.cpu.isalist" value="amd64"/>
    <property name="sun.jnu.encoding" value="Cp1252"/>
    <property name="sun.awt.enableExtraMouseButtons" value="true"/>
    <property name="java.class.path" value="C:\Users\ilciro\IdeaProjects\LibreriaFinale\target\test-classes;C:\Users\ilciro\IdeaProjects\LibreriaFinale\target\classes;C:\Users\ilciro\.m2\repository\org\junit\jupiter\junit-jupiter-api\5.9.2\junit-jupiter-api-5.9.2.jar;C:\Users\ilciro\.m2\repository\org\opentest4j\opentest4j\1.2.0\opentest4j-1.2.0.jar;C:\Users\ilciro\.m2\repository\org\junit\platform\junit-platform-commons\1.9.2\junit-platform-commons-1.9.2.jar;C:\Users\ilciro\.m2\repository\org\apiguardian\apiguardian-api\1.1.2\apiguardian-api-1.1.2.jar;C:\Users\ilciro\.m2\repository\org\junit\jupiter\junit-jupiter-engine\5.9.2\junit-jupiter-engine-5.9.2.jar;C:\Users\ilciro\.m2\repository\org\junit\platform\junit-platform-engine\1.9.2\junit-platform-engine-1.9.2.jar;C:\Users\ilciro\.m2\repository\org\junit\jupiter\junit-jupiter-params\5.9.2\junit-jupiter-params-5.9.2.jar;C:\Users\ilciro\.m2\repository\org\openjfx\javafx-controls\17\javafx-controls-17-win.jar;C:\Users\ilciro\.m2\repository\org\openjfx\javafx-graphics\17\javafx-graphics-17.jar;C:\Users\ilciro\.m2\repository\org\openjfx\javafx-graphics\17\javafx-graphics-17-win.jar;C:\Users\ilciro\.m2\repository\org\openjfx\javafx-base\17\javafx-base-17.jar;C:\Users\ilciro\.m2\repository\org\openjfx\javafx-base\17\javafx-base-17-win.jar;C:\Users\ilciro\.m2\repository\org\openjfx\javafx-fxml\17\javafx-fxml-17.jar;C:\Users\ilciro\.m2\repository\org\openjfx\javafx-fxml\17\javafx-fxml-17-win.jar;C:\Users\ilciro\.m2\repository\org\openjfx\javafx-controls\17\javafx-controls-17.jar;C:\Users\ilciro\.m2\repository\org\mybatis\mybatis\3.5.13\mybatis-3.5.13.jar;C:\Users\ilciro\.m2\repository\com\mysql\mysql-connector-j\8.0.32\mysql-connector-j-8.0.32.jar;C:\Users\ilciro\.m2\repository\com\google\protobuf\protobuf-java\3.21.9\protobuf-java-3.21.9.jar;C:\Users\ilciro\.m2\repository\com\itextpdf\itextpdf\5.5.13.3\itextpdf-5.5.13.3.jar;C:\Users\ilciro\.m2\repository\org\glassfish\web\jakarta.servlet.jsp.jstl\2.0.0\jakarta.servlet.jsp.jstl-2.0.0.jar;C:\Users\ilciro\.m2\repository\jakarta\servlet\jsp\jstl\jakarta.servlet.jsp.jstl-api\2.0.0\jakarta.servlet.jsp.jstl-api-2.0.0.jar;C:\Users\ilciro\.m2\repository\jakarta\servlet\jakarta.servlet-api\5.0.0\jakarta.servlet-api-5.0.0.jar;C:\Users\ilciro\.m2\repository\jakarta\el\jakarta.el-api\4.0.0\jakarta.el-api-4.0.0.jar;C:\Users\ilciro\.m2\repository\jakarta\xml\bind\jakarta.xml.bind-api\3.0.0\jakarta.xml.bind-api-3.0.0.jar;C:\Users\ilciro\.m2\repository\com\sun\activation\jakarta.activation\2.0.0\jakarta.activation-2.0.0.jar;C:\Users\ilciro\.m2\repository\org\seleniumhq\selenium\selenium-java\4.8.1\selenium-java-4.8.1.jar;C:\Users\ilciro\.m2\repository\org\seleniumhq\selenium\selenium-api\4.8.1\selenium-api-4.8.1.jar;C:\Users\ilciro\.m2\repository\org\seleniumhq\selenium\selenium-devtools-v108\4.8.1\selenium-devtools-v108-4.8.1.jar;C:\Users\ilciro\.m2\repository\org\seleniumhq\selenium\selenium-devtools-v109\4.8.1\selenium-devtools-v109-4.8.1.jar;C:\Users\ilciro\.m2\repository\org\seleniumhq\selenium\selenium-devtools-v110\4.8.1\selenium-devtools-v110-4.8.1.jar;C:\Users\ilciro\.m2\repository\org\seleniumhq\selenium\selenium-devtools-v85\4.8.1\selenium-devtools-v85-4.8.1.jar;C:\Users\ilciro\.m2\repository\org\seleniumhq\selenium\selenium-edge-driver\4.8.1\selenium-edge-driver-4.8.1.jar;C:\Users\ilciro\.m2\repository\org\seleniumhq\selenium\selenium-firefox-driver\4.8.1\selenium-firefox-driver-4.8.1.jar;C:\Users\ilciro\.m2\repository\org\seleniumhq\selenium\selenium-http\4.8.1\selenium-http-4.8.1.jar;C:\Users\ilciro\.m2\repository\dev\failsafe\failsafe\3.3.0\failsafe-3.3.0.jar;C:\Users\ilciro\.m2\repository\org\seleniumhq\selenium\selenium-ie-driver\4.8.1\selenium-ie-driver-4.8.1.jar;C:\Users\ilciro\.m2\repository\org\seleniumhq\selenium\selenium-remote-driver\4.8.1\selenium-remote-driver-4.8.1.jar;C:\Users\ilciro\.m2\repository\com\beust\jcommander\1.82\jcommander-1.82.jar;C:\Users\ilciro\.m2\repository\io\netty\netty-buffer\4.1.87.Final\netty-buffer-4.1.87.Final.jar;C:\Users\ilciro\.m2\repository\io\netty\netty-codec-http\4.1.87.Final\netty-codec-http-4.1.87.Final.jar;C:\Users\ilciro\.m2\repository\io\netty\netty-codec\4.1.87.Final\netty-codec-4.1.87.Final.jar;C:\Users\ilciro\.m2\repository\io\netty\netty-handler\4.1.87.Final\netty-handler-4.1.87.Final.jar;C:\Users\ilciro\.m2\repository\io\netty\netty-common\4.1.87.Final\netty-common-4.1.87.Final.jar;C:\Users\ilciro\.m2\repository\io\netty\netty-transport-classes-epoll\4.1.87.Final\netty-transport-classes-epoll-4.1.87.Final.jar;C:\Users\ilciro\.m2\repository\io\netty\netty-transport-classes-kqueue\4.1.87.Final\netty-transport-classes-kqueue-4.1.87.Final.jar;C:\Users\ilciro\.m2\repository\io\netty\netty-transport-native-epoll\4.1.87.Final\netty-transport-native-epoll-4.1.87.Final.jar;C:\Users\ilciro\.m2\repository\io\netty\netty-transport-native-kqueue\4.1.87.Final\netty-transport-native-kqueue-4.1.87.Final.jar;C:\Users\ilciro\.m2\repository\io\netty\netty-transport-native-unix-common\4.1.87.Final\netty-transport-native-unix-common-4.1.87.Final.jar;C:\Users\ilciro\.m2\repository\io\netty\netty-transport\4.1.87.Final\netty-transport-4.1.87.Final.jar;C:\Users\ilciro\.m2\repository\io\netty\netty-resolver\4.1.87.Final\netty-resolver-4.1.87.Final.jar;C:\Users\ilciro\.m2\repository\io\opentelemetry\opentelemetry-api\1.22.0\opentelemetry-api-1.22.0.jar;C:\Users\ilciro\.m2\repository\io\opentelemetry\opentelemetry-context\1.22.0\opentelemetry-context-1.22.0.jar;C:\Users\ilciro\.m2\repository\io\opentelemetry\opentelemetry-exporter-logging\1.22.0\opentelemetry-exporter-logging-1.22.0.jar;C:\Users\ilciro\.m2\repository\io\opentelemetry\opentelemetry-sdk-metrics\1.22.0\opentelemetry-sdk-metrics-1.22.0.jar;C:\Users\ilciro\.m2\repository\io\opentelemetry\opentelemetry-sdk-logs\1.22.0-alpha\opentelemetry-sdk-logs-1.22.0-alpha.jar;C:\Users\ilciro\.m2\repository\io\opentelemetry\opentelemetry-api-logs\1.22.0-alpha\opentelemetry-api-logs-1.22.0-alpha.jar;C:\Users\ilciro\.m2\repository\io\opentelemetry\opentelemetry-sdk-common\1.22.0\opentelemetry-sdk-common-1.22.0.jar;C:\Users\ilciro\.m2\repository\io\opentelemetry\opentelemetry-sdk-extension-autoconfigure-spi\1.22.0\opentelemetry-sdk-extension-autoconfigure-spi-1.22.0.jar;C:\Users\ilciro\.m2\repository\io\opentelemetry\opentelemetry-sdk-extension-autoconfigure\1.22.0-alpha\opentelemetry-sdk-extension-autoconfigure-1.22.0-alpha.jar;C:\Users\ilciro\.m2\repository\io\opentelemetry\opentelemetry-sdk-trace\1.22.0\opentelemetry-sdk-trace-1.22.0.jar;C:\Users\ilciro\.m2\repository\io\opentelemetry\opentelemetry-sdk\1.22.0\opentelemetry-sdk-1.22.0.jar;C:\Users\ilciro\.m2\repository\io\opentelemetry\opentelemetry-semconv\1.22.0-alpha\opentelemetry-semconv-1.22.0-alpha.jar;C:\Users\ilciro\.m2\repository\io\ous\jtoml\2.0.0\jtoml-2.0.0.jar;C:\Users\ilciro\.m2\repository\net\bytebuddy\byte-buddy\1.12.22\byte-buddy-1.12.22.jar;C:\Users\ilciro\.m2\repository\org\apache\commons\commons-exec\1.3\commons-exec-1.3.jar;C:\Users\ilciro\.m2\repository\org\asynchttpclient\async-http-client\2.12.3\async-http-client-2.12.3.jar;C:\Users\ilciro\.m2\repository\org\asynchttpclient\async-http-client-netty-utils\2.12.3\async-http-client-netty-utils-2.12.3.jar;C:\Users\ilciro\.m2\repository\io\netty\netty-codec-socks\4.1.60.Final\netty-codec-socks-4.1.60.Final.jar;C:\Users\ilciro\.m2\repository\io\netty\netty-handler-proxy\4.1.60.Final\netty-handler-proxy-4.1.60.Final.jar;C:\Users\ilciro\.m2\repository\io\netty\netty-transport-native-epoll\4.1.60.Final\netty-transport-native-epoll-4.1.60.Final-linux-x86_64.jar;C:\Users\ilciro\.m2\repository\io\netty\netty-transport-native-kqueue\4.1.60.Final\netty-transport-native-kqueue-4.1.60.Final-osx-x86_64.jar;C:\Users\ilciro\.m2\repository\org\reactivestreams\reactive-streams\1.0.3\reactive-streams-1.0.3.jar;C:\Users\ilciro\.m2\repository\com\typesafe\netty\netty-reactive-streams\2.0.4\netty-reactive-streams-2.0.4.jar;C:\Users\ilciro\.m2\repository\org\slf4j\slf4j-api\1.7.30\slf4j-api-1.7.30.jar;C:\Users\ilciro\.m2\repository\org\seleniumhq\selenium\selenium-manager\4.8.1\selenium-manager-4.8.1.jar;C:\Users\ilciro\.m2\repository\org\seleniumhq\selenium\selenium-safari-driver\4.8.1\selenium-safari-driver-4.8.1.jar;C:\Users\ilciro\.m2\repository\org\seleniumhq\selenium\selenium-support\4.8.1\selenium-support-4.8.1.jar;C:\Users\ilciro\.m2\repository\org\seleniumhq\selenium\selenium-chrome-driver\4.8.1\selenium-chrome-driver-4.8.1.jar;C:\Users\ilciro\.m2\repository\com\google\auto\service\auto-service-annotations\1.0.1\auto-service-annotations-1.0.1.jar;C:\Users\ilciro\.m2\repository\com\google\auto\service\auto-service\1.0.1\auto-service-1.0.1.jar;C:\Users\ilciro\.m2\repository\com\google\auto\auto-common\1.2\auto-common-1.2.jar;C:\Users\ilciro\.m2\repository\com\google\guava\guava\31.1-jre\guava-31.1-jre.jar;C:\Users\ilciro\.m2\repository\com\google\guava\failureaccess\1.0.1\failureaccess-1.0.1.jar;C:\Users\ilciro\.m2\repository\com\google\guava\listenablefuture\9999.0-empty-to-avoid-conflict-with-guava\listenablefuture-9999.0-empty-to-avoid-conflict-with-guava.jar;C:\Users\ilciro\.m2\repository\com\google\code\findbugs\jsr305\3.0.2\jsr305-3.0.2.jar;C:\Users\ilciro\.m2\repository\org\checkerframework\checker-qual\3.12.0\checker-qual-3.12.0.jar;C:\Users\ilciro\.m2\repository\com\google\errorprone\error_prone_annotations\2.11.0\error_prone_annotations-2.11.0.jar;C:\Users\ilciro\.m2\repository\com\google\j2objc\j2objc-annotations\1.3\j2objc-annotations-1.3.jar;C:\Users\ilciro\.m2\repository\org\seleniumhq\selenium\selenium-chromium-driver\4.8.1\selenium-chromium-driver-4.8.1.jar;C:\Users\ilciro\.m2\repository\org\seleniumhq\selenium\selenium-json\4.8.1\selenium-json-4.8.1.jar;C:\Users\ilciro\.m2\repository\org\apache\tomcat\tomcat-catalina\10.1.7\tomcat-catalina-10.1.7.jar;C:\Users\ilciro\.m2\repository\org\apache\tomcat\tomcat-servlet-api\10.1.7\tomcat-servlet-api-10.1.7.jar;C:\Users\ilciro\.m2\repository\org\apache\tomcat\tomcat-jsp-api\10.1.7\tomcat-jsp-api-10.1.7.jar;C:\Users\ilciro\.m2\repository\org\apache\tomcat\tomcat-el-api\10.1.7\tomcat-el-api-10.1.7.jar;C:\Users\ilciro\.m2\repository\org\apache\tomcat\tomcat-juli\10.1.7\tomcat-juli-10.1.7.jar;C:\Users\ilciro\.m2\repository\org\apache\tomcat\tomcat-annotations-api\10.1.7\tomcat-annotations-api-10.1.7.jar;C:\Users\ilciro\.m2\repository\org\apache\tomcat\tomcat-api\10.1.7\tomcat-api-10.1.7.jar;C:\Users\ilciro\.m2\repository\org\apache\tomcat\tomcat-jni\10.1.7\tomcat-jni-10.1.7.jar;C:\Users\ilciro\.m2\repository\org\apache\tomcat\tomcat-coyote\10.1.7\tomcat-coyote-10.1.7.jar;C:\Users\ilciro\.m2\repository\org\apache\tomcat\tomcat-util\10.1.7\tomcat-util-10.1.7.jar;C:\Users\ilciro\.m2\repository\org\apache\tomcat\tomcat-util-scan\10.1.7\tomcat-util-scan-10.1.7.jar;C:\Users\ilciro\.m2\repository\org\apache\tomcat\tomcat-jaspic-api\10.1.7\tomcat-jaspic-api-10.1.7.jar;C:\Users\ilciro\.m2\repository\org\sonarsource\scanner\maven\sonar-maven-plugin\3.10.0.2594\sonar-maven-plugin-3.10.0.2594.jar;C:\Users\ilciro\.m2\repository\org\codehaus\plexus\plexus-sec-dispatcher\2.0\plexus-sec-dispatcher-2.0.jar;C:\Users\ilciro\.m2\repository\org\codehaus\plexus\plexus-utils\3.4.1\plexus-utils-3.4.1.jar;C:\Users\ilciro\.m2\repository\org\codehaus\plexus\plexus-cipher\2.0\plexus-cipher-2.0.jar;C:\Users\ilciro\.m2\repository\javax\inject\javax.inject\1\javax.inject-1.jar;C:\Users\ilciro\.m2\repository\org\sonarsource\scanner\api\sonar-scanner-api\2.16.3.1081\sonar-scanner-api-2.16.3.1081.jar;C:\Users\ilciro\.m2\repository\commons-lang\commons-lang\2.6\commons-lang-2.6.jar;"/>
    <property name="java.vm.vendor" value="Eclipse Adoptium"/>
    <property name="sun.arch.data.model" value="64"/>
    <property name="user.variant" value=""/>
    <property name="java.vendor.url" value="https://adoptium.net/"/>
    <property name="user.timezone" value="Europe/Rome"/>
    <property name="os.name" value="Windows 10"/>
    <property name="java.vm.specification.version" value="17"/>
    <property name="sun.java.launcher" value="SUN_STANDARD"/>
    <property name="user.country" value="IT"/>
    <property name="sun.boot.library.path" value="C:\Program Files\Eclipse Adoptium\jdk-17.0.8.101-hotspot\bin"/>
    <property name="sun.java.command" value="C:\Users\ilciro\AppData\Local\Temp\surefire9806578102848443409\surefirebooter13796622519336165396.jar C:\Users\ilciro\AppData\Local\Temp\surefire9806578102848443409 2023-10-29T19-13-18_235-jvmRun1 surefire9953233340662284281tmp surefire_018305469836355419456tmp"/>
    <property name="jdk.debug" value="release"/>
    <property name="surefire.test.class.path" value="C:\Users\ilciro\IdeaProjects\LibreriaFinale\target\test-classes;C:\Users\ilciro\IdeaProjects\LibreriaFinale\target\classes;C:\Users\ilciro\.m2\repository\org\junit\jupiter\junit-jupiter-api\5.9.2\junit-jupiter-api-5.9.2.jar;C:\Users\ilciro\.m2\repository\org\opentest4j\opentest4j\1.2.0\opentest4j-1.2.0.jar;C:\Users\ilciro\.m2\repository\org\junit\platform\junit-platform-commons\1.9.2\junit-platform-commons-1.9.2.jar;C:\Users\ilciro\.m2\repository\org\apiguardian\apiguardian-api\1.1.2\apiguardian-api-1.1.2.jar;C:\Users\ilciro\.m2\repository\org\junit\jupiter\junit-jupiter-engine\5.9.2\junit-jupiter-engine-5.9.2.jar;C:\Users\ilciro\.m2\repository\org\junit\platform\junit-platform-engine\1.9.2\junit-platform-engine-1.9.2.jar;C:\Users\ilciro\.m2\repository\org\junit\jupiter\junit-jupiter-params\5.9.2\junit-jupiter-params-5.9.2.jar;C:\Users\ilciro\.m2\repository\org\openjfx\javafx-controls\17\javafx-controls-17-win.jar;C:\Users\ilciro\.m2\repository\org\openjfx\javafx-graphics\17\javafx-graphics-17.jar;C:\Users\ilciro\.m2\repository\org\openjfx\javafx-graphics\17\javafx-graphics-17-win.jar;C:\Users\ilciro\.m2\repository\org\openjfx\javafx-base\17\javafx-base-17.jar;C:\Users\ilciro\.m2\repository\org\openjfx\javafx-base\17\javafx-base-17-win.jar;C:\Users\ilciro\.m2\repository\org\openjfx\javafx-fxml\17\javafx-fxml-17.jar;C:\Users\ilciro\.m2\repository\org\openjfx\javafx-fxml\17\javafx-fxml-17-win.jar;C:\Users\ilciro\.m2\repository\org\openjfx\javafx-controls\17\javafx-controls-17.jar;C:\Users\ilciro\.m2\repository\org\mybatis\mybatis\3.5.13\mybatis-3.5.13.jar;C:\Users\ilciro\.m2\repository\com\mysql\mysql-connector-j\8.0.32\mysql-connector-j-8.0.32.jar;C:\Users\ilciro\.m2\repository\com\google\protobuf\protobuf-java\3.21.9\protobuf-java-3.21.9.jar;C:\Users\ilciro\.m2\repository\com\itextpdf\itextpdf\5.5.13.3\itextpdf-5.5.13.3.jar;C:\Users\ilciro\.m2\repository\org\glassfish\web\jakarta.servlet.jsp.jstl\2.0.0\jakarta.servlet.jsp.jstl-2.0.0.jar;C:\Users\ilciro\.m2\repository\jakarta\servlet\jsp\jstl\jakarta.servlet.jsp.jstl-api\2.0.0\jakarta.servlet.jsp.jstl-api-2.0.0.jar;C:\Users\ilciro\.m2\repository\jakarta\servlet\jakarta.servlet-api\5.0.0\jakarta.servlet-api-5.0.0.jar;C:\Users\ilciro\.m2\repository\jakarta\el\jakarta.el-api\4.0.0\jakarta.el-api-4.0.0.jar;C:\Users\ilciro\.m2\repository\jakarta\xml\bind\jakarta.xml.bind-api\3.0.0\jakarta.xml.bind-api-3.0.0.jar;C:\Users\ilciro\.m2\repository\com\sun\activation\jakarta.activation\2.0.0\jakarta.activation-2.0.0.jar;C:\Users\ilciro\.m2\repository\org\seleniumhq\selenium\selenium-java\4.8.1\selenium-java-4.8.1.jar;C:\Users\ilciro\.m2\repository\org\seleniumhq\selenium\selenium-api\4.8.1\selenium-api-4.8.1.jar;C:\Users\ilciro\.m2\repository\org\seleniumhq\selenium\selenium-devtools-v108\4.8.1\selenium-devtools-v108-4.8.1.jar;C:\Users\ilciro\.m2\repository\org\seleniumhq\selenium\selenium-devtools-v109\4.8.1\selenium-devtools-v109-4.8.1.jar;C:\Users\ilciro\.m2\repository\org\seleniumhq\selenium\selenium-devtools-v110\4.8.1\selenium-devtools-v110-4.8.1.jar;C:\Users\ilciro\.m2\repository\org\seleniumhq\selenium\selenium-devtools-v85\4.8.1\selenium-devtools-v85-4.8.1.jar;C:\Users\ilciro\.m2\repository\org\seleniumhq\selenium\selenium-edge-driver\4.8.1\selenium-edge-driver-4.8.1.jar;C:\Users\ilciro\.m2\repository\org\seleniumhq\selenium\selenium-firefox-driver\4.8.1\selenium-firefox-driver-4.8.1.jar;C:\Users\ilciro\.m2\repository\org\seleniumhq\selenium\selenium-http\4.8.1\selenium-http-4.8.1.jar;C:\Users\ilciro\.m2\repository\dev\failsafe\failsafe\3.3.0\failsafe-3.3.0.jar;C:\Users\ilciro\.m2\repository\org\seleniumhq\selenium\selenium-ie-driver\4.8.1\selenium-ie-driver-4.8.1.jar;C:\Users\ilciro\.m2\repository\org\seleniumhq\selenium\selenium-remote-driver\4.8.1\selenium-remote-driver-4.8.1.jar;C:\Users\ilciro\.m2\repository\com\beust\jcommander\1.82\jcommander-1.82.jar;C:\Users\ilciro\.m2\repository\io\netty\netty-buffer\4.1.87.Final\netty-buffer-4.1.87.Final.jar;C:\Users\ilciro\.m2\repository\io\netty\netty-codec-http\4.1.87.Final\netty-codec-http-4.1.87.Final.jar;C:\Users\ilciro\.m2\repository\io\netty\netty-codec\4.1.87.Final\netty-codec-4.1.87.Final.jar;C:\Users\ilciro\.m2\repository\io\netty\netty-handler\4.1.87.Final\netty-handler-4.1.87.Final.jar;C:\Users\ilciro\.m2\repository\io\netty\netty-common\4.1.87.Final\netty-common-4.1.87.Final.jar;C:\Users\ilciro\.m2\repository\io\netty\netty-transport-classes-epoll\4.1.87.Final\netty-transport-classes-epoll-4.1.87.Final.jar;C:\Users\ilciro\.m2\repository\io\netty\netty-transport-classes-kqueue\4.1.87.Final\netty-transport-classes-kqueue-4.1.87.Final.jar;C:\Users\ilciro\.m2\repository\io\netty\netty-transport-native-epoll\4.1.87.Final\netty-transport-native-epoll-4.1.87.Final.jar;C:\Users\ilciro\.m2\repository\io\netty\netty-transport-native-kqueue\4.1.87.Final\netty-transport-native-kqueue-4.1.87.Final.jar;C:\Users\ilciro\.m2\repository\io\netty\netty-transport-native-unix-common\4.1.87.Final\netty-transport-native-unix-common-4.1.87.Final.jar;C:\Users\ilciro\.m2\repository\io\netty\netty-transport\4.1.87.Final\netty-transport-4.1.87.Final.jar;C:\Users\ilciro\.m2\repository\io\netty\netty-resolver\4.1.87.Final\netty-resolver-4.1.87.Final.jar;C:\Users\ilciro\.m2\repository\io\opentelemetry\opentelemetry-api\1.22.0\opentelemetry-api-1.22.0.jar;C:\Users\ilciro\.m2\repository\io\opentelemetry\opentelemetry-context\1.22.0\opentelemetry-context-1.22.0.jar;C:\Users\ilciro\.m2\repository\io\opentelemetry\opentelemetry-exporter-logging\1.22.0\opentelemetry-exporter-logging-1.22.0.jar;C:\Users\ilciro\.m2\repository\io\opentelemetry\opentelemetry-sdk-metrics\1.22.0\opentelemetry-sdk-metrics-1.22.0.jar;C:\Users\ilciro\.m2\repository\io\opentelemetry\opentelemetry-sdk-logs\1.22.0-alpha\opentelemetry-sdk-logs-1.22.0-alpha.jar;C:\Users\ilciro\.m2\repository\io\opentelemetry\opentelemetry-api-logs\1.22.0-alpha\opentelemetry-api-logs-1.22.0-alpha.jar;C:\Users\ilciro\.m2\repository\io\opentelemetry\opentelemetry-sdk-common\1.22.0\opentelemetry-sdk-common-1.22.0.jar;C:\Users\ilciro\.m2\repository\io\opentelemetry\opentelemetry-sdk-extension-autoconfigure-spi\1.22.0\opentelemetry-sdk-extension-autoconfigure-spi-1.22.0.jar;C:\Users\ilciro\.m2\repository\io\opentelemetry\opentelemetry-sdk-extension-autoconfigure\1.22.0-alpha\opentelemetry-sdk-extension-autoconfigure-1.22.0-alpha.jar;C:\Users\ilciro\.m2\repository\io\opentelemetry\opentelemetry-sdk-trace\1.22.0\opentelemetry-sdk-trace-1.22.0.jar;C:\Users\ilciro\.m2\repository\io\opentelemetry\opentelemetry-sdk\1.22.0\opentelemetry-sdk-1.22.0.jar;C:\Users\ilciro\.m2\repository\io\opentelemetry\opentelemetry-semconv\1.22.0-alpha\opentelemetry-semconv-1.22.0-alpha.jar;C:\Users\ilciro\.m2\repository\io\ous\jtoml\2.0.0\jtoml-2.0.0.jar;C:\Users\ilciro\.m2\repository\net\bytebuddy\byte-buddy\1.12.22\byte-buddy-1.12.22.jar;C:\Users\ilciro\.m2\repository\org\apache\commons\commons-exec\1.3\commons-exec-1.3.jar;C:\Users\ilciro\.m2\repository\org\asynchttpclient\async-http-client\2.12.3\async-http-client-2.12.3.jar;C:\Users\ilciro\.m2\repository\org\asynchttpclient\async-http-client-netty-utils\2.12.3\async-http-client-netty-utils-2.12.3.jar;C:\Users\ilciro\.m2\repository\io\netty\netty-codec-socks\4.1.60.Final\netty-codec-socks-4.1.60.Final.jar;C:\Users\ilciro\.m2\repository\io\netty\netty-handler-proxy\4.1.60.Final\netty-handler-proxy-4.1.60.Final.jar;C:\Users\ilciro\.m2\repository\io\netty\netty-transport-native-epoll\4.1.60.Final\netty-transport-native-epoll-4.1.60.Final-linux-x86_64.jar;C:\Users\ilciro\.m2\repository\io\netty\netty-transport-native-kqueue\4.1.60.Final\netty-transport-native-kqueue-4.1.60.Final-osx-x86_64.jar;C:\Users\ilciro\.m2\repository\org\reactivestreams\reactive-streams\1.0.3\reactive-streams-1.0.3.jar;C:\Users\ilciro\.m2\repository\com\typesafe\netty\netty-reactive-streams\2.0.4\netty-reactive-streams-2.0.4.jar;C:\Users\ilciro\.m2\repository\org\slf4j\slf4j-api\1.7.30\slf4j-api-1.7.30.jar;C:\Users\ilciro\.m2\repository\org\seleniumhq\selenium\selenium-manager\4.8.1\selenium-manager-4.8.1.jar;C:\Users\ilciro\.m2\repository\org\seleniumhq\selenium\selenium-safari-driver\4.8.1\selenium-safari-driver-4.8.1.jar;C:\Users\ilciro\.m2\repository\org\seleniumhq\selenium\selenium-support\4.8.1\selenium-support-4.8.1.jar;C:\Users\ilciro\.m2\repository\org\seleniumhq\selenium\selenium-chrome-driver\4.8.1\selenium-chrome-driver-4.8.1.jar;C:\Users\ilciro\.m2\repository\com\google\auto\service\auto-service-annotations\1.0.1\auto-service-annotations-1.0.1.jar;C:\Users\ilciro\.m2\repository\com\google\auto\service\auto-service\1.0.1\auto-service-1.0.1.jar;C:\Users\ilciro\.m2\repository\com\google\auto\auto-common\1.2\auto-common-1.2.jar;C:\Users\ilciro\.m2\repository\com\google\guava\guava\31.1-jre\guava-31.1-jre.jar;C:\Users\ilciro\.m2\repository\com\google\guava\failureaccess\1.0.1\failureaccess-1.0.1.jar;C:\Users\ilciro\.m2\repository\com\google\guava\listenablefuture\9999.0-empty-to-avoid-conflict-with-guava\listenablefuture-9999.0-empty-to-avoid-conflict-with-guava.jar;C:\Users\ilciro\.m2\repository\com\google\code\findbugs\jsr305\3.0.2\jsr305-3.0.2.jar;C:\Users\ilciro\.m2\repository\org\checkerframework\checker-qual\3.12.0\checker-qual-3.12.0.jar;C:\Users\ilciro\.m2\repository\com\google\errorprone\error_prone_annotations\2.11.0\error_prone_annotations-2.11.0.jar;C:\Users\ilciro\.m2\repository\com\google\j2objc\j2objc-annotations\1.3\j2objc-annotations-1.3.jar;C:\Users\ilciro\.m2\repository\org\seleniumhq\selenium\selenium-chromium-driver\4.8.1\selenium-chromium-driver-4.8.1.jar;C:\Users\ilciro\.m2\repository\org\seleniumhq\selenium\selenium-json\4.8.1\selenium-json-4.8.1.jar;C:\Users\ilciro\.m2\repository\org\apache\tomcat\tomcat-catalina\10.1.7\tomcat-catalina-10.1.7.jar;C:\Users\ilciro\.m2\repository\org\apache\tomcat\tomcat-servlet-api\10.1.7\tomcat-servlet-api-10.1.7.jar;C:\Users\ilciro\.m2\repository\org\apache\tomcat\tomcat-jsp-api\10.1.7\tomcat-jsp-api-10.1.7.jar;C:\Users\ilciro\.m2\repository\org\apache\tomcat\tomcat-el-api\10.1.7\tomcat-el-api-10.1.7.jar;C:\Users\ilciro\.m2\repository\org\apache\tomcat\tomcat-juli\10.1.7\tomcat-juli-10.1.7.jar;C:\Users\ilciro\.m2\repository\org\apache\tomcat\tomcat-annotations-api\10.1.7\tomcat-annotations-api-10.1.7.jar;C:\Users\ilciro\.m2\repository\org\apache\tomcat\tomcat-api\10.1.7\tomcat-api-10.1.7.jar;C:\Users\ilciro\.m2\repository\org\apache\tomcat\tomcat-jni\10.1.7\tomcat-jni-10.1.7.jar;C:\Users\ilciro\.m2\repository\org\apache\tomcat\tomcat-coyote\10.1.7\tomcat-coyote-10.1.7.jar;C:\Users\ilciro\.m2\repository\org\apache\tomcat\tomcat-util\10.1.7\tomcat-util-10.1.7.jar;C:\Users\ilciro\.m2\repository\org\apache\tomcat\tomcat-util-scan\10.1.7\tomcat-util-scan-10.1.7.jar;C:\Users\ilciro\.m2\repository\org\apache\tomcat\tomcat-jaspic-api\10.1.7\tomcat-jaspic-api-10.1.7.jar;C:\Users\ilciro\.m2\repository\org\sonarsource\scanner\maven\sonar-maven-plugin\3.10.0.2594\sonar-maven-plugin-3.10.0.2594.jar;C:\Users\ilciro\.m2\repository\org\codehaus\plexus\plexus-sec-dispatcher\2.0\plexus-sec-dispatcher-2.0.jar;C:\Users\ilciro\.m2\repository\org\codehaus\plexus\plexus-utils\3.4.1\plexus-utils-3.4.1.jar;C:\Users\ilciro\.m2\repository\org\codehaus\plexus\plexus-cipher\2.0\plexus-cipher-2.0.jar;C:\Users\ilciro\.m2\repository\javax\inject\javax.inject\1\javax.inject-1.jar;C:\Users\ilciro\.m2\repository\org\sonarsource\scanner\api\sonar-scanner-api\2.16.3.1081\sonar-scanner-api-2.16.3.1081.jar;C:\Users\ilciro\.m2\repository\commons-lang\commons-lang\2.6\commons-lang-2.6.jar;"/>
    <property name="sun.cpu.endian" value="little"/>
    <property name="user.home" value="C:\Users\ilciro"/>
    <property name="user.language" value="it"/>
    <property name="java.specification.vendor" value="Oracle Corporation"/>
    <property name="java.version.date" value="2023-08-24"/>
    <property name="java.home" value="C:\Program Files\Eclipse Adoptium\jdk-17.0.8.101-hotspot"/>
    <property name="file.separator" value="\"/>
    <property name="basedir" value="C:\Users\ilciro\IdeaProjects\LibreriaFinale"/>
    <property name="java.vm.compressedOopsMode" value="32-bit"/>
    <property name="line.separator" value="&#10;"/>
    <property name="java.vm.specification.vendor" value="Oracle Corporation"/>
    <property name="java.specification.name" value="Java Platform API Specification"/>
    <property name="surefire.real.class.path" value="C:\Users\ilciro\AppData\Local\Temp\surefire9806578102848443409\surefirebooter13796622519336165396.jar"/>
    <property name="user.script" value=""/>
    <property name="sun.management.compiler" value="HotSpot 64-Bit Tiered Compilers"/>
    <property name="java.runtime.version" value="17.0.8.1+1"/>
    <property name="user.name" value="ilciro"/>
    <property name="path.separator" value=";"/>
    <property name="os.version" value="10.0"/>
    <property name="java.runtime.name" value="OpenJDK Runtime Environment"/>
    <property name="file.encoding" value="Cp1252"/>
    <property name="java.vm.name" value="OpenJDK 64-Bit Server VM"/>
    <property name="java.vendor.version" value="Temurin-17.0.8.1+1"/>
    <property name="localRepository" value="C:\Users\ilciro\.m2\repository"/>
    <property name="java.vendor.url.bug" value="https://github.com/adoptium/adoptium-support/issues"/>
    <property name="java.io.tmpdir" value="C:\Users\ilciro\AppData\Local\Temp\"/>
    <property name="idea.version" value="2022.2.2"/>
    <property name="java.version" value="17.0.8.1"/>
    <property name="user.dir" value="C:\Users\ilciro\IdeaProjects\LibreriaFinale"/>
    <property name="os.arch" value="amd64"/>
    <property name="java.vm.specification.name" value="Java Virtual Machine Specification"/>
    <property name="sun.os.patch.level" value=""/>
    <property name="native.encoding" value="Cp1252"/>
    <property name="java.library.path" value="C:\Program Files\Eclipse Adoptium\jdk-17.0.8.101-hotspot\bin;C:\WINDOWS\Sun\Java\bin;C:\WINDOWS\system32;C:\WINDOWS;C:\Program Files\Eclipse Adoptium\jdk-17.0.8.101-hotspot\bin;C:\WINDOWS\system32;C:\WINDOWS;C:\WINDOWS\System32\Wbem;C:\WINDOWS\System32\WindowsPowerShell\v1.0\;C:\WINDOWS\System32\OpenSSH\;C:\Program Files\Microsoft SQL Server\130\Tools\Binn\;C:\Program Files\Microsoft SQL Server\Client SDK\ODBC\170\Tools\Binn\;C:\Program Files\dotnet\;C:\Program Files\MySQL\MySQL Server 8.0\bin;C:\Program Files\TortoiseSVN\bin;C:\Program Files\VisualSVN Server\bin;C:\Program Files\Git\cmd;C:\Program Files\MySQL\MySQL Shell 8.0\bin\;C:\Users\ilciro\AppData\Local\Microsoft\WindowsApps;C:\Users\ilciro\.dotnet\tools;."/>
    <property name="java.vm.info" value="mixed mode, sharing"/>
    <property name="java.vendor" value="Eclipse Adoptium"/>
    <property name="java.vm.version" value="17.0.8.1+1"/>
    <property name="sun.io.unicode.encoding" value="UnicodeLittle"/>
    <property name="java.class.version" value="61.0"/>
  </properties>
  <testcase name="testGetNegoziL" classname="laptop.test.TestLaptop2" time="0.035">
    <system-err><![CDATA[ott 29, 2023 7:13:59 PM laptop.controller.ControllerPassword <init>
INFORMAZIONI: Costruttore ControllerPassword
ott 29, 2023 7:13:59 PM laptop.controller.ControllerRegistraUtente <init>
INFORMAZIONI: Costruttore ControllerRegistaUtente
ott 29, 2023 7:13:59 PM laptop.controller.ControllerRicercaPerTipo <init>
INFORMAZIONI: Costruttore ControllerRicercaPerTipo
ott 29, 2023 7:13:59 PM laptop.controller.ControllerVisualizzaProfilo <init>
INFORMAZIONI: Costruttore ControllerVisualizzaProfilo
ott 29, 2023 7:13:59 PM laptop.utilities.ConnToDb generalConnection
INFORMAZIONI: Tentativo di conessione al server..........\\n
ott 29, 2023 7:13:59 PM laptop.utilities.ConnToDb generalConnection
INFORMAZIONI: Connesso standard ........

]]></system-err>
  </testcase>
  <testcase name="testAggiornaPass" classname="laptop.test.TestLaptop2" time="0.117">
    <system-err><![CDATA[ott 29, 2023 7:13:59 PM laptop.controller.ControllerPassword <init>
INFORMAZIONI: Costruttore ControllerPassword
ott 29, 2023 7:13:59 PM laptop.controller.ControllerRegistraUtente <init>
INFORMAZIONI: Costruttore ControllerRegistaUtente
ott 29, 2023 7:13:59 PM laptop.controller.ControllerRicercaPerTipo <init>
INFORMAZIONI: Costruttore ControllerRicercaPerTipo
ott 29, 2023 7:13:59 PM laptop.controller.ControllerVisualizzaProfilo <init>
INFORMAZIONI: Costruttore ControllerVisualizzaProfilo
ott 29, 2023 7:13:59 PM laptop.utilities.ConnToDb generalConnection
INFORMAZIONI: Tentativo di conessione al server..........\\n
ott 29, 2023 7:13:59 PM laptop.utilities.ConnToDb generalConnection
INFORMAZIONI: Connesso standard ........

ott 29, 2023 7:13:59 PM laptop.database.UsersDao checkUser
INFORMAZIONI: idUser baoPublishing@gmail.com
ott 29, 2023 7:13:59 PM laptop.utilities.ConnToDb generalConnection
INFORMAZIONI: Tentativo di conessione al server..........\\n
ott 29, 2023 7:13:59 PM laptop.utilities.ConnToDb generalConnection
INFORMAZIONI: Connesso standard ........

ott 29, 2023 7:13:59 PM laptop.database.UsersDao checkResetpass
INFORMAZIONI: row affectedbaoPublishing@gmail.com
]]></system-err>
  </testcase>
  <testcase name="testGetIsValid" classname="laptop.test.TestLaptop2" time="0.001">
    <system-err><![CDATA[ott 29, 2023 7:13:59 PM laptop.controller.ControllerPassword <init>
INFORMAZIONI: Costruttore ControllerPassword
ott 29, 2023 7:13:59 PM laptop.controller.ControllerRegistraUtente <init>
INFORMAZIONI: Costruttore ControllerRegistaUtente
ott 29, 2023 7:13:59 PM laptop.controller.ControllerRicercaPerTipo <init>
INFORMAZIONI: Costruttore ControllerRicercaPerTipo
ott 29, 2023 7:13:59 PM laptop.controller.ControllerVisualizzaProfilo <init>
INFORMAZIONI: Costruttore ControllerVisualizzaProfilo
]]></system-err>
  </testcase>
  <testcase name="reportRaccolta" classname="laptop.test.TestLaptop2" time="0.039">
    <system-err><![CDATA[ott 29, 2023 7:13:59 PM laptop.controller.ControllerPassword <init>
INFORMAZIONI: Costruttore ControllerPassword
ott 29, 2023 7:13:59 PM laptop.controller.ControllerRegistraUtente <init>
INFORMAZIONI: Costruttore ControllerRegistaUtente
ott 29, 2023 7:13:59 PM laptop.controller.ControllerRicercaPerTipo <init>
INFORMAZIONI: Costruttore ControllerRicercaPerTipo
ott 29, 2023 7:13:59 PM laptop.controller.ControllerVisualizzaProfilo <init>
INFORMAZIONI: Costruttore ControllerVisualizzaProfilo
]]></system-err>
  </testcase>
  <testcase name="testAggiornaTempNome" classname="laptop.test.TestLaptop2" time="0.031">
    <system-err><![CDATA[ott 29, 2023 7:13:59 PM laptop.controller.ControllerPassword <init>
INFORMAZIONI: Costruttore ControllerPassword
ott 29, 2023 7:13:59 PM laptop.controller.ControllerRegistraUtente <init>
INFORMAZIONI: Costruttore ControllerRegistaUtente
ott 29, 2023 7:13:59 PM laptop.controller.ControllerRicercaPerTipo <init>
INFORMAZIONI: Costruttore ControllerRicercaPerTipo
ott 29, 2023 7:13:59 PM laptop.controller.ControllerVisualizzaProfilo <init>
INFORMAZIONI: Costruttore ControllerVisualizzaProfilo
ott 29, 2023 7:13:59 PM laptop.utilities.ConnToDb generalConnection
INFORMAZIONI: Tentativo di conessione al server..........\\n
ott 29, 2023 7:13:59 PM laptop.utilities.ConnToDb generalConnection
INFORMAZIONI: Connesso standard ........

]]></system-err>
  </testcase>
  <testcase name="testGetNrCopie" classname="laptop.test.TestLaptop2" time="0.002">
    <system-err><![CDATA[ott 29, 2023 7:13:59 PM laptop.controller.ControllerPassword <init>
INFORMAZIONI: Costruttore ControllerPassword
ott 29, 2023 7:13:59 PM laptop.controller.ControllerRegistraUtente <init>
INFORMAZIONI: Costruttore ControllerRegistaUtente
ott 29, 2023 7:13:59 PM laptop.controller.ControllerRicercaPerTipo <init>
INFORMAZIONI: Costruttore ControllerRicercaPerTipo
ott 29, 2023 7:13:59 PM laptop.controller.ControllerVisualizzaProfilo <init>
INFORMAZIONI: Costruttore ControllerVisualizzaProfilo
]]></system-err>
  </testcase>
  <testcase name="testGetCategoria(String)[1]" classname="laptop.test.TestLaptop2" time="0.002">
    <system-err><![CDATA[ott 29, 2023 7:13:59 PM laptop.controller.ControllerPassword <init>
INFORMAZIONI: Costruttore ControllerPassword
ott 29, 2023 7:13:59 PM laptop.controller.ControllerRegistraUtente <init>
INFORMAZIONI: Costruttore ControllerRegistaUtente
ott 29, 2023 7:13:59 PM laptop.controller.ControllerRicercaPerTipo <init>
INFORMAZIONI: Costruttore ControllerRicercaPerTipo
ott 29, 2023 7:13:59 PM laptop.controller.ControllerVisualizzaProfilo <init>
INFORMAZIONI: Costruttore ControllerVisualizzaProfilo
]]></system-err>
  </testcase>
  <testcase name="testGetCategoria(String)[2]" classname="laptop.test.TestLaptop2" time="0.002">
    <system-err><![CDATA[ott 29, 2023 7:13:59 PM laptop.controller.ControllerPassword <init>
INFORMAZIONI: Costruttore ControllerPassword
ott 29, 2023 7:13:59 PM laptop.controller.ControllerRegistraUtente <init>
INFORMAZIONI: Costruttore ControllerRegistaUtente
ott 29, 2023 7:13:59 PM laptop.controller.ControllerRicercaPerTipo <init>
INFORMAZIONI: Costruttore ControllerRicercaPerTipo
ott 29, 2023 7:13:59 PM laptop.controller.ControllerVisualizzaProfilo <init>
INFORMAZIONI: Costruttore ControllerVisualizzaProfilo
]]></system-err>
  </testcase>
  <testcase name="testGetCategoria(String)[3]" classname="laptop.test.TestLaptop2" time="0.001">
    <system-err><![CDATA[ott 29, 2023 7:13:59 PM laptop.controller.ControllerPassword <init>
INFORMAZIONI: Costruttore ControllerPassword
ott 29, 2023 7:13:59 PM laptop.controller.ControllerRegistraUtente <init>
INFORMAZIONI: Costruttore ControllerRegistaUtente
ott 29, 2023 7:13:59 PM laptop.controller.ControllerRicercaPerTipo <init>
INFORMAZIONI: Costruttore ControllerRicercaPerTipo
ott 29, 2023 7:13:59 PM laptop.controller.ControllerVisualizzaProfilo <init>
INFORMAZIONI: Costruttore ControllerVisualizzaProfilo
]]></system-err>
  </testcase>
  <testcase name="testGetCategoria(String)[4]" classname="laptop.test.TestLaptop2" time="0.002">
    <system-err><![CDATA[ott 29, 2023 7:13:59 PM laptop.controller.ControllerPassword <init>
INFORMAZIONI: Costruttore ControllerPassword
ott 29, 2023 7:13:59 PM laptop.controller.ControllerRegistraUtente <init>
INFORMAZIONI: Costruttore ControllerRegistaUtente
ott 29, 2023 7:13:59 PM laptop.controller.ControllerRicercaPerTipo <init>
INFORMAZIONI: Costruttore ControllerRicercaPerTipo
ott 29, 2023 7:13:59 PM laptop.controller.ControllerVisualizzaProfilo <init>
INFORMAZIONI: Costruttore ControllerVisualizzaProfilo
]]></system-err>
  </testcase>
  <testcase name="testGetCategoria(String)[5]" classname="laptop.test.TestLaptop2" time="0.006">
    <system-err><![CDATA[ott 29, 2023 7:13:59 PM laptop.controller.ControllerPassword <init>
INFORMAZIONI: Costruttore ControllerPassword
ott 29, 2023 7:13:59 PM laptop.controller.ControllerRegistraUtente <init>
INFORMAZIONI: Costruttore ControllerRegistaUtente
ott 29, 2023 7:13:59 PM laptop.controller.ControllerRicercaPerTipo <init>
INFORMAZIONI: Costruttore ControllerRicercaPerTipo
ott 29, 2023 7:13:59 PM laptop.controller.ControllerVisualizzaProfilo <init>
INFORMAZIONI: Costruttore ControllerVisualizzaProfilo
]]></system-err>
  </testcase>
  <testcase name="testGetCategoria(String)[6]" classname="laptop.test.TestLaptop2" time="0.002">
    <system-err><![CDATA[ott 29, 2023 7:13:59 PM laptop.controller.ControllerPassword <init>
INFORMAZIONI: Costruttore ControllerPassword
ott 29, 2023 7:13:59 PM laptop.controller.ControllerRegistraUtente <init>
INFORMAZIONI: Costruttore ControllerRegistaUtente
ott 29, 2023 7:13:59 PM laptop.controller.ControllerRicercaPerTipo <init>
INFORMAZIONI: Costruttore ControllerRicercaPerTipo
ott 29, 2023 7:13:59 PM laptop.controller.ControllerVisualizzaProfilo <init>
INFORMAZIONI: Costruttore ControllerVisualizzaProfilo
]]></system-err>
  </testcase>
  <testcase name="testGetCategoria(String)[7]" classname="laptop.test.TestLaptop2" time="0.001">
    <system-err><![CDATA[ott 29, 2023 7:13:59 PM laptop.controller.ControllerPassword <init>
INFORMAZIONI: Costruttore ControllerPassword
ott 29, 2023 7:13:59 PM laptop.controller.ControllerRegistraUtente <init>
INFORMAZIONI: Costruttore ControllerRegistaUtente
ott 29, 2023 7:13:59 PM laptop.controller.ControllerRicercaPerTipo <init>
INFORMAZIONI: Costruttore ControllerRicercaPerTipo
ott 29, 2023 7:13:59 PM laptop.controller.ControllerVisualizzaProfilo <init>
INFORMAZIONI: Costruttore ControllerVisualizzaProfilo
]]></system-err>
  </testcase>
  <testcase name="testGetCategoria(String)[8]" classname="laptop.test.TestLaptop2" time="0.001">
    <system-err><![CDATA[ott 29, 2023 7:13:59 PM laptop.controller.ControllerPassword <init>
INFORMAZIONI: Costruttore ControllerPassword
ott 29, 2023 7:13:59 PM laptop.controller.ControllerRegistraUtente <init>
INFORMAZIONI: Costruttore ControllerRegistaUtente
ott 29, 2023 7:13:59 PM laptop.controller.ControllerRicercaPerTipo <init>
INFORMAZIONI: Costruttore ControllerRicercaPerTipo
ott 29, 2023 7:13:59 PM laptop.controller.ControllerVisualizzaProfilo <init>
INFORMAZIONI: Costruttore ControllerVisualizzaProfilo
]]></system-err>
  </testcase>
  <testcase name="testGetDataG(int)[1]" classname="laptop.test.TestLaptop2" time="0.059">
    <system-err><![CDATA[ott 29, 2023 7:13:59 PM laptop.controller.ControllerPassword <init>
INFORMAZIONI: Costruttore ControllerPassword
ott 29, 2023 7:13:59 PM laptop.controller.ControllerRegistraUtente <init>
INFORMAZIONI: Costruttore ControllerRegistaUtente
ott 29, 2023 7:13:59 PM laptop.controller.ControllerRicercaPerTipo <init>
INFORMAZIONI: Costruttore ControllerRicercaPerTipo
ott 29, 2023 7:13:59 PM laptop.controller.ControllerVisualizzaProfilo <init>
INFORMAZIONI: Costruttore ControllerVisualizzaProfilo
ott 29, 2023 7:13:59 PM laptop.utilities.ConnToDb generalConnection
INFORMAZIONI: Tentativo di conessione al server..........\\n
ott 29, 2023 7:13:59 PM laptop.utilities.ConnToDb generalConnection
INFORMAZIONI: Connesso standard ........

]]></system-err>
  </testcase>
  <testcase name="testGetDataG(int)[2]" classname="laptop.test.TestLaptop2" time="0.04">
    <system-err><![CDATA[ott 29, 2023 7:13:59 PM laptop.controller.ControllerPassword <init>
INFORMAZIONI: Costruttore ControllerPassword
ott 29, 2023 7:13:59 PM laptop.controller.ControllerRegistraUtente <init>
INFORMAZIONI: Costruttore ControllerRegistaUtente
ott 29, 2023 7:13:59 PM laptop.controller.ControllerRicercaPerTipo <init>
INFORMAZIONI: Costruttore ControllerRicercaPerTipo
ott 29, 2023 7:13:59 PM laptop.controller.ControllerVisualizzaProfilo <init>
INFORMAZIONI: Costruttore ControllerVisualizzaProfilo
ott 29, 2023 7:13:59 PM laptop.utilities.ConnToDb generalConnection
INFORMAZIONI: Tentativo di conessione al server..........\\n
ott 29, 2023 7:13:59 PM laptop.utilities.ConnToDb generalConnection
INFORMAZIONI: Connesso standard ........

]]></system-err>
  </testcase>
  <testcase name="testGetDataG(int)[3]" classname="laptop.test.TestLaptop2" time="0.106">
    <system-err><![CDATA[ott 29, 2023 7:13:59 PM laptop.controller.ControllerPassword <init>
INFORMAZIONI: Costruttore ControllerPassword
ott 29, 2023 7:13:59 PM laptop.controller.ControllerRegistraUtente <init>
INFORMAZIONI: Costruttore ControllerRegistaUtente
ott 29, 2023 7:13:59 PM laptop.controller.ControllerRicercaPerTipo <init>
INFORMAZIONI: Costruttore ControllerRicercaPerTipo
ott 29, 2023 7:13:59 PM laptop.controller.ControllerVisualizzaProfilo <init>
INFORMAZIONI: Costruttore ControllerVisualizzaProfilo
ott 29, 2023 7:13:59 PM laptop.utilities.ConnToDb generalConnection
INFORMAZIONI: Tentativo di conessione al server..........\\n
ott 29, 2023 7:14:00 PM laptop.utilities.ConnToDb generalConnection
INFORMAZIONI: Connesso standard ........

]]></system-err>
  </testcase>
  <testcase name="testGetDataG(int)[4]" classname="laptop.test.TestLaptop2" time="0.041">
    <system-err><![CDATA[ott 29, 2023 7:14:00 PM laptop.controller.ControllerPassword <init>
INFORMAZIONI: Costruttore ControllerPassword
ott 29, 2023 7:14:00 PM laptop.controller.ControllerRegistraUtente <init>
INFORMAZIONI: Costruttore ControllerRegistaUtente
ott 29, 2023 7:14:00 PM laptop.controller.ControllerRicercaPerTipo <init>
INFORMAZIONI: Costruttore ControllerRicercaPerTipo
ott 29, 2023 7:14:00 PM laptop.controller.ControllerVisualizzaProfilo <init>
INFORMAZIONI: Costruttore ControllerVisualizzaProfilo
ott 29, 2023 7:14:00 PM laptop.utilities.ConnToDb generalConnection
INFORMAZIONI: Tentativo di conessione al server..........\\n
ott 29, 2023 7:14:00 PM laptop.utilities.ConnToDb generalConnection
INFORMAZIONI: Connesso standard ........

]]></system-err>
  </testcase>
  <testcase name="testGetDataG(int)[5]" classname="laptop.test.TestLaptop2" time="0.039">
    <system-err><![CDATA[ott 29, 2023 7:14:00 PM laptop.controller.ControllerPassword <init>
INFORMAZIONI: Costruttore ControllerPassword
ott 29, 2023 7:14:00 PM laptop.controller.ControllerRegistraUtente <init>
INFORMAZIONI: Costruttore ControllerRegistaUtente
ott 29, 2023 7:14:00 PM laptop.controller.ControllerRicercaPerTipo <init>
INFORMAZIONI: Costruttore ControllerRicercaPerTipo
ott 29, 2023 7:14:00 PM laptop.controller.ControllerVisualizzaProfilo <init>
INFORMAZIONI: Costruttore ControllerVisualizzaProfilo
ott 29, 2023 7:14:00 PM laptop.utilities.ConnToDb generalConnection
INFORMAZIONI: Tentativo di conessione al server..........\\n
ott 29, 2023 7:14:00 PM laptop.utilities.ConnToDb generalConnection
INFORMAZIONI: Connesso standard ........

]]></system-err>
  </testcase>
  <testcase name="testGetDataG(int)[6]" classname="laptop.test.TestLaptop2" time="0.045">
    <system-err><![CDATA[ott 29, 2023 7:14:00 PM laptop.controller.ControllerPassword <init>
INFORMAZIONI: Costruttore ControllerPassword
ott 29, 2023 7:14:00 PM laptop.controller.ControllerRegistraUtente <init>
INFORMAZIONI: Costruttore ControllerRegistaUtente
ott 29, 2023 7:14:00 PM laptop.controller.ControllerRicercaPerTipo <init>
INFORMAZIONI: Costruttore ControllerRicercaPerTipo
ott 29, 2023 7:14:00 PM laptop.controller.ControllerVisualizzaProfilo <init>
INFORMAZIONI: Costruttore ControllerVisualizzaProfilo
ott 29, 2023 7:14:00 PM laptop.utilities.ConnToDb generalConnection
INFORMAZIONI: Tentativo di conessione al server..........\\n
ott 29, 2023 7:14:00 PM laptop.utilities.ConnToDb generalConnection
INFORMAZIONI: Connesso standard ........

]]></system-err>
  </testcase>
  <testcase name="testGetDataL(int)[1]" classname="laptop.test.TestLaptop2" time="0.041">
    <system-err><![CDATA[ott 29, 2023 7:14:00 PM laptop.controller.ControllerPassword <init>
INFORMAZIONI: Costruttore ControllerPassword
ott 29, 2023 7:14:00 PM laptop.controller.ControllerRegistraUtente <init>
INFORMAZIONI: Costruttore ControllerRegistaUtente
ott 29, 2023 7:14:00 PM laptop.controller.ControllerRicercaPerTipo <init>
INFORMAZIONI: Costruttore ControllerRicercaPerTipo
ott 29, 2023 7:14:00 PM laptop.controller.ControllerVisualizzaProfilo <init>
INFORMAZIONI: Costruttore ControllerVisualizzaProfilo
ott 29, 2023 7:14:00 PM laptop.utilities.ConnToDb generalConnection
INFORMAZIONI: Tentativo di conessione al server..........\\n
ott 29, 2023 7:14:00 PM laptop.utilities.ConnToDb generalConnection
INFORMAZIONI: Connesso standard ........

]]></system-err>
  </testcase>
  <testcase name="testGetDataL(int)[2]" classname="laptop.test.TestLaptop2" time="0.036">
    <system-err><![CDATA[ott 29, 2023 7:14:00 PM laptop.controller.ControllerPassword <init>
INFORMAZIONI: Costruttore ControllerPassword
ott 29, 2023 7:14:00 PM laptop.controller.ControllerRegistraUtente <init>
INFORMAZIONI: Costruttore ControllerRegistaUtente
ott 29, 2023 7:14:00 PM laptop.controller.ControllerRicercaPerTipo <init>
INFORMAZIONI: Costruttore ControllerRicercaPerTipo
ott 29, 2023 7:14:00 PM laptop.controller.ControllerVisualizzaProfilo <init>
INFORMAZIONI: Costruttore ControllerVisualizzaProfilo
ott 29, 2023 7:14:00 PM laptop.utilities.ConnToDb generalConnection
INFORMAZIONI: Tentativo di conessione al server..........\\n
ott 29, 2023 7:14:00 PM laptop.utilities.ConnToDb generalConnection
INFORMAZIONI: Connesso standard ........

]]></system-err>
  </testcase>
  <testcase name="testGetDataL(int)[3]" classname="laptop.test.TestLaptop2" time="0.03">
    <system-err><![CDATA[ott 29, 2023 7:14:00 PM laptop.controller.ControllerPassword <init>
INFORMAZIONI: Costruttore ControllerPassword
ott 29, 2023 7:14:00 PM laptop.controller.ControllerRegistraUtente <init>
INFORMAZIONI: Costruttore ControllerRegistaUtente
ott 29, 2023 7:14:00 PM laptop.controller.ControllerRicercaPerTipo <init>
INFORMAZIONI: Costruttore ControllerRicercaPerTipo
ott 29, 2023 7:14:00 PM laptop.controller.ControllerVisualizzaProfilo <init>
INFORMAZIONI: Costruttore ControllerVisualizzaProfilo
ott 29, 2023 7:14:00 PM laptop.utilities.ConnToDb generalConnection
INFORMAZIONI: Tentativo di conessione al server..........\\n
ott 29, 2023 7:14:00 PM laptop.utilities.ConnToDb generalConnection
INFORMAZIONI: Connesso standard ........

]]></system-err>
  </testcase>
  <testcase name="testGetDataL(int)[4]" classname="laptop.test.TestLaptop2" time="0.036">
    <system-err><![CDATA[ott 29, 2023 7:14:00 PM laptop.controller.ControllerPassword <init>
INFORMAZIONI: Costruttore ControllerPassword
ott 29, 2023 7:14:00 PM laptop.controller.ControllerRegistraUtente <init>
INFORMAZIONI: Costruttore ControllerRegistaUtente
ott 29, 2023 7:14:00 PM laptop.controller.ControllerRicercaPerTipo <init>
INFORMAZIONI: Costruttore ControllerRicercaPerTipo
ott 29, 2023 7:14:00 PM laptop.controller.ControllerVisualizzaProfilo <init>
INFORMAZIONI: Costruttore ControllerVisualizzaProfilo
ott 29, 2023 7:14:00 PM laptop.utilities.ConnToDb generalConnection
INFORMAZIONI: Tentativo di conessione al server..........\\n
ott 29, 2023 7:14:00 PM laptop.utilities.ConnToDb generalConnection
INFORMAZIONI: Connesso standard ........

]]></system-err>
  </testcase>
  <testcase name="testGetDataL(int)[5]" classname="laptop.test.TestLaptop2" time="0.037">
    <system-err><![CDATA[ott 29, 2023 7:14:00 PM laptop.controller.ControllerPassword <init>
INFORMAZIONI: Costruttore ControllerPassword
ott 29, 2023 7:14:00 PM laptop.controller.ControllerRegistraUtente <init>
INFORMAZIONI: Costruttore ControllerRegistaUtente
ott 29, 2023 7:14:00 PM laptop.controller.ControllerRicercaPerTipo <init>
INFORMAZIONI: Costruttore ControllerRicercaPerTipo
ott 29, 2023 7:14:00 PM laptop.controller.ControllerVisualizzaProfilo <init>
INFORMAZIONI: Costruttore ControllerVisualizzaProfilo
ott 29, 2023 7:14:00 PM laptop.utilities.ConnToDb generalConnection
INFORMAZIONI: Tentativo di conessione al server..........\\n
ott 29, 2023 7:14:00 PM laptop.utilities.ConnToDb generalConnection
INFORMAZIONI: Connesso standard ........

]]></system-err>
  </testcase>
  <testcase name="testGetDataL(int)[6]" classname="laptop.test.TestLaptop2" time="0.046">
    <system-err><![CDATA[ott 29, 2023 7:14:00 PM laptop.controller.ControllerPassword <init>
INFORMAZIONI: Costruttore ControllerPassword
ott 29, 2023 7:14:00 PM laptop.controller.ControllerRegistraUtente <init>
INFORMAZIONI: Costruttore ControllerRegistaUtente
ott 29, 2023 7:14:00 PM laptop.controller.ControllerRicercaPerTipo <init>
INFORMAZIONI: Costruttore ControllerRicercaPerTipo
ott 29, 2023 7:14:00 PM laptop.controller.ControllerVisualizzaProfilo <init>
INFORMAZIONI: Costruttore ControllerVisualizzaProfilo
ott 29, 2023 7:14:00 PM laptop.utilities.ConnToDb generalConnection
INFORMAZIONI: Tentativo di conessione al server..........\\n
ott 29, 2023 7:14:00 PM laptop.utilities.ConnToDb generalConnection
INFORMAZIONI: Connesso standard ........

]]></system-err>
  </testcase>
  <testcase name="testGetDataL(int)[7]" classname="laptop.test.TestLaptop2" time="0.052">
    <system-err><![CDATA[ott 29, 2023 7:14:00 PM laptop.controller.ControllerPassword <init>
INFORMAZIONI: Costruttore ControllerPassword
ott 29, 2023 7:14:00 PM laptop.controller.ControllerRegistraUtente <init>
INFORMAZIONI: Costruttore ControllerRegistaUtente
ott 29, 2023 7:14:00 PM laptop.controller.ControllerRicercaPerTipo <init>
INFORMAZIONI: Costruttore ControllerRicercaPerTipo
ott 29, 2023 7:14:00 PM laptop.controller.ControllerVisualizzaProfilo <init>
INFORMAZIONI: Costruttore ControllerVisualizzaProfilo
ott 29, 2023 7:14:00 PM laptop.utilities.ConnToDb generalConnection
INFORMAZIONI: Tentativo di conessione al server..........\\n
ott 29, 2023 7:14:00 PM laptop.utilities.ConnToDb generalConnection
INFORMAZIONI: Connesso standard ........

]]></system-err>
  </testcase>
  <testcase name="testGetDataL(int)[8]" classname="laptop.test.TestLaptop2" time="0.03">
    <system-err><![CDATA[ott 29, 2023 7:14:00 PM laptop.controller.ControllerPassword <init>
INFORMAZIONI: Costruttore ControllerPassword
ott 29, 2023 7:14:00 PM laptop.controller.ControllerRegistraUtente <init>
INFORMAZIONI: Costruttore ControllerRegistaUtente
ott 29, 2023 7:14:00 PM laptop.controller.ControllerRicercaPerTipo <init>
INFORMAZIONI: Costruttore ControllerRicercaPerTipo
ott 29, 2023 7:14:00 PM laptop.controller.ControllerVisualizzaProfilo <init>
INFORMAZIONI: Costruttore ControllerVisualizzaProfilo
ott 29, 2023 7:14:00 PM laptop.utilities.ConnToDb generalConnection
INFORMAZIONI: Tentativo di conessione al server..........\\n
ott 29, 2023 7:14:00 PM laptop.utilities.ConnToDb generalConnection
INFORMAZIONI: Connesso standard ........

]]></system-err>
  </testcase>
  <testcase name="testGetDataL(int)[9]" classname="laptop.test.TestLaptop2" time="0.03">
    <system-err><![CDATA[ott 29, 2023 7:14:00 PM laptop.controller.ControllerPassword <init>
INFORMAZIONI: Costruttore ControllerPassword
ott 29, 2023 7:14:00 PM laptop.controller.ControllerRegistraUtente <init>
INFORMAZIONI: Costruttore ControllerRegistaUtente
ott 29, 2023 7:14:00 PM laptop.controller.ControllerRicercaPerTipo <init>
INFORMAZIONI: Costruttore ControllerRicercaPerTipo
ott 29, 2023 7:14:00 PM laptop.controller.ControllerVisualizzaProfilo <init>
INFORMAZIONI: Costruttore ControllerVisualizzaProfilo
ott 29, 2023 7:14:00 PM laptop.utilities.ConnToDb generalConnection
INFORMAZIONI: Tentativo di conessione al server..........\\n
ott 29, 2023 7:14:00 PM laptop.utilities.ConnToDb generalConnection
INFORMAZIONI: Connesso standard ........

]]></system-err>
  </testcase>
  <testcase name="testGetDataL(int)[10]" classname="laptop.test.TestLaptop2" time="0.031">
    <system-err><![CDATA[ott 29, 2023 7:14:00 PM laptop.controller.ControllerPassword <init>
INFORMAZIONI: Costruttore ControllerPassword
ott 29, 2023 7:14:00 PM laptop.controller.ControllerRegistraUtente <init>
INFORMAZIONI: Costruttore ControllerRegistaUtente
ott 29, 2023 7:14:00 PM laptop.controller.ControllerRicercaPerTipo <init>
INFORMAZIONI: Costruttore ControllerRicercaPerTipo
ott 29, 2023 7:14:00 PM laptop.controller.ControllerVisualizzaProfilo <init>
INFORMAZIONI: Costruttore ControllerVisualizzaProfilo
ott 29, 2023 7:14:00 PM laptop.utilities.ConnToDb generalConnection
INFORMAZIONI: Tentativo di conessione al server..........\\n
ott 29, 2023 7:14:00 PM laptop.utilities.ConnToDb generalConnection
INFORMAZIONI: Connesso standard ........

]]></system-err>
  </testcase>
  <testcase name="testGetDataR(int)[1]" classname="laptop.test.TestLaptop2" time="0.037">
    <system-err><![CDATA[ott 29, 2023 7:14:00 PM laptop.controller.ControllerPassword <init>
INFORMAZIONI: Costruttore ControllerPassword
ott 29, 2023 7:14:00 PM laptop.controller.ControllerRegistraUtente <init>
INFORMAZIONI: Costruttore ControllerRegistaUtente
ott 29, 2023 7:14:00 PM laptop.controller.ControllerRicercaPerTipo <init>
INFORMAZIONI: Costruttore ControllerRicercaPerTipo
ott 29, 2023 7:14:00 PM laptop.controller.ControllerVisualizzaProfilo <init>
INFORMAZIONI: Costruttore ControllerVisualizzaProfilo
ott 29, 2023 7:14:00 PM laptop.utilities.ConnToDb generalConnection
INFORMAZIONI: Tentativo di conessione al server..........\\n
ott 29, 2023 7:14:00 PM laptop.utilities.ConnToDb generalConnection
INFORMAZIONI: Connesso standard ........

]]></system-err>
  </testcase>
  <testcase name="testGetDataR(int)[2]" classname="laptop.test.TestLaptop2" time="0.064">
    <system-err><![CDATA[ott 29, 2023 7:14:00 PM laptop.controller.ControllerPassword <init>
INFORMAZIONI: Costruttore ControllerPassword
ott 29, 2023 7:14:00 PM laptop.controller.ControllerRegistraUtente <init>
INFORMAZIONI: Costruttore ControllerRegistaUtente
ott 29, 2023 7:14:00 PM laptop.controller.ControllerRicercaPerTipo <init>
INFORMAZIONI: Costruttore ControllerRicercaPerTipo
ott 29, 2023 7:14:00 PM laptop.controller.ControllerVisualizzaProfilo <init>
INFORMAZIONI: Costruttore ControllerVisualizzaProfilo
ott 29, 2023 7:14:00 PM laptop.utilities.ConnToDb generalConnection
INFORMAZIONI: Tentativo di conessione al server..........\\n
ott 29, 2023 7:14:00 PM laptop.utilities.ConnToDb generalConnection
INFORMAZIONI: Connesso standard ........

]]></system-err>
  </testcase>
  <testcase name="testGetDataR(int)[3]" classname="laptop.test.TestLaptop2" time="0.065">
    <system-err><![CDATA[ott 29, 2023 7:14:00 PM laptop.controller.ControllerPassword <init>
INFORMAZIONI: Costruttore ControllerPassword
ott 29, 2023 7:14:00 PM laptop.controller.ControllerRegistraUtente <init>
INFORMAZIONI: Costruttore ControllerRegistaUtente
ott 29, 2023 7:14:00 PM laptop.controller.ControllerRicercaPerTipo <init>
INFORMAZIONI: Costruttore ControllerRicercaPerTipo
ott 29, 2023 7:14:00 PM laptop.controller.ControllerVisualizzaProfilo <init>
INFORMAZIONI: Costruttore ControllerVisualizzaProfilo
ott 29, 2023 7:14:00 PM laptop.utilities.ConnToDb generalConnection
INFORMAZIONI: Tentativo di conessione al server..........\\n
ott 29, 2023 7:14:00 PM laptop.utilities.ConnToDb generalConnection
INFORMAZIONI: Connesso standard ........

]]></system-err>
  </testcase>
  <testcase name="testGetDataR(int)[4]" classname="laptop.test.TestLaptop2" time="0.039">
    <system-err><![CDATA[ott 29, 2023 7:14:00 PM laptop.controller.ControllerPassword <init>
INFORMAZIONI: Costruttore ControllerPassword
ott 29, 2023 7:14:00 PM laptop.controller.ControllerRegistraUtente <init>
INFORMAZIONI: Costruttore ControllerRegistaUtente
ott 29, 2023 7:14:00 PM laptop.controller.ControllerRicercaPerTipo <init>
INFORMAZIONI: Costruttore ControllerRicercaPerTipo
ott 29, 2023 7:14:00 PM laptop.controller.ControllerVisualizzaProfilo <init>
INFORMAZIONI: Costruttore ControllerVisualizzaProfilo
ott 29, 2023 7:14:00 PM laptop.utilities.ConnToDb generalConnection
INFORMAZIONI: Tentativo di conessione al server..........\\n
ott 29, 2023 7:14:00 PM laptop.utilities.ConnToDb generalConnection
INFORMAZIONI: Connesso standard ........

]]></system-err>
  </testcase>
  <testcase name="testGetDataR(int)[5]" classname="laptop.test.TestLaptop2" time="0.032">
    <system-err><![CDATA[ott 29, 2023 7:14:00 PM laptop.controller.ControllerPassword <init>
INFORMAZIONI: Costruttore ControllerPassword
ott 29, 2023 7:14:00 PM laptop.controller.ControllerRegistraUtente <init>
INFORMAZIONI: Costruttore ControllerRegistaUtente
ott 29, 2023 7:14:00 PM laptop.controller.ControllerRicercaPerTipo <init>
INFORMAZIONI: Costruttore ControllerRicercaPerTipo
ott 29, 2023 7:14:00 PM laptop.controller.ControllerVisualizzaProfilo <init>
INFORMAZIONI: Costruttore ControllerVisualizzaProfilo
ott 29, 2023 7:14:00 PM laptop.utilities.ConnToDb generalConnection
INFORMAZIONI: Tentativo di conessione al server..........\\n
ott 29, 2023 7:14:00 PM laptop.utilities.ConnToDb generalConnection
INFORMAZIONI: Connesso standard ........

]]></system-err>
  </testcase>
  <testcase name="testGetEsito" classname="laptop.test.TestLaptop2" time="0.003">
    <system-err><![CDATA[ott 29, 2023 7:14:00 PM laptop.controller.ControllerPassword <init>
INFORMAZIONI: Costruttore ControllerPassword
ott 29, 2023 7:14:00 PM laptop.controller.ControllerRegistraUtente <init>
INFORMAZIONI: Costruttore ControllerRegistaUtente
ott 29, 2023 7:14:00 PM laptop.controller.ControllerRicercaPerTipo <init>
INFORMAZIONI: Costruttore ControllerRicercaPerTipo
ott 29, 2023 7:14:00 PM laptop.controller.ControllerVisualizzaProfilo <init>
INFORMAZIONI: Costruttore ControllerVisualizzaProfilo
]]></system-err>
  </testcase>
  <testcase name="testGetNomeN" classname="laptop.test.TestLaptop2" time="0.008">
    <system-err><![CDATA[ott 29, 2023 7:14:00 PM laptop.controller.ControllerPassword <init>
INFORMAZIONI: Costruttore ControllerPassword
ott 29, 2023 7:14:00 PM laptop.controller.ControllerRegistraUtente <init>
INFORMAZIONI: Costruttore ControllerRegistaUtente
ott 29, 2023 7:14:00 PM laptop.controller.ControllerRicercaPerTipo <init>
INFORMAZIONI: Costruttore ControllerRicercaPerTipo
ott 29, 2023 7:14:00 PM laptop.controller.ControllerVisualizzaProfilo <init>
INFORMAZIONI: Costruttore ControllerVisualizzaProfilo
]]></system-err>
  </testcase>
  <testcase name="testGetCredenziali" classname="laptop.test.TestLaptop2" time="0.04">
    <system-err><![CDATA[ott 29, 2023 7:14:00 PM laptop.controller.ControllerPassword <init>
INFORMAZIONI: Costruttore ControllerPassword
ott 29, 2023 7:14:00 PM laptop.controller.ControllerRegistraUtente <init>
INFORMAZIONI: Costruttore ControllerRegistaUtente
ott 29, 2023 7:14:00 PM laptop.controller.ControllerRicercaPerTipo <init>
INFORMAZIONI: Costruttore ControllerRicercaPerTipo
ott 29, 2023 7:14:00 PM laptop.controller.ControllerVisualizzaProfilo <init>
INFORMAZIONI: Costruttore ControllerVisualizzaProfilo
ott 29, 2023 7:14:00 PM laptop.utilities.ConnToDb generalConnection
INFORMAZIONI: Tentativo di conessione al server..........\\n
ott 29, 2023 7:14:00 PM laptop.utilities.ConnToDb generalConnection
INFORMAZIONI: Connesso standard ........

ott 29, 2023 7:14:00 PM laptop.database.UsersDao pickData
INFORMAZIONI: errore in mysql :
]]></system-err>
  </testcase>
  <testcase name="testGetEditore" classname="laptop.test.TestLaptop2" time="0.002">
    <system-err><![CDATA[ott 29, 2023 7:14:00 PM laptop.controller.ControllerPassword <init>
INFORMAZIONI: Costruttore ControllerPassword
ott 29, 2023 7:14:00 PM laptop.controller.ControllerRegistraUtente <init>
INFORMAZIONI: Costruttore ControllerRegistaUtente
ott 29, 2023 7:14:00 PM laptop.controller.ControllerRicercaPerTipo <init>
INFORMAZIONI: Costruttore ControllerRicercaPerTipo
ott 29, 2023 7:14:00 PM laptop.controller.ControllerVisualizzaProfilo <init>
INFORMAZIONI: Costruttore ControllerVisualizzaProfilo
]]></system-err>
  </testcase>
  <testcase name="testGetIdOggetto" classname="laptop.test.TestLaptop2" time="0.005">
    <system-err><![CDATA[ott 29, 2023 7:14:00 PM laptop.controller.ControllerPassword <init>
INFORMAZIONI: Costruttore ControllerPassword
ott 29, 2023 7:14:00 PM laptop.controller.ControllerRegistraUtente <init>
INFORMAZIONI: Costruttore ControllerRegistaUtente
ott 29, 2023 7:14:00 PM laptop.controller.ControllerRicercaPerTipo <init>
INFORMAZIONI: Costruttore ControllerRicercaPerTipo
ott 29, 2023 7:14:00 PM laptop.controller.ControllerVisualizzaProfilo <init>
INFORMAZIONI: Costruttore ControllerVisualizzaProfilo
]]></system-err>
  </testcase>
  <testcase name="testAggiungiCartaDBG" classname="laptop.test.TestLaptop2" time="0.408">
    <system-err><![CDATA[ott 29, 2023 7:14:01 PM laptop.controller.ControllerPassword <init>
INFORMAZIONI: Costruttore ControllerPassword
ott 29, 2023 7:14:01 PM laptop.controller.ControllerRegistraUtente <init>
INFORMAZIONI: Costruttore ControllerRegistaUtente
ott 29, 2023 7:14:01 PM laptop.controller.ControllerRicercaPerTipo <init>
INFORMAZIONI: Costruttore ControllerRicercaPerTipo
ott 29, 2023 7:14:01 PM laptop.controller.ControllerVisualizzaProfilo <init>
INFORMAZIONI: Costruttore ControllerVisualizzaProfilo
ott 29, 2023 7:14:01 PM laptop.utilities.ConnToDb generalConnection
INFORMAZIONI: Tentativo di conessione al server..........\\n
ott 29, 2023 7:14:01 PM laptop.utilities.ConnToDb generalConnection
INFORMAZIONI: Connesso standard ........

ott 29, 2023 7:14:01 PM laptop.utilities.ConnToDb generalConnection
INFORMAZIONI: Tentativo di conessione al server..........\\n
ott 29, 2023 7:14:01 PM laptop.utilities.ConnToDb generalConnection
INFORMAZIONI: Connesso standard ........

ott 29, 2023 7:14:01 PM laptop.utilities.ConnToDb generalConnection
INFORMAZIONI: Tentativo di conessione al server..........\\n
ott 29, 2023 7:14:01 PM laptop.utilities.ConnToDb generalConnection
INFORMAZIONI: Connesso standard ........

ott 29, 2023 7:14:01 PM laptop.utilities.ConnToDb generalConnection
INFORMAZIONI: Tentativo di conessione al server..........\\n
ott 29, 2023 7:14:01 PM laptop.utilities.ConnToDb generalConnection
INFORMAZIONI: Connesso standard ........

]]></system-err>
  </testcase>
  <testcase name="testAggiungiCartaDBL" classname="laptop.test.TestLaptop2" time="0.515">
    <system-err><![CDATA[ott 29, 2023 7:14:01 PM laptop.controller.ControllerPassword <init>
INFORMAZIONI: Costruttore ControllerPassword
ott 29, 2023 7:14:01 PM laptop.controller.ControllerRegistraUtente <init>
INFORMAZIONI: Costruttore ControllerRegistaUtente
ott 29, 2023 7:14:01 PM laptop.controller.ControllerRicercaPerTipo <init>
INFORMAZIONI: Costruttore ControllerRicercaPerTipo
ott 29, 2023 7:14:01 PM laptop.controller.ControllerVisualizzaProfilo <init>
INFORMAZIONI: Costruttore ControllerVisualizzaProfilo
ott 29, 2023 7:14:01 PM laptop.utilities.ConnToDb generalConnection
INFORMAZIONI: Tentativo di conessione al server..........\\n
ott 29, 2023 7:14:01 PM laptop.utilities.ConnToDb generalConnection
INFORMAZIONI: Connesso standard ........

ott 29, 2023 7:14:01 PM laptop.utilities.ConnToDb generalConnection
INFORMAZIONI: Tentativo di conessione al server..........\\n
ott 29, 2023 7:14:01 PM laptop.utilities.ConnToDb generalConnection
INFORMAZIONI: Connesso standard ........

ott 29, 2023 7:14:01 PM laptop.utilities.ConnToDb generalConnection
INFORMAZIONI: Tentativo di conessione al server..........\\n
ott 29, 2023 7:14:01 PM laptop.utilities.ConnToDb generalConnection
INFORMAZIONI: Connesso standard ........

ott 29, 2023 7:14:01 PM laptop.utilities.ConnToDb generalConnection
INFORMAZIONI: Tentativo di conessione al server..........\\n
ott 29, 2023 7:14:01 PM laptop.utilities.ConnToDb generalConnection
INFORMAZIONI: Connesso standard ........

]]></system-err>
  </testcase>
  <testcase name="testAggiungiCartaDBR" classname="laptop.test.TestLaptop2" time="0.928">
    <system-err><![CDATA[ott 29, 2023 7:14:01 PM laptop.controller.ControllerPassword <init>
INFORMAZIONI: Costruttore ControllerPassword
ott 29, 2023 7:14:01 PM laptop.controller.ControllerRegistraUtente <init>
INFORMAZIONI: Costruttore ControllerRegistaUtente
ott 29, 2023 7:14:01 PM laptop.controller.ControllerRicercaPerTipo <init>
INFORMAZIONI: Costruttore ControllerRicercaPerTipo
ott 29, 2023 7:14:01 PM laptop.controller.ControllerVisualizzaProfilo <init>
INFORMAZIONI: Costruttore ControllerVisualizzaProfilo
ott 29, 2023 7:14:01 PM laptop.utilities.ConnToDb generalConnection
INFORMAZIONI: Tentativo di conessione al server..........\\n
ott 29, 2023 7:14:01 PM laptop.utilities.ConnToDb generalConnection
INFORMAZIONI: Connesso standard ........

ott 29, 2023 7:14:02 PM laptop.utilities.ConnToDb generalConnection
INFORMAZIONI: Tentativo di conessione al server..........\\n
ott 29, 2023 7:14:02 PM laptop.utilities.ConnToDb generalConnection
INFORMAZIONI: Connesso standard ........

ott 29, 2023 7:14:02 PM laptop.utilities.ConnToDb generalConnection
INFORMAZIONI: Tentativo di conessione al server..........\\n
ott 29, 2023 7:14:02 PM laptop.utilities.ConnToDb generalConnection
INFORMAZIONI: Connesso standard ........

ott 29, 2023 7:14:02 PM laptop.utilities.ConnToDb generalConnection
INFORMAZIONI: Tentativo di conessione al server..........\\n
ott 29, 2023 7:14:02 PM laptop.utilities.ConnToDb generalConnection
INFORMAZIONI: Connesso standard ........

]]></system-err>
  </testcase>
  <testcase name="testCheckTempUser(String)[1]" classname="laptop.test.TestLaptop2" time="0.044">
    <system-err><![CDATA[ott 29, 2023 7:14:02 PM laptop.controller.ControllerPassword <init>
INFORMAZIONI: Costruttore ControllerPassword
ott 29, 2023 7:14:02 PM laptop.controller.ControllerRegistraUtente <init>
INFORMAZIONI: Costruttore ControllerRegistaUtente
ott 29, 2023 7:14:02 PM laptop.controller.ControllerRicercaPerTipo <init>
INFORMAZIONI: Costruttore ControllerRicercaPerTipo
ott 29, 2023 7:14:02 PM laptop.controller.ControllerVisualizzaProfilo <init>
INFORMAZIONI: Costruttore ControllerVisualizzaProfilo
ott 29, 2023 7:14:02 PM laptop.utilities.ConnToDb generalConnection
INFORMAZIONI: Tentativo di conessione al server..........\\n
ott 29, 2023 7:14:02 PM laptop.utilities.ConnToDb generalConnection
INFORMAZIONI: Connesso standard ........

ott 29, 2023 7:14:02 PM laptop.database.UsersDao checkTempUser
INFORMAZIONI: errore in mysql :
java.sql.SQLException: Column 'idUser' not found.
	at com.mysql.cj.jdbc.exceptions.SQLError.createSQLException(SQLError.java:129)
	at com.mysql.cj.jdbc.exceptions.SQLError.createSQLException(SQLError.java:97)
	at com.mysql.cj.jdbc.exceptions.SQLError.createSQLException(SQLError.java:89)
	at com.mysql.cj.jdbc.exceptions.SQLError.createSQLException(SQLError.java:63)
	at com.mysql.cj.jdbc.result.ResultSetImpl.findColumn(ResultSetImpl.java:584)
	at com.mysql.cj.jdbc.result.ResultSetImpl.getInt(ResultSetImpl.java:851)
	at laptop.database.UsersDao.checkTempUser(UsersDao.java:179)
	at laptop.test.TestLaptop2.testCheckTempUser(TestLaptop2.java:284)
	at java.base/jdk.internal.reflect.NativeMethodAccessorImpl.invoke0(Native Method)
	at java.base/jdk.internal.reflect.NativeMethodAccessorImpl.invoke(NativeMethodAccessorImpl.java:77)
	at java.base/jdk.internal.reflect.DelegatingMethodAccessorImpl.invoke(DelegatingMethodAccessorImpl.java:43)
	at java.base/java.lang.reflect.Method.invoke(Method.java:568)
	at org.junit.platform.commons.util.ReflectionUtils.invokeMethod(ReflectionUtils.java:727)
	at org.junit.jupiter.engine.execution.MethodInvocation.proceed(MethodInvocation.java:60)
	at org.junit.jupiter.engine.execution.InvocationInterceptorChain$ValidatingInvocation.proceed(InvocationInterceptorChain.java:131)
	at org.junit.jupiter.engine.extension.TimeoutExtension.intercept(TimeoutExtension.java:156)
	at org.junit.jupiter.engine.extension.TimeoutExtension.interceptTestableMethod(TimeoutExtension.java:147)
	at org.junit.jupiter.engine.extension.TimeoutExtension.interceptTestTemplateMethod(TimeoutExtension.java:94)
	at org.junit.jupiter.engine.execution.InterceptingExecutableInvoker$ReflectiveInterceptorCall.lambda$ofVoidMethod$0(InterceptingExecutableInvoker.java:103)
	at org.junit.jupiter.engine.execution.InterceptingExecutableInvoker.lambda$invoke$0(InterceptingExecutableInvoker.java:93)
	at org.junit.jupiter.engine.execution.InvocationInterceptorChain$InterceptedInvocation.proceed(InvocationInterceptorChain.java:106)
	at org.junit.jupiter.engine.execution.InvocationInterceptorChain.proceed(InvocationInterceptorChain.java:64)
	at org.junit.jupiter.engine.execution.InvocationInterceptorChain.chainAndInvoke(InvocationInterceptorChain.java:45)
	at org.junit.jupiter.engine.execution.InvocationInterceptorChain.invoke(InvocationInterceptorChain.java:37)
	at org.junit.jupiter.engine.execution.InterceptingExecutableInvoker.invoke(InterceptingExecutableInvoker.java:92)
	at org.junit.jupiter.engine.execution.InterceptingExecutableInvoker.invoke(InterceptingExecutableInvoker.java:86)
	at org.junit.jupiter.engine.descriptor.TestMethodTestDescriptor.lambda$invokeTestMethod$7(TestMethodTestDescriptor.java:217)
	at org.junit.platform.engine.support.hierarchical.ThrowableCollector.execute(ThrowableCollector.java:73)
	at org.junit.jupiter.engine.descriptor.TestMethodTestDescriptor.invokeTestMethod(TestMethodTestDescriptor.java:213)
	at org.junit.jupiter.engine.descriptor.TestMethodTestDescriptor.execute(TestMethodTestDescriptor.java:138)
	at org.junit.jupiter.engine.descriptor.TestMethodTestDescriptor.execute(TestMethodTestDescriptor.java:68)
	at org.junit.platform.engine.support.hierarchical.NodeTestTask.lambda$executeRecursively$6(NodeTestTask.java:151)
	at org.junit.platform.engine.support.hierarchical.ThrowableCollector.execute(ThrowableCollector.java:73)
	at org.junit.platform.engine.support.hierarchical.NodeTestTask.lambda$executeRecursively$8(NodeTestTask.java:141)
	at org.junit.platform.engine.support.hierarchical.Node.around(Node.java:137)
	at org.junit.platform.engine.support.hierarchical.NodeTestTask.lambda$executeRecursively$9(NodeTestTask.java:139)
	at org.junit.platform.engine.support.hierarchical.ThrowableCollector.execute(ThrowableCollector.java:73)
	at org.junit.platform.engine.support.hierarchical.NodeTestTask.executeRecursively(NodeTestTask.java:138)
	at org.junit.platform.engine.support.hierarchical.NodeTestTask.execute(NodeTestTask.java:95)
	at org.junit.platform.engine.support.hierarchical.SameThreadHierarchicalTestExecutorService.submit(SameThreadHierarchicalTestExecutorService.java:35)
	at org.junit.platform.engine.support.hierarchical.NodeTestTask$DefaultDynamicTestExecutor.execute(NodeTestTask.java:226)
	at org.junit.platform.engine.support.hierarchical.NodeTestTask$DefaultDynamicTestExecutor.execute(NodeTestTask.java:204)
	at org.junit.jupiter.engine.descriptor.TestTemplateTestDescriptor.execute(TestTemplateTestDescriptor.java:142)
	at org.junit.jupiter.engine.descriptor.TestTemplateTestDescriptor.lambda$execute$2(TestTemplateTestDescriptor.java:110)
	at java.base/java.util.stream.ForEachOps$ForEachOp$OfRef.accept(ForEachOps.java:183)
	at java.base/java.util.stream.ReferencePipeline$3$1.accept(ReferencePipeline.java:197)
	at java.base/java.util.stream.ReferencePipeline$2$1.accept(ReferencePipeline.java:179)
	at java.base/java.util.stream.ReferencePipeline$3$1.accept(ReferencePipeline.java:197)
	at java.base/java.util.stream.ForEachOps$ForEachOp$OfRef.accept(ForEachOps.java:183)
	at java.base/java.util.stream.ReferencePipeline$3$1.accept(ReferencePipeline.java:197)
	at java.base/java.util.stream.ReferencePipeline$3$1.accept(ReferencePipeline.java:197)
	at java.base/java.util.stream.ReferencePipeline$3$1.accept(ReferencePipeline.java:197)
	at java.base/java.util.stream.ForEachOps$ForEachOp$OfRef.accept(ForEachOps.java:183)
	at java.base/java.util.stream.ReferencePipeline$3$1.accept(ReferencePipeline.java:197)
	at java.base/java.util.Spliterators$ArraySpliterator.forEachRemaining(Spliterators.java:992)
	at java.base/java.util.stream.AbstractPipeline.copyInto(AbstractPipeline.java:509)
	at java.base/java.util.stream.AbstractPipeline.wrapAndCopyInto(AbstractPipeline.java:499)
	at java.base/java.util.stream.ForEachOps$ForEachOp.evaluateSequential(ForEachOps.java:150)
	at java.base/java.util.stream.ForEachOps$ForEachOp$OfRef.evaluateSequential(ForEachOps.java:173)
	at java.base/java.util.stream.AbstractPipeline.evaluate(AbstractPipeline.java:234)
	at java.base/java.util.stream.ReferencePipeline.forEach(ReferencePipeline.java:596)
	at java.base/java.util.stream.ReferencePipeline$7$1.accept(ReferencePipeline.java:276)
	at java.base/java.util.stream.ReferencePipeline$3$1.accept(ReferencePipeline.java:197)
	at java.base/java.util.stream.ReferencePipeline$3$1.accept(ReferencePipeline.java:197)
	at java.base/java.util.stream.ReferencePipeline$3$1.accept(ReferencePipeline.java:197)
	at java.base/java.util.ArrayList$ArrayListSpliterator.forEachRemaining(ArrayList.java:1625)
	at java.base/java.util.stream.AbstractPipeline.copyInto(AbstractPipeline.java:509)
	at java.base/java.util.stream.AbstractPipeline.wrapAndCopyInto(AbstractPipeline.java:499)
	at java.base/java.util.stream.ForEachOps$ForEachOp.evaluateSequential(ForEachOps.java:150)
	at java.base/java.util.stream.ForEachOps$ForEachOp$OfRef.evaluateSequential(ForEachOps.java:173)
	at java.base/java.util.stream.AbstractPipeline.evaluate(AbstractPipeline.java:234)
	at java.base/java.util.stream.ReferencePipeline.forEach(ReferencePipeline.java:596)
	at java.base/java.util.stream.ReferencePipeline$7$1.accept(ReferencePipeline.java:276)
	at java.base/java.util.ArrayList$ArrayListSpliterator.forEachRemaining(ArrayList.java:1625)
	at java.base/java.util.stream.AbstractPipeline.copyInto(AbstractPipeline.java:509)
	at java.base/java.util.stream.AbstractPipeline.wrapAndCopyInto(AbstractPipeline.java:499)
	at java.base/java.util.stream.ForEachOps$ForEachOp.evaluateSequential(ForEachOps.java:150)
	at java.base/java.util.stream.ForEachOps$ForEachOp$OfRef.evaluateSequential(ForEachOps.java:173)
	at java.base/java.util.stream.AbstractPipeline.evaluate(AbstractPipeline.java:234)
	at java.base/java.util.stream.ReferencePipeline.forEach(ReferencePipeline.java:596)
	at org.junit.jupiter.engine.descriptor.TestTemplateTestDescriptor.execute(TestTemplateTestDescriptor.java:110)
	at org.junit.jupiter.engine.descriptor.TestTemplateTestDescriptor.execute(TestTemplateTestDescriptor.java:44)
	at org.junit.platform.engine.support.hierarchical.NodeTestTask.lambda$executeRecursively$6(NodeTestTask.java:151)
	at org.junit.platform.engine.support.hierarchical.ThrowableCollector.execute(ThrowableCollector.java:73)
	at org.junit.platform.engine.support.hierarchical.NodeTestTask.lambda$executeRecursively$8(NodeTestTask.java:141)
	at org.junit.platform.engine.support.hierarchical.Node.around(Node.java:137)
	at org.junit.platform.engine.support.hierarchical.NodeTestTask.lambda$executeRecursively$9(NodeTestTask.java:139)
	at org.junit.platform.engine.support.hierarchical.ThrowableCollector.execute(ThrowableCollector.java:73)
	at org.junit.platform.engine.support.hierarchical.NodeTestTask.executeRecursively(NodeTestTask.java:138)
	at org.junit.platform.engine.support.hierarchical.NodeTestTask.execute(NodeTestTask.java:95)
	at java.base/java.util.ArrayList.forEach(ArrayList.java:1511)
	at org.junit.platform.engine.support.hierarchical.SameThreadHierarchicalTestExecutorService.invokeAll(SameThreadHierarchicalTestExecutorService.java:41)
	at org.junit.platform.engine.support.hierarchical.NodeTestTask.lambda$executeRecursively$6(NodeTestTask.java:155)
	at org.junit.platform.engine.support.hierarchical.ThrowableCollector.execute(ThrowableCollector.java:73)
	at org.junit.platform.engine.support.hierarchical.NodeTestTask.lambda$executeRecursively$8(NodeTestTask.java:141)
	at org.junit.platform.engine.support.hierarchical.Node.around(Node.java:137)
	at org.junit.platform.engine.support.hierarchical.NodeTestTask.lambda$executeRecursively$9(NodeTestTask.java:139)
	at org.junit.platform.engine.support.hierarchical.ThrowableCollector.execute(ThrowableCollector.java:73)
	at org.junit.platform.engine.support.hierarchical.NodeTestTask.executeRecursively(NodeTestTask.java:138)
	at org.junit.platform.engine.support.hierarchical.NodeTestTask.execute(NodeTestTask.java:95)
	at java.base/java.util.ArrayList.forEach(ArrayList.java:1511)
	at org.junit.platform.engine.support.hierarchical.SameThreadHierarchicalTestExecutorService.invokeAll(SameThreadHierarchicalTestExecutorService.java:41)
	at org.junit.platform.engine.support.hierarchical.NodeTestTask.lambda$executeRecursively$6(NodeTestTask.java:155)
	at org.junit.platform.engine.support.hierarchical.ThrowableCollector.execute(ThrowableCollector.java:73)
	at org.junit.platform.engine.support.hierarchical.NodeTestTask.lambda$executeRecursively$8(NodeTestTask.java:141)
	at org.junit.platform.engine.support.hierarchical.Node.around(Node.java:137)
	at org.junit.platform.engine.support.hierarchical.NodeTestTask.lambda$executeRecursively$9(NodeTestTask.java:139)
	at org.junit.platform.engine.support.hierarchical.ThrowableCollector.execute(ThrowableCollector.java:73)
	at org.junit.platform.engine.support.hierarchical.NodeTestTask.executeRecursively(NodeTestTask.java:138)
	at org.junit.platform.engine.support.hierarchical.NodeTestTask.execute(NodeTestTask.java:95)
	at org.junit.platform.engine.support.hierarchical.SameThreadHierarchicalTestExecutorService.submit(SameThreadHierarchicalTestExecutorService.java:35)
	at org.junit.platform.engine.support.hierarchical.HierarchicalTestExecutor.execute(HierarchicalTestExecutor.java:57)
	at org.junit.platform.engine.support.hierarchical.HierarchicalTestEngine.execute(HierarchicalTestEngine.java:54)
	at org.junit.platform.launcher.core.EngineExecutionOrchestrator.execute(EngineExecutionOrchestrator.java:147)
	at org.junit.platform.launcher.core.EngineExecutionOrchestrator.execute(EngineExecutionOrchestrator.java:127)
	at org.junit.platform.launcher.core.EngineExecutionOrchestrator.execute(EngineExecutionOrchestrator.java:90)
	at org.junit.platform.launcher.core.EngineExecutionOrchestrator.lambda$execute$0(EngineExecutionOrchestrator.java:55)
	at org.junit.platform.launcher.core.EngineExecutionOrchestrator.withInterceptedStreams(EngineExecutionOrchestrator.java:102)
	at org.junit.platform.launcher.core.EngineExecutionOrchestrator.execute(EngineExecutionOrchestrator.java:54)
	at org.junit.platform.launcher.core.DefaultLauncher.execute(DefaultLauncher.java:114)
	at org.junit.platform.launcher.core.DefaultLauncher.execute(DefaultLauncher.java:86)
	at org.junit.platform.launcher.core.DefaultLauncherSession$DelegatingLauncher.execute(DefaultLauncherSession.java:86)
	at org.junit.platform.launcher.core.SessionPerRequestLauncher.execute(SessionPerRequestLauncher.java:53)
	at org.apache.maven.surefire.junitplatform.JUnitPlatformProvider.execute(JUnitPlatformProvider.java:188)
	at org.apache.maven.surefire.junitplatform.JUnitPlatformProvider.invokeAllTests(JUnitPlatformProvider.java:154)
	at org.apache.maven.surefire.junitplatform.JUnitPlatformProvider.invoke(JUnitPlatformProvider.java:128)
	at org.apache.maven.surefire.booter.ForkedBooter.runSuitesInProcess(ForkedBooter.java:428)
	at org.apache.maven.surefire.booter.ForkedBooter.execute(ForkedBooter.java:162)
	at org.apache.maven.surefire.booter.ForkedBooter.run(ForkedBooter.java:562)
	at org.apache.maven.surefire.booter.ForkedBooter.main(ForkedBooter.java:548)

]]></system-err>
  </testcase>
  <testcase name="testCheckTempUser(String)[2]" classname="laptop.test.TestLaptop2" time="0.028">
    <system-err><![CDATA[ott 29, 2023 7:14:02 PM laptop.controller.ControllerPassword <init>
INFORMAZIONI: Costruttore ControllerPassword
ott 29, 2023 7:14:02 PM laptop.controller.ControllerRegistraUtente <init>
INFORMAZIONI: Costruttore ControllerRegistaUtente
ott 29, 2023 7:14:02 PM laptop.controller.ControllerRicercaPerTipo <init>
INFORMAZIONI: Costruttore ControllerRicercaPerTipo
ott 29, 2023 7:14:02 PM laptop.controller.ControllerVisualizzaProfilo <init>
INFORMAZIONI: Costruttore ControllerVisualizzaProfilo
ott 29, 2023 7:14:02 PM laptop.utilities.ConnToDb generalConnection
INFORMAZIONI: Tentativo di conessione al server..........\\n
ott 29, 2023 7:14:02 PM laptop.utilities.ConnToDb generalConnection
INFORMAZIONI: Connesso standard ........

]]></system-err>
  </testcase>
  <testcase name="testGetEditoreL" classname="laptop.test.TestLaptop2" time="0">
    <system-err><![CDATA[ott 29, 2023 7:14:02 PM laptop.controller.ControllerPassword <init>
INFORMAZIONI: Costruttore ControllerPassword
ott 29, 2023 7:14:02 PM laptop.controller.ControllerRegistraUtente <init>
INFORMAZIONI: Costruttore ControllerRegistaUtente
ott 29, 2023 7:14:02 PM laptop.controller.ControllerRicercaPerTipo <init>
INFORMAZIONI: Costruttore ControllerRicercaPerTipo
ott 29, 2023 7:14:02 PM laptop.controller.ControllerVisualizzaProfilo <init>
INFORMAZIONI: Costruttore ControllerVisualizzaProfilo
]]></system-err>
  </testcase>
  <testcase name="testCancellaUtente" classname="laptop.test.TestLaptop2" time="0.093">
    <system-err><![CDATA[ott 29, 2023 7:14:02 PM laptop.controller.ControllerPassword <init>
INFORMAZIONI: Costruttore ControllerPassword
ott 29, 2023 7:14:02 PM laptop.controller.ControllerRegistraUtente <init>
INFORMAZIONI: Costruttore ControllerRegistaUtente
ott 29, 2023 7:14:02 PM laptop.controller.ControllerRicercaPerTipo <init>
INFORMAZIONI: Costruttore ControllerRicercaPerTipo
ott 29, 2023 7:14:02 PM laptop.controller.ControllerVisualizzaProfilo <init>
INFORMAZIONI: Costruttore ControllerVisualizzaProfilo
ott 29, 2023 7:14:02 PM laptop.utilities.ConnToDb generalConnection
INFORMAZIONI: Tentativo di conessione al server..........\\n
ott 29, 2023 7:14:02 PM laptop.utilities.ConnToDb generalConnection
INFORMAZIONI: Connesso standard ........

ott 29, 2023 7:14:03 PM laptop.database.UsersDao deleteUser
INFORMAZIONI: cancello user ruoloEDITORE
]]></system-err>
  </testcase>
  <testcase name="testGetId" classname="laptop.test.TestLaptop2" time="0.001">
    <system-err><![CDATA[ott 29, 2023 7:14:03 PM laptop.controller.ControllerPassword <init>
INFORMAZIONI: Costruttore ControllerPassword
ott 29, 2023 7:14:03 PM laptop.controller.ControllerRegistraUtente <init>
INFORMAZIONI: Costruttore ControllerRegistaUtente
ott 29, 2023 7:14:03 PM laptop.controller.ControllerRicercaPerTipo <init>
INFORMAZIONI: Costruttore ControllerRicercaPerTipo
ott 29, 2023 7:14:03 PM laptop.controller.ControllerVisualizzaProfilo <init>
INFORMAZIONI: Costruttore ControllerVisualizzaProfilo
]]></system-err>
  </testcase>
  <testcase name="testGetId(int)[1]" classname="laptop.test.TestLaptop2" time="0.001">
    <system-err><![CDATA[ott 29, 2023 7:14:03 PM laptop.controller.ControllerPassword <init>
INFORMAZIONI: Costruttore ControllerPassword
ott 29, 2023 7:14:03 PM laptop.controller.ControllerRegistraUtente <init>
INFORMAZIONI: Costruttore ControllerRegistaUtente
ott 29, 2023 7:14:03 PM laptop.controller.ControllerRicercaPerTipo <init>
INFORMAZIONI: Costruttore ControllerRicercaPerTipo
ott 29, 2023 7:14:03 PM laptop.controller.ControllerVisualizzaProfilo <init>
INFORMAZIONI: Costruttore ControllerVisualizzaProfilo
]]></system-err>
  </testcase>
  <testcase name="testGetId(int)[2]" classname="laptop.test.TestLaptop2" time="0.001">
    <system-err><![CDATA[ott 29, 2023 7:14:03 PM laptop.controller.ControllerPassword <init>
INFORMAZIONI: Costruttore ControllerPassword
ott 29, 2023 7:14:03 PM laptop.controller.ControllerRegistraUtente <init>
INFORMAZIONI: Costruttore ControllerRegistaUtente
ott 29, 2023 7:14:03 PM laptop.controller.ControllerRicercaPerTipo <init>
INFORMAZIONI: Costruttore ControllerRicercaPerTipo
ott 29, 2023 7:14:03 PM laptop.controller.ControllerVisualizzaProfilo <init>
INFORMAZIONI: Costruttore ControllerVisualizzaProfilo
]]></system-err>
  </testcase>
  <testcase name="testGetId(int)[3]" classname="laptop.test.TestLaptop2" time="0.001">
    <system-err><![CDATA[ott 29, 2023 7:14:03 PM laptop.controller.ControllerPassword <init>
INFORMAZIONI: Costruttore ControllerPassword
ott 29, 2023 7:14:03 PM laptop.controller.ControllerRegistraUtente <init>
INFORMAZIONI: Costruttore ControllerRegistaUtente
ott 29, 2023 7:14:03 PM laptop.controller.ControllerRicercaPerTipo <init>
INFORMAZIONI: Costruttore ControllerRicercaPerTipo
ott 29, 2023 7:14:03 PM laptop.controller.ControllerVisualizzaProfilo <init>
INFORMAZIONI: Costruttore ControllerVisualizzaProfilo
]]></system-err>
  </testcase>
  <testcase name="testGetId(int)[4]" classname="laptop.test.TestLaptop2" time="0.001">
    <system-err><![CDATA[ott 29, 2023 7:14:03 PM laptop.controller.ControllerPassword <init>
INFORMAZIONI: Costruttore ControllerPassword
ott 29, 2023 7:14:03 PM laptop.controller.ControllerRegistraUtente <init>
INFORMAZIONI: Costruttore ControllerRegistaUtente
ott 29, 2023 7:14:03 PM laptop.controller.ControllerRicercaPerTipo <init>
INFORMAZIONI: Costruttore ControllerRicercaPerTipo
ott 29, 2023 7:14:03 PM laptop.controller.ControllerVisualizzaProfilo <init>
INFORMAZIONI: Costruttore ControllerVisualizzaProfilo
]]></system-err>
  </testcase>
  <testcase name="testGetId(int)[5]" classname="laptop.test.TestLaptop2" time="0.001">
    <system-err><![CDATA[ott 29, 2023 7:14:03 PM laptop.controller.ControllerPassword <init>
INFORMAZIONI: Costruttore ControllerPassword
ott 29, 2023 7:14:03 PM laptop.controller.ControllerRegistraUtente <init>
INFORMAZIONI: Costruttore ControllerRegistaUtente
ott 29, 2023 7:14:03 PM laptop.controller.ControllerRicercaPerTipo <init>
INFORMAZIONI: Costruttore ControllerRicercaPerTipo
ott 29, 2023 7:14:03 PM laptop.controller.ControllerVisualizzaProfilo <init>
INFORMAZIONI: Costruttore ControllerVisualizzaProfilo
]]></system-err>
  </testcase>
  <testcase name="testGetId(int)[6]" classname="laptop.test.TestLaptop2" time="0.001">
    <system-err><![CDATA[ott 29, 2023 7:14:03 PM laptop.controller.ControllerPassword <init>
INFORMAZIONI: Costruttore ControllerPassword
ott 29, 2023 7:14:03 PM laptop.controller.ControllerRegistraUtente <init>
INFORMAZIONI: Costruttore ControllerRegistaUtente
ott 29, 2023 7:14:03 PM laptop.controller.ControllerRicercaPerTipo <init>
INFORMAZIONI: Costruttore ControllerRicercaPerTipo
ott 29, 2023 7:14:03 PM laptop.controller.ControllerVisualizzaProfilo <init>
INFORMAZIONI: Costruttore ControllerVisualizzaProfilo
]]></system-err>
  </testcase>
  <testcase name="testGetId(int)[7]" classname="laptop.test.TestLaptop2" time="0.001">
    <system-err><![CDATA[ott 29, 2023 7:14:03 PM laptop.controller.ControllerPassword <init>
INFORMAZIONI: Costruttore ControllerPassword
ott 29, 2023 7:14:03 PM laptop.controller.ControllerRegistraUtente <init>
INFORMAZIONI: Costruttore ControllerRegistaUtente
ott 29, 2023 7:14:03 PM laptop.controller.ControllerRicercaPerTipo <init>
INFORMAZIONI: Costruttore ControllerRicercaPerTipo
ott 29, 2023 7:14:03 PM laptop.controller.ControllerVisualizzaProfilo <init>
INFORMAZIONI: Costruttore ControllerVisualizzaProfilo
]]></system-err>
  </testcase>
  <testcase name="testGetId(int)[8]" classname="laptop.test.TestLaptop2" time="0.001">
    <system-err><![CDATA[ott 29, 2023 7:14:03 PM laptop.controller.ControllerPassword <init>
INFORMAZIONI: Costruttore ControllerPassword
ott 29, 2023 7:14:03 PM laptop.controller.ControllerRegistraUtente <init>
INFORMAZIONI: Costruttore ControllerRegistaUtente
ott 29, 2023 7:14:03 PM laptop.controller.ControllerRicercaPerTipo <init>
INFORMAZIONI: Costruttore ControllerRicercaPerTipo
ott 29, 2023 7:14:03 PM laptop.controller.ControllerVisualizzaProfilo <init>
INFORMAZIONI: Costruttore ControllerVisualizzaProfilo
]]></system-err>
  </testcase>
  <testcase name="testGetId(int)[9]" classname="laptop.test.TestLaptop2" time="0.002">
    <system-err><![CDATA[ott 29, 2023 7:14:03 PM laptop.controller.ControllerPassword <init>
INFORMAZIONI: Costruttore ControllerPassword
ott 29, 2023 7:14:03 PM laptop.controller.ControllerRegistraUtente <init>
INFORMAZIONI: Costruttore ControllerRegistaUtente
ott 29, 2023 7:14:03 PM laptop.controller.ControllerRicercaPerTipo <init>
INFORMAZIONI: Costruttore ControllerRicercaPerTipo
ott 29, 2023 7:14:03 PM laptop.controller.ControllerVisualizzaProfilo <init>
INFORMAZIONI: Costruttore ControllerVisualizzaProfilo
]]></system-err>
  </testcase>
  <testcase name="testGetId(int)[10]" classname="laptop.test.TestLaptop2" time="0.004">
    <system-err><![CDATA[ott 29, 2023 7:14:03 PM laptop.controller.ControllerPassword <init>
INFORMAZIONI: Costruttore ControllerPassword
ott 29, 2023 7:14:03 PM laptop.controller.ControllerRegistraUtente <init>
INFORMAZIONI: Costruttore ControllerRegistaUtente
ott 29, 2023 7:14:03 PM laptop.controller.ControllerRicercaPerTipo <init>
INFORMAZIONI: Costruttore ControllerRicercaPerTipo
ott 29, 2023 7:14:03 PM laptop.controller.ControllerVisualizzaProfilo <init>
INFORMAZIONI: Costruttore ControllerVisualizzaProfilo
]]></system-err>
  </testcase>
  <testcase name="testLeggi(int)[1]" classname="laptop.test.TestLaptop2" time="0.014">
    <system-err><![CDATA[ott 29, 2023 7:14:03 PM laptop.controller.ControllerPassword <init>
INFORMAZIONI: Costruttore ControllerPassword
ott 29, 2023 7:14:03 PM laptop.controller.ControllerRegistraUtente <init>
INFORMAZIONI: Costruttore ControllerRegistaUtente
ott 29, 2023 7:14:03 PM laptop.controller.ControllerRicercaPerTipo <init>
INFORMAZIONI: Costruttore ControllerRicercaPerTipo
ott 29, 2023 7:14:03 PM laptop.controller.ControllerVisualizzaProfilo <init>
INFORMAZIONI: Costruttore ControllerVisualizzaProfilo
]]></system-err>
  </testcase>
  <testcase name="testLeggi(int)[2]" classname="laptop.test.TestLaptop2" time="0.079">
    <system-err><![CDATA[ott 29, 2023 7:14:03 PM laptop.controller.ControllerPassword <init>
INFORMAZIONI: Costruttore ControllerPassword
ott 29, 2023 7:14:03 PM laptop.controller.ControllerRegistraUtente <init>
INFORMAZIONI: Costruttore ControllerRegistaUtente
ott 29, 2023 7:14:03 PM laptop.controller.ControllerRicercaPerTipo <init>
INFORMAZIONI: Costruttore ControllerRicercaPerTipo
ott 29, 2023 7:14:03 PM laptop.controller.ControllerVisualizzaProfilo <init>
INFORMAZIONI: Costruttore ControllerVisualizzaProfilo
]]></system-err>
  </testcase>
  <testcase name="testLeggi(int)[3]" classname="laptop.test.TestLaptop2" time="0.039">
    <system-err><![CDATA[ott 29, 2023 7:14:03 PM laptop.controller.ControllerPassword <init>
INFORMAZIONI: Costruttore ControllerPassword
ott 29, 2023 7:14:03 PM laptop.controller.ControllerRegistraUtente <init>
INFORMAZIONI: Costruttore ControllerRegistaUtente
ott 29, 2023 7:14:03 PM laptop.controller.ControllerRicercaPerTipo <init>
INFORMAZIONI: Costruttore ControllerRicercaPerTipo
ott 29, 2023 7:14:03 PM laptop.controller.ControllerVisualizzaProfilo <init>
INFORMAZIONI: Costruttore ControllerVisualizzaProfilo
]]></system-err>
  </testcase>
  <testcase name="testLeggi(int)[4]" classname="laptop.test.TestLaptop2" time="0.008">
    <system-err><![CDATA[ott 29, 2023 7:14:03 PM laptop.controller.ControllerPassword <init>
INFORMAZIONI: Costruttore ControllerPassword
ott 29, 2023 7:14:03 PM laptop.controller.ControllerRegistraUtente <init>
INFORMAZIONI: Costruttore ControllerRegistaUtente
ott 29, 2023 7:14:03 PM laptop.controller.ControllerRicercaPerTipo <init>
INFORMAZIONI: Costruttore ControllerRicercaPerTipo
ott 29, 2023 7:14:03 PM laptop.controller.ControllerVisualizzaProfilo <init>
INFORMAZIONI: Costruttore ControllerVisualizzaProfilo
]]></system-err>
  </testcase>
  <testcase name="testLeggi(int)[5]" classname="laptop.test.TestLaptop2" time="0.005">
    <system-err><![CDATA[ott 29, 2023 7:14:03 PM laptop.controller.ControllerPassword <init>
INFORMAZIONI: Costruttore ControllerPassword
ott 29, 2023 7:14:03 PM laptop.controller.ControllerRegistraUtente <init>
INFORMAZIONI: Costruttore ControllerRegistaUtente
ott 29, 2023 7:14:03 PM laptop.controller.ControllerRicercaPerTipo <init>
INFORMAZIONI: Costruttore ControllerRicercaPerTipo
ott 29, 2023 7:14:03 PM laptop.controller.ControllerVisualizzaProfilo <init>
INFORMAZIONI: Costruttore ControllerVisualizzaProfilo
]]></system-err>
  </testcase>
  <testcase name="testLeggi(int)[6]" classname="laptop.test.TestLaptop2" time="0.005">
    <system-err><![CDATA[ott 29, 2023 7:14:03 PM laptop.controller.ControllerPassword <init>
INFORMAZIONI: Costruttore ControllerPassword
ott 29, 2023 7:14:03 PM laptop.controller.ControllerRegistraUtente <init>
INFORMAZIONI: Costruttore ControllerRegistaUtente
ott 29, 2023 7:14:03 PM laptop.controller.ControllerRicercaPerTipo <init>
INFORMAZIONI: Costruttore ControllerRicercaPerTipo
ott 29, 2023 7:14:03 PM laptop.controller.ControllerVisualizzaProfilo <init>
INFORMAZIONI: Costruttore ControllerVisualizzaProfilo
]]></system-err>
  </testcase>
  <testcase name="testLeggi(int)[7]" classname="laptop.test.TestLaptop2" time="0.004">
    <system-err><![CDATA[ott 29, 2023 7:14:03 PM laptop.controller.ControllerPassword <init>
INFORMAZIONI: Costruttore ControllerPassword
ott 29, 2023 7:14:03 PM laptop.controller.ControllerRegistraUtente <init>
INFORMAZIONI: Costruttore ControllerRegistaUtente
ott 29, 2023 7:14:03 PM laptop.controller.ControllerRicercaPerTipo <init>
INFORMAZIONI: Costruttore ControllerRicercaPerTipo
ott 29, 2023 7:14:03 PM laptop.controller.ControllerVisualizzaProfilo <init>
INFORMAZIONI: Costruttore ControllerVisualizzaProfilo
]]></system-err>
  </testcase>
  <testcase name="testLeggi(int)[8]" classname="laptop.test.TestLaptop2" time="0.017">
    <system-err><![CDATA[ott 29, 2023 7:14:03 PM laptop.controller.ControllerPassword <init>
INFORMAZIONI: Costruttore ControllerPassword
ott 29, 2023 7:14:03 PM laptop.controller.ControllerRegistraUtente <init>
INFORMAZIONI: Costruttore ControllerRegistaUtente
ott 29, 2023 7:14:03 PM laptop.controller.ControllerRicercaPerTipo <init>
INFORMAZIONI: Costruttore ControllerRicercaPerTipo
ott 29, 2023 7:14:03 PM laptop.controller.ControllerVisualizzaProfilo <init>
INFORMAZIONI: Costruttore ControllerVisualizzaProfilo
]]></system-err>
  </testcase>
  <testcase name="testLeggi(int)[9]" classname="laptop.test.TestLaptop2" time="0.1">
    <system-err><![CDATA[ott 29, 2023 7:14:03 PM laptop.controller.ControllerPassword <init>
INFORMAZIONI: Costruttore ControllerPassword
ott 29, 2023 7:14:03 PM laptop.controller.ControllerRegistraUtente <init>
INFORMAZIONI: Costruttore ControllerRegistaUtente
ott 29, 2023 7:14:03 PM laptop.controller.ControllerRicercaPerTipo <init>
INFORMAZIONI: Costruttore ControllerRicercaPerTipo
ott 29, 2023 7:14:03 PM laptop.controller.ControllerVisualizzaProfilo <init>
INFORMAZIONI: Costruttore ControllerVisualizzaProfilo
]]></system-err>
  </testcase>
  <testcase name="testLeggi(int)[10]" classname="laptop.test.TestLaptop2" time="0.015">
    <system-err><![CDATA[ott 29, 2023 7:14:03 PM laptop.controller.ControllerPassword <init>
INFORMAZIONI: Costruttore ControllerPassword
ott 29, 2023 7:14:03 PM laptop.controller.ControllerRegistraUtente <init>
INFORMAZIONI: Costruttore ControllerRegistaUtente
ott 29, 2023 7:14:03 PM laptop.controller.ControllerRicercaPerTipo <init>
INFORMAZIONI: Costruttore ControllerRicercaPerTipo
ott 29, 2023 7:14:03 PM laptop.controller.ControllerVisualizzaProfilo <init>
INFORMAZIONI: Costruttore ControllerVisualizzaProfilo
]]></system-err>
  </testcase>
  <testcase name="testRetId" classname="laptop.test.TestLaptop2" time="0.028">
    <system-err><![CDATA[ott 29, 2023 7:14:03 PM laptop.controller.ControllerPassword <init>
INFORMAZIONI: Costruttore ControllerPassword
ott 29, 2023 7:14:03 PM laptop.controller.ControllerRegistraUtente <init>
INFORMAZIONI: Costruttore ControllerRegistaUtente
ott 29, 2023 7:14:03 PM laptop.controller.ControllerRicercaPerTipo <init>
INFORMAZIONI: Costruttore ControllerRicercaPerTipo
ott 29, 2023 7:14:03 PM laptop.controller.ControllerVisualizzaProfilo <init>
INFORMAZIONI: Costruttore ControllerVisualizzaProfilo
ott 29, 2023 7:14:03 PM laptop.utilities.ConnToDb generalConnection
INFORMAZIONI: Tentativo di conessione al server..........\\n
ott 29, 2023 7:14:03 PM laptop.utilities.ConnToDb generalConnection
INFORMAZIONI: Connesso standard ........

]]></system-err>
  </testcase>
  <testcase name="testCreateUser2" classname="laptop.test.TestLaptop2" time="0.271">
    <system-err><![CDATA[ott 29, 2023 7:14:03 PM laptop.controller.ControllerPassword <init>
INFORMAZIONI: Costruttore ControllerPassword
ott 29, 2023 7:14:03 PM laptop.controller.ControllerRegistraUtente <init>
INFORMAZIONI: Costruttore ControllerRegistaUtente
ott 29, 2023 7:14:03 PM laptop.controller.ControllerRicercaPerTipo <init>
INFORMAZIONI: Costruttore ControllerRicercaPerTipo
ott 29, 2023 7:14:03 PM laptop.controller.ControllerVisualizzaProfilo <init>
INFORMAZIONI: Costruttore ControllerVisualizzaProfilo
ott 29, 2023 7:14:03 PM laptop.utilities.ConnToDb generalConnection
INFORMAZIONI: Tentativo di conessione al server..........\\n
ott 29, 2023 7:14:03 PM laptop.utilities.ConnToDb generalConnection
INFORMAZIONI: Connesso standard ........

]]></system-err>
  </testcase>
  <testcase name="testGetDataPubb" classname="laptop.test.TestLaptop2" time="0">
    <system-err><![CDATA[ott 29, 2023 7:14:03 PM laptop.controller.ControllerPassword <init>
INFORMAZIONI: Costruttore ControllerPassword
ott 29, 2023 7:14:03 PM laptop.controller.ControllerRegistraUtente <init>
INFORMAZIONI: Costruttore ControllerRegistaUtente
ott 29, 2023 7:14:03 PM laptop.controller.ControllerRicercaPerTipo <init>
INFORMAZIONI: Costruttore ControllerRicercaPerTipo
ott 29, 2023 7:14:03 PM laptop.controller.ControllerVisualizzaProfilo <init>
INFORMAZIONI: Costruttore ControllerVisualizzaProfilo
]]></system-err>
  </testcase>
  <testcase name="testCercaPerTipoG(String)[1]" classname="laptop.test.TestLaptop2" time="0.062">
    <system-err><![CDATA[ott 29, 2023 7:14:03 PM laptop.controller.ControllerPassword <init>
INFORMAZIONI: Costruttore ControllerPassword
ott 29, 2023 7:14:03 PM laptop.controller.ControllerRegistraUtente <init>
INFORMAZIONI: Costruttore ControllerRegistaUtente
ott 29, 2023 7:14:03 PM laptop.controller.ControllerRicercaPerTipo <init>
INFORMAZIONI: Costruttore ControllerRicercaPerTipo
ott 29, 2023 7:14:03 PM laptop.controller.ControllerVisualizzaProfilo <init>
INFORMAZIONI: Costruttore ControllerVisualizzaProfilo
ott 29, 2023 7:14:03 PM laptop.utilities.ConnToDb generalConnection
INFORMAZIONI: Tentativo di conessione al server..........\\n
ott 29, 2023 7:14:03 PM laptop.utilities.ConnToDb generalConnection
INFORMAZIONI: Connesso standard ........

]]></system-err>
  </testcase>
  <testcase name="testCercaPerTipoG(String)[2]" classname="laptop.test.TestLaptop2" time="0.079">
    <system-err><![CDATA[ott 29, 2023 7:14:03 PM laptop.controller.ControllerPassword <init>
INFORMAZIONI: Costruttore ControllerPassword
ott 29, 2023 7:14:03 PM laptop.controller.ControllerRegistraUtente <init>
INFORMAZIONI: Costruttore ControllerRegistaUtente
ott 29, 2023 7:14:03 PM laptop.controller.ControllerRicercaPerTipo <init>
INFORMAZIONI: Costruttore ControllerRicercaPerTipo
ott 29, 2023 7:14:03 PM laptop.controller.ControllerVisualizzaProfilo <init>
INFORMAZIONI: Costruttore ControllerVisualizzaProfilo
ott 29, 2023 7:14:03 PM laptop.utilities.ConnToDb generalConnection
INFORMAZIONI: Tentativo di conessione al server..........\\n
ott 29, 2023 7:14:03 PM laptop.utilities.ConnToDb generalConnection
INFORMAZIONI: Connesso standard ........

]]></system-err>
  </testcase>
  <testcase name="testCercaPerTipoL(String)[1]" classname="laptop.test.TestLaptop2" time="0.035">
    <system-err><![CDATA[ott 29, 2023 7:14:03 PM laptop.controller.ControllerPassword <init>
INFORMAZIONI: Costruttore ControllerPassword
ott 29, 2023 7:14:03 PM laptop.controller.ControllerRegistraUtente <init>
INFORMAZIONI: Costruttore ControllerRegistaUtente
ott 29, 2023 7:14:03 PM laptop.controller.ControllerRicercaPerTipo <init>
INFORMAZIONI: Costruttore ControllerRicercaPerTipo
ott 29, 2023 7:14:03 PM laptop.controller.ControllerVisualizzaProfilo <init>
INFORMAZIONI: Costruttore ControllerVisualizzaProfilo
ott 29, 2023 7:14:03 PM laptop.utilities.ConnToDb generalConnection
INFORMAZIONI: Tentativo di conessione al server..........\\n
ott 29, 2023 7:14:03 PM laptop.utilities.ConnToDb generalConnection
INFORMAZIONI: Connesso standard ........

]]></system-err>
  </testcase>
  <testcase name="testCercaPerTipoL(String)[2]" classname="laptop.test.TestLaptop2" time="0.035">
    <system-err><![CDATA[ott 29, 2023 7:14:03 PM laptop.controller.ControllerPassword <init>
INFORMAZIONI: Costruttore ControllerPassword
ott 29, 2023 7:14:03 PM laptop.controller.ControllerRegistraUtente <init>
INFORMAZIONI: Costruttore ControllerRegistaUtente
ott 29, 2023 7:14:03 PM laptop.controller.ControllerRicercaPerTipo <init>
INFORMAZIONI: Costruttore ControllerRicercaPerTipo
ott 29, 2023 7:14:03 PM laptop.controller.ControllerVisualizzaProfilo <init>
INFORMAZIONI: Costruttore ControllerVisualizzaProfilo
ott 29, 2023 7:14:03 PM laptop.utilities.ConnToDb generalConnection
INFORMAZIONI: Tentativo di conessione al server..........\\n
ott 29, 2023 7:14:03 PM laptop.utilities.ConnToDb generalConnection
INFORMAZIONI: Connesso standard ........

]]></system-err>
  </testcase>
  <testcase name="testCercaPerTipoR(String)[1]" classname="laptop.test.TestLaptop2" time="0.064">
    <system-err><![CDATA[ott 29, 2023 7:14:03 PM laptop.controller.ControllerPassword <init>
INFORMAZIONI: Costruttore ControllerPassword
ott 29, 2023 7:14:03 PM laptop.controller.ControllerRegistraUtente <init>
INFORMAZIONI: Costruttore ControllerRegistaUtente
ott 29, 2023 7:14:03 PM laptop.controller.ControllerRicercaPerTipo <init>
INFORMAZIONI: Costruttore ControllerRicercaPerTipo
ott 29, 2023 7:14:03 PM laptop.controller.ControllerVisualizzaProfilo <init>
INFORMAZIONI: Costruttore ControllerVisualizzaProfilo
ott 29, 2023 7:14:03 PM laptop.utilities.ConnToDb generalConnection
INFORMAZIONI: Tentativo di conessione al server..........\\n
ott 29, 2023 7:14:04 PM laptop.utilities.ConnToDb generalConnection
INFORMAZIONI: Connesso standard ........

]]></system-err>
  </testcase>
  <testcase name="testCercaPerTipoR(String)[2]" classname="laptop.test.TestLaptop2" time="0.028">
    <system-err><![CDATA[ott 29, 2023 7:14:04 PM laptop.controller.ControllerPassword <init>
INFORMAZIONI: Costruttore ControllerPassword
ott 29, 2023 7:14:04 PM laptop.controller.ControllerRegistraUtente <init>
INFORMAZIONI: Costruttore ControllerRegistaUtente
ott 29, 2023 7:14:04 PM laptop.controller.ControllerRicercaPerTipo <init>
INFORMAZIONI: Costruttore ControllerRicercaPerTipo
ott 29, 2023 7:14:04 PM laptop.controller.ControllerVisualizzaProfilo <init>
INFORMAZIONI: Costruttore ControllerVisualizzaProfilo
ott 29, 2023 7:14:04 PM laptop.utilities.ConnToDb generalConnection
INFORMAZIONI: Tentativo di conessione al server..........\\n
ott 29, 2023 7:14:04 PM laptop.utilities.ConnToDb generalConnection
INFORMAZIONI: Connesso standard ........

]]></system-err>
  </testcase>
  <testcase name="testControllaPag" classname="laptop.test.TestLaptop2" time="0.001">
    <system-err><![CDATA[ott 29, 2023 7:14:04 PM laptop.controller.ControllerPassword <init>
INFORMAZIONI: Costruttore ControllerPassword
ott 29, 2023 7:14:04 PM laptop.controller.ControllerRegistraUtente <init>
INFORMAZIONI: Costruttore ControllerRegistaUtente
ott 29, 2023 7:14:04 PM laptop.controller.ControllerRicercaPerTipo <init>
INFORMAZIONI: Costruttore ControllerRicercaPerTipo
ott 29, 2023 7:14:04 PM laptop.controller.ControllerVisualizzaProfilo <init>
INFORMAZIONI: Costruttore ControllerVisualizzaProfilo
]]></system-err>
  </testcase>
  <testcase name="testGetDisponibilita" classname="laptop.test.TestLaptop2" time="0.001">
    <system-err><![CDATA[ott 29, 2023 7:14:04 PM laptop.controller.ControllerPassword <init>
INFORMAZIONI: Costruttore ControllerPassword
ott 29, 2023 7:14:04 PM laptop.controller.ControllerRegistraUtente <init>
INFORMAZIONI: Costruttore ControllerRegistaUtente
ott 29, 2023 7:14:04 PM laptop.controller.ControllerRicercaPerTipo <init>
INFORMAZIONI: Costruttore ControllerRicercaPerTipo
ott 29, 2023 7:14:04 PM laptop.controller.ControllerVisualizzaProfilo <init>
INFORMAZIONI: Costruttore ControllerVisualizzaProfilo
]]></system-err>
  </testcase>
  <testcase name="testGetDati" classname="laptop.test.TestLaptop2" time="0.026">
    <system-err><![CDATA[ott 29, 2023 7:14:04 PM laptop.controller.ControllerPassword <init>
INFORMAZIONI: Costruttore ControllerPassword
ott 29, 2023 7:14:04 PM laptop.controller.ControllerRegistraUtente <init>
INFORMAZIONI: Costruttore ControllerRegistaUtente
ott 29, 2023 7:14:04 PM laptop.controller.ControllerRicercaPerTipo <init>
INFORMAZIONI: Costruttore ControllerRicercaPerTipo
ott 29, 2023 7:14:04 PM laptop.controller.ControllerVisualizzaProfilo <init>
INFORMAZIONI: Costruttore ControllerVisualizzaProfilo
ott 29, 2023 7:14:04 PM laptop.utilities.ConnToDb generalConnection
INFORMAZIONI: Tentativo di conessione al server..........\\n
ott 29, 2023 7:14:04 PM laptop.utilities.ConnToDb generalConnection
INFORMAZIONI: Connesso standard ........

]]></system-err>
  </testcase>
  <testcase name="testGetDesc" classname="laptop.test.TestLaptop2" time="0.001">
    <system-err><![CDATA[ott 29, 2023 7:14:04 PM laptop.controller.ControllerPassword <init>
INFORMAZIONI: Costruttore ControllerPassword
ott 29, 2023 7:14:04 PM laptop.controller.ControllerRegistraUtente <init>
INFORMAZIONI: Costruttore ControllerRegistaUtente
ott 29, 2023 7:14:04 PM laptop.controller.ControllerRicercaPerTipo <init>
INFORMAZIONI: Costruttore ControllerRicercaPerTipo
ott 29, 2023 7:14:04 PM laptop.controller.ControllerVisualizzaProfilo <init>
INFORMAZIONI: Costruttore ControllerVisualizzaProfilo
]]></system-err>
  </testcase>
  <testcase name="testGetDisp" classname="laptop.test.TestLaptop2" time="0.028">
    <system-err><![CDATA[ott 29, 2023 7:14:04 PM laptop.controller.ControllerPassword <init>
INFORMAZIONI: Costruttore ControllerPassword
ott 29, 2023 7:14:04 PM laptop.controller.ControllerRegistraUtente <init>
INFORMAZIONI: Costruttore ControllerRegistaUtente
ott 29, 2023 7:14:04 PM laptop.controller.ControllerRicercaPerTipo <init>
INFORMAZIONI: Costruttore ControllerRicercaPerTipo
ott 29, 2023 7:14:04 PM laptop.controller.ControllerVisualizzaProfilo <init>
INFORMAZIONI: Costruttore ControllerVisualizzaProfilo
ott 29, 2023 7:14:04 PM laptop.utilities.ConnToDb generalConnection
INFORMAZIONI: Tentativo di conessione al server..........\\n
ott 29, 2023 7:14:04 PM laptop.utilities.ConnToDb generalConnection
INFORMAZIONI: Connesso standard ........

]]></system-err>
  </testcase>
  <testcase name="testGetNome" classname="laptop.test.TestLaptop2" time="0.001">
    <system-err><![CDATA[ott 29, 2023 7:14:04 PM laptop.controller.ControllerPassword <init>
INFORMAZIONI: Costruttore ControllerPassword
ott 29, 2023 7:14:04 PM laptop.controller.ControllerRegistraUtente <init>
INFORMAZIONI: Costruttore ControllerRegistaUtente
ott 29, 2023 7:14:04 PM laptop.controller.ControllerRicercaPerTipo <init>
INFORMAZIONI: Costruttore ControllerRicercaPerTipo
ott 29, 2023 7:14:04 PM laptop.controller.ControllerVisualizzaProfilo <init>
INFORMAZIONI: Costruttore ControllerVisualizzaProfilo
]]></system-err>
  </testcase>
  <testcase name="testGetTipo" classname="laptop.test.TestLaptop2" time="0.001">
    <system-err><![CDATA[ott 29, 2023 7:14:04 PM laptop.controller.ControllerPassword <init>
INFORMAZIONI: Costruttore ControllerPassword
ott 29, 2023 7:14:04 PM laptop.controller.ControllerRegistraUtente <init>
INFORMAZIONI: Costruttore ControllerRegistaUtente
ott 29, 2023 7:14:04 PM laptop.controller.ControllerRicercaPerTipo <init>
INFORMAZIONI: Costruttore ControllerRicercaPerTipo
ott 29, 2023 7:14:04 PM laptop.controller.ControllerVisualizzaProfilo <init>
INFORMAZIONI: Costruttore ControllerVisualizzaProfilo
]]></system-err>
  </testcase>
  <testcase name="testGetTipo(String)[1]" classname="laptop.test.TestLaptop2" time="0.002">
    <system-err><![CDATA[ott 29, 2023 7:14:04 PM laptop.controller.ControllerPassword <init>
INFORMAZIONI: Costruttore ControllerPassword
ott 29, 2023 7:14:04 PM laptop.controller.ControllerRegistraUtente <init>
INFORMAZIONI: Costruttore ControllerRegistaUtente
ott 29, 2023 7:14:04 PM laptop.controller.ControllerRicercaPerTipo <init>
INFORMAZIONI: Costruttore ControllerRicercaPerTipo
ott 29, 2023 7:14:04 PM laptop.controller.ControllerVisualizzaProfilo <init>
INFORMAZIONI: Costruttore ControllerVisualizzaProfilo
]]></system-err>
  </testcase>
  <testcase name="testGetTipo(String)[2]" classname="laptop.test.TestLaptop2" time="0.001">
    <system-err><![CDATA[ott 29, 2023 7:14:04 PM laptop.controller.ControllerPassword <init>
INFORMAZIONI: Costruttore ControllerPassword
ott 29, 2023 7:14:04 PM laptop.controller.ControllerRegistraUtente <init>
INFORMAZIONI: Costruttore ControllerRegistaUtente
ott 29, 2023 7:14:04 PM laptop.controller.ControllerRicercaPerTipo <init>
INFORMAZIONI: Costruttore ControllerRicercaPerTipo
ott 29, 2023 7:14:04 PM laptop.controller.ControllerVisualizzaProfilo <init>
INFORMAZIONI: Costruttore ControllerVisualizzaProfilo
]]></system-err>
  </testcase>
  <testcase name="testGetTipo(String)[3]" classname="laptop.test.TestLaptop2" time="0.001">
    <system-err><![CDATA[ott 29, 2023 7:14:04 PM laptop.controller.ControllerPassword <init>
INFORMAZIONI: Costruttore ControllerPassword
ott 29, 2023 7:14:04 PM laptop.controller.ControllerRegistraUtente <init>
INFORMAZIONI: Costruttore ControllerRegistaUtente
ott 29, 2023 7:14:04 PM laptop.controller.ControllerRicercaPerTipo <init>
INFORMAZIONI: Costruttore ControllerRicercaPerTipo
ott 29, 2023 7:14:04 PM laptop.controller.ControllerVisualizzaProfilo <init>
INFORMAZIONI: Costruttore ControllerVisualizzaProfilo
]]></system-err>
  </testcase>
  <testcase name="testGetTipo(String)[4]" classname="laptop.test.TestLaptop2" time="0.001">
    <system-err><![CDATA[ott 29, 2023 7:14:04 PM laptop.controller.ControllerPassword <init>
INFORMAZIONI: Costruttore ControllerPassword
ott 29, 2023 7:14:04 PM laptop.controller.ControllerRegistraUtente <init>
INFORMAZIONI: Costruttore ControllerRegistaUtente
ott 29, 2023 7:14:04 PM laptop.controller.ControllerRicercaPerTipo <init>
INFORMAZIONI: Costruttore ControllerRicercaPerTipo
ott 29, 2023 7:14:04 PM laptop.controller.ControllerVisualizzaProfilo <init>
INFORMAZIONI: Costruttore ControllerVisualizzaProfilo
]]></system-err>
  </testcase>
  <testcase name="testGetViaN" classname="laptop.test.TestLaptop2" time="0">
    <system-err><![CDATA[ott 29, 2023 7:14:04 PM laptop.controller.ControllerPassword <init>
INFORMAZIONI: Costruttore ControllerPassword
ott 29, 2023 7:14:04 PM laptop.controller.ControllerRegistraUtente <init>
INFORMAZIONI: Costruttore ControllerRegistaUtente
ott 29, 2023 7:14:04 PM laptop.controller.ControllerRicercaPerTipo <init>
INFORMAZIONI: Costruttore ControllerRicercaPerTipo
ott 29, 2023 7:14:04 PM laptop.controller.ControllerVisualizzaProfilo <init>
INFORMAZIONI: Costruttore ControllerVisualizzaProfilo
]]></system-err>
  </testcase>
  <testcase name="testDeleteTempUser" classname="laptop.test.TestLaptop2" time="0.029">
    <system-err><![CDATA[ott 29, 2023 7:14:04 PM laptop.controller.ControllerPassword <init>
INFORMAZIONI: Costruttore ControllerPassword
ott 29, 2023 7:14:04 PM laptop.controller.ControllerRegistraUtente <init>
INFORMAZIONI: Costruttore ControllerRegistaUtente
ott 29, 2023 7:14:04 PM laptop.controller.ControllerRicercaPerTipo <init>
INFORMAZIONI: Costruttore ControllerRicercaPerTipo
ott 29, 2023 7:14:04 PM laptop.controller.ControllerVisualizzaProfilo <init>
INFORMAZIONI: Costruttore ControllerVisualizzaProfilo
ott 29, 2023 7:14:04 PM laptop.utilities.ConnToDb generalConnection
INFORMAZIONI: Tentativo di conessione al server..........\\n
ott 29, 2023 7:14:04 PM laptop.utilities.ConnToDb generalConnection
INFORMAZIONI: Connesso standard ........

ott 29, 2023 7:14:04 PM laptop.database.UsersDao deleteTempUser
INFORMAZIONI: user deleted 
]]></system-err>
  </testcase>
  <testcase name="testGetAmmontare" classname="laptop.test.TestLaptop2" time="0.001">
    <system-err><![CDATA[ott 29, 2023 7:14:04 PM laptop.controller.ControllerPassword <init>
INFORMAZIONI: Costruttore ControllerPassword
ott 29, 2023 7:14:04 PM laptop.controller.ControllerRegistraUtente <init>
INFORMAZIONI: Costruttore ControllerRegistaUtente
ott 29, 2023 7:14:04 PM laptop.controller.ControllerRicercaPerTipo <init>
INFORMAZIONI: Costruttore ControllerRicercaPerTipo
ott 29, 2023 7:14:04 PM laptop.controller.ControllerVisualizzaProfilo <init>
INFORMAZIONI: Costruttore ControllerVisualizzaProfilo
]]></system-err>
  </testcase>
  <testcase name="testGetTipologia" classname="laptop.test.TestLaptop2" time="0.001">
    <system-err><![CDATA[ott 29, 2023 7:14:04 PM laptop.controller.ControllerPassword <init>
INFORMAZIONI: Costruttore ControllerPassword
ott 29, 2023 7:14:04 PM laptop.controller.ControllerRegistraUtente <init>
INFORMAZIONI: Costruttore ControllerRegistaUtente
ott 29, 2023 7:14:04 PM laptop.controller.ControllerRicercaPerTipo <init>
INFORMAZIONI: Costruttore ControllerRicercaPerTipo
ott 29, 2023 7:14:04 PM laptop.controller.ControllerVisualizzaProfilo <init>
INFORMAZIONI: Costruttore ControllerVisualizzaProfilo
]]></system-err>
  </testcase>
  <testcase name="testSetRicercaG" classname="laptop.test.TestLaptop2" time="0.001">
    <system-err><![CDATA[ott 29, 2023 7:14:04 PM laptop.controller.ControllerPassword <init>
INFORMAZIONI: Costruttore ControllerPassword
ott 29, 2023 7:14:04 PM laptop.controller.ControllerRegistraUtente <init>
INFORMAZIONI: Costruttore ControllerRegistaUtente
ott 29, 2023 7:14:04 PM laptop.controller.ControllerRicercaPerTipo <init>
INFORMAZIONI: Costruttore ControllerRicercaPerTipo
ott 29, 2023 7:14:04 PM laptop.controller.ControllerVisualizzaProfilo <init>
INFORMAZIONI: Costruttore ControllerVisualizzaProfilo
]]></system-err>
  </testcase>
  <testcase name="testSetRicercaL" classname="laptop.test.TestLaptop2" time="0.001">
    <system-err><![CDATA[ott 29, 2023 7:14:04 PM laptop.controller.ControllerPassword <init>
INFORMAZIONI: Costruttore ControllerPassword
ott 29, 2023 7:14:04 PM laptop.controller.ControllerRegistraUtente <init>
INFORMAZIONI: Costruttore ControllerRegistaUtente
ott 29, 2023 7:14:04 PM laptop.controller.ControllerRicercaPerTipo <init>
INFORMAZIONI: Costruttore ControllerRicercaPerTipo
ott 29, 2023 7:14:04 PM laptop.controller.ControllerVisualizzaProfilo <init>
INFORMAZIONI: Costruttore ControllerVisualizzaProfilo
]]></system-err>
  </testcase>
  <testcase name="testSetRicercaR" classname="laptop.test.TestLaptop2" time="0.001">
    <system-err><![CDATA[ott 29, 2023 7:14:04 PM laptop.controller.ControllerPassword <init>
INFORMAZIONI: Costruttore ControllerPassword
ott 29, 2023 7:14:04 PM laptop.controller.ControllerRegistraUtente <init>
INFORMAZIONI: Costruttore ControllerRegistaUtente
ott 29, 2023 7:14:04 PM laptop.controller.ControllerRicercaPerTipo <init>
INFORMAZIONI: Costruttore ControllerRicercaPerTipo
ott 29, 2023 7:14:04 PM laptop.controller.ControllerVisualizzaProfilo <init>
INFORMAZIONI: Costruttore ControllerVisualizzaProfilo
]]></system-err>
  </testcase>
  <testcase name="testMaxIdUSer" classname="laptop.test.TestLaptop2" time="0.028">
    <system-err><![CDATA[ott 29, 2023 7:14:04 PM laptop.controller.ControllerPassword <init>
INFORMAZIONI: Costruttore ControllerPassword
ott 29, 2023 7:14:04 PM laptop.controller.ControllerRegistraUtente <init>
INFORMAZIONI: Costruttore ControllerRegistaUtente
ott 29, 2023 7:14:04 PM laptop.controller.ControllerRicercaPerTipo <init>
INFORMAZIONI: Costruttore ControllerRicercaPerTipo
ott 29, 2023 7:14:04 PM laptop.controller.ControllerVisualizzaProfilo <init>
INFORMAZIONI: Costruttore ControllerVisualizzaProfilo
ott 29, 2023 7:14:04 PM laptop.utilities.ConnToDb generalConnection
INFORMAZIONI: Tentativo di conessione al server..........\\n
ott 29, 2023 7:14:04 PM laptop.utilities.ConnToDb generalConnection
INFORMAZIONI: Connesso standard ........

]]></system-err>
  </testcase>
  <testcase name="testGetNumeroPagine" classname="laptop.test.TestLaptop2" time="0">
    <system-err><![CDATA[ott 29, 2023 7:14:04 PM laptop.controller.ControllerPassword <init>
INFORMAZIONI: Costruttore ControllerPassword
ott 29, 2023 7:14:04 PM laptop.controller.ControllerRegistraUtente <init>
INFORMAZIONI: Costruttore ControllerRegistaUtente
ott 29, 2023 7:14:04 PM laptop.controller.ControllerRicercaPerTipo <init>
INFORMAZIONI: Costruttore ControllerRicercaPerTipo
ott 29, 2023 7:14:04 PM laptop.controller.ControllerVisualizzaProfilo <init>
INFORMAZIONI: Costruttore ControllerVisualizzaProfilo
]]></system-err>
  </testcase>
  <testcase name="testGetAmmontareP" classname="laptop.test.TestLaptop2" time="0.001">
    <system-err><![CDATA[ott 29, 2023 7:14:04 PM laptop.controller.ControllerPassword <init>
INFORMAZIONI: Costruttore ControllerPassword
ott 29, 2023 7:14:04 PM laptop.controller.ControllerRegistraUtente <init>
INFORMAZIONI: Costruttore ControllerRegistaUtente
ott 29, 2023 7:14:04 PM laptop.controller.ControllerRicercaPerTipo <init>
INFORMAZIONI: Costruttore ControllerRicercaPerTipo
ott 29, 2023 7:14:04 PM laptop.controller.ControllerVisualizzaProfilo <init>
INFORMAZIONI: Costruttore ControllerVisualizzaProfilo
]]></system-err>
  </testcase>
  <testcase name="testGetPrezzoL" classname="laptop.test.TestLaptop2" time="0.001">
    <system-err><![CDATA[ott 29, 2023 7:14:04 PM laptop.controller.ControllerPassword <init>
INFORMAZIONI: Costruttore ControllerPassword
ott 29, 2023 7:14:04 PM laptop.controller.ControllerRegistraUtente <init>
INFORMAZIONI: Costruttore ControllerRegistaUtente
ott 29, 2023 7:14:04 PM laptop.controller.ControllerRicercaPerTipo <init>
INFORMAZIONI: Costruttore ControllerRicercaPerTipo
ott 29, 2023 7:14:04 PM laptop.controller.ControllerVisualizzaProfilo <init>
INFORMAZIONI: Costruttore ControllerVisualizzaProfilo
]]></system-err>
  </testcase>
  <testcase name="testRegistra" classname="laptop.test.TestLaptop2" time="0.22">
    <system-err><![CDATA[ott 29, 2023 7:14:04 PM laptop.controller.ControllerPassword <init>
INFORMAZIONI: Costruttore ControllerPassword
ott 29, 2023 7:14:04 PM laptop.controller.ControllerRegistraUtente <init>
INFORMAZIONI: Costruttore ControllerRegistaUtente
ott 29, 2023 7:14:04 PM laptop.controller.ControllerRicercaPerTipo <init>
INFORMAZIONI: Costruttore ControllerRicercaPerTipo
ott 29, 2023 7:14:04 PM laptop.controller.ControllerVisualizzaProfilo <init>
INFORMAZIONI: Costruttore ControllerVisualizzaProfilo
ott 29, 2023 7:14:04 PM laptop.utilities.ConnToDb generalConnection
INFORMAZIONI: Tentativo di conessione al server..........\\n
ott 29, 2023 7:14:04 PM laptop.utilities.ConnToDb generalConnection
INFORMAZIONI: Connesso standard ........

ott 29, 2023 7:14:04 PM laptop.database.UsersDao checkUser
INFORMAZIONI: idUser nuovoUtente@gmail.com
ott 29, 2023 7:14:04 PM laptop.utilities.ConnToDb generalConnection
INFORMAZIONI: Tentativo di conessione al server..........\\n
ott 29, 2023 7:14:04 PM laptop.utilities.ConnToDb generalConnection
INFORMAZIONI: Connesso standard ........

]]></system-err>
  </testcase>
  <testcase name="testFindUser" classname="laptop.test.TestLaptop2" time="0.001">
    <system-err><![CDATA[ott 29, 2023 7:14:04 PM laptop.controller.ControllerPassword <init>
INFORMAZIONI: Costruttore ControllerPassword
ott 29, 2023 7:14:04 PM laptop.controller.ControllerRegistraUtente <init>
INFORMAZIONI: Costruttore ControllerRegistaUtente
ott 29, 2023 7:14:04 PM laptop.controller.ControllerRicercaPerTipo <init>
INFORMAZIONI: Costruttore ControllerRicercaPerTipo
ott 29, 2023 7:14:04 PM laptop.controller.ControllerVisualizzaProfilo <init>
INFORMAZIONI: Costruttore ControllerVisualizzaProfilo
]]></system-err>
  </testcase>
  <testcase name="testCheckRitiro" classname="laptop.test.TestLaptop2" time="0.052">
    <system-err><![CDATA[ott 29, 2023 7:14:04 PM laptop.controller.ControllerPassword <init>
INFORMAZIONI: Costruttore ControllerPassword
ott 29, 2023 7:14:04 PM laptop.controller.ControllerRegistraUtente <init>
INFORMAZIONI: Costruttore ControllerRegistaUtente
ott 29, 2023 7:14:04 PM laptop.controller.ControllerRicercaPerTipo <init>
INFORMAZIONI: Costruttore ControllerRicercaPerTipo
ott 29, 2023 7:14:04 PM laptop.controller.ControllerVisualizzaProfilo <init>
INFORMAZIONI: Costruttore ControllerVisualizzaProfilo
ott 29, 2023 7:14:04 PM laptop.utilities.ConnToDb generalConnection
INFORMAZIONI: Tentativo di conessione al server..........\\n
ott 29, 2023 7:14:04 PM laptop.utilities.ConnToDb generalConnection
INFORMAZIONI: Connesso standard ........

ott 29, 2023 7:14:04 PM laptop.utilities.ConnToDb generalConnection
INFORMAZIONI: Tentativo di conessione al server..........\\n
ott 29, 2023 7:14:04 PM laptop.utilities.ConnToDb generalConnection
INFORMAZIONI: Connesso standard ........

]]></system-err>
  </testcase>
  <testcase name="testGeneraReportLibri" classname="laptop.test.TestLaptop2" time="0.034">
    <system-err><![CDATA[ott 29, 2023 7:14:04 PM laptop.controller.ControllerPassword <init>
INFORMAZIONI: Costruttore ControllerPassword
ott 29, 2023 7:14:04 PM laptop.controller.ControllerRegistraUtente <init>
INFORMAZIONI: Costruttore ControllerRegistaUtente
ott 29, 2023 7:14:04 PM laptop.controller.ControllerRicercaPerTipo <init>
INFORMAZIONI: Costruttore ControllerRicercaPerTipo
ott 29, 2023 7:14:04 PM laptop.controller.ControllerVisualizzaProfilo <init>
INFORMAZIONI: Costruttore ControllerVisualizzaProfilo
ott 29, 2023 7:14:04 PM laptop.utilities.ConnToDb generalConnection
INFORMAZIONI: Tentativo di conessione al server..........\\n
ott 29, 2023 7:14:04 PM laptop.utilities.ConnToDb generalConnection
INFORMAZIONI: Connesso standard ........

]]></system-err>
  </testcase>
  <testcase name="testIsLoggedF" classname="laptop.test.TestLaptop2" time="0.001">
    <system-err><![CDATA[ott 29, 2023 7:14:04 PM laptop.controller.ControllerPassword <init>
INFORMAZIONI: Costruttore ControllerPassword
ott 29, 2023 7:14:04 PM laptop.controller.ControllerRegistraUtente <init>
INFORMAZIONI: Costruttore ControllerRegistaUtente
ott 29, 2023 7:14:04 PM laptop.controller.ControllerRicercaPerTipo <init>
INFORMAZIONI: Costruttore ControllerRicercaPerTipo
ott 29, 2023 7:14:04 PM laptop.controller.ControllerVisualizzaProfilo <init>
INFORMAZIONI: Costruttore ControllerVisualizzaProfilo
]]></system-err>
  </testcase>
  <testcase name="testIsLoggedT" classname="laptop.test.TestLaptop2" time="0.001">
    <system-err><![CDATA[ott 29, 2023 7:14:04 PM laptop.controller.ControllerPassword <init>
INFORMAZIONI: Costruttore ControllerPassword
ott 29, 2023 7:14:04 PM laptop.controller.ControllerRegistraUtente <init>
INFORMAZIONI: Costruttore ControllerRegistaUtente
ott 29, 2023 7:14:04 PM laptop.controller.ControllerRicercaPerTipo <init>
INFORMAZIONI: Costruttore ControllerRicercaPerTipo
ott 29, 2023 7:14:04 PM laptop.controller.ControllerVisualizzaProfilo <init>
INFORMAZIONI: Costruttore ControllerVisualizzaProfilo
]]></system-err>
  </testcase>
  <testcase name="testGetLinguaL" classname="laptop.test.TestLaptop2" time="0">
    <system-err><![CDATA[ott 29, 2023 7:14:04 PM laptop.controller.ControllerPassword <init>
INFORMAZIONI: Costruttore ControllerPassword
ott 29, 2023 7:14:04 PM laptop.controller.ControllerRegistraUtente <init>
INFORMAZIONI: Costruttore ControllerRegistaUtente
ott 29, 2023 7:14:04 PM laptop.controller.ControllerRicercaPerTipo <init>
INFORMAZIONI: Costruttore ControllerRicercaPerTipo
ott 29, 2023 7:14:04 PM laptop.controller.ControllerVisualizzaProfilo <init>
INFORMAZIONI: Costruttore ControllerVisualizzaProfilo
]]></system-err>
  </testcase>
  <testcase name="reportTotale" classname="laptop.test.TestLaptop2" time="0.168">
    <system-err><![CDATA[ott 29, 2023 7:14:04 PM laptop.controller.ControllerPassword <init>
INFORMAZIONI: Costruttore ControllerPassword
ott 29, 2023 7:14:04 PM laptop.controller.ControllerRegistraUtente <init>
INFORMAZIONI: Costruttore ControllerRegistaUtente
ott 29, 2023 7:14:04 PM laptop.controller.ControllerRicercaPerTipo <init>
INFORMAZIONI: Costruttore ControllerRicercaPerTipo
ott 29, 2023 7:14:04 PM laptop.controller.ControllerVisualizzaProfilo <init>
INFORMAZIONI: Costruttore ControllerVisualizzaProfilo
]]></system-err>
  </testcase>
  <testcase name="testGetDataPubbL" classname="laptop.test.TestLaptop2" time="0.001">
    <system-err><![CDATA[ott 29, 2023 7:14:04 PM laptop.controller.ControllerPassword <init>
INFORMAZIONI: Costruttore ControllerPassword
ott 29, 2023 7:14:04 PM laptop.controller.ControllerRegistraUtente <init>
INFORMAZIONI: Costruttore ControllerRegistaUtente
ott 29, 2023 7:14:04 PM laptop.controller.ControllerRicercaPerTipo <init>
INFORMAZIONI: Costruttore ControllerRicercaPerTipo
ott 29, 2023 7:14:04 PM laptop.controller.ControllerVisualizzaProfilo <init>
INFORMAZIONI: Costruttore ControllerVisualizzaProfilo
]]></system-err>
  </testcase>
  <testcase name="testGetAutore" classname="laptop.test.TestLaptop2" time="0.001">
    <system-err><![CDATA[ott 29, 2023 7:14:04 PM laptop.controller.ControllerPassword <init>
INFORMAZIONI: Costruttore ControllerPassword
ott 29, 2023 7:14:04 PM laptop.controller.ControllerRegistraUtente <init>
INFORMAZIONI: Costruttore ControllerRegistaUtente
ott 29, 2023 7:14:04 PM laptop.controller.ControllerRicercaPerTipo <init>
INFORMAZIONI: Costruttore ControllerRicercaPerTipo
ott 29, 2023 7:14:04 PM laptop.controller.ControllerVisualizzaProfilo <init>
INFORMAZIONI: Costruttore ControllerVisualizzaProfilo
]]></system-err>
  </testcase>
  <testcase name="testCheckOpen" classname="laptop.test.TestLaptop2" time="0.06">
    <system-err><![CDATA[ott 29, 2023 7:14:04 PM laptop.controller.ControllerPassword <init>
INFORMAZIONI: Costruttore ControllerPassword
ott 29, 2023 7:14:04 PM laptop.controller.ControllerRegistraUtente <init>
INFORMAZIONI: Costruttore ControllerRegistaUtente
ott 29, 2023 7:14:04 PM laptop.controller.ControllerRicercaPerTipo <init>
INFORMAZIONI: Costruttore ControllerRicercaPerTipo
ott 29, 2023 7:14:04 PM laptop.controller.ControllerVisualizzaProfilo <init>
INFORMAZIONI: Costruttore ControllerVisualizzaProfilo
ott 29, 2023 7:14:04 PM laptop.utilities.ConnToDb generalConnection
INFORMAZIONI: Tentativo di conessione al server..........\\n
ott 29, 2023 7:14:04 PM laptop.utilities.ConnToDb generalConnection
INFORMAZIONI: Connesso standard ........

ott 29, 2023 7:14:04 PM laptop.utilities.ConnToDb generalConnection
INFORMAZIONI: Tentativo di conessione al server..........\\n
ott 29, 2023 7:14:04 PM laptop.utilities.ConnToDb generalConnection
INFORMAZIONI: Connesso standard ........

]]></system-err>
  </testcase>
  <testcase name="testGetDisponibilitLa" classname="laptop.test.TestLaptop2" time="0.001">
    <system-err><![CDATA[ott 29, 2023 7:14:04 PM laptop.controller.ControllerPassword <init>
INFORMAZIONI: Costruttore ControllerPassword
ott 29, 2023 7:14:04 PM laptop.controller.ControllerRegistraUtente <init>
INFORMAZIONI: Costruttore ControllerRegistaUtente
ott 29, 2023 7:14:04 PM laptop.controller.ControllerRicercaPerTipo <init>
INFORMAZIONI: Costruttore ControllerRicercaPerTipo
ott 29, 2023 7:14:04 PM laptop.controller.ControllerVisualizzaProfilo <init>
INFORMAZIONI: Costruttore ControllerVisualizzaProfilo
]]></system-err>
  </testcase>
  <testcase name="testGetCopieRimanenti" classname="laptop.test.TestLaptop2" time="0.001">
    <system-err><![CDATA[ott 29, 2023 7:14:04 PM laptop.controller.ControllerPassword <init>
INFORMAZIONI: Costruttore ControllerPassword
ott 29, 2023 7:14:04 PM laptop.controller.ControllerRegistraUtente <init>
INFORMAZIONI: Costruttore ControllerRegistaUtente
ott 29, 2023 7:14:04 PM laptop.controller.ControllerRicercaPerTipo <init>
INFORMAZIONI: Costruttore ControllerRicercaPerTipo
ott 29, 2023 7:14:04 PM laptop.controller.ControllerVisualizzaProfilo <init>
INFORMAZIONI: Costruttore ControllerVisualizzaProfilo
]]></system-err>
  </testcase>
  <testcase name="testGetIsOpen" classname="laptop.test.TestLaptop2" time="0.001">
    <system-err><![CDATA[ott 29, 2023 7:14:04 PM laptop.controller.ControllerPassword <init>
INFORMAZIONI: Costruttore ControllerPassword
ott 29, 2023 7:14:04 PM laptop.controller.ControllerRegistraUtente <init>
INFORMAZIONI: Costruttore ControllerRegistaUtente
ott 29, 2023 7:14:04 PM laptop.controller.ControllerRicercaPerTipo <init>
INFORMAZIONI: Costruttore ControllerRicercaPerTipo
ott 29, 2023 7:14:04 PM laptop.controller.ControllerVisualizzaProfilo <init>
INFORMAZIONI: Costruttore ControllerVisualizzaProfilo
]]></system-err>
  </testcase>
  <testcase name="testGiornaleId" classname="laptop.test.TestLaptop2" time="0.032">
    <system-err><![CDATA[ott 29, 2023 7:14:04 PM laptop.controller.ControllerPassword <init>
INFORMAZIONI: Costruttore ControllerPassword
ott 29, 2023 7:14:04 PM laptop.controller.ControllerRegistraUtente <init>
INFORMAZIONI: Costruttore ControllerRegistaUtente
ott 29, 2023 7:14:04 PM laptop.controller.ControllerRicercaPerTipo <init>
INFORMAZIONI: Costruttore ControllerRicercaPerTipo
ott 29, 2023 7:14:04 PM laptop.controller.ControllerVisualizzaProfilo <init>
INFORMAZIONI: Costruttore ControllerVisualizzaProfilo
ott 29, 2023 7:14:04 PM laptop.utilities.ConnToDb generalConnection
INFORMAZIONI: Tentativo di conessione al server..........\\n
ott 29, 2023 7:14:04 PM laptop.utilities.ConnToDb generalConnection
INFORMAZIONI: Connesso standard ........

]]></system-err>
  </testcase>
  <testcase name="testGetLingua" classname="laptop.test.TestLaptop2" time="0.001">
    <system-err><![CDATA[ott 29, 2023 7:14:04 PM laptop.controller.ControllerPassword <init>
INFORMAZIONI: Costruttore ControllerPassword
ott 29, 2023 7:14:04 PM laptop.controller.ControllerRegistraUtente <init>
INFORMAZIONI: Costruttore ControllerRegistaUtente
ott 29, 2023 7:14:04 PM laptop.controller.ControllerRicercaPerTipo <init>
INFORMAZIONI: Costruttore ControllerRicercaPerTipo
ott 29, 2023 7:14:04 PM laptop.controller.ControllerVisualizzaProfilo <init>
INFORMAZIONI: Costruttore ControllerVisualizzaProfilo
]]></system-err>
  </testcase>
  <testcase name="testGetCodIsbn" classname="laptop.test.TestLaptop2" time="0.001">
    <system-err><![CDATA[ott 29, 2023 7:14:04 PM laptop.controller.ControllerPassword <init>
INFORMAZIONI: Costruttore ControllerPassword
ott 29, 2023 7:14:04 PM laptop.controller.ControllerRegistraUtente <init>
INFORMAZIONI: Costruttore ControllerRegistaUtente
ott 29, 2023 7:14:04 PM laptop.controller.ControllerRicercaPerTipo <init>
INFORMAZIONI: Costruttore ControllerRicercaPerTipo
ott 29, 2023 7:14:04 PM laptop.controller.ControllerVisualizzaProfilo <init>
INFORMAZIONI: Costruttore ControllerVisualizzaProfilo
]]></system-err>
  </testcase>
  <testcase name="testGetCognome" classname="laptop.test.TestLaptop2" time="0.001">
    <system-err><![CDATA[ott 29, 2023 7:14:04 PM laptop.controller.ControllerPassword <init>
INFORMAZIONI: Costruttore ControllerPassword
ott 29, 2023 7:14:04 PM laptop.controller.ControllerRegistraUtente <init>
INFORMAZIONI: Costruttore ControllerRegistaUtente
ott 29, 2023 7:14:04 PM laptop.controller.ControllerRicercaPerTipo <init>
INFORMAZIONI: Costruttore ControllerRicercaPerTipo
ott 29, 2023 7:14:04 PM laptop.controller.ControllerVisualizzaProfilo <init>
INFORMAZIONI: Costruttore ControllerVisualizzaProfilo
]]></system-err>
  </testcase>
  <testcase name="testGetMetodo" classname="laptop.test.TestLaptop2" time="0.001">
    <system-err><![CDATA[ott 29, 2023 7:14:04 PM laptop.controller.ControllerPassword <init>
INFORMAZIONI: Costruttore ControllerPassword
ott 29, 2023 7:14:04 PM laptop.controller.ControllerRegistraUtente <init>
INFORMAZIONI: Costruttore ControllerRegistaUtente
ott 29, 2023 7:14:04 PM laptop.controller.ControllerRicercaPerTipo <init>
INFORMAZIONI: Costruttore ControllerRicercaPerTipo
ott 29, 2023 7:14:04 PM laptop.controller.ControllerVisualizzaProfilo <init>
INFORMAZIONI: Costruttore ControllerVisualizzaProfilo
]]></system-err>
  </testcase>
  <testcase name="testGetNegozi" classname="laptop.test.TestLaptop2" time="0.029">
    <system-err><![CDATA[ott 29, 2023 7:14:04 PM laptop.controller.ControllerPassword <init>
INFORMAZIONI: Costruttore ControllerPassword
ott 29, 2023 7:14:04 PM laptop.controller.ControllerRegistraUtente <init>
INFORMAZIONI: Costruttore ControllerRegistaUtente
ott 29, 2023 7:14:04 PM laptop.controller.ControllerRicercaPerTipo <init>
INFORMAZIONI: Costruttore ControllerRicercaPerTipo
ott 29, 2023 7:14:04 PM laptop.controller.ControllerVisualizzaProfilo <init>
INFORMAZIONI: Costruttore ControllerVisualizzaProfilo
ott 29, 2023 7:14:04 PM laptop.utilities.ConnToDb generalConnection
INFORMAZIONI: Tentativo di conessione al server..........\\n
ott 29, 2023 7:14:04 PM laptop.utilities.ConnToDb generalConnection
INFORMAZIONI: Connesso standard ........

]]></system-err>
  </testcase>
  <testcase name="testGetNumero" classname="laptop.test.TestLaptop2" time="0.001">
    <system-err><![CDATA[ott 29, 2023 7:14:04 PM laptop.controller.ControllerPassword <init>
INFORMAZIONI: Costruttore ControllerPassword
ott 29, 2023 7:14:04 PM laptop.controller.ControllerRegistraUtente <init>
INFORMAZIONI: Costruttore ControllerRegistaUtente
ott 29, 2023 7:14:04 PM laptop.controller.ControllerRicercaPerTipo <init>
INFORMAZIONI: Costruttore ControllerRicercaPerTipo
ott 29, 2023 7:14:04 PM laptop.controller.ControllerVisualizzaProfilo <init>
INFORMAZIONI: Costruttore ControllerVisualizzaProfilo
]]></system-err>
  </testcase>
  <testcase name="testGetCom" classname="laptop.test.TestLaptop2" time="0.001">
    <system-err><![CDATA[ott 29, 2023 7:14:04 PM laptop.controller.ControllerPassword <init>
INFORMAZIONI: Costruttore ControllerPassword
ott 29, 2023 7:14:04 PM laptop.controller.ControllerRegistraUtente <init>
INFORMAZIONI: Costruttore ControllerRegistaUtente
ott 29, 2023 7:14:04 PM laptop.controller.ControllerRicercaPerTipo <init>
INFORMAZIONI: Costruttore ControllerRicercaPerTipo
ott 29, 2023 7:14:04 PM laptop.controller.ControllerVisualizzaProfilo <init>
INFORMAZIONI: Costruttore ControllerVisualizzaProfilo
]]></system-err>
  </testcase>
  <testcase name="testGetIdP" classname="laptop.test.TestLaptop2" time="0.001">
    <system-err><![CDATA[ott 29, 2023 7:14:04 PM laptop.controller.ControllerPassword <init>
INFORMAZIONI: Costruttore ControllerPassword
ott 29, 2023 7:14:04 PM laptop.controller.ControllerRegistraUtente <init>
INFORMAZIONI: Costruttore ControllerRegistaUtente
ott 29, 2023 7:14:04 PM laptop.controller.ControllerRicercaPerTipo <init>
INFORMAZIONI: Costruttore ControllerRicercaPerTipo
ott 29, 2023 7:14:04 PM laptop.controller.ControllerVisualizzaProfilo <init>
INFORMAZIONI: Costruttore ControllerVisualizzaProfilo
]]></system-err>
  </testcase>
  <testcase name="testGetVia" classname="laptop.test.TestLaptop2" time="0">
    <system-err><![CDATA[ott 29, 2023 7:14:04 PM laptop.controller.ControllerPassword <init>
INFORMAZIONI: Costruttore ControllerPassword
ott 29, 2023 7:14:04 PM laptop.controller.ControllerRegistraUtente <init>
INFORMAZIONI: Costruttore ControllerRegistaUtente
ott 29, 2023 7:14:04 PM laptop.controller.ControllerRicercaPerTipo <init>
INFORMAZIONI: Costruttore ControllerRicercaPerTipo
ott 29, 2023 7:14:04 PM laptop.controller.ControllerVisualizzaProfilo <init>
INFORMAZIONI: Costruttore ControllerVisualizzaProfilo
]]></system-err>
  </testcase>
  <testcase name="testGetNomeUtente" classname="laptop.test.TestLaptop2" time="0.001">
    <system-err><![CDATA[ott 29, 2023 7:14:04 PM laptop.controller.ControllerPassword <init>
INFORMAZIONI: Costruttore ControllerPassword
ott 29, 2023 7:14:04 PM laptop.controller.ControllerRegistraUtente <init>
INFORMAZIONI: Costruttore ControllerRegistaUtente
ott 29, 2023 7:14:04 PM laptop.controller.ControllerRicercaPerTipo <init>
INFORMAZIONI: Costruttore ControllerRicercaPerTipo
ott 29, 2023 7:14:04 PM laptop.controller.ControllerVisualizzaProfilo <init>
INFORMAZIONI: Costruttore ControllerVisualizzaProfilo
]]></system-err>
  </testcase>
  <testcase name="testGetPrezzo" classname="laptop.test.TestLaptop2" time="0.001">
    <system-err><![CDATA[ott 29, 2023 7:14:04 PM laptop.controller.ControllerPassword <init>
INFORMAZIONI: Costruttore ControllerPassword
ott 29, 2023 7:14:04 PM laptop.controller.ControllerRegistraUtente <init>
INFORMAZIONI: Costruttore ControllerRegistaUtente
ott 29, 2023 7:14:04 PM laptop.controller.ControllerRicercaPerTipo <init>
INFORMAZIONI: Costruttore ControllerRicercaPerTipo
ott 29, 2023 7:14:04 PM laptop.controller.ControllerVisualizzaProfilo <init>
INFORMAZIONI: Costruttore ControllerVisualizzaProfilo
]]></system-err>
  </testcase>
  <testcase name="testGetTitolo" classname="laptop.test.TestLaptop2" time="0.001">
    <system-err><![CDATA[ott 29, 2023 7:14:04 PM laptop.controller.ControllerPassword <init>
INFORMAZIONI: Costruttore ControllerPassword
ott 29, 2023 7:14:04 PM laptop.controller.ControllerRegistraUtente <init>
INFORMAZIONI: Costruttore ControllerRegistaUtente
ott 29, 2023 7:14:04 PM laptop.controller.ControllerRicercaPerTipo <init>
INFORMAZIONI: Costruttore ControllerRicercaPerTipo
ott 29, 2023 7:14:04 PM laptop.controller.ControllerVisualizzaProfilo <init>
INFORMAZIONI: Costruttore ControllerVisualizzaProfilo
]]></system-err>
  </testcase>
  <testcase name="testGetTitolo(String)[1]" classname="laptop.test.TestLaptop2" time="0.001">
    <system-err><![CDATA[ott 29, 2023 7:14:04 PM laptop.controller.ControllerPassword <init>
INFORMAZIONI: Costruttore ControllerPassword
ott 29, 2023 7:14:04 PM laptop.controller.ControllerRegistraUtente <init>
INFORMAZIONI: Costruttore ControllerRegistaUtente
ott 29, 2023 7:14:04 PM laptop.controller.ControllerRicercaPerTipo <init>
INFORMAZIONI: Costruttore ControllerRicercaPerTipo
ott 29, 2023 7:14:04 PM laptop.controller.ControllerVisualizzaProfilo <init>
INFORMAZIONI: Costruttore ControllerVisualizzaProfilo
]]></system-err>
  </testcase>
  <testcase name="testGetTitolo(String)[2]" classname="laptop.test.TestLaptop2" time="0.001">
    <system-err><![CDATA[ott 29, 2023 7:14:04 PM laptop.controller.ControllerPassword <init>
INFORMAZIONI: Costruttore ControllerPassword
ott 29, 2023 7:14:04 PM laptop.controller.ControllerRegistraUtente <init>
INFORMAZIONI: Costruttore ControllerRegistaUtente
ott 29, 2023 7:14:04 PM laptop.controller.ControllerRicercaPerTipo <init>
INFORMAZIONI: Costruttore ControllerRicercaPerTipo
ott 29, 2023 7:14:04 PM laptop.controller.ControllerVisualizzaProfilo <init>
INFORMAZIONI: Costruttore ControllerVisualizzaProfilo
]]></system-err>
  </testcase>
  <testcase name="testGetTitolo(String)[3]" classname="laptop.test.TestLaptop2" time="0.001">
    <system-err><![CDATA[ott 29, 2023 7:14:04 PM laptop.controller.ControllerPassword <init>
INFORMAZIONI: Costruttore ControllerPassword
ott 29, 2023 7:14:04 PM laptop.controller.ControllerRegistraUtente <init>
INFORMAZIONI: Costruttore ControllerRegistaUtente
ott 29, 2023 7:14:04 PM laptop.controller.ControllerRicercaPerTipo <init>
INFORMAZIONI: Costruttore ControllerRicercaPerTipo
ott 29, 2023 7:14:04 PM laptop.controller.ControllerVisualizzaProfilo <init>
INFORMAZIONI: Costruttore ControllerVisualizzaProfilo
]]></system-err>
  </testcase>
  <testcase name="testGetTitolo(String)[4]" classname="laptop.test.TestLaptop2" time="0.001">
    <system-err><![CDATA[ott 29, 2023 7:14:04 PM laptop.controller.ControllerPassword <init>
INFORMAZIONI: Costruttore ControllerPassword
ott 29, 2023 7:14:04 PM laptop.controller.ControllerRegistraUtente <init>
INFORMAZIONI: Costruttore ControllerRegistaUtente
ott 29, 2023 7:14:04 PM laptop.controller.ControllerRicercaPerTipo <init>
INFORMAZIONI: Costruttore ControllerRicercaPerTipo
ott 29, 2023 7:14:04 PM laptop.controller.ControllerVisualizzaProfilo <init>
INFORMAZIONI: Costruttore ControllerVisualizzaProfilo
]]></system-err>
  </testcase>
  <testcase name="testGetTitolo(String)[5]" classname="laptop.test.TestLaptop2" time="0.001">
    <system-err><![CDATA[ott 29, 2023 7:14:04 PM laptop.controller.ControllerPassword <init>
INFORMAZIONI: Costruttore ControllerPassword
ott 29, 2023 7:14:04 PM laptop.controller.ControllerRegistraUtente <init>
INFORMAZIONI: Costruttore ControllerRegistaUtente
ott 29, 2023 7:14:04 PM laptop.controller.ControllerRicercaPerTipo <init>
INFORMAZIONI: Costruttore ControllerRicercaPerTipo
ott 29, 2023 7:14:04 PM laptop.controller.ControllerVisualizzaProfilo <init>
INFORMAZIONI: Costruttore ControllerVisualizzaProfilo
]]></system-err>
  </testcase>
  <testcase name="testPagamentoCCG" classname="laptop.test.TestLaptop2" time="1.337">
    <system-err><![CDATA[ott 29, 2023 7:14:04 PM laptop.controller.ControllerPassword <init>
INFORMAZIONI: Costruttore ControllerPassword
ott 29, 2023 7:14:04 PM laptop.controller.ControllerRegistraUtente <init>
INFORMAZIONI: Costruttore ControllerRegistaUtente
ott 29, 2023 7:14:04 PM laptop.controller.ControllerRicercaPerTipo <init>
INFORMAZIONI: Costruttore ControllerRicercaPerTipo
ott 29, 2023 7:14:04 PM laptop.controller.ControllerVisualizzaProfilo <init>
INFORMAZIONI: Costruttore ControllerVisualizzaProfilo
ott 29, 2023 7:14:04 PM laptop.utilities.ConnToDb generalConnection
INFORMAZIONI: Tentativo di conessione al server..........\\n
ott 29, 2023 7:14:04 PM laptop.utilities.ConnToDb generalConnection
INFORMAZIONI: Connesso standard ........

ott 29, 2023 7:14:05 PM laptop.utilities.ConnToDb generalConnection
INFORMAZIONI: Tentativo di conessione al server..........\\n
ott 29, 2023 7:14:05 PM laptop.utilities.ConnToDb generalConnection
INFORMAZIONI: Connesso standard ........

ott 29, 2023 7:14:05 PM laptop.controller.ControllerPagamentoCC pagamentoCC
INFORMAZIONI: info 0.0null0
ott 29, 2023 7:14:05 PM laptop.utilities.ConnToDb generalConnection
INFORMAZIONI: Tentativo di conessione al server..........\\n
ott 29, 2023 7:14:05 PM laptop.utilities.ConnToDb generalConnection
INFORMAZIONI: Connesso standard ........

]]></system-err>
  </testcase>
  <testcase name="testPagamentoCCL" classname="laptop.test.TestLaptop2" time="1.748">
    <system-err><![CDATA[ott 29, 2023 7:14:06 PM laptop.controller.ControllerPassword <init>
INFORMAZIONI: Costruttore ControllerPassword
ott 29, 2023 7:14:06 PM laptop.controller.ControllerRegistraUtente <init>
INFORMAZIONI: Costruttore ControllerRegistaUtente
ott 29, 2023 7:14:06 PM laptop.controller.ControllerRicercaPerTipo <init>
INFORMAZIONI: Costruttore ControllerRicercaPerTipo
ott 29, 2023 7:14:06 PM laptop.controller.ControllerVisualizzaProfilo <init>
INFORMAZIONI: Costruttore ControllerVisualizzaProfilo
ott 29, 2023 7:14:06 PM laptop.utilities.ConnToDb generalConnection
INFORMAZIONI: Tentativo di conessione al server..........\\n
ott 29, 2023 7:14:06 PM laptop.utilities.ConnToDb generalConnection
INFORMAZIONI: Connesso standard ........

ott 29, 2023 7:14:07 PM laptop.utilities.ConnToDb generalConnection
INFORMAZIONI: Tentativo di conessione al server..........\\n
ott 29, 2023 7:14:07 PM laptop.utilities.ConnToDb generalConnection
INFORMAZIONI: Connesso standard ........

ott 29, 2023 7:14:07 PM laptop.controller.ControllerPagamentoCC pagamentoCC
INFORMAZIONI: info 0.0null0
ott 29, 2023 7:14:07 PM laptop.utilities.ConnToDb generalConnection
INFORMAZIONI: Tentativo di conessione al server..........\\n
ott 29, 2023 7:14:07 PM laptop.utilities.ConnToDb generalConnection
INFORMAZIONI: Connesso standard ........

]]></system-err>
  </testcase>
  <testcase name="testPagamentoCCR" classname="laptop.test.TestLaptop2" time="1.452">
    <system-err><![CDATA[ott 29, 2023 7:14:07 PM laptop.controller.ControllerPassword <init>
INFORMAZIONI: Costruttore ControllerPassword
ott 29, 2023 7:14:07 PM laptop.controller.ControllerRegistraUtente <init>
INFORMAZIONI: Costruttore ControllerRegistaUtente
ott 29, 2023 7:14:07 PM laptop.controller.ControllerRicercaPerTipo <init>
INFORMAZIONI: Costruttore ControllerRicercaPerTipo
ott 29, 2023 7:14:07 PM laptop.controller.ControllerVisualizzaProfilo <init>
INFORMAZIONI: Costruttore ControllerVisualizzaProfilo
ott 29, 2023 7:14:07 PM laptop.utilities.ConnToDb generalConnection
INFORMAZIONI: Tentativo di conessione al server..........\\n
ott 29, 2023 7:14:08 PM laptop.utilities.ConnToDb generalConnection
INFORMAZIONI: Connesso standard ........

ott 29, 2023 7:14:08 PM laptop.utilities.ConnToDb generalConnection
INFORMAZIONI: Tentativo di conessione al server..........\\n
ott 29, 2023 7:14:08 PM laptop.utilities.ConnToDb generalConnection
INFORMAZIONI: Connesso standard ........

ott 29, 2023 7:14:08 PM laptop.controller.ControllerPagamentoCC pagamentoCC
INFORMAZIONI: info 0.0null0
ott 29, 2023 7:14:08 PM laptop.utilities.ConnToDb generalConnection
INFORMAZIONI: Tentativo di conessione al server..........\\n
ott 29, 2023 7:14:08 PM laptop.utilities.ConnToDb generalConnection
INFORMAZIONI: Connesso standard ........

]]></system-err>
  </testcase>
  <testcase name="testLeggiL(int)[1]" classname="laptop.test.TestLaptop2" time="0.155">
    <system-err><![CDATA[ott 29, 2023 7:14:09 PM laptop.controller.ControllerPassword <init>
INFORMAZIONI: Costruttore ControllerPassword
ott 29, 2023 7:14:09 PM laptop.controller.ControllerRegistraUtente <init>
INFORMAZIONI: Costruttore ControllerRegistaUtente
ott 29, 2023 7:14:09 PM laptop.controller.ControllerRicercaPerTipo <init>
INFORMAZIONI: Costruttore ControllerRicercaPerTipo
ott 29, 2023 7:14:09 PM laptop.controller.ControllerVisualizzaProfilo <init>
INFORMAZIONI: Costruttore ControllerVisualizzaProfilo
]]></system-err>
  </testcase>
  <testcase name="testLeggiL(int)[2]" classname="laptop.test.TestLaptop2" time="0.278">
    <system-err><![CDATA[ott 29, 2023 7:14:09 PM laptop.controller.ControllerPassword <init>
INFORMAZIONI: Costruttore ControllerPassword
ott 29, 2023 7:14:09 PM laptop.controller.ControllerRegistraUtente <init>
INFORMAZIONI: Costruttore ControllerRegistaUtente
ott 29, 2023 7:14:09 PM laptop.controller.ControllerRicercaPerTipo <init>
INFORMAZIONI: Costruttore ControllerRicercaPerTipo
ott 29, 2023 7:14:09 PM laptop.controller.ControllerVisualizzaProfilo <init>
INFORMAZIONI: Costruttore ControllerVisualizzaProfilo
]]></system-err>
  </testcase>
  <testcase name="testLeggiL(int)[3]" classname="laptop.test.TestLaptop2" time="0.366">
    <system-err><![CDATA[ott 29, 2023 7:14:09 PM laptop.controller.ControllerPassword <init>
INFORMAZIONI: Costruttore ControllerPassword
ott 29, 2023 7:14:09 PM laptop.controller.ControllerRegistraUtente <init>
INFORMAZIONI: Costruttore ControllerRegistaUtente
ott 29, 2023 7:14:09 PM laptop.controller.ControllerRicercaPerTipo <init>
INFORMAZIONI: Costruttore ControllerRicercaPerTipo
ott 29, 2023 7:14:09 PM laptop.controller.ControllerVisualizzaProfilo <init>
INFORMAZIONI: Costruttore ControllerVisualizzaProfilo
]]></system-err>
  </testcase>
  <testcase name="testLeggiL(int)[4]" classname="laptop.test.TestLaptop2" time="0.173">
    <system-err><![CDATA[ott 29, 2023 7:14:10 PM laptop.controller.ControllerPassword <init>
INFORMAZIONI: Costruttore ControllerPassword
ott 29, 2023 7:14:10 PM laptop.controller.ControllerRegistraUtente <init>
INFORMAZIONI: Costruttore ControllerRegistaUtente
ott 29, 2023 7:14:10 PM laptop.controller.ControllerRicercaPerTipo <init>
INFORMAZIONI: Costruttore ControllerRicercaPerTipo
ott 29, 2023 7:14:10 PM laptop.controller.ControllerVisualizzaProfilo <init>
INFORMAZIONI: Costruttore ControllerVisualizzaProfilo
]]></system-err>
  </testcase>
  <testcase name="testScarica(int)[1]" classname="laptop.test.TestLaptop2" time="0.22">
    <system-err><![CDATA[ott 29, 2023 7:14:10 PM laptop.controller.ControllerPassword <init>
INFORMAZIONI: Costruttore ControllerPassword
ott 29, 2023 7:14:10 PM laptop.controller.ControllerRegistraUtente <init>
INFORMAZIONI: Costruttore ControllerRegistaUtente
ott 29, 2023 7:14:10 PM laptop.controller.ControllerRicercaPerTipo <init>
INFORMAZIONI: Costruttore ControllerRicercaPerTipo
ott 29, 2023 7:14:10 PM laptop.controller.ControllerVisualizzaProfilo <init>
INFORMAZIONI: Costruttore ControllerVisualizzaProfilo
]]></system-err>
  </testcase>
  <testcase name="testScarica(int)[2]" classname="laptop.test.TestLaptop2" time="0.039">
    <system-err><![CDATA[ott 29, 2023 7:14:10 PM laptop.controller.ControllerPassword <init>
INFORMAZIONI: Costruttore ControllerPassword
ott 29, 2023 7:14:10 PM laptop.controller.ControllerRegistraUtente <init>
INFORMAZIONI: Costruttore ControllerRegistaUtente
ott 29, 2023 7:14:10 PM laptop.controller.ControllerRicercaPerTipo <init>
INFORMAZIONI: Costruttore ControllerRicercaPerTipo
ott 29, 2023 7:14:10 PM laptop.controller.ControllerVisualizzaProfilo <init>
INFORMAZIONI: Costruttore ControllerVisualizzaProfilo
]]></system-err>
  </testcase>
  <testcase name="testScarica(int)[3]" classname="laptop.test.TestLaptop2" time="0.015">
    <system-err><![CDATA[ott 29, 2023 7:14:10 PM laptop.controller.ControllerPassword <init>
INFORMAZIONI: Costruttore ControllerPassword
ott 29, 2023 7:14:10 PM laptop.controller.ControllerRegistraUtente <init>
INFORMAZIONI: Costruttore ControllerRegistaUtente
ott 29, 2023 7:14:10 PM laptop.controller.ControllerRicercaPerTipo <init>
INFORMAZIONI: Costruttore ControllerRicercaPerTipo
ott 29, 2023 7:14:10 PM laptop.controller.ControllerVisualizzaProfilo <init>
INFORMAZIONI: Costruttore ControllerVisualizzaProfilo
]]></system-err>
  </testcase>
  <testcase name="testScarica(int)[4]" classname="laptop.test.TestLaptop2" time="0.015">
    <system-err><![CDATA[ott 29, 2023 7:14:10 PM laptop.controller.ControllerPassword <init>
INFORMAZIONI: Costruttore ControllerPassword
ott 29, 2023 7:14:10 PM laptop.controller.ControllerRegistraUtente <init>
INFORMAZIONI: Costruttore ControllerRegistaUtente
ott 29, 2023 7:14:10 PM laptop.controller.ControllerRicercaPerTipo <init>
INFORMAZIONI: Costruttore ControllerRicercaPerTipo
ott 29, 2023 7:14:10 PM laptop.controller.ControllerVisualizzaProfilo <init>
INFORMAZIONI: Costruttore ControllerVisualizzaProfilo
]]></system-err>
  </testcase>
  <testcase name="testScarica(int)[5]" classname="laptop.test.TestLaptop2" time="0.014">
    <system-err><![CDATA[ott 29, 2023 7:14:10 PM laptop.controller.ControllerPassword <init>
INFORMAZIONI: Costruttore ControllerPassword
ott 29, 2023 7:14:10 PM laptop.controller.ControllerRegistraUtente <init>
INFORMAZIONI: Costruttore ControllerRegistaUtente
ott 29, 2023 7:14:10 PM laptop.controller.ControllerRicercaPerTipo <init>
INFORMAZIONI: Costruttore ControllerRicercaPerTipo
ott 29, 2023 7:14:10 PM laptop.controller.ControllerVisualizzaProfilo <init>
INFORMAZIONI: Costruttore ControllerVisualizzaProfilo
]]></system-err>
  </testcase>
  <testcase name="testScarica(int)[6]" classname="laptop.test.TestLaptop2" time="0.024">
    <system-err><![CDATA[ott 29, 2023 7:14:10 PM laptop.controller.ControllerPassword <init>
INFORMAZIONI: Costruttore ControllerPassword
ott 29, 2023 7:14:10 PM laptop.controller.ControllerRegistraUtente <init>
INFORMAZIONI: Costruttore ControllerRegistaUtente
ott 29, 2023 7:14:10 PM laptop.controller.ControllerRicercaPerTipo <init>
INFORMAZIONI: Costruttore ControllerRicercaPerTipo
ott 29, 2023 7:14:10 PM laptop.controller.ControllerVisualizzaProfilo <init>
INFORMAZIONI: Costruttore ControllerVisualizzaProfilo
]]></system-err>
  </testcase>
  <testcase name="testScarica(int)[7]" classname="laptop.test.TestLaptop2" time="0.013">
    <system-err><![CDATA[ott 29, 2023 7:14:10 PM laptop.controller.ControllerPassword <init>
INFORMAZIONI: Costruttore ControllerPassword
ott 29, 2023 7:14:10 PM laptop.controller.ControllerRegistraUtente <init>
INFORMAZIONI: Costruttore ControllerRegistaUtente
ott 29, 2023 7:14:10 PM laptop.controller.ControllerRicercaPerTipo <init>
INFORMAZIONI: Costruttore ControllerRicercaPerTipo
ott 29, 2023 7:14:10 PM laptop.controller.ControllerVisualizzaProfilo <init>
INFORMAZIONI: Costruttore ControllerVisualizzaProfilo
]]></system-err>
  </testcase>
  <testcase name="testScarica(int)[8]" classname="laptop.test.TestLaptop2" time="0.014">
    <system-err><![CDATA[ott 29, 2023 7:14:10 PM laptop.controller.ControllerPassword <init>
INFORMAZIONI: Costruttore ControllerPassword
ott 29, 2023 7:14:10 PM laptop.controller.ControllerRegistraUtente <init>
INFORMAZIONI: Costruttore ControllerRegistaUtente
ott 29, 2023 7:14:10 PM laptop.controller.ControllerRicercaPerTipo <init>
INFORMAZIONI: Costruttore ControllerRicercaPerTipo
ott 29, 2023 7:14:10 PM laptop.controller.ControllerVisualizzaProfilo <init>
INFORMAZIONI: Costruttore ControllerVisualizzaProfilo
]]></system-err>
  </testcase>
  <testcase name="testScarica(int)[9]" classname="laptop.test.TestLaptop2" time="0.017">
    <system-err><![CDATA[ott 29, 2023 7:14:10 PM laptop.controller.ControllerPassword <init>
INFORMAZIONI: Costruttore ControllerPassword
ott 29, 2023 7:14:10 PM laptop.controller.ControllerRegistraUtente <init>
INFORMAZIONI: Costruttore ControllerRegistaUtente
ott 29, 2023 7:14:10 PM laptop.controller.ControllerRicercaPerTipo <init>
INFORMAZIONI: Costruttore ControllerRicercaPerTipo
ott 29, 2023 7:14:10 PM laptop.controller.ControllerVisualizzaProfilo <init>
INFORMAZIONI: Costruttore ControllerVisualizzaProfilo
]]></system-err>
  </testcase>
  <testcase name="testScarica(int)[10]" classname="laptop.test.TestLaptop2" time="0.014">
    <system-err><![CDATA[ott 29, 2023 7:14:10 PM laptop.controller.ControllerPassword <init>
INFORMAZIONI: Costruttore ControllerPassword
ott 29, 2023 7:14:10 PM laptop.controller.ControllerRegistraUtente <init>
INFORMAZIONI: Costruttore ControllerRegistaUtente
ott 29, 2023 7:14:10 PM laptop.controller.ControllerRicercaPerTipo <init>
INFORMAZIONI: Costruttore ControllerRicercaPerTipo
ott 29, 2023 7:14:10 PM laptop.controller.ControllerVisualizzaProfilo <init>
INFORMAZIONI: Costruttore ControllerVisualizzaProfilo
]]></system-err>
  </testcase>
  <testcase name="testGetUtenti" classname="laptop.test.TestLaptop2" time="6.175">
    <system-err><![CDATA[ott 29, 2023 7:14:10 PM laptop.controller.ControllerPassword <init>
INFORMAZIONI: Costruttore ControllerPassword
ott 29, 2023 7:14:10 PM laptop.controller.ControllerRegistraUtente <init>
INFORMAZIONI: Costruttore ControllerRegistaUtente
ott 29, 2023 7:14:10 PM laptop.controller.ControllerRicercaPerTipo <init>
INFORMAZIONI: Costruttore ControllerRicercaPerTipo
ott 29, 2023 7:14:10 PM laptop.controller.ControllerVisualizzaProfilo <init>
INFORMAZIONI: Costruttore ControllerVisualizzaProfilo
ott 29, 2023 7:14:16 PM laptop.utilities.ConnToDb generalConnection
INFORMAZIONI: Tentativo di conessione al server..........\\n
ott 29, 2023 7:14:16 PM laptop.utilities.ConnToDb generalConnection
INFORMAZIONI: Connesso standard ........

]]></system-err>
  </testcase>
  <testcase name="testGeneraReportGiornali" classname="laptop.test.TestLaptop2" time="0.074">
    <system-err><![CDATA[ott 29, 2023 7:14:17 PM laptop.controller.ControllerPassword <init>
INFORMAZIONI: Costruttore ControllerPassword
ott 29, 2023 7:14:17 PM laptop.controller.ControllerRegistraUtente <init>
INFORMAZIONI: Costruttore ControllerRegistaUtente
ott 29, 2023 7:14:17 PM laptop.controller.ControllerRicercaPerTipo <init>
INFORMAZIONI: Costruttore ControllerRicercaPerTipo
ott 29, 2023 7:14:17 PM laptop.controller.ControllerVisualizzaProfilo <init>
INFORMAZIONI: Costruttore ControllerVisualizzaProfilo
ott 29, 2023 7:14:17 PM laptop.utilities.ConnToDb generalConnection
INFORMAZIONI: Tentativo di conessione al server..........\\n
ott 29, 2023 7:14:17 PM laptop.utilities.ConnToDb generalConnection
INFORMAZIONI: Connesso standard ........

]]></system-err>
  </testcase>
  <testcase name="testCreateRaccoltaFinaleCompletaG" classname="laptop.test.TestLaptop2" time="0.001">
    <system-err><![CDATA[ott 29, 2023 7:14:17 PM laptop.controller.ControllerPassword <init>
INFORMAZIONI: Costruttore ControllerPassword
ott 29, 2023 7:14:17 PM laptop.controller.ControllerRegistraUtente <init>
INFORMAZIONI: Costruttore ControllerRegistaUtente
ott 29, 2023 7:14:17 PM laptop.controller.ControllerRicercaPerTipo <init>
INFORMAZIONI: Costruttore ControllerRicercaPerTipo
ott 29, 2023 7:14:17 PM laptop.controller.ControllerVisualizzaProfilo <init>
INFORMAZIONI: Costruttore ControllerVisualizzaProfilo
]]></system-err>
  </testcase>
  <testcase name="testCreateRaccoltaFinaleCompletaL" classname="laptop.test.TestLaptop2" time="0.001">
    <system-err><![CDATA[ott 29, 2023 7:14:17 PM laptop.controller.ControllerPassword <init>
INFORMAZIONI: Costruttore ControllerPassword
ott 29, 2023 7:14:17 PM laptop.controller.ControllerRegistraUtente <init>
INFORMAZIONI: Costruttore ControllerRegistaUtente
ott 29, 2023 7:14:17 PM laptop.controller.ControllerRicercaPerTipo <init>
INFORMAZIONI: Costruttore ControllerRicercaPerTipo
ott 29, 2023 7:14:17 PM laptop.controller.ControllerVisualizzaProfilo <init>
INFORMAZIONI: Costruttore ControllerVisualizzaProfilo
]]></system-err>
  </testcase>
  <testcase name="testCreateRaccoltaFinaleCompletaR" classname="laptop.test.TestLaptop2" time="0.001">
    <system-err><![CDATA[ott 29, 2023 7:14:17 PM laptop.controller.ControllerPassword <init>
INFORMAZIONI: Costruttore ControllerPassword
ott 29, 2023 7:14:17 PM laptop.controller.ControllerRegistraUtente <init>
INFORMAZIONI: Costruttore ControllerRegistaUtente
ott 29, 2023 7:14:17 PM laptop.controller.ControllerRicercaPerTipo <init>
INFORMAZIONI: Costruttore ControllerRicercaPerTipo
ott 29, 2023 7:14:17 PM laptop.controller.ControllerVisualizzaProfilo <init>
INFORMAZIONI: Costruttore ControllerVisualizzaProfilo
]]></system-err>
  </testcase>
  <testcase name="testGeneraReportRiviste" classname="laptop.test.TestLaptop2" time="0.169">
    <system-err><![CDATA[ott 29, 2023 7:14:17 PM laptop.controller.ControllerPassword <init>
INFORMAZIONI: Costruttore ControllerPassword
ott 29, 2023 7:14:17 PM laptop.controller.ControllerRegistraUtente <init>
INFORMAZIONI: Costruttore ControllerRegistaUtente
ott 29, 2023 7:14:17 PM laptop.controller.ControllerRicercaPerTipo <init>
INFORMAZIONI: Costruttore ControllerRicercaPerTipo
ott 29, 2023 7:14:17 PM laptop.controller.ControllerVisualizzaProfilo <init>
INFORMAZIONI: Costruttore ControllerVisualizzaProfilo
ott 29, 2023 7:14:17 PM laptop.utilities.ConnToDb generalConnection
INFORMAZIONI: Tentativo di conessione al server..........\\n
ott 29, 2023 7:14:17 PM laptop.utilities.ConnToDb generalConnection
INFORMAZIONI: Connesso standard ........

]]></system-err>
  </testcase>
  <testcase name="testGetRecensione" classname="laptop.test.TestLaptop2" time="0.003">
    <system-err><![CDATA[ott 29, 2023 7:14:17 PM laptop.controller.ControllerPassword <init>
INFORMAZIONI: Costruttore ControllerPassword
ott 29, 2023 7:14:17 PM laptop.controller.ControllerRegistraUtente <init>
INFORMAZIONI: Costruttore ControllerRegistaUtente
ott 29, 2023 7:14:17 PM laptop.controller.ControllerRicercaPerTipo <init>
INFORMAZIONI: Costruttore ControllerRicercaPerTipo
ott 29, 2023 7:14:17 PM laptop.controller.ControllerVisualizzaProfilo <init>
INFORMAZIONI: Costruttore ControllerVisualizzaProfilo
]]></system-err>
  </testcase>
  <testcase name="testTornaDalDb" classname="laptop.test.TestLaptop2" time="0.045">
    <system-err><![CDATA[ott 29, 2023 7:14:17 PM laptop.controller.ControllerPassword <init>
INFORMAZIONI: Costruttore ControllerPassword
ott 29, 2023 7:14:17 PM laptop.controller.ControllerRegistraUtente <init>
INFORMAZIONI: Costruttore ControllerRegistaUtente
ott 29, 2023 7:14:17 PM laptop.controller.ControllerRicercaPerTipo <init>
INFORMAZIONI: Costruttore ControllerRicercaPerTipo
ott 29, 2023 7:14:17 PM laptop.controller.ControllerVisualizzaProfilo <init>
INFORMAZIONI: Costruttore ControllerVisualizzaProfilo
ott 29, 2023 7:14:17 PM laptop.utilities.ConnToDb generalConnection
INFORMAZIONI: Tentativo di conessione al server..........\\n
ott 29, 2023 7:14:17 PM laptop.utilities.ConnToDb generalConnection
INFORMAZIONI: Connesso standard ........

]]></system-err>
  </testcase>
  <testcase name="testRitornaElencoCC" classname="laptop.test.TestLaptop2" time="0.028">
    <system-err><![CDATA[ott 29, 2023 7:14:17 PM laptop.controller.ControllerPassword <init>
INFORMAZIONI: Costruttore ControllerPassword
ott 29, 2023 7:14:17 PM laptop.controller.ControllerRegistraUtente <init>
INFORMAZIONI: Costruttore ControllerRegistaUtente
ott 29, 2023 7:14:17 PM laptop.controller.ControllerRicercaPerTipo <init>
INFORMAZIONI: Costruttore ControllerRicercaPerTipo
ott 29, 2023 7:14:17 PM laptop.controller.ControllerVisualizzaProfilo <init>
INFORMAZIONI: Costruttore ControllerVisualizzaProfilo
ott 29, 2023 7:14:17 PM laptop.utilities.ConnToDb generalConnection
INFORMAZIONI: Tentativo di conessione al server..........\\n
ott 29, 2023 7:14:17 PM laptop.utilities.ConnToDb generalConnection
INFORMAZIONI: Connesso standard ........

]]></system-err>
  </testcase>
</testsuite>