<?xml version="1.0" encoding="UTF-8"?>
<testsuite xmlns:xsi="http://www.w3.org/2001/XMLSchema-instance" xsi:noNamespaceSchemaLocation="https://maven.apache.org/surefire/maven-surefire-plugin/xsd/surefire-test-report-3.0.xsd" version="3.0" name="laptop.test.TestLaptop1" time="52.247" tests="80" errors="0" skipped="0" failures="0">
  <properties>
    <property name="sun.desktop" value="windows"/>
    <property name="awt.toolkit" value="sun.awt.windows.WToolkit"/>
    <property name="java.specification.version" value="11"/>
    <property name="sun.cpu.isalist" value="amd64"/>
    <property name="sun.jnu.encoding" value="Cp1252"/>
    <property name="java.class.path" value="C:\Users\dani\IdeaProjects\LibreriaFinale\target\test-classes;C:\Users\dani\IdeaProjects\LibreriaFinale\target\classes;C:\Users\dani\.m2\repository\org\junit\jupiter\junit-jupiter-api\5.9.1\junit-jupiter-api-5.9.1.jar;C:\Users\dani\.m2\repository\org\opentest4j\opentest4j\1.2.0\opentest4j-1.2.0.jar;C:\Users\dani\.m2\repository\org\junit\platform\junit-platform-commons\1.9.1\junit-platform-commons-1.9.1.jar;C:\Users\dani\.m2\repository\org\apiguardian\apiguardian-api\1.1.2\apiguardian-api-1.1.2.jar;C:\Users\dani\.m2\repository\org\junit\jupiter\junit-jupiter-engine\5.9.1\junit-jupiter-engine-5.9.1.jar;C:\Users\dani\.m2\repository\org\junit\platform\junit-platform-engine\1.9.1\junit-platform-engine-1.9.1.jar;C:\Users\dani\.m2\repository\org\junit\jupiter\junit-jupiter-params\5.9.1\junit-jupiter-params-5.9.1.jar;C:\Users\dani\.m2\repository\org\openjfx\javafx-controls\11\javafx-controls-11-win.jar;C:\Users\dani\.m2\repository\org\openjfx\javafx-graphics\11\javafx-graphics-11.jar;C:\Users\dani\.m2\repository\org\openjfx\javafx-graphics\11\javafx-graphics-11-win.jar;C:\Users\dani\.m2\repository\org\openjfx\javafx-base\11\javafx-base-11.jar;C:\Users\dani\.m2\repository\org\openjfx\javafx-base\11\javafx-base-11-win.jar;C:\Users\dani\.m2\repository\org\openjfx\javafx-fxml\11\javafx-fxml-11.jar;C:\Users\dani\.m2\repository\org\openjfx\javafx-fxml\11\javafx-fxml-11-win.jar;C:\Users\dani\.m2\repository\org\openjfx\javafx-controls\11\javafx-controls-11.jar;C:\Users\dani\.m2\repository\org\mybatis\mybatis\3.5.11\mybatis-3.5.11.jar;C:\Users\dani\.m2\repository\com\mysql\mysql-connector-j\8.0.31\mysql-connector-j-8.0.31.jar;C:\Users\dani\.m2\repository\com\google\protobuf\protobuf-java\3.19.4\protobuf-java-3.19.4.jar;C:\Users\dani\.m2\repository\com\itextpdf\itextpdf\5.5.13.3\itextpdf-5.5.13.3.jar;C:\Users\dani\.m2\repository\org\glassfish\web\jakarta.servlet.jsp.jstl\2.0.0\jakarta.servlet.jsp.jstl-2.0.0.jar;C:\Users\dani\.m2\repository\jakarta\servlet\jsp\jstl\jakarta.servlet.jsp.jstl-api\2.0.0\jakarta.servlet.jsp.jstl-api-2.0.0.jar;C:\Users\dani\.m2\repository\jakarta\servlet\jakarta.servlet-api\5.0.0\jakarta.servlet-api-5.0.0.jar;C:\Users\dani\.m2\repository\jakarta\el\jakarta.el-api\4.0.0\jakarta.el-api-4.0.0.jar;C:\Users\dani\.m2\repository\jakarta\xml\bind\jakarta.xml.bind-api\3.0.0\jakarta.xml.bind-api-3.0.0.jar;C:\Users\dani\.m2\repository\com\sun\activation\jakarta.activation\2.0.0\jakarta.activation-2.0.0.jar;C:\Users\dani\.m2\repository\org\seleniumhq\selenium\selenium-java\4.6.0\selenium-java-4.6.0.jar;C:\Users\dani\.m2\repository\org\seleniumhq\selenium\selenium-api\4.6.0\selenium-api-4.6.0.jar;C:\Users\dani\.m2\repository\org\seleniumhq\selenium\selenium-devtools-v105\4.6.0\selenium-devtools-v105-4.6.0.jar;C:\Users\dani\.m2\repository\org\seleniumhq\selenium\selenium-devtools-v106\4.6.0\selenium-devtools-v106-4.6.0.jar;C:\Users\dani\.m2\repository\org\seleniumhq\selenium\selenium-devtools-v107\4.6.0\selenium-devtools-v107-4.6.0.jar;C:\Users\dani\.m2\repository\org\seleniumhq\selenium\selenium-devtools-v85\4.6.0\selenium-devtools-v85-4.6.0.jar;C:\Users\dani\.m2\repository\org\seleniumhq\selenium\selenium-edge-driver\4.6.0\selenium-edge-driver-4.6.0.jar;C:\Users\dani\.m2\repository\org\seleniumhq\selenium\selenium-firefox-driver\4.6.0\selenium-firefox-driver-4.6.0.jar;C:\Users\dani\.m2\repository\org\seleniumhq\selenium\selenium-ie-driver\4.6.0\selenium-ie-driver-4.6.0.jar;C:\Users\dani\.m2\repository\org\seleniumhq\selenium\selenium-remote-driver\4.6.0\selenium-remote-driver-4.6.0.jar;C:\Users\dani\.m2\repository\com\beust\jcommander\1.82\jcommander-1.82.jar;C:\Users\dani\.m2\repository\io\netty\netty-buffer\4.1.84.Final\netty-buffer-4.1.84.Final.jar;C:\Users\dani\.m2\repository\io\netty\netty-codec-http\4.1.84.Final\netty-codec-http-4.1.84.Final.jar;C:\Users\dani\.m2\repository\io\netty\netty-codec\4.1.84.Final\netty-codec-4.1.84.Final.jar;C:\Users\dani\.m2\repository\io\netty\netty-handler\4.1.84.Final\netty-handler-4.1.84.Final.jar;C:\Users\dani\.m2\repository\io\netty\netty-common\4.1.84.Final\netty-common-4.1.84.Final.jar;C:\Users\dani\.m2\repository\io\netty\netty-transport-classes-epoll\4.1.84.Final\netty-transport-classes-epoll-4.1.84.Final.jar;C:\Users\dani\.m2\repository\io\netty\netty-transport-classes-kqueue\4.1.84.Final\netty-transport-classes-kqueue-4.1.84.Final.jar;C:\Users\dani\.m2\repository\io\netty\netty-transport-native-epoll\4.1.84.Final\netty-transport-native-epoll-4.1.84.Final.jar;C:\Users\dani\.m2\repository\io\netty\netty-transport-native-kqueue\4.1.84.Final\netty-transport-native-kqueue-4.1.84.Final.jar;C:\Users\dani\.m2\repository\io\netty\netty-transport-native-unix-common\4.1.84.Final\netty-transport-native-unix-common-4.1.84.Final.jar;C:\Users\dani\.m2\repository\io\netty\netty-transport\4.1.84.Final\netty-transport-4.1.84.Final.jar;C:\Users\dani\.m2\repository\io\netty\netty-resolver\4.1.84.Final\netty-resolver-4.1.84.Final.jar;C:\Users\dani\.m2\repository\io\opentelemetry\opentelemetry-api\1.19.0\opentelemetry-api-1.19.0.jar;C:\Users\dani\.m2\repository\io\opentelemetry\opentelemetry-context\1.19.0\opentelemetry-context-1.19.0.jar;C:\Users\dani\.m2\repository\io\opentelemetry\opentelemetry-exporter-logging\1.19.0\opentelemetry-exporter-logging-1.19.0.jar;C:\Users\dani\.m2\repository\io\opentelemetry\opentelemetry-sdk-metrics\1.19.0\opentelemetry-sdk-metrics-1.19.0.jar;C:\Users\dani\.m2\repository\io\opentelemetry\opentelemetry-sdk-logs\1.19.0-alpha\opentelemetry-sdk-logs-1.19.0-alpha.jar;C:\Users\dani\.m2\repository\io\opentelemetry\opentelemetry-api-logs\1.19.0-alpha\opentelemetry-api-logs-1.19.0-alpha.jar;C:\Users\dani\.m2\repository\io\opentelemetry\opentelemetry-sdk-common\1.19.0\opentelemetry-sdk-common-1.19.0.jar;C:\Users\dani\.m2\repository\io\opentelemetry\opentelemetry-sdk-extension-autoconfigure-spi\1.19.0\opentelemetry-sdk-extension-autoconfigure-spi-1.19.0.jar;C:\Users\dani\.m2\repository\io\opentelemetry\opentelemetry-sdk-extension-autoconfigure\1.19.0-alpha\opentelemetry-sdk-extension-autoconfigure-1.19.0-alpha.jar;C:\Users\dani\.m2\repository\io\opentelemetry\opentelemetry-exporter-common\1.19.0\opentelemetry-exporter-common-1.19.0.jar;C:\Users\dani\.m2\repository\io\opentelemetry\opentelemetry-sdk-trace\1.19.0\opentelemetry-sdk-trace-1.19.0.jar;C:\Users\dani\.m2\repository\io\opentelemetry\opentelemetry-sdk\1.19.0\opentelemetry-sdk-1.19.0.jar;C:\Users\dani\.m2\repository\io\opentelemetry\opentelemetry-semconv\1.19.0-alpha\opentelemetry-semconv-1.19.0-alpha.jar;C:\Users\dani\.m2\repository\io\ous\jtoml\2.0.0\jtoml-2.0.0.jar;C:\Users\dani\.m2\repository\net\bytebuddy\byte-buddy\1.12.18\byte-buddy-1.12.18.jar;C:\Users\dani\.m2\repository\org\apache\commons\commons-exec\1.3\commons-exec-1.3.jar;C:\Users\dani\.m2\repository\org\asynchttpclient\async-http-client\2.12.3\async-http-client-2.12.3.jar;C:\Users\dani\.m2\repository\org\asynchttpclient\async-http-client-netty-utils\2.12.3\async-http-client-netty-utils-2.12.3.jar;C:\Users\dani\.m2\repository\io\netty\netty-codec-socks\4.1.60.Final\netty-codec-socks-4.1.60.Final.jar;C:\Users\dani\.m2\repository\io\netty\netty-handler-proxy\4.1.60.Final\netty-handler-proxy-4.1.60.Final.jar;C:\Users\dani\.m2\repository\io\netty\netty-transport-native-epoll\4.1.60.Final\netty-transport-native-epoll-4.1.60.Final-linux-x86_64.jar;C:\Users\dani\.m2\repository\io\netty\netty-transport-native-kqueue\4.1.60.Final\netty-transport-native-kqueue-4.1.60.Final-osx-x86_64.jar;C:\Users\dani\.m2\repository\org\reactivestreams\reactive-streams\1.0.3\reactive-streams-1.0.3.jar;C:\Users\dani\.m2\repository\com\typesafe\netty\netty-reactive-streams\2.0.4\netty-reactive-streams-2.0.4.jar;C:\Users\dani\.m2\repository\org\slf4j\slf4j-api\1.7.30\slf4j-api-1.7.30.jar;C:\Users\dani\.m2\repository\org\seleniumhq\selenium\selenium-http\4.6.0\selenium-http-4.6.0.jar;C:\Users\dani\.m2\repository\dev\failsafe\failsafe\3.3.0\failsafe-3.3.0.jar;C:\Users\dani\.m2\repository\org\seleniumhq\selenium\selenium-manager\4.6.0\selenium-manager-4.6.0.jar;C:\Users\dani\.m2\repository\org\seleniumhq\selenium\selenium-safari-driver\4.6.0\selenium-safari-driver-4.6.0.jar;C:\Users\dani\.m2\repository\org\seleniumhq\selenium\selenium-support\4.6.0\selenium-support-4.6.0.jar;C:\Users\dani\.m2\repository\org\seleniumhq\selenium\selenium-chrome-driver\4.6.0\selenium-chrome-driver-4.6.0.jar;C:\Users\dani\.m2\repository\com\google\auto\service\auto-service-annotations\1.0.1\auto-service-annotations-1.0.1.jar;C:\Users\dani\.m2\repository\com\google\auto\service\auto-service\1.0.1\auto-service-1.0.1.jar;C:\Users\dani\.m2\repository\com\google\auto\auto-common\1.2\auto-common-1.2.jar;C:\Users\dani\.m2\repository\com\google\guava\guava\31.1-jre\guava-31.1-jre.jar;C:\Users\dani\.m2\repository\com\google\guava\failureaccess\1.0.1\failureaccess-1.0.1.jar;C:\Users\dani\.m2\repository\com\google\guava\listenablefuture\9999.0-empty-to-avoid-conflict-with-guava\listenablefuture-9999.0-empty-to-avoid-conflict-with-guava.jar;C:\Users\dani\.m2\repository\com\google\code\findbugs\jsr305\3.0.2\jsr305-3.0.2.jar;C:\Users\dani\.m2\repository\org\checkerframework\checker-qual\3.12.0\checker-qual-3.12.0.jar;C:\Users\dani\.m2\repository\com\google\errorprone\error_prone_annotations\2.11.0\error_prone_annotations-2.11.0.jar;C:\Users\dani\.m2\repository\com\google\j2objc\j2objc-annotations\1.3\j2objc-annotations-1.3.jar;C:\Users\dani\.m2\repository\org\seleniumhq\selenium\selenium-chromium-driver\4.6.0\selenium-chromium-driver-4.6.0.jar;C:\Users\dani\.m2\repository\org\seleniumhq\selenium\selenium-json\4.6.0\selenium-json-4.6.0.jar;C:\Users\dani\.m2\repository\org\apache\tomcat\tomcat-catalina\10.1.4\tomcat-catalina-10.1.4.jar;C:\Users\dani\.m2\repository\org\apache\tomcat\tomcat-servlet-api\10.1.4\tomcat-servlet-api-10.1.4.jar;C:\Users\dani\.m2\repository\org\apache\tomcat\tomcat-jsp-api\10.1.4\tomcat-jsp-api-10.1.4.jar;C:\Users\dani\.m2\repository\org\apache\tomcat\tomcat-el-api\10.1.4\tomcat-el-api-10.1.4.jar;C:\Users\dani\.m2\repository\org\apache\tomcat\tomcat-juli\10.1.4\tomcat-juli-10.1.4.jar;C:\Users\dani\.m2\repository\org\apache\tomcat\tomcat-annotations-api\10.1.4\tomcat-annotations-api-10.1.4.jar;C:\Users\dani\.m2\repository\org\apache\tomcat\tomcat-api\10.1.4\tomcat-api-10.1.4.jar;C:\Users\dani\.m2\repository\org\apache\tomcat\tomcat-jni\10.1.4\tomcat-jni-10.1.4.jar;C:\Users\dani\.m2\repository\org\apache\tomcat\tomcat-coyote\10.1.4\tomcat-coyote-10.1.4.jar;C:\Users\dani\.m2\repository\org\apache\tomcat\tomcat-util\10.1.4\tomcat-util-10.1.4.jar;C:\Users\dani\.m2\repository\org\apache\tomcat\tomcat-util-scan\10.1.4\tomcat-util-scan-10.1.4.jar;C:\Users\dani\.m2\repository\org\apache\tomcat\tomcat-jaspic-api\10.1.4\tomcat-jaspic-api-10.1.4.jar;"/>
    <property name="sun.awt.enableExtraMouseButtons" value="true"/>
    <property name="java.vm.vendor" value="OpenLogic"/>
    <property name="sun.arch.data.model" value="64"/>
    <property name="user.variant" value=""/>
    <property name="java.vendor.url" value="https://openlogic.com/"/>
    <property name="user.timezone" value="Europe/Berlin"/>
    <property name="java.vm.specification.version" value="11"/>
    <property name="os.name" value="Windows 10"/>
    <property name="sun.java.launcher" value="SUN_STANDARD"/>
    <property name="user.country" value="IT"/>
    <property name="sun.boot.library.path" value="C:\Program Files\OpenJDK\jdk-11.0.17.8-hotspot\bin"/>
    <property name="sun.java.command" value="C:\Users\dani\AppData\Local\Temp\surefire4336283485585531530\surefirebooter308077398766108273.jar C:\Users\dani\AppData\Local\Temp\surefire4336283485585531530 2023-09-23T13-24-53_253-jvmRun1 surefire1259348089667545525tmp surefire_017019337443124100301tmp"/>
    <property name="jdk.debug" value="release"/>
    <property name="surefire.test.class.path" value="C:\Users\dani\IdeaProjects\LibreriaFinale\target\test-classes;C:\Users\dani\IdeaProjects\LibreriaFinale\target\classes;C:\Users\dani\.m2\repository\org\junit\jupiter\junit-jupiter-api\5.9.1\junit-jupiter-api-5.9.1.jar;C:\Users\dani\.m2\repository\org\opentest4j\opentest4j\1.2.0\opentest4j-1.2.0.jar;C:\Users\dani\.m2\repository\org\junit\platform\junit-platform-commons\1.9.1\junit-platform-commons-1.9.1.jar;C:\Users\dani\.m2\repository\org\apiguardian\apiguardian-api\1.1.2\apiguardian-api-1.1.2.jar;C:\Users\dani\.m2\repository\org\junit\jupiter\junit-jupiter-engine\5.9.1\junit-jupiter-engine-5.9.1.jar;C:\Users\dani\.m2\repository\org\junit\platform\junit-platform-engine\1.9.1\junit-platform-engine-1.9.1.jar;C:\Users\dani\.m2\repository\org\junit\jupiter\junit-jupiter-params\5.9.1\junit-jupiter-params-5.9.1.jar;C:\Users\dani\.m2\repository\org\openjfx\javafx-controls\11\javafx-controls-11-win.jar;C:\Users\dani\.m2\repository\org\openjfx\javafx-graphics\11\javafx-graphics-11.jar;C:\Users\dani\.m2\repository\org\openjfx\javafx-graphics\11\javafx-graphics-11-win.jar;C:\Users\dani\.m2\repository\org\openjfx\javafx-base\11\javafx-base-11.jar;C:\Users\dani\.m2\repository\org\openjfx\javafx-base\11\javafx-base-11-win.jar;C:\Users\dani\.m2\repository\org\openjfx\javafx-fxml\11\javafx-fxml-11.jar;C:\Users\dani\.m2\repository\org\openjfx\javafx-fxml\11\javafx-fxml-11-win.jar;C:\Users\dani\.m2\repository\org\openjfx\javafx-controls\11\javafx-controls-11.jar;C:\Users\dani\.m2\repository\org\mybatis\mybatis\3.5.11\mybatis-3.5.11.jar;C:\Users\dani\.m2\repository\com\mysql\mysql-connector-j\8.0.31\mysql-connector-j-8.0.31.jar;C:\Users\dani\.m2\repository\com\google\protobuf\protobuf-java\3.19.4\protobuf-java-3.19.4.jar;C:\Users\dani\.m2\repository\com\itextpdf\itextpdf\5.5.13.3\itextpdf-5.5.13.3.jar;C:\Users\dani\.m2\repository\org\glassfish\web\jakarta.servlet.jsp.jstl\2.0.0\jakarta.servlet.jsp.jstl-2.0.0.jar;C:\Users\dani\.m2\repository\jakarta\servlet\jsp\jstl\jakarta.servlet.jsp.jstl-api\2.0.0\jakarta.servlet.jsp.jstl-api-2.0.0.jar;C:\Users\dani\.m2\repository\jakarta\servlet\jakarta.servlet-api\5.0.0\jakarta.servlet-api-5.0.0.jar;C:\Users\dani\.m2\repository\jakarta\el\jakarta.el-api\4.0.0\jakarta.el-api-4.0.0.jar;C:\Users\dani\.m2\repository\jakarta\xml\bind\jakarta.xml.bind-api\3.0.0\jakarta.xml.bind-api-3.0.0.jar;C:\Users\dani\.m2\repository\com\sun\activation\jakarta.activation\2.0.0\jakarta.activation-2.0.0.jar;C:\Users\dani\.m2\repository\org\seleniumhq\selenium\selenium-java\4.6.0\selenium-java-4.6.0.jar;C:\Users\dani\.m2\repository\org\seleniumhq\selenium\selenium-api\4.6.0\selenium-api-4.6.0.jar;C:\Users\dani\.m2\repository\org\seleniumhq\selenium\selenium-devtools-v105\4.6.0\selenium-devtools-v105-4.6.0.jar;C:\Users\dani\.m2\repository\org\seleniumhq\selenium\selenium-devtools-v106\4.6.0\selenium-devtools-v106-4.6.0.jar;C:\Users\dani\.m2\repository\org\seleniumhq\selenium\selenium-devtools-v107\4.6.0\selenium-devtools-v107-4.6.0.jar;C:\Users\dani\.m2\repository\org\seleniumhq\selenium\selenium-devtools-v85\4.6.0\selenium-devtools-v85-4.6.0.jar;C:\Users\dani\.m2\repository\org\seleniumhq\selenium\selenium-edge-driver\4.6.0\selenium-edge-driver-4.6.0.jar;C:\Users\dani\.m2\repository\org\seleniumhq\selenium\selenium-firefox-driver\4.6.0\selenium-firefox-driver-4.6.0.jar;C:\Users\dani\.m2\repository\org\seleniumhq\selenium\selenium-ie-driver\4.6.0\selenium-ie-driver-4.6.0.jar;C:\Users\dani\.m2\repository\org\seleniumhq\selenium\selenium-remote-driver\4.6.0\selenium-remote-driver-4.6.0.jar;C:\Users\dani\.m2\repository\com\beust\jcommander\1.82\jcommander-1.82.jar;C:\Users\dani\.m2\repository\io\netty\netty-buffer\4.1.84.Final\netty-buffer-4.1.84.Final.jar;C:\Users\dani\.m2\repository\io\netty\netty-codec-http\4.1.84.Final\netty-codec-http-4.1.84.Final.jar;C:\Users\dani\.m2\repository\io\netty\netty-codec\4.1.84.Final\netty-codec-4.1.84.Final.jar;C:\Users\dani\.m2\repository\io\netty\netty-handler\4.1.84.Final\netty-handler-4.1.84.Final.jar;C:\Users\dani\.m2\repository\io\netty\netty-common\4.1.84.Final\netty-common-4.1.84.Final.jar;C:\Users\dani\.m2\repository\io\netty\netty-transport-classes-epoll\4.1.84.Final\netty-transport-classes-epoll-4.1.84.Final.jar;C:\Users\dani\.m2\repository\io\netty\netty-transport-classes-kqueue\4.1.84.Final\netty-transport-classes-kqueue-4.1.84.Final.jar;C:\Users\dani\.m2\repository\io\netty\netty-transport-native-epoll\4.1.84.Final\netty-transport-native-epoll-4.1.84.Final.jar;C:\Users\dani\.m2\repository\io\netty\netty-transport-native-kqueue\4.1.84.Final\netty-transport-native-kqueue-4.1.84.Final.jar;C:\Users\dani\.m2\repository\io\netty\netty-transport-native-unix-common\4.1.84.Final\netty-transport-native-unix-common-4.1.84.Final.jar;C:\Users\dani\.m2\repository\io\netty\netty-transport\4.1.84.Final\netty-transport-4.1.84.Final.jar;C:\Users\dani\.m2\repository\io\netty\netty-resolver\4.1.84.Final\netty-resolver-4.1.84.Final.jar;C:\Users\dani\.m2\repository\io\opentelemetry\opentelemetry-api\1.19.0\opentelemetry-api-1.19.0.jar;C:\Users\dani\.m2\repository\io\opentelemetry\opentelemetry-context\1.19.0\opentelemetry-context-1.19.0.jar;C:\Users\dani\.m2\repository\io\opentelemetry\opentelemetry-exporter-logging\1.19.0\opentelemetry-exporter-logging-1.19.0.jar;C:\Users\dani\.m2\repository\io\opentelemetry\opentelemetry-sdk-metrics\1.19.0\opentelemetry-sdk-metrics-1.19.0.jar;C:\Users\dani\.m2\repository\io\opentelemetry\opentelemetry-sdk-logs\1.19.0-alpha\opentelemetry-sdk-logs-1.19.0-alpha.jar;C:\Users\dani\.m2\repository\io\opentelemetry\opentelemetry-api-logs\1.19.0-alpha\opentelemetry-api-logs-1.19.0-alpha.jar;C:\Users\dani\.m2\repository\io\opentelemetry\opentelemetry-sdk-common\1.19.0\opentelemetry-sdk-common-1.19.0.jar;C:\Users\dani\.m2\repository\io\opentelemetry\opentelemetry-sdk-extension-autoconfigure-spi\1.19.0\opentelemetry-sdk-extension-autoconfigure-spi-1.19.0.jar;C:\Users\dani\.m2\repository\io\opentelemetry\opentelemetry-sdk-extension-autoconfigure\1.19.0-alpha\opentelemetry-sdk-extension-autoconfigure-1.19.0-alpha.jar;C:\Users\dani\.m2\repository\io\opentelemetry\opentelemetry-exporter-common\1.19.0\opentelemetry-exporter-common-1.19.0.jar;C:\Users\dani\.m2\repository\io\opentelemetry\opentelemetry-sdk-trace\1.19.0\opentelemetry-sdk-trace-1.19.0.jar;C:\Users\dani\.m2\repository\io\opentelemetry\opentelemetry-sdk\1.19.0\opentelemetry-sdk-1.19.0.jar;C:\Users\dani\.m2\repository\io\opentelemetry\opentelemetry-semconv\1.19.0-alpha\opentelemetry-semconv-1.19.0-alpha.jar;C:\Users\dani\.m2\repository\io\ous\jtoml\2.0.0\jtoml-2.0.0.jar;C:\Users\dani\.m2\repository\net\bytebuddy\byte-buddy\1.12.18\byte-buddy-1.12.18.jar;C:\Users\dani\.m2\repository\org\apache\commons\commons-exec\1.3\commons-exec-1.3.jar;C:\Users\dani\.m2\repository\org\asynchttpclient\async-http-client\2.12.3\async-http-client-2.12.3.jar;C:\Users\dani\.m2\repository\org\asynchttpclient\async-http-client-netty-utils\2.12.3\async-http-client-netty-utils-2.12.3.jar;C:\Users\dani\.m2\repository\io\netty\netty-codec-socks\4.1.60.Final\netty-codec-socks-4.1.60.Final.jar;C:\Users\dani\.m2\repository\io\netty\netty-handler-proxy\4.1.60.Final\netty-handler-proxy-4.1.60.Final.jar;C:\Users\dani\.m2\repository\io\netty\netty-transport-native-epoll\4.1.60.Final\netty-transport-native-epoll-4.1.60.Final-linux-x86_64.jar;C:\Users\dani\.m2\repository\io\netty\netty-transport-native-kqueue\4.1.60.Final\netty-transport-native-kqueue-4.1.60.Final-osx-x86_64.jar;C:\Users\dani\.m2\repository\org\reactivestreams\reactive-streams\1.0.3\reactive-streams-1.0.3.jar;C:\Users\dani\.m2\repository\com\typesafe\netty\netty-reactive-streams\2.0.4\netty-reactive-streams-2.0.4.jar;C:\Users\dani\.m2\repository\org\slf4j\slf4j-api\1.7.30\slf4j-api-1.7.30.jar;C:\Users\dani\.m2\repository\org\seleniumhq\selenium\selenium-http\4.6.0\selenium-http-4.6.0.jar;C:\Users\dani\.m2\repository\dev\failsafe\failsafe\3.3.0\failsafe-3.3.0.jar;C:\Users\dani\.m2\repository\org\seleniumhq\selenium\selenium-manager\4.6.0\selenium-manager-4.6.0.jar;C:\Users\dani\.m2\repository\org\seleniumhq\selenium\selenium-safari-driver\4.6.0\selenium-safari-driver-4.6.0.jar;C:\Users\dani\.m2\repository\org\seleniumhq\selenium\selenium-support\4.6.0\selenium-support-4.6.0.jar;C:\Users\dani\.m2\repository\org\seleniumhq\selenium\selenium-chrome-driver\4.6.0\selenium-chrome-driver-4.6.0.jar;C:\Users\dani\.m2\repository\com\google\auto\service\auto-service-annotations\1.0.1\auto-service-annotations-1.0.1.jar;C:\Users\dani\.m2\repository\com\google\auto\service\auto-service\1.0.1\auto-service-1.0.1.jar;C:\Users\dani\.m2\repository\com\google\auto\auto-common\1.2\auto-common-1.2.jar;C:\Users\dani\.m2\repository\com\google\guava\guava\31.1-jre\guava-31.1-jre.jar;C:\Users\dani\.m2\repository\com\google\guava\failureaccess\1.0.1\failureaccess-1.0.1.jar;C:\Users\dani\.m2\repository\com\google\guava\listenablefuture\9999.0-empty-to-avoid-conflict-with-guava\listenablefuture-9999.0-empty-to-avoid-conflict-with-guava.jar;C:\Users\dani\.m2\repository\com\google\code\findbugs\jsr305\3.0.2\jsr305-3.0.2.jar;C:\Users\dani\.m2\repository\org\checkerframework\checker-qual\3.12.0\checker-qual-3.12.0.jar;C:\Users\dani\.m2\repository\com\google\errorprone\error_prone_annotations\2.11.0\error_prone_annotations-2.11.0.jar;C:\Users\dani\.m2\repository\com\google\j2objc\j2objc-annotations\1.3\j2objc-annotations-1.3.jar;C:\Users\dani\.m2\repository\org\seleniumhq\selenium\selenium-chromium-driver\4.6.0\selenium-chromium-driver-4.6.0.jar;C:\Users\dani\.m2\repository\org\seleniumhq\selenium\selenium-json\4.6.0\selenium-json-4.6.0.jar;C:\Users\dani\.m2\repository\org\apache\tomcat\tomcat-catalina\10.1.4\tomcat-catalina-10.1.4.jar;C:\Users\dani\.m2\repository\org\apache\tomcat\tomcat-servlet-api\10.1.4\tomcat-servlet-api-10.1.4.jar;C:\Users\dani\.m2\repository\org\apache\tomcat\tomcat-jsp-api\10.1.4\tomcat-jsp-api-10.1.4.jar;C:\Users\dani\.m2\repository\org\apache\tomcat\tomcat-el-api\10.1.4\tomcat-el-api-10.1.4.jar;C:\Users\dani\.m2\repository\org\apache\tomcat\tomcat-juli\10.1.4\tomcat-juli-10.1.4.jar;C:\Users\dani\.m2\repository\org\apache\tomcat\tomcat-annotations-api\10.1.4\tomcat-annotations-api-10.1.4.jar;C:\Users\dani\.m2\repository\org\apache\tomcat\tomcat-api\10.1.4\tomcat-api-10.1.4.jar;C:\Users\dani\.m2\repository\org\apache\tomcat\tomcat-jni\10.1.4\tomcat-jni-10.1.4.jar;C:\Users\dani\.m2\repository\org\apache\tomcat\tomcat-coyote\10.1.4\tomcat-coyote-10.1.4.jar;C:\Users\dani\.m2\repository\org\apache\tomcat\tomcat-util\10.1.4\tomcat-util-10.1.4.jar;C:\Users\dani\.m2\repository\org\apache\tomcat\tomcat-util-scan\10.1.4\tomcat-util-scan-10.1.4.jar;C:\Users\dani\.m2\repository\org\apache\tomcat\tomcat-jaspic-api\10.1.4\tomcat-jaspic-api-10.1.4.jar;"/>
    <property name="sun.cpu.endian" value="little"/>
    <property name="user.home" value="C:\Users\dani"/>
    <property name="user.language" value="it"/>
    <property name="java.specification.vendor" value="Oracle Corporation"/>
    <property name="java.version.date" value="2022-10-18"/>
    <property name="java.home" value="C:\Program Files\OpenJDK\jdk-11.0.17.8-hotspot"/>
    <property name="file.separator" value="\"/>
    <property name="basedir" value="C:\Users\dani\IdeaProjects\LibreriaFinale"/>
    <property name="java.vm.compressedOopsMode" value="32-bit"/>
    <property name="line.separator" value="&#10;"/>
    <property name="java.specification.name" value="Java Platform API Specification"/>
    <property name="java.vm.specification.vendor" value="Oracle Corporation"/>
    <property name="java.awt.graphicsenv" value="sun.awt.Win32GraphicsEnvironment"/>
    <property name="surefire.real.class.path" value="C:\Users\dani\AppData\Local\Temp\surefire4336283485585531530\surefirebooter308077398766108273.jar"/>
    <property name="user.script" value=""/>
    <property name="sun.management.compiler" value="HotSpot 64-Bit Tiered Compilers"/>
    <property name="java.runtime.version" value="11.0.17+8-adhoc..jdk11u"/>
    <property name="user.name" value="dani"/>
    <property name="path.separator" value=";"/>
    <property name="os.version" value="10.0"/>
    <property name="java.runtime.name" value="OpenJDK Runtime Environment"/>
    <property name="file.encoding" value="Cp1252"/>
    <property name="java.vm.name" value="OpenJDK 64-Bit Server VM"/>
    <property name="java.vendor.version" value="OpenLogic-OpenJDK"/>
    <property name="localRepository" value="C:\Users\dani\.m2\repository"/>
    <property name="java.vendor.url.bug" value="https://techsupport.roguewave.com/"/>
    <property name="java.io.tmpdir" value="C:\Users\dani\AppData\Local\Temp\"/>
    <property name="idea.version" value="2022.2.2"/>
    <property name="java.version" value="11.0.17"/>
    <property name="user.dir" value="C:\Users\dani\IdeaProjects\LibreriaFinale"/>
    <property name="os.arch" value="amd64"/>
    <property name="java.vm.specification.name" value="Java Virtual Machine Specification"/>
    <property name="java.awt.printerjob" value="sun.awt.windows.WPrinterJob"/>
    <property name="sun.os.patch.level" value=""/>
    <property name="java.library.path" value="C:\Program Files\OpenJDK\jdk-11.0.17.8-hotspot\bin;C:\WINDOWS\Sun\Java\bin;C:\WINDOWS\system32;C:\WINDOWS;C:\Program Files\OpenJDK\jdk-11.0.17.8-hotspot\bin;C:\WINDOWS\system32;C:\WINDOWS;C:\WINDOWS\System32\Wbem;C:\WINDOWS\System32\WindowsPowerShell\v1.0\;C:\Program Files\MySQL\MySQL Server 8.0\bin;C:\Program Files\MySQL\MySQL Connector C 6.1\include;C:\Program Files\MySQL\MySQL Server 8.0\include;C:\Program Files\MySQL\MySQL Connector C 6.1\lib;C:\ProgramData\MySQL\MySQL Server 8.0;C:\WINDOWS\System32\OpenSSH\;C:\Program Files\Git\cmd;C:\Program Files\TortoiseGit\bin;C:\Program Files\TortoiseSVN\bin;C:\Users\dani\Desktop\apache-maven-3.8.6-bin\apache-maven-3.8.6\bin;C:\Program Files\Java\jdk-11.0.9\bin;C:\Program Files\MySQL\MySQL Shell 8.0\bin\;C:\Program Files\MySQL\MySQL Connector C 6.1\include;C:\MinGW\bin;C:\Program Files\MySQL\MySQL Connector C 6.1\bin;C:\Program Files\MySQL\MySQL Server 8.0\include;C:\Users\dani\AppData\Local\Microsoft\WindowsApps;C:\Users\dani\AppData\Local\GitHubDesktop\bin;C:\Program Files\JetBrains\IntelliJ IDEA Educational Edition 2022.2.2\bin;;."/>
    <property name="java.vm.info" value="mixed mode"/>
    <property name="java.vendor" value="OpenLogic"/>
    <property name="java.vm.version" value="11.0.17+8-adhoc..jdk11u"/>
    <property name="sun.io.unicode.encoding" value="UnicodeLittle"/>
    <property name="java.class.version" value="55.0"/>
  </properties>
  <testcase name="testAggiorna" classname="laptop.test.TestLaptop1" time="0.829">
    <system-err><![CDATA[set 23, 2023 1:25:11 PM laptop.utilities.ConnToDb initailConnection
INFORMAZIONI: Connesso initial.....

set 23, 2023 1:25:11 PM laptop.utilities.ConnToDb initailConnection
INFORMAZIONI: Connesso initial.....

set 23, 2023 1:25:11 PM laptop.utilities.ConnToDb connection
INFORMAZIONI: Tentativo di conessione al server..........\\n
set 23, 2023 1:25:11 PM laptop.utilities.ConnToDb connection
INFORMAZIONI: Connesso standard ........

set 23, 2023 1:25:11 PM laptop.utilities.CreateDefaultDB createDefaultDB
AVVERTENZA: Ops..! qualcosa è andato storto nella connesione al database!
set 23, 2023 1:25:11 PM laptop.controller.ControllerModificaUtente <init>
INFORMAZIONI: Costruttore ControllerModificaUtente
set 23, 2023 1:25:11 PM laptop.utilities.ConnToDb generalConnection
INFORMAZIONI: Tentativo di conessione al server..........\\n
set 23, 2023 1:25:12 PM laptop.utilities.ConnToDb generalConnection
INFORMAZIONI: Connesso standard ........

set 23, 2023 1:25:12 PM laptop.utilities.ConnToDb generalConnection
INFORMAZIONI: Tentativo di conessione al server..........\\n
set 23, 2023 1:25:12 PM laptop.utilities.ConnToDb generalConnection
INFORMAZIONI: Connesso standard ........

set 23, 2023 1:25:12 PM laptop.utilities.ConnToDb generalConnection
INFORMAZIONI: Tentativo di conessione al server..........\\n
set 23, 2023 1:25:12 PM laptop.utilities.ConnToDb generalConnection
INFORMAZIONI: Connesso standard ........

set 23, 2023 1:25:12 PM laptop.utilities.ConnToDb generalConnection
INFORMAZIONI: Tentativo di conessione al server..........\\n
set 23, 2023 1:25:12 PM laptop.utilities.ConnToDb generalConnection
INFORMAZIONI: Connesso standard ........

set 23, 2023 1:25:12 PM laptop.utilities.ConnToDb generalConnection
INFORMAZIONI: Tentativo di conessione al server..........\\n
set 23, 2023 1:25:12 PM laptop.utilities.ConnToDb generalConnection
INFORMAZIONI: Connesso standard ........

]]></system-err>
  </testcase>
  <testcase name="testAggiornaTot" classname="laptop.test.TestLaptop1" time="0.413">
    <system-err><![CDATA[set 23, 2023 1:25:12 PM laptop.controller.ControllerModificaUtente <init>
INFORMAZIONI: Costruttore ControllerModificaUtente
set 23, 2023 1:25:12 PM laptop.utilities.ConnToDb generalConnection
INFORMAZIONI: Tentativo di conessione al server..........\\n
set 23, 2023 1:25:12 PM laptop.utilities.ConnToDb generalConnection
INFORMAZIONI: Connesso standard ........

set 23, 2023 1:25:12 PM laptop.database.UsersDao pickData
INFORMAZIONI: errore in mysql :
set 23, 2023 1:25:12 PM laptop.utilities.ConnToDb generalConnection
INFORMAZIONI: Tentativo di conessione al server..........\\n
set 23, 2023 1:25:12 PM laptop.utilities.ConnToDb generalConnection
INFORMAZIONI: Connesso standard ........

]]></system-err>
  </testcase>
  <testcase name="testGetRivistaById" classname="laptop.test.TestLaptop1" time="0.328">
    <system-err><![CDATA[set 23, 2023 1:25:13 PM laptop.controller.ControllerModificaUtente <init>
INFORMAZIONI: Costruttore ControllerModificaUtente
set 23, 2023 1:25:13 PM laptop.utilities.ConnToDb generalConnection
INFORMAZIONI: Tentativo di conessione al server..........\\n
set 23, 2023 1:25:13 PM laptop.utilities.ConnToDb generalConnection
INFORMAZIONI: Connesso standard ........

]]></system-err>
  </testcase>
  <testcase name="testGetGiornali" classname="laptop.test.TestLaptop1" time="0.059">
    <system-err><![CDATA[set 23, 2023 1:25:13 PM laptop.controller.ControllerModificaUtente <init>
INFORMAZIONI: Costruttore ControllerModificaUtente
set 23, 2023 1:25:13 PM laptop.utilities.ConnToDb generalConnection
INFORMAZIONI: Tentativo di conessione al server..........\\n
set 23, 2023 1:25:13 PM laptop.utilities.ConnToDb generalConnection
INFORMAZIONI: Connesso standard ........

]]></system-err>
  </testcase>
  <testcase name="testScaricaLibro(int)[1]" classname="laptop.test.TestLaptop1" time="4.484">
    <system-err><![CDATA[set 23, 2023 1:25:13 PM laptop.controller.ControllerModificaUtente <init>
INFORMAZIONI: Costruttore ControllerModificaUtente
]]></system-err>
  </testcase>
  <testcase name="testScaricaLibro(int)[2]" classname="laptop.test.TestLaptop1" time="2.599">
    <system-err><![CDATA[set 23, 2023 1:25:18 PM laptop.controller.ControllerModificaUtente <init>
INFORMAZIONI: Costruttore ControllerModificaUtente
]]></system-err>
  </testcase>
  <testcase name="testScaricaLibro(int)[3]" classname="laptop.test.TestLaptop1" time="0.428">
    <system-err><![CDATA[set 23, 2023 1:25:20 PM laptop.controller.ControllerModificaUtente <init>
INFORMAZIONI: Costruttore ControllerModificaUtente
]]></system-err>
  </testcase>
  <testcase name="testScaricaLibro(int)[4]" classname="laptop.test.TestLaptop1" time="0.319">
    <system-err><![CDATA[set 23, 2023 1:25:21 PM laptop.controller.ControllerModificaUtente <init>
INFORMAZIONI: Costruttore ControllerModificaUtente
]]></system-err>
  </testcase>
  <testcase name="testScaricaLibro(int)[5]" classname="laptop.test.TestLaptop1" time="0.948">
    <system-err><![CDATA[set 23, 2023 1:25:21 PM laptop.controller.ControllerModificaUtente <init>
INFORMAZIONI: Costruttore ControllerModificaUtente
]]></system-err>
  </testcase>
  <testcase name="testScaricaLibro(int)[6]" classname="laptop.test.TestLaptop1" time="0.809">
    <system-err><![CDATA[set 23, 2023 1:25:22 PM laptop.controller.ControllerModificaUtente <init>
INFORMAZIONI: Costruttore ControllerModificaUtente
]]></system-err>
  </testcase>
  <testcase name="testGetDispG" classname="laptop.test.TestLaptop1" time="0.101">
    <system-err><![CDATA[set 23, 2023 1:25:23 PM laptop.controller.ControllerModificaUtente <init>
INFORMAZIONI: Costruttore ControllerModificaUtente
set 23, 2023 1:25:23 PM laptop.utilities.ConnToDb generalConnection
INFORMAZIONI: Tentativo di conessione al server..........\\n
set 23, 2023 1:25:23 PM laptop.utilities.ConnToDb generalConnection
INFORMAZIONI: Connesso standard ........

]]></system-err>
  </testcase>
  <testcase name="testGetDispL" classname="laptop.test.TestLaptop1" time="0.533">
    <system-err><![CDATA[set 23, 2023 1:25:23 PM laptop.controller.ControllerModificaUtente <init>
INFORMAZIONI: Costruttore ControllerModificaUtente
set 23, 2023 1:25:23 PM laptop.utilities.ConnToDb generalConnection
INFORMAZIONI: Tentativo di conessione al server..........\\n
set 23, 2023 1:25:23 PM laptop.utilities.ConnToDb generalConnection
INFORMAZIONI: Connesso standard ........

]]></system-err>
  </testcase>
  <testcase name="testGetDispR" classname="laptop.test.TestLaptop1" time="0.088">
    <system-err><![CDATA[set 23, 2023 1:25:24 PM laptop.controller.ControllerModificaUtente <init>
INFORMAZIONI: Costruttore ControllerModificaUtente
set 23, 2023 1:25:24 PM laptop.utilities.ConnToDb generalConnection
INFORMAZIONI: Tentativo di conessione al server..........\\n
set 23, 2023 1:25:24 PM laptop.utilities.ConnToDb generalConnection
INFORMAZIONI: Connesso standard ........

]]></system-err>
  </testcase>
  <testcase name="testGetLibri" classname="laptop.test.TestLaptop1" time="0.34">
    <system-err><![CDATA[set 23, 2023 1:25:24 PM laptop.controller.ControllerModificaUtente <init>
INFORMAZIONI: Costruttore ControllerModificaUtente
set 23, 2023 1:25:24 PM laptop.utilities.ConnToDb generalConnection
INFORMAZIONI: Tentativo di conessione al server..........\\n
set 23, 2023 1:25:24 PM laptop.utilities.ConnToDb generalConnection
INFORMAZIONI: Connesso standard ........

]]></system-err>
  </testcase>
  <testcase name="testPopolaBottoneA" classname="laptop.test.TestLaptop1" time="0.608">
    <system-err><![CDATA[set 23, 2023 1:25:24 PM laptop.controller.ControllerModificaUtente <init>
INFORMAZIONI: Costruttore ControllerModificaUtente
]]></system-err>
  </testcase>
  <testcase name="testPopolaBottoneV" classname="laptop.test.TestLaptop1" time="0.003">
    <system-err><![CDATA[set 23, 2023 1:25:25 PM laptop.controller.ControllerModificaUtente <init>
INFORMAZIONI: Costruttore ControllerModificaUtente
]]></system-err>
  </testcase>
  <testcase name="testLogoutSE" classname="laptop.test.TestLaptop1" time="0.021">
    <system-err><![CDATA[set 23, 2023 1:25:25 PM laptop.controller.ControllerModificaUtente <init>
INFORMAZIONI: Costruttore ControllerModificaUtente
set 23, 2023 1:25:25 PM laptop.controller.ControllerHomePageAfterLoginSE logout
INFORMAZIONI: stai sloggando come Bao Publishing
set 23, 2023 1:25:25 PM laptop.controller.ControllerHomePageAfterLoginSE logout
INFORMAZIONI: logout utente null
]]></system-err>
  </testcase>
  <testcase name="testTotaleG" classname="laptop.test.TestLaptop1" time="2.399">
    <system-err><![CDATA[set 23, 2023 1:25:25 PM laptop.controller.ControllerModificaUtente <init>
INFORMAZIONI: Costruttore ControllerModificaUtente
set 23, 2023 1:25:25 PM laptop.utilities.ConnToDb generalConnection
INFORMAZIONI: Tentativo di conessione al server..........\\n
set 23, 2023 1:25:25 PM laptop.utilities.ConnToDb generalConnection
INFORMAZIONI: Connesso standard ........

set 23, 2023 1:25:25 PM laptop.utilities.ConnToDb generalConnection
INFORMAZIONI: Tentativo di conessione al server..........\\n
set 23, 2023 1:25:25 PM laptop.utilities.ConnToDb generalConnection
INFORMAZIONI: Connesso standard ........

]]></system-err>
  </testcase>
  <testcase name="testTotaleR" classname="laptop.test.TestLaptop1" time="2.788">
    <system-err><![CDATA[set 23, 2023 1:25:27 PM laptop.controller.ControllerModificaUtente <init>
INFORMAZIONI: Costruttore ControllerModificaUtente
set 23, 2023 1:25:27 PM laptop.utilities.ConnToDb generalConnection
INFORMAZIONI: Tentativo di conessione al server..........\\n
set 23, 2023 1:25:27 PM laptop.utilities.ConnToDb generalConnection
INFORMAZIONI: Connesso standard ........

set 23, 2023 1:25:27 PM laptop.utilities.ConnToDb generalConnection
INFORMAZIONI: Tentativo di conessione al server..........\\n
set 23, 2023 1:25:27 PM laptop.utilities.ConnToDb generalConnection
INFORMAZIONI: Connesso standard ........

]]></system-err>
  </testcase>
  <testcase name="testGetNomeById" classname="laptop.test.TestLaptop1" time="0.04">
    <system-err><![CDATA[set 23, 2023 1:25:30 PM laptop.controller.ControllerModificaUtente <init>
INFORMAZIONI: Costruttore ControllerModificaUtente
set 23, 2023 1:25:30 PM laptop.utilities.ConnToDb generalConnection
INFORMAZIONI: Tentativo di conessione al server..........\\n
set 23, 2023 1:25:30 PM laptop.utilities.ConnToDb generalConnection
INFORMAZIONI: Connesso standard ........

]]></system-err>
  </testcase>
  <testcase name="testGetNomeUser" classname="laptop.test.TestLaptop1" time="0.105">
    <system-err><![CDATA[set 23, 2023 1:25:30 PM laptop.controller.ControllerModificaUtente <init>
INFORMAZIONI: Costruttore ControllerModificaUtente
]]></system-err>
  </testcase>
  <testcase name="testDisponibilitaLibro" classname="laptop.test.TestLaptop1" time="0.202">
    <system-err><![CDATA[set 23, 2023 1:25:30 PM laptop.controller.ControllerModificaUtente <init>
INFORMAZIONI: Costruttore ControllerModificaUtente
set 23, 2023 1:25:30 PM laptop.utilities.ConnToDb generalConnection
INFORMAZIONI: Tentativo di conessione al server..........\\n
set 23, 2023 1:25:30 PM laptop.utilities.ConnToDb generalConnection
INFORMAZIONI: Connesso standard ........

set 23, 2023 1:25:30 PM laptop.database.LibroDao checkDisp
INFORMAZIONI: libro disponibile
]]></system-err>
  </testcase>
  <testcase name="testCheckDataG" classname="laptop.test.TestLaptop1" time="1.815">
    <system-err><![CDATA[set 23, 2023 1:25:30 PM laptop.controller.ControllerModificaUtente <init>
INFORMAZIONI: Costruttore ControllerModificaUtente
set 23, 2023 1:25:30 PM laptop.utilities.ConnToDb generalConnection
INFORMAZIONI: Tentativo di conessione al server..........\\n
set 23, 2023 1:25:30 PM laptop.utilities.ConnToDb generalConnection
INFORMAZIONI: Connesso standard ........

]]></system-err>
  </testcase>
  <testcase name="testCheckDataL" classname="laptop.test.TestLaptop1" time="2.599">
    <system-err><![CDATA[set 23, 2023 1:25:32 PM laptop.controller.ControllerModificaUtente <init>
INFORMAZIONI: Costruttore ControllerModificaUtente
set 23, 2023 1:25:32 PM laptop.utilities.ConnToDb generalConnection
INFORMAZIONI: Tentativo di conessione al server..........\\n
set 23, 2023 1:25:32 PM laptop.utilities.ConnToDb generalConnection
INFORMAZIONI: Connesso standard ........

set 23, 2023 1:25:34 PM laptop.database.LibroDao aggiornaLibro
INFORMAZIONI: row affected 1
]]></system-err>
  </testcase>
  <testcase name="testCheckDataR" classname="laptop.test.TestLaptop1" time="2.027">
    <system-err><![CDATA[set 23, 2023 1:25:35 PM laptop.controller.ControllerModificaUtente <init>
INFORMAZIONI: Costruttore ControllerModificaUtente
set 23, 2023 1:25:35 PM laptop.utilities.ConnToDb generalConnection
INFORMAZIONI: Tentativo di conessione al server..........\\n
set 23, 2023 1:25:35 PM laptop.utilities.ConnToDb generalConnection
INFORMAZIONI: Connesso standard ........

]]></system-err>
  </testcase>
  <testcase name="testAnnullaOrdine" classname="laptop.test.TestLaptop1" time="1.86">
    <system-err><![CDATA[set 23, 2023 1:25:37 PM laptop.controller.ControllerModificaUtente <init>
INFORMAZIONI: Costruttore ControllerModificaUtente
set 23, 2023 1:25:37 PM laptop.utilities.ConnToDb generalConnection
INFORMAZIONI: Tentativo di conessione al server..........\\n
set 23, 2023 1:25:37 PM laptop.utilities.ConnToDb generalConnection
INFORMAZIONI: Connesso standard ........

]]></system-err>
  </testcase>
  <testcase name="testDisponibilitaRivista" classname="laptop.test.TestLaptop1" time="0.088">
    <system-err><![CDATA[set 23, 2023 1:25:39 PM laptop.controller.ControllerModificaUtente <init>
INFORMAZIONI: Costruttore ControllerModificaUtente
set 23, 2023 1:25:39 PM laptop.utilities.ConnToDb generalConnection
INFORMAZIONI: Tentativo di conessione al server..........\\n
set 23, 2023 1:25:39 PM laptop.utilities.ConnToDb generalConnection
INFORMAZIONI: Connesso standard ........

]]></system-err>
  </testcase>
  <testcase name="testGetRuoloTempUSer" classname="laptop.test.TestLaptop1" time="0.066">
    <system-err><![CDATA[set 23, 2023 1:25:39 PM laptop.controller.ControllerModificaUtente <init>
INFORMAZIONI: Costruttore ControllerModificaUtente
set 23, 2023 1:25:39 PM laptop.utilities.ConnToDb generalConnection
INFORMAZIONI: Tentativo di conessione al server..........\\n
set 23, 2023 1:25:39 PM laptop.utilities.ConnToDb generalConnection
INFORMAZIONI: Connesso standard ........

]]></system-err>
  </testcase>
  <testcase name="testDisponibilitaGiornale" classname="laptop.test.TestLaptop1" time="0.064">
    <system-err><![CDATA[set 23, 2023 1:25:39 PM laptop.controller.ControllerModificaUtente <init>
INFORMAZIONI: Costruttore ControllerModificaUtente
set 23, 2023 1:25:39 PM laptop.utilities.ConnToDb generalConnection
INFORMAZIONI: Tentativo di conessione al server..........\\n
set 23, 2023 1:25:39 PM laptop.utilities.ConnToDb generalConnection
INFORMAZIONI: Connesso standard ........

set 23, 2023 1:25:39 PM laptop.database.GiornaleDao checkDisp
INFORMAZIONI: giornale Trovato
]]></system-err>
  </testcase>
  <testcase name="testGetGiornaliById" classname="laptop.test.TestLaptop1" time="0.107">
    <system-err><![CDATA[set 23, 2023 1:25:39 PM laptop.controller.ControllerModificaUtente <init>
INFORMAZIONI: Costruttore ControllerModificaUtente
set 23, 2023 1:25:39 PM laptop.utilities.ConnToDb generalConnection
INFORMAZIONI: Tentativo di conessione al server..........\\n
set 23, 2023 1:25:39 PM laptop.utilities.ConnToDb generalConnection
INFORMAZIONI: Connesso standard ........

set 23, 2023 1:25:39 PM laptop.database.GiornaleDao getGiornaliSingoloById
INFORMAZIONI: catalogo [laptop.model.raccolta.Giornale@4907472e]
]]></system-err>
  </testcase>
  <testcase name="testGetTipo" classname="laptop.test.TestLaptop1" time="0.01">
    <system-err><![CDATA[set 23, 2023 1:25:39 PM laptop.controller.ControllerModificaUtente <init>
INFORMAZIONI: Costruttore ControllerModificaUtente
]]></system-err>
  </testcase>
  <testcase name="testGetNumeroCC" classname="laptop.test.TestLaptop1" time="0.007">
    <system-err><![CDATA[set 23, 2023 1:25:39 PM laptop.controller.ControllerModificaUtente <init>
INFORMAZIONI: Costruttore ControllerModificaUtente
]]></system-err>
  </testcase>
  <testcase name="testCheckDataGM" classname="laptop.test.TestLaptop1" time="0.564">
    <system-err><![CDATA[set 23, 2023 1:25:39 PM laptop.controller.ControllerModificaUtente <init>
INFORMAZIONI: Costruttore ControllerModificaUtente
set 23, 2023 1:25:39 PM laptop.utilities.ConnToDb generalConnection
INFORMAZIONI: Tentativo di conessione al server..........\\n
set 23, 2023 1:25:39 PM laptop.utilities.ConnToDb generalConnection
INFORMAZIONI: Connesso standard ........

set 23, 2023 1:25:40 PM laptop.database.GiornaleDao aggiornaGiornale
INFORMAZIONI:  rows aggiornalte 1
]]></system-err>
  </testcase>
  <testcase name="testCheckDataRM" classname="laptop.test.TestLaptop1" time="1.029">
    <system-err><![CDATA[set 23, 2023 1:25:40 PM laptop.controller.ControllerModificaUtente <init>
INFORMAZIONI: Costruttore ControllerModificaUtente
set 23, 2023 1:25:40 PM laptop.utilities.ConnToDb generalConnection
INFORMAZIONI: Tentativo di conessione al server..........\\n
set 23, 2023 1:25:40 PM laptop.utilities.ConnToDb generalConnection
INFORMAZIONI: Connesso standard ........

set 23, 2023 1:25:41 PM laptop.database.RivistaDao aggiornaRivista
INFORMAZIONI: rows afffected1
]]></system-err>
  </testcase>
  <testcase name="testRitornaMessaggio" classname="laptop.test.TestLaptop1" time="0.002">
    <system-err><![CDATA[set 23, 2023 1:25:41 PM laptop.controller.ControllerModificaUtente <init>
INFORMAZIONI: Costruttore ControllerModificaUtente
]]></system-err>
  </testcase>
  <testcase name="testGetAmmontare" classname="laptop.test.TestLaptop1" time="0.003">
    <system-err><![CDATA[set 23, 2023 1:25:41 PM laptop.controller.ControllerModificaUtente <init>
INFORMAZIONI: Costruttore ControllerModificaUtente
]]></system-err>
  </testcase>
  <testcase name="testControllaG" classname="laptop.test.TestLaptop1" time="0.55">
    <system-err><![CDATA[set 23, 2023 1:25:41 PM laptop.controller.ControllerModificaUtente <init>
INFORMAZIONI: Costruttore ControllerModificaUtente
set 23, 2023 1:25:41 PM laptop.utilities.ConnToDb generalConnection
INFORMAZIONI: Tentativo di conessione al server..........\\n
set 23, 2023 1:25:41 PM laptop.utilities.ConnToDb generalConnection
INFORMAZIONI: Connesso standard ........

set 23, 2023 1:25:41 PM laptop.utilities.ConnToDb generalConnection
INFORMAZIONI: Tentativo di conessione al server..........\\n
set 23, 2023 1:25:41 PM laptop.utilities.ConnToDb generalConnection
INFORMAZIONI: Connesso standard ........

set 23, 2023 1:25:41 PM laptop.utilities.ConnToDb generalConnection
INFORMAZIONI: Tentativo di conessione al server..........\\n
set 23, 2023 1:25:41 PM laptop.utilities.ConnToDb generalConnection
INFORMAZIONI: Connesso standard ........

]]></system-err>
  </testcase>
  <testcase name="testControllaL" classname="laptop.test.TestLaptop1" time="0.729">
    <system-err><![CDATA[set 23, 2023 1:25:41 PM laptop.controller.ControllerModificaUtente <init>
INFORMAZIONI: Costruttore ControllerModificaUtente
set 23, 2023 1:25:41 PM laptop.utilities.ConnToDb generalConnection
INFORMAZIONI: Tentativo di conessione al server..........\\n
set 23, 2023 1:25:41 PM laptop.utilities.ConnToDb generalConnection
INFORMAZIONI: Connesso standard ........

set 23, 2023 1:25:42 PM laptop.utilities.ConnToDb generalConnection
INFORMAZIONI: Tentativo di conessione al server..........\\n
set 23, 2023 1:25:42 PM laptop.utilities.ConnToDb generalConnection
INFORMAZIONI: Connesso standard ........

set 23, 2023 1:25:42 PM laptop.utilities.ConnToDb generalConnection
INFORMAZIONI: Tentativo di conessione al server..........\\n
set 23, 2023 1:25:42 PM laptop.utilities.ConnToDb generalConnection
INFORMAZIONI: Connesso standard ........

]]></system-err>
  </testcase>
  <testcase name="testControllaR" classname="laptop.test.TestLaptop1" time="0.706">
    <system-err><![CDATA[set 23, 2023 1:25:42 PM laptop.controller.ControllerModificaUtente <init>
INFORMAZIONI: Costruttore ControllerModificaUtente
set 23, 2023 1:25:42 PM laptop.utilities.ConnToDb generalConnection
INFORMAZIONI: Tentativo di conessione al server..........\\n
set 23, 2023 1:25:42 PM laptop.utilities.ConnToDb generalConnection
INFORMAZIONI: Connesso standard ........

set 23, 2023 1:25:42 PM laptop.utilities.ConnToDb generalConnection
INFORMAZIONI: Tentativo di conessione al server..........\\n
set 23, 2023 1:25:42 PM laptop.utilities.ConnToDb generalConnection
INFORMAZIONI: Connesso standard ........

set 23, 2023 1:25:43 PM laptop.utilities.ConnToDb generalConnection
INFORMAZIONI: Tentativo di conessione al server..........\\n
set 23, 2023 1:25:43 PM laptop.utilities.ConnToDb generalConnection
INFORMAZIONI: Connesso standard ........

]]></system-err>
  </testcase>
  <testcase name="testGetPrezzoTransazine" classname="laptop.test.TestLaptop1" time="0.003">
    <system-err><![CDATA[set 23, 2023 1:25:43 PM laptop.controller.ControllerModificaUtente <init>
INFORMAZIONI: Costruttore ControllerModificaUtente
]]></system-err>
  </testcase>
  <testcase name="testGetCognomeUser" classname="laptop.test.TestLaptop1" time="0.003">
    <system-err><![CDATA[set 23, 2023 1:25:43 PM laptop.controller.ControllerModificaUtente <init>
INFORMAZIONI: Costruttore ControllerModificaUtente
]]></system-err>
  </testcase>
  <testcase name="testControlla" classname="laptop.test.TestLaptop1" time="0.185">
    <system-err><![CDATA[set 23, 2023 1:25:43 PM laptop.controller.ControllerModificaUtente <init>
INFORMAZIONI: Costruttore ControllerModificaUtente
set 23, 2023 1:25:43 PM laptop.utilities.ConnToDb generalConnection
INFORMAZIONI: Tentativo di conessione al server..........\\n
set 23, 2023 1:25:43 PM laptop.utilities.ConnToDb generalConnection
INFORMAZIONI: Connesso standard ........

set 23, 2023 1:25:43 PM laptop.database.UsersDao checkUser
INFORMAZIONI: idUser zerocalcare@gmail.com
set 23, 2023 1:25:43 PM laptop.utilities.ConnToDb generalConnection
INFORMAZIONI: Tentativo di conessione al server..........\\n
set 23, 2023 1:25:43 PM laptop.utilities.ConnToDb generalConnection
INFORMAZIONI: Connesso standard ........

set 23, 2023 1:25:43 PM laptop.utilities.ConnToDb generalConnection
INFORMAZIONI: Tentativo di conessione al server..........\\n
set 23, 2023 1:25:43 PM laptop.utilities.ConnToDb generalConnection
INFORMAZIONI: Connesso standard ........

set 23, 2023 1:25:43 PM laptop.database.UsersDao pickData
INFORMAZIONI: errore in mysql :
set 23, 2023 1:25:43 PM laptop.controller.ControllerLogin controlla
INFORMAZIONI: loggato come W
]]></system-err>
  </testcase>
  <testcase name="testGetRivistaS" classname="laptop.test.TestLaptop1" time="0.078">
    <system-err><![CDATA[set 23, 2023 1:25:43 PM laptop.controller.ControllerModificaUtente <init>
INFORMAZIONI: Costruttore ControllerModificaUtente
set 23, 2023 1:25:43 PM laptop.utilities.ConnToDb generalConnection
INFORMAZIONI: Tentativo di conessione al server..........\\n
set 23, 2023 1:25:43 PM laptop.utilities.ConnToDb generalConnection
INFORMAZIONI: Connesso standard ........

]]></system-err>
  </testcase>
  <testcase name="testGetScadenza" classname="laptop.test.TestLaptop1" time="0.004">
    <system-err><![CDATA[set 23, 2023 1:25:43 PM laptop.controller.ControllerModificaUtente <init>
INFORMAZIONI: Costruttore ControllerModificaUtente
]]></system-err>
  </testcase>
  <testcase name="testScaricaRivista(int)[1]" classname="laptop.test.TestLaptop1" time="0.639">
    <system-err><![CDATA[set 23, 2023 1:25:43 PM laptop.controller.ControllerModificaUtente <init>
INFORMAZIONI: Costruttore ControllerModificaUtente
]]></system-err>
  </testcase>
  <testcase name="testScaricaRivista(int)[2]" classname="laptop.test.TestLaptop1" time="0.051">
    <system-err><![CDATA[set 23, 2023 1:25:44 PM laptop.controller.ControllerModificaUtente <init>
INFORMAZIONI: Costruttore ControllerModificaUtente
]]></system-err>
  </testcase>
  <testcase name="testScaricaRivista(int)[3]" classname="laptop.test.TestLaptop1" time="0.047">
    <system-err><![CDATA[set 23, 2023 1:25:44 PM laptop.controller.ControllerModificaUtente <init>
INFORMAZIONI: Costruttore ControllerModificaUtente
]]></system-err>
  </testcase>
  <testcase name="testScaricaRivista(int)[4]" classname="laptop.test.TestLaptop1" time="0.07">
    <system-err><![CDATA[set 23, 2023 1:25:44 PM laptop.controller.ControllerModificaUtente <init>
INFORMAZIONI: Costruttore ControllerModificaUtente
]]></system-err>
  </testcase>
  <testcase name="testScaricaRivista(int)[5]" classname="laptop.test.TestLaptop1" time="0.09">
    <system-err><![CDATA[set 23, 2023 1:25:44 PM laptop.controller.ControllerModificaUtente <init>
INFORMAZIONI: Costruttore ControllerModificaUtente
]]></system-err>
  </testcase>
  <testcase name="testScaricaRivista(int)[6]" classname="laptop.test.TestLaptop1" time="0.114">
    <system-err><![CDATA[set 23, 2023 1:25:44 PM laptop.controller.ControllerModificaUtente <init>
INFORMAZIONI: Costruttore ControllerModificaUtente
]]></system-err>
  </testcase>
  <testcase name="testGetNomeByIdG" classname="laptop.test.TestLaptop1" time="0.155">
    <system-err><![CDATA[set 23, 2023 1:25:44 PM laptop.controller.ControllerModificaUtente <init>
INFORMAZIONI: Costruttore ControllerModificaUtente
set 23, 2023 1:25:44 PM laptop.utilities.ConnToDb generalConnection
INFORMAZIONI: Tentativo di conessione al server..........\\n
set 23, 2023 1:25:44 PM laptop.utilities.ConnToDb generalConnection
INFORMAZIONI: Connesso standard ........

]]></system-err>
  </testcase>
  <testcase name="testGetNomeByIdR" classname="laptop.test.TestLaptop1" time="0.134">
    <system-err><![CDATA[set 23, 2023 1:25:44 PM laptop.controller.ControllerModificaUtente <init>
INFORMAZIONI: Costruttore ControllerModificaUtente
set 23, 2023 1:25:44 PM laptop.utilities.ConnToDb generalConnection
INFORMAZIONI: Tentativo di conessione al server..........\\n
set 23, 2023 1:25:44 PM laptop.utilities.ConnToDb generalConnection
INFORMAZIONI: Connesso standard ........

]]></system-err>
  </testcase>
  <testcase name="testAnnullaOrdineG" classname="laptop.test.TestLaptop1" time="3.354">
    <system-err><![CDATA[set 23, 2023 1:25:44 PM laptop.controller.ControllerModificaUtente <init>
INFORMAZIONI: Costruttore ControllerModificaUtente
set 23, 2023 1:25:44 PM laptop.utilities.ConnToDb generalConnection
INFORMAZIONI: Tentativo di conessione al server..........\\n
set 23, 2023 1:25:44 PM laptop.utilities.ConnToDb generalConnection
INFORMAZIONI: Connesso standard ........

set 23, 2023 1:25:45 PM laptop.utilities.ConnToDb generalConnection
INFORMAZIONI: Tentativo di conessione al server..........\\n
set 23, 2023 1:25:45 PM laptop.utilities.ConnToDb generalConnection
INFORMAZIONI: Connesso standard ........

set 23, 2023 1:25:45 PM laptop.utilities.ConnToDb generalConnection
INFORMAZIONI: Tentativo di conessione al server..........\\n
set 23, 2023 1:25:45 PM laptop.utilities.ConnToDb generalConnection
INFORMAZIONI: Connesso standard ........

set 23, 2023 1:25:45 PM laptop.utilities.ConnToDb generalConnection
INFORMAZIONI: Tentativo di conessione al server..........\\n
set 23, 2023 1:25:45 PM laptop.utilities.ConnToDb generalConnection
INFORMAZIONI: Connesso standard ........

set 23, 2023 1:25:45 PM laptop.utilities.ConnToDb generalConnection
INFORMAZIONI: Tentativo di conessione al server..........\\n
set 23, 2023 1:25:46 PM laptop.utilities.ConnToDb generalConnection
INFORMAZIONI: Connesso standard ........

set 23, 2023 1:25:46 PM laptop.utilities.ConnToDb generalConnection
INFORMAZIONI: Tentativo di conessione al server..........\\n
set 23, 2023 1:25:46 PM laptop.utilities.ConnToDb generalConnection
INFORMAZIONI: Connesso standard ........

set 23, 2023 1:25:46 PM laptop.utilities.ConnToDb generalConnection
INFORMAZIONI: Tentativo di conessione al server..........\\n
set 23, 2023 1:25:46 PM laptop.utilities.ConnToDb generalConnection
INFORMAZIONI: Connesso standard ........

set 23, 2023 1:25:46 PM laptop.utilities.ConnToDb generalConnection
INFORMAZIONI: Tentativo di conessione al server..........\\n
set 23, 2023 1:25:46 PM laptop.utilities.ConnToDb generalConnection
INFORMAZIONI: Connesso standard ........

set 23, 2023 1:25:47 PM laptop.utilities.ConnToDb generalConnection
INFORMAZIONI: Tentativo di conessione al server..........\\n
set 23, 2023 1:25:47 PM laptop.utilities.ConnToDb generalConnection
INFORMAZIONI: Connesso standard ........

]]></system-err>
  </testcase>
  <testcase name="testAnnullaOrdineL" classname="laptop.test.TestLaptop1" time="4.301">
    <system-err><![CDATA[set 23, 2023 1:25:48 PM laptop.controller.ControllerModificaUtente <init>
INFORMAZIONI: Costruttore ControllerModificaUtente
set 23, 2023 1:25:48 PM laptop.utilities.ConnToDb generalConnection
INFORMAZIONI: Tentativo di conessione al server..........\\n
set 23, 2023 1:25:48 PM laptop.utilities.ConnToDb generalConnection
INFORMAZIONI: Connesso standard ........

set 23, 2023 1:25:49 PM laptop.utilities.ConnToDb generalConnection
INFORMAZIONI: Tentativo di conessione al server..........\\n
set 23, 2023 1:25:49 PM laptop.utilities.ConnToDb generalConnection
INFORMAZIONI: Connesso standard ........

set 23, 2023 1:25:50 PM laptop.utilities.ConnToDb generalConnection
INFORMAZIONI: Tentativo di conessione al server..........\\n
set 23, 2023 1:25:50 PM laptop.utilities.ConnToDb generalConnection
INFORMAZIONI: Connesso standard ........

set 23, 2023 1:25:50 PM laptop.utilities.ConnToDb generalConnection
INFORMAZIONI: Tentativo di conessione al server..........\\n
set 23, 2023 1:25:50 PM laptop.utilities.ConnToDb generalConnection
INFORMAZIONI: Connesso standard ........

set 23, 2023 1:25:51 PM laptop.utilities.ConnToDb generalConnection
INFORMAZIONI: Tentativo di conessione al server..........\\n
set 23, 2023 1:25:51 PM laptop.utilities.ConnToDb generalConnection
INFORMAZIONI: Connesso standard ........

set 23, 2023 1:25:51 PM laptop.utilities.ConnToDb generalConnection
INFORMAZIONI: Tentativo di conessione al server..........\\n
set 23, 2023 1:25:51 PM laptop.utilities.ConnToDb generalConnection
INFORMAZIONI: Connesso standard ........

set 23, 2023 1:25:51 PM laptop.utilities.ConnToDb generalConnection
INFORMAZIONI: Tentativo di conessione al server..........\\n
set 23, 2023 1:25:51 PM laptop.utilities.ConnToDb generalConnection
INFORMAZIONI: Connesso standard ........

set 23, 2023 1:25:51 PM laptop.utilities.ConnToDb generalConnection
INFORMAZIONI: Tentativo di conessione al server..........\\n
set 23, 2023 1:25:51 PM laptop.utilities.ConnToDb generalConnection
INFORMAZIONI: Connesso standard ........

set 23, 2023 1:25:51 PM laptop.utilities.ConnToDb generalConnection
INFORMAZIONI: Tentativo di conessione al server..........\\n
set 23, 2023 1:25:51 PM laptop.utilities.ConnToDb generalConnection
INFORMAZIONI: Connesso standard ........

]]></system-err>
  </testcase>
  <testcase name="testAnnullaOrdineR" classname="laptop.test.TestLaptop1" time="2.325">
    <system-err><![CDATA[set 23, 2023 1:25:52 PM laptop.controller.ControllerModificaUtente <init>
INFORMAZIONI: Costruttore ControllerModificaUtente
set 23, 2023 1:25:52 PM laptop.utilities.ConnToDb generalConnection
INFORMAZIONI: Tentativo di conessione al server..........\\n
set 23, 2023 1:25:52 PM laptop.utilities.ConnToDb generalConnection
INFORMAZIONI: Connesso standard ........

set 23, 2023 1:25:53 PM laptop.utilities.ConnToDb generalConnection
INFORMAZIONI: Tentativo di conessione al server..........\\n
set 23, 2023 1:25:53 PM laptop.utilities.ConnToDb generalConnection
INFORMAZIONI: Connesso standard ........

set 23, 2023 1:25:53 PM laptop.utilities.ConnToDb generalConnection
INFORMAZIONI: Tentativo di conessione al server..........\\n
set 23, 2023 1:25:53 PM laptop.utilities.ConnToDb generalConnection
INFORMAZIONI: Connesso standard ........

set 23, 2023 1:25:53 PM laptop.utilities.ConnToDb generalConnection
INFORMAZIONI: Tentativo di conessione al server..........\\n
set 23, 2023 1:25:53 PM laptop.utilities.ConnToDb generalConnection
INFORMAZIONI: Connesso standard ........

set 23, 2023 1:25:53 PM laptop.utilities.ConnToDb generalConnection
INFORMAZIONI: Tentativo di conessione al server..........\\n
set 23, 2023 1:25:53 PM laptop.utilities.ConnToDb generalConnection
INFORMAZIONI: Connesso standard ........

set 23, 2023 1:25:53 PM laptop.utilities.ConnToDb generalConnection
INFORMAZIONI: Tentativo di conessione al server..........\\n
set 23, 2023 1:25:53 PM laptop.utilities.ConnToDb generalConnection
INFORMAZIONI: Connesso standard ........

set 23, 2023 1:25:54 PM laptop.utilities.ConnToDb generalConnection
INFORMAZIONI: Tentativo di conessione al server..........\\n
set 23, 2023 1:25:54 PM laptop.utilities.ConnToDb generalConnection
INFORMAZIONI: Connesso standard ........

]]></system-err>
  </testcase>
  <testcase name="testGetGiornaleS" classname="laptop.test.TestLaptop1" time="0.073">
    <system-err><![CDATA[set 23, 2023 1:25:54 PM laptop.controller.ControllerModificaUtente <init>
INFORMAZIONI: Costruttore ControllerModificaUtente
set 23, 2023 1:25:54 PM laptop.utilities.ConnToDb generalConnection
INFORMAZIONI: Tentativo di conessione al server..........\\n
set 23, 2023 1:25:54 PM laptop.utilities.ConnToDb generalConnection
INFORMAZIONI: Connesso standard ........

]]></system-err>
  </testcase>
  <testcase name="testGetCostoG" classname="laptop.test.TestLaptop1" time="0.053">
    <system-err><![CDATA[set 23, 2023 1:25:54 PM laptop.controller.ControllerModificaUtente <init>
INFORMAZIONI: Costruttore ControllerModificaUtente
set 23, 2023 1:25:54 PM laptop.utilities.ConnToDb generalConnection
INFORMAZIONI: Tentativo di conessione al server..........\\n
set 23, 2023 1:25:55 PM laptop.utilities.ConnToDb generalConnection
INFORMAZIONI: Connesso standard ........

]]></system-err>
  </testcase>
  <testcase name="testGetCostoL" classname="laptop.test.TestLaptop1" time="0.055">
    <system-err><![CDATA[set 23, 2023 1:25:55 PM laptop.controller.ControllerModificaUtente <init>
INFORMAZIONI: Costruttore ControllerModificaUtente
set 23, 2023 1:25:55 PM laptop.utilities.ConnToDb generalConnection
INFORMAZIONI: Tentativo di conessione al server..........\\n
set 23, 2023 1:25:55 PM laptop.utilities.ConnToDb generalConnection
INFORMAZIONI: Connesso standard ........

]]></system-err>
  </testcase>
  <testcase name="testGetCostoR" classname="laptop.test.TestLaptop1" time="0.127">
    <system-err><![CDATA[set 23, 2023 1:25:55 PM laptop.controller.ControllerModificaUtente <init>
INFORMAZIONI: Costruttore ControllerModificaUtente
set 23, 2023 1:25:55 PM laptop.utilities.ConnToDb generalConnection
INFORMAZIONI: Tentativo di conessione al server..........\\n
set 23, 2023 1:25:55 PM laptop.utilities.ConnToDb generalConnection
INFORMAZIONI: Connesso standard ........

]]></system-err>
  </testcase>
  <testcase name="testCheckData" classname="laptop.test.TestLaptop1" time="0.538">
    <system-err><![CDATA[set 23, 2023 1:25:55 PM laptop.controller.ControllerModificaUtente <init>
INFORMAZIONI: Costruttore ControllerModificaUtente
set 23, 2023 1:25:55 PM laptop.utilities.ConnToDb generalConnection
INFORMAZIONI: Tentativo di conessione al server..........\\n
set 23, 2023 1:25:55 PM laptop.utilities.ConnToDb generalConnection
INFORMAZIONI: Connesso standard ........

]]></system-err>
  </testcase>
  <testcase name="testRetTipoUser(String)[1]" classname="laptop.test.TestLaptop1" time="0.003">
    <system-err><![CDATA[set 23, 2023 1:25:55 PM laptop.controller.ControllerModificaUtente <init>
INFORMAZIONI: Costruttore ControllerModificaUtente
]]></system-err>
  </testcase>
  <testcase name="testRetTipoUser(String)[2]" classname="laptop.test.TestLaptop1" time="0.003">
    <system-err><![CDATA[set 23, 2023 1:25:55 PM laptop.controller.ControllerModificaUtente <init>
INFORMAZIONI: Costruttore ControllerModificaUtente
]]></system-err>
  </testcase>
  <testcase name="testRetTipoUser(String)[3]" classname="laptop.test.TestLaptop1" time="0.006">
    <system-err><![CDATA[set 23, 2023 1:25:55 PM laptop.controller.ControllerModificaUtente <init>
INFORMAZIONI: Costruttore ControllerModificaUtente
]]></system-err>
  </testcase>
  <testcase name="testCancellaG" classname="laptop.test.TestLaptop1" time="0.627">
    <system-err><![CDATA[set 23, 2023 1:25:55 PM laptop.controller.ControllerModificaUtente <init>
INFORMAZIONI: Costruttore ControllerModificaUtente
set 23, 2023 1:25:55 PM laptop.utilities.ConnToDb generalConnection
INFORMAZIONI: Tentativo di conessione al server..........\\n
set 23, 2023 1:25:55 PM laptop.utilities.ConnToDb generalConnection
INFORMAZIONI: Connesso standard ........

set 23, 2023 1:25:56 PM laptop.database.GiornaleDao cancella
INFORMAZIONI: 
 rows affcted 1
]]></system-err>
  </testcase>
  <testcase name="testCancellaL" classname="laptop.test.TestLaptop1" time="0.612">
    <system-err><![CDATA[set 23, 2023 1:25:56 PM laptop.controller.ControllerModificaUtente <init>
INFORMAZIONI: Costruttore ControllerModificaUtente
set 23, 2023 1:25:56 PM laptop.utilities.ConnToDb generalConnection
INFORMAZIONI: Tentativo di conessione al server..........\\n
set 23, 2023 1:25:56 PM laptop.utilities.ConnToDb generalConnection
INFORMAZIONI: Connesso standard ........

set 23, 2023 1:25:57 PM laptop.database.LibroDao cancella
INFORMAZIONI: libro cancellato 1
]]></system-err>
  </testcase>
  <testcase name="testCancellaR" classname="laptop.test.TestLaptop1" time="0.453">
    <system-err><![CDATA[set 23, 2023 1:25:57 PM laptop.controller.ControllerModificaUtente <init>
INFORMAZIONI: Costruttore ControllerModificaUtente
set 23, 2023 1:25:57 PM laptop.utilities.ConnToDb generalConnection
INFORMAZIONI: Tentativo di conessione al server..........\\n
set 23, 2023 1:25:57 PM laptop.utilities.ConnToDb generalConnection
INFORMAZIONI: Connesso standard ........

set 23, 2023 1:25:57 PM laptop.database.RivistaDao cancella
INFORMAZIONI: row delected1
]]></system-err>
  </testcase>
  <testcase name="testGetLibroS" classname="laptop.test.TestLaptop1" time="0.059">
    <system-err><![CDATA[set 23, 2023 1:25:57 PM laptop.controller.ControllerModificaUtente <init>
INFORMAZIONI: Costruttore ControllerModificaUtente
set 23, 2023 1:25:57 PM laptop.utilities.ConnToDb generalConnection
INFORMAZIONI: Tentativo di conessione al server..........\\n
set 23, 2023 1:25:57 PM laptop.utilities.ConnToDb generalConnection
INFORMAZIONI: Connesso standard ........

set 23, 2023 1:25:57 PM laptop.database.LibroDao getLibroSingolo
INFORMAZIONI: ctalogo [laptop.model.raccolta.Libro@5f83a8dc, laptop.model.raccolta.Libro@2e4f903c, laptop.model.raccolta.Libro@2e2a42ba, laptop.model.raccolta.Libro@3cb8b037, laptop.model.raccolta.Libro@7e3f3a34, laptop.model.raccolta.Libro@2c238bbf, laptop.model.raccolta.Libro@50603313, laptop.model.raccolta.Libro@29a01820, laptop.model.raccolta.Libro@2ec969ba, laptop.model.raccolta.Libro@1e0771af, laptop.model.raccolta.Libro@4f2e21d7, laptop.model.raccolta.Libro@6666410a, laptop.model.raccolta.Libro@30760c5, laptop.model.raccolta.Libro@26a8e303, laptop.model.raccolta.Libro@18365e98, laptop.model.raccolta.Libro@4c8c3285, laptop.model.raccolta.Libro@74b57299, laptop.model.raccolta.Libro@156437f7, laptop.model.raccolta.Libro@3f8c695d]
]]></system-err>
  </testcase>
  <testcase name="testGetLimite" classname="laptop.test.TestLaptop1" time="0.007">
    <system-err><![CDATA[set 23, 2023 1:25:57 PM laptop.controller.ControllerModificaUtente <init>
INFORMAZIONI: Costruttore ControllerModificaUtente
]]></system-err>
  </testcase>
  <testcase name="testGetCiv" classname="laptop.test.TestLaptop1" time="0.002">
    <system-err><![CDATA[set 23, 2023 1:25:57 PM laptop.controller.ControllerModificaUtente <init>
INFORMAZIONI: Costruttore ControllerModificaUtente
]]></system-err>
  </testcase>
  <testcase name="testLogout" classname="laptop.test.TestLaptop1" time="0.03">
    <system-err><![CDATA[set 23, 2023 1:25:57 PM laptop.controller.ControllerModificaUtente <init>
INFORMAZIONI: Costruttore ControllerModificaUtente
set 23, 2023 1:25:57 PM laptop.controller.ControllerHomePageAfterLogin logout
INFORMAZIONI: stai sloggando come Zerocalcare
set 23, 2023 1:25:57 PM laptop.controller.ControllerHomePageAfterLogin logout
INFORMAZIONI: stai sloggando null
]]></system-err>
  </testcase>
  <testcase name="testGetRiviste" classname="laptop.test.TestLaptop1" time="0.058">
    <system-err><![CDATA[set 23, 2023 1:25:57 PM laptop.controller.ControllerModificaUtente <init>
INFORMAZIONI: Costruttore ControllerModificaUtente
set 23, 2023 1:25:57 PM laptop.utilities.ConnToDb generalConnection
INFORMAZIONI: Tentativo di conessione al server..........\\n
set 23, 2023 1:25:57 PM laptop.utilities.ConnToDb generalConnection
INFORMAZIONI: Connesso standard ........

]]></system-err>
  </testcase>
  <testcase name="testPrendi" classname="laptop.test.TestLaptop1" time="0.058">
    <system-err><![CDATA[set 23, 2023 1:25:57 PM laptop.controller.ControllerModificaUtente <init>
INFORMAZIONI: Costruttore ControllerModificaUtente
set 23, 2023 1:25:57 PM laptop.utilities.ConnToDb generalConnection
INFORMAZIONI: Tentativo di conessione al server..........\\n
set 23, 2023 1:25:57 PM laptop.utilities.ConnToDb generalConnection
INFORMAZIONI: Connesso standard ........

set 23, 2023 1:25:57 PM laptop.database.UsersDao pickData
INFORMAZIONI: errore in mysql :
]]></system-err>
  </testcase>
  <testcase name="testTotale" classname="laptop.test.TestLaptop1" time="0.108">
    <system-err><![CDATA[set 23, 2023 1:25:57 PM laptop.controller.ControllerModificaUtente <init>
INFORMAZIONI: Costruttore ControllerModificaUtente
set 23, 2023 1:25:57 PM laptop.utilities.ConnToDb generalConnection
INFORMAZIONI: Tentativo di conessione al server..........\\n
set 23, 2023 1:25:57 PM laptop.utilities.ConnToDb generalConnection
INFORMAZIONI: Connesso standard ........

set 23, 2023 1:25:57 PM laptop.utilities.ConnToDb generalConnection
INFORMAZIONI: Tentativo di conessione al server..........\\n
set 23, 2023 1:25:57 PM laptop.utilities.ConnToDb generalConnection
INFORMAZIONI: Connesso standard ........

]]></system-err>
  </testcase>
  <testcase name="testGetLibriById" classname="laptop.test.TestLaptop1" time="0.071">
    <system-err><![CDATA[set 23, 2023 1:25:57 PM laptop.controller.ControllerModificaUtente <init>
INFORMAZIONI: Costruttore ControllerModificaUtente
set 23, 2023 1:25:57 PM laptop.utilities.ConnToDb generalConnection
INFORMAZIONI: Tentativo di conessione al server..........\\n
set 23, 2023 1:25:57 PM laptop.utilities.ConnToDb generalConnection
INFORMAZIONI: Connesso standard ........

set 23, 2023 1:25:57 PM laptop.database.LibroDao getLibriSingoloById
INFORMAZIONI: catalogo trovato
]]></system-err>
  </testcase>
  <testcase name="testScaricaGiornale(int)[1]" classname="laptop.test.TestLaptop1" time="0.287">
    <system-err><![CDATA[set 23, 2023 1:25:57 PM laptop.controller.ControllerModificaUtente <init>
INFORMAZIONI: Costruttore ControllerModificaUtente
]]></system-err>
  </testcase>
  <testcase name="testScaricaGiornale(int)[2]" classname="laptop.test.TestLaptop1" time="0.111">
    <system-err><![CDATA[set 23, 2023 1:25:58 PM laptop.controller.ControllerModificaUtente <init>
INFORMAZIONI: Costruttore ControllerModificaUtente
]]></system-err>
  </testcase>
  <testcase name="testScaricaGiornale(int)[3]" classname="laptop.test.TestLaptop1" time="0.036">
    <system-err><![CDATA[set 23, 2023 1:25:58 PM laptop.controller.ControllerModificaUtente <init>
INFORMAZIONI: Costruttore ControllerModificaUtente
]]></system-err>
  </testcase>
  <testcase name="testScaricaGiornale(int)[4]" classname="laptop.test.TestLaptop1" time="0.028">
    <system-err><![CDATA[set 23, 2023 1:25:58 PM laptop.controller.ControllerModificaUtente <init>
INFORMAZIONI: Costruttore ControllerModificaUtente
]]></system-err>
  </testcase>
  <testcase name="testScaricaGiornale(int)[5]" classname="laptop.test.TestLaptop1" time="0.052">
    <system-err><![CDATA[set 23, 2023 1:25:58 PM laptop.controller.ControllerModificaUtente <init>
INFORMAZIONI: Costruttore ControllerModificaUtente
]]></system-err>
  </testcase>
  <testcase name="testScaricaGiornale(int)[6]" classname="laptop.test.TestLaptop1" time="0.067">
    <system-err><![CDATA[set 23, 2023 1:25:58 PM laptop.controller.ControllerModificaUtente <init>
INFORMAZIONI: Costruttore ControllerModificaUtente
]]></system-err>
  </testcase>
</testsuite>