<?xml version="1.0" encoding="UTF-8"?>
<testsuite xmlns:xsi="http://www.w3.org/2001/XMLSchema-instance" xsi:noNamespaceSchemaLocation="https://maven.apache.org/surefire/maven-surefire-plugin/xsd/surefire-test-report-3.0.xsd" version="3.0" name="laptop.test.TestLaptop1" time="34.182" tests="77" errors="0" skipped="0" failures="0">
  <properties>
    <property name="java.specification.version" value="17"/>
    <property name="sun.cpu.isalist" value="amd64"/>
    <property name="sun.jnu.encoding" value="Cp1252"/>
    <property name="sun.awt.enableExtraMouseButtons" value="true"/>
    <property name="java.class.path" value="C:\Users\ilciro\IdeaProjects\LibreriaFinale\target\test-classes;C:\Users\ilciro\IdeaProjects\LibreriaFinale\target\classes;C:\Users\ilciro\.m2\repository\org\junit\jupiter\junit-jupiter-api\5.9.2\junit-jupiter-api-5.9.2.jar;C:\Users\ilciro\.m2\repository\org\opentest4j\opentest4j\1.2.0\opentest4j-1.2.0.jar;C:\Users\ilciro\.m2\repository\org\junit\platform\junit-platform-commons\1.9.2\junit-platform-commons-1.9.2.jar;C:\Users\ilciro\.m2\repository\org\apiguardian\apiguardian-api\1.1.2\apiguardian-api-1.1.2.jar;C:\Users\ilciro\.m2\repository\org\junit\jupiter\junit-jupiter-engine\5.9.2\junit-jupiter-engine-5.9.2.jar;C:\Users\ilciro\.m2\repository\org\junit\platform\junit-platform-engine\1.9.2\junit-platform-engine-1.9.2.jar;C:\Users\ilciro\.m2\repository\org\junit\jupiter\junit-jupiter-params\5.9.2\junit-jupiter-params-5.9.2.jar;C:\Users\ilciro\.m2\repository\org\openjfx\javafx-controls\17\javafx-controls-17-win.jar;C:\Users\ilciro\.m2\repository\org\openjfx\javafx-graphics\17\javafx-graphics-17.jar;C:\Users\ilciro\.m2\repository\org\openjfx\javafx-graphics\17\javafx-graphics-17-win.jar;C:\Users\ilciro\.m2\repository\org\openjfx\javafx-base\17\javafx-base-17.jar;C:\Users\ilciro\.m2\repository\org\openjfx\javafx-base\17\javafx-base-17-win.jar;C:\Users\ilciro\.m2\repository\org\openjfx\javafx-fxml\17\javafx-fxml-17.jar;C:\Users\ilciro\.m2\repository\org\openjfx\javafx-fxml\17\javafx-fxml-17-win.jar;C:\Users\ilciro\.m2\repository\org\openjfx\javafx-controls\17\javafx-controls-17.jar;C:\Users\ilciro\.m2\repository\org\mybatis\mybatis\3.5.13\mybatis-3.5.13.jar;C:\Users\ilciro\.m2\repository\com\mysql\mysql-connector-j\8.0.32\mysql-connector-j-8.0.32.jar;C:\Users\ilciro\.m2\repository\com\google\protobuf\protobuf-java\3.21.9\protobuf-java-3.21.9.jar;C:\Users\ilciro\.m2\repository\com\itextpdf\itextpdf\5.5.13.3\itextpdf-5.5.13.3.jar;C:\Users\ilciro\.m2\repository\org\glassfish\web\jakarta.servlet.jsp.jstl\2.0.0\jakarta.servlet.jsp.jstl-2.0.0.jar;C:\Users\ilciro\.m2\repository\jakarta\servlet\jsp\jstl\jakarta.servlet.jsp.jstl-api\2.0.0\jakarta.servlet.jsp.jstl-api-2.0.0.jar;C:\Users\ilciro\.m2\repository\jakarta\servlet\jakarta.servlet-api\5.0.0\jakarta.servlet-api-5.0.0.jar;C:\Users\ilciro\.m2\repository\jakarta\el\jakarta.el-api\4.0.0\jakarta.el-api-4.0.0.jar;C:\Users\ilciro\.m2\repository\jakarta\xml\bind\jakarta.xml.bind-api\3.0.0\jakarta.xml.bind-api-3.0.0.jar;C:\Users\ilciro\.m2\repository\com\sun\activation\jakarta.activation\2.0.0\jakarta.activation-2.0.0.jar;C:\Users\ilciro\.m2\repository\org\seleniumhq\selenium\selenium-java\4.8.1\selenium-java-4.8.1.jar;C:\Users\ilciro\.m2\repository\org\seleniumhq\selenium\selenium-api\4.8.1\selenium-api-4.8.1.jar;C:\Users\ilciro\.m2\repository\org\seleniumhq\selenium\selenium-devtools-v108\4.8.1\selenium-devtools-v108-4.8.1.jar;C:\Users\ilciro\.m2\repository\org\seleniumhq\selenium\selenium-devtools-v109\4.8.1\selenium-devtools-v109-4.8.1.jar;C:\Users\ilciro\.m2\repository\org\seleniumhq\selenium\selenium-devtools-v110\4.8.1\selenium-devtools-v110-4.8.1.jar;C:\Users\ilciro\.m2\repository\org\seleniumhq\selenium\selenium-devtools-v85\4.8.1\selenium-devtools-v85-4.8.1.jar;C:\Users\ilciro\.m2\repository\org\seleniumhq\selenium\selenium-edge-driver\4.8.1\selenium-edge-driver-4.8.1.jar;C:\Users\ilciro\.m2\repository\org\seleniumhq\selenium\selenium-firefox-driver\4.8.1\selenium-firefox-driver-4.8.1.jar;C:\Users\ilciro\.m2\repository\org\seleniumhq\selenium\selenium-http\4.8.1\selenium-http-4.8.1.jar;C:\Users\ilciro\.m2\repository\dev\failsafe\failsafe\3.3.0\failsafe-3.3.0.jar;C:\Users\ilciro\.m2\repository\org\seleniumhq\selenium\selenium-ie-driver\4.8.1\selenium-ie-driver-4.8.1.jar;C:\Users\ilciro\.m2\repository\org\seleniumhq\selenium\selenium-remote-driver\4.8.1\selenium-remote-driver-4.8.1.jar;C:\Users\ilciro\.m2\repository\com\beust\jcommander\1.82\jcommander-1.82.jar;C:\Users\ilciro\.m2\repository\io\netty\netty-buffer\4.1.87.Final\netty-buffer-4.1.87.Final.jar;C:\Users\ilciro\.m2\repository\io\netty\netty-codec-http\4.1.87.Final\netty-codec-http-4.1.87.Final.jar;C:\Users\ilciro\.m2\repository\io\netty\netty-codec\4.1.87.Final\netty-codec-4.1.87.Final.jar;C:\Users\ilciro\.m2\repository\io\netty\netty-handler\4.1.87.Final\netty-handler-4.1.87.Final.jar;C:\Users\ilciro\.m2\repository\io\netty\netty-common\4.1.87.Final\netty-common-4.1.87.Final.jar;C:\Users\ilciro\.m2\repository\io\netty\netty-transport-classes-epoll\4.1.87.Final\netty-transport-classes-epoll-4.1.87.Final.jar;C:\Users\ilciro\.m2\repository\io\netty\netty-transport-classes-kqueue\4.1.87.Final\netty-transport-classes-kqueue-4.1.87.Final.jar;C:\Users\ilciro\.m2\repository\io\netty\netty-transport-native-epoll\4.1.87.Final\netty-transport-native-epoll-4.1.87.Final.jar;C:\Users\ilciro\.m2\repository\io\netty\netty-transport-native-kqueue\4.1.87.Final\netty-transport-native-kqueue-4.1.87.Final.jar;C:\Users\ilciro\.m2\repository\io\netty\netty-transport-native-unix-common\4.1.87.Final\netty-transport-native-unix-common-4.1.87.Final.jar;C:\Users\ilciro\.m2\repository\io\netty\netty-transport\4.1.87.Final\netty-transport-4.1.87.Final.jar;C:\Users\ilciro\.m2\repository\io\netty\netty-resolver\4.1.87.Final\netty-resolver-4.1.87.Final.jar;C:\Users\ilciro\.m2\repository\io\opentelemetry\opentelemetry-api\1.22.0\opentelemetry-api-1.22.0.jar;C:\Users\ilciro\.m2\repository\io\opentelemetry\opentelemetry-context\1.22.0\opentelemetry-context-1.22.0.jar;C:\Users\ilciro\.m2\repository\io\opentelemetry\opentelemetry-exporter-logging\1.22.0\opentelemetry-exporter-logging-1.22.0.jar;C:\Users\ilciro\.m2\repository\io\opentelemetry\opentelemetry-sdk-metrics\1.22.0\opentelemetry-sdk-metrics-1.22.0.jar;C:\Users\ilciro\.m2\repository\io\opentelemetry\opentelemetry-sdk-logs\1.22.0-alpha\opentelemetry-sdk-logs-1.22.0-alpha.jar;C:\Users\ilciro\.m2\repository\io\opentelemetry\opentelemetry-api-logs\1.22.0-alpha\opentelemetry-api-logs-1.22.0-alpha.jar;C:\Users\ilciro\.m2\repository\io\opentelemetry\opentelemetry-sdk-common\1.22.0\opentelemetry-sdk-common-1.22.0.jar;C:\Users\ilciro\.m2\repository\io\opentelemetry\opentelemetry-sdk-extension-autoconfigure-spi\1.22.0\opentelemetry-sdk-extension-autoconfigure-spi-1.22.0.jar;C:\Users\ilciro\.m2\repository\io\opentelemetry\opentelemetry-sdk-extension-autoconfigure\1.22.0-alpha\opentelemetry-sdk-extension-autoconfigure-1.22.0-alpha.jar;C:\Users\ilciro\.m2\repository\io\opentelemetry\opentelemetry-sdk-trace\1.22.0\opentelemetry-sdk-trace-1.22.0.jar;C:\Users\ilciro\.m2\repository\io\opentelemetry\opentelemetry-sdk\1.22.0\opentelemetry-sdk-1.22.0.jar;C:\Users\ilciro\.m2\repository\io\opentelemetry\opentelemetry-semconv\1.22.0-alpha\opentelemetry-semconv-1.22.0-alpha.jar;C:\Users\ilciro\.m2\repository\io\ous\jtoml\2.0.0\jtoml-2.0.0.jar;C:\Users\ilciro\.m2\repository\net\bytebuddy\byte-buddy\1.12.22\byte-buddy-1.12.22.jar;C:\Users\ilciro\.m2\repository\org\apache\commons\commons-exec\1.3\commons-exec-1.3.jar;C:\Users\ilciro\.m2\repository\org\asynchttpclient\async-http-client\2.12.3\async-http-client-2.12.3.jar;C:\Users\ilciro\.m2\repository\org\asynchttpclient\async-http-client-netty-utils\2.12.3\async-http-client-netty-utils-2.12.3.jar;C:\Users\ilciro\.m2\repository\io\netty\netty-codec-socks\4.1.60.Final\netty-codec-socks-4.1.60.Final.jar;C:\Users\ilciro\.m2\repository\io\netty\netty-handler-proxy\4.1.60.Final\netty-handler-proxy-4.1.60.Final.jar;C:\Users\ilciro\.m2\repository\io\netty\netty-transport-native-epoll\4.1.60.Final\netty-transport-native-epoll-4.1.60.Final-linux-x86_64.jar;C:\Users\ilciro\.m2\repository\io\netty\netty-transport-native-kqueue\4.1.60.Final\netty-transport-native-kqueue-4.1.60.Final-osx-x86_64.jar;C:\Users\ilciro\.m2\repository\org\reactivestreams\reactive-streams\1.0.3\reactive-streams-1.0.3.jar;C:\Users\ilciro\.m2\repository\com\typesafe\netty\netty-reactive-streams\2.0.4\netty-reactive-streams-2.0.4.jar;C:\Users\ilciro\.m2\repository\org\slf4j\slf4j-api\1.7.30\slf4j-api-1.7.30.jar;C:\Users\ilciro\.m2\repository\org\seleniumhq\selenium\selenium-manager\4.8.1\selenium-manager-4.8.1.jar;C:\Users\ilciro\.m2\repository\org\seleniumhq\selenium\selenium-safari-driver\4.8.1\selenium-safari-driver-4.8.1.jar;C:\Users\ilciro\.m2\repository\org\seleniumhq\selenium\selenium-support\4.8.1\selenium-support-4.8.1.jar;C:\Users\ilciro\.m2\repository\org\seleniumhq\selenium\selenium-chrome-driver\4.8.1\selenium-chrome-driver-4.8.1.jar;C:\Users\ilciro\.m2\repository\com\google\auto\service\auto-service-annotations\1.0.1\auto-service-annotations-1.0.1.jar;C:\Users\ilciro\.m2\repository\com\google\auto\service\auto-service\1.0.1\auto-service-1.0.1.jar;C:\Users\ilciro\.m2\repository\com\google\auto\auto-common\1.2\auto-common-1.2.jar;C:\Users\ilciro\.m2\repository\com\google\guava\guava\31.1-jre\guava-31.1-jre.jar;C:\Users\ilciro\.m2\repository\com\google\guava\failureaccess\1.0.1\failureaccess-1.0.1.jar;C:\Users\ilciro\.m2\repository\com\google\guava\listenablefuture\9999.0-empty-to-avoid-conflict-with-guava\listenablefuture-9999.0-empty-to-avoid-conflict-with-guava.jar;C:\Users\ilciro\.m2\repository\com\google\code\findbugs\jsr305\3.0.2\jsr305-3.0.2.jar;C:\Users\ilciro\.m2\repository\org\checkerframework\checker-qual\3.12.0\checker-qual-3.12.0.jar;C:\Users\ilciro\.m2\repository\com\google\errorprone\error_prone_annotations\2.11.0\error_prone_annotations-2.11.0.jar;C:\Users\ilciro\.m2\repository\com\google\j2objc\j2objc-annotations\1.3\j2objc-annotations-1.3.jar;C:\Users\ilciro\.m2\repository\org\seleniumhq\selenium\selenium-chromium-driver\4.8.1\selenium-chromium-driver-4.8.1.jar;C:\Users\ilciro\.m2\repository\org\seleniumhq\selenium\selenium-json\4.8.1\selenium-json-4.8.1.jar;C:\Users\ilciro\.m2\repository\org\apache\tomcat\tomcat-catalina\10.1.7\tomcat-catalina-10.1.7.jar;C:\Users\ilciro\.m2\repository\org\apache\tomcat\tomcat-servlet-api\10.1.7\tomcat-servlet-api-10.1.7.jar;C:\Users\ilciro\.m2\repository\org\apache\tomcat\tomcat-jsp-api\10.1.7\tomcat-jsp-api-10.1.7.jar;C:\Users\ilciro\.m2\repository\org\apache\tomcat\tomcat-el-api\10.1.7\tomcat-el-api-10.1.7.jar;C:\Users\ilciro\.m2\repository\org\apache\tomcat\tomcat-juli\10.1.7\tomcat-juli-10.1.7.jar;C:\Users\ilciro\.m2\repository\org\apache\tomcat\tomcat-annotations-api\10.1.7\tomcat-annotations-api-10.1.7.jar;C:\Users\ilciro\.m2\repository\org\apache\tomcat\tomcat-api\10.1.7\tomcat-api-10.1.7.jar;C:\Users\ilciro\.m2\repository\org\apache\tomcat\tomcat-jni\10.1.7\tomcat-jni-10.1.7.jar;C:\Users\ilciro\.m2\repository\org\apache\tomcat\tomcat-coyote\10.1.7\tomcat-coyote-10.1.7.jar;C:\Users\ilciro\.m2\repository\org\apache\tomcat\tomcat-util\10.1.7\tomcat-util-10.1.7.jar;C:\Users\ilciro\.m2\repository\org\apache\tomcat\tomcat-util-scan\10.1.7\tomcat-util-scan-10.1.7.jar;C:\Users\ilciro\.m2\repository\org\apache\tomcat\tomcat-jaspic-api\10.1.7\tomcat-jaspic-api-10.1.7.jar;C:\Users\ilciro\.m2\repository\org\sonarsource\scanner\maven\sonar-maven-plugin\3.10.0.2594\sonar-maven-plugin-3.10.0.2594.jar;C:\Users\ilciro\.m2\repository\org\codehaus\plexus\plexus-sec-dispatcher\2.0\plexus-sec-dispatcher-2.0.jar;C:\Users\ilciro\.m2\repository\org\codehaus\plexus\plexus-utils\3.4.1\plexus-utils-3.4.1.jar;C:\Users\ilciro\.m2\repository\org\codehaus\plexus\plexus-cipher\2.0\plexus-cipher-2.0.jar;C:\Users\ilciro\.m2\repository\javax\inject\javax.inject\1\javax.inject-1.jar;C:\Users\ilciro\.m2\repository\org\sonarsource\scanner\api\sonar-scanner-api\2.16.3.1081\sonar-scanner-api-2.16.3.1081.jar;C:\Users\ilciro\.m2\repository\commons-lang\commons-lang\2.6\commons-lang-2.6.jar;"/>
    <property name="java.vm.vendor" value="Eclipse Adoptium"/>
    <property name="sun.arch.data.model" value="64"/>
    <property name="user.variant" value=""/>
    <property name="java.vendor.url" value="https://adoptium.net/"/>
    <property name="user.timezone" value="Europe/Rome"/>
    <property name="os.name" value="Windows 10"/>
    <property name="java.vm.specification.version" value="17"/>
    <property name="sun.java.launcher" value="SUN_STANDARD"/>
    <property name="user.country" value="IT"/>
    <property name="sun.boot.library.path" value="C:\Program Files\Eclipse Adoptium\jdk-17.0.8.101-hotspot\bin"/>
    <property name="sun.java.command" value="C:\Users\ilciro\AppData\Local\Temp\surefire9806578102848443409\surefirebooter13796622519336165396.jar C:\Users\ilciro\AppData\Local\Temp\surefire9806578102848443409 2023-10-29T19-13-18_235-jvmRun1 surefire9953233340662284281tmp surefire_018305469836355419456tmp"/>
    <property name="jdk.debug" value="release"/>
    <property name="surefire.test.class.path" value="C:\Users\ilciro\IdeaProjects\LibreriaFinale\target\test-classes;C:\Users\ilciro\IdeaProjects\LibreriaFinale\target\classes;C:\Users\ilciro\.m2\repository\org\junit\jupiter\junit-jupiter-api\5.9.2\junit-jupiter-api-5.9.2.jar;C:\Users\ilciro\.m2\repository\org\opentest4j\opentest4j\1.2.0\opentest4j-1.2.0.jar;C:\Users\ilciro\.m2\repository\org\junit\platform\junit-platform-commons\1.9.2\junit-platform-commons-1.9.2.jar;C:\Users\ilciro\.m2\repository\org\apiguardian\apiguardian-api\1.1.2\apiguardian-api-1.1.2.jar;C:\Users\ilciro\.m2\repository\org\junit\jupiter\junit-jupiter-engine\5.9.2\junit-jupiter-engine-5.9.2.jar;C:\Users\ilciro\.m2\repository\org\junit\platform\junit-platform-engine\1.9.2\junit-platform-engine-1.9.2.jar;C:\Users\ilciro\.m2\repository\org\junit\jupiter\junit-jupiter-params\5.9.2\junit-jupiter-params-5.9.2.jar;C:\Users\ilciro\.m2\repository\org\openjfx\javafx-controls\17\javafx-controls-17-win.jar;C:\Users\ilciro\.m2\repository\org\openjfx\javafx-graphics\17\javafx-graphics-17.jar;C:\Users\ilciro\.m2\repository\org\openjfx\javafx-graphics\17\javafx-graphics-17-win.jar;C:\Users\ilciro\.m2\repository\org\openjfx\javafx-base\17\javafx-base-17.jar;C:\Users\ilciro\.m2\repository\org\openjfx\javafx-base\17\javafx-base-17-win.jar;C:\Users\ilciro\.m2\repository\org\openjfx\javafx-fxml\17\javafx-fxml-17.jar;C:\Users\ilciro\.m2\repository\org\openjfx\javafx-fxml\17\javafx-fxml-17-win.jar;C:\Users\ilciro\.m2\repository\org\openjfx\javafx-controls\17\javafx-controls-17.jar;C:\Users\ilciro\.m2\repository\org\mybatis\mybatis\3.5.13\mybatis-3.5.13.jar;C:\Users\ilciro\.m2\repository\com\mysql\mysql-connector-j\8.0.32\mysql-connector-j-8.0.32.jar;C:\Users\ilciro\.m2\repository\com\google\protobuf\protobuf-java\3.21.9\protobuf-java-3.21.9.jar;C:\Users\ilciro\.m2\repository\com\itextpdf\itextpdf\5.5.13.3\itextpdf-5.5.13.3.jar;C:\Users\ilciro\.m2\repository\org\glassfish\web\jakarta.servlet.jsp.jstl\2.0.0\jakarta.servlet.jsp.jstl-2.0.0.jar;C:\Users\ilciro\.m2\repository\jakarta\servlet\jsp\jstl\jakarta.servlet.jsp.jstl-api\2.0.0\jakarta.servlet.jsp.jstl-api-2.0.0.jar;C:\Users\ilciro\.m2\repository\jakarta\servlet\jakarta.servlet-api\5.0.0\jakarta.servlet-api-5.0.0.jar;C:\Users\ilciro\.m2\repository\jakarta\el\jakarta.el-api\4.0.0\jakarta.el-api-4.0.0.jar;C:\Users\ilciro\.m2\repository\jakarta\xml\bind\jakarta.xml.bind-api\3.0.0\jakarta.xml.bind-api-3.0.0.jar;C:\Users\ilciro\.m2\repository\com\sun\activation\jakarta.activation\2.0.0\jakarta.activation-2.0.0.jar;C:\Users\ilciro\.m2\repository\org\seleniumhq\selenium\selenium-java\4.8.1\selenium-java-4.8.1.jar;C:\Users\ilciro\.m2\repository\org\seleniumhq\selenium\selenium-api\4.8.1\selenium-api-4.8.1.jar;C:\Users\ilciro\.m2\repository\org\seleniumhq\selenium\selenium-devtools-v108\4.8.1\selenium-devtools-v108-4.8.1.jar;C:\Users\ilciro\.m2\repository\org\seleniumhq\selenium\selenium-devtools-v109\4.8.1\selenium-devtools-v109-4.8.1.jar;C:\Users\ilciro\.m2\repository\org\seleniumhq\selenium\selenium-devtools-v110\4.8.1\selenium-devtools-v110-4.8.1.jar;C:\Users\ilciro\.m2\repository\org\seleniumhq\selenium\selenium-devtools-v85\4.8.1\selenium-devtools-v85-4.8.1.jar;C:\Users\ilciro\.m2\repository\org\seleniumhq\selenium\selenium-edge-driver\4.8.1\selenium-edge-driver-4.8.1.jar;C:\Users\ilciro\.m2\repository\org\seleniumhq\selenium\selenium-firefox-driver\4.8.1\selenium-firefox-driver-4.8.1.jar;C:\Users\ilciro\.m2\repository\org\seleniumhq\selenium\selenium-http\4.8.1\selenium-http-4.8.1.jar;C:\Users\ilciro\.m2\repository\dev\failsafe\failsafe\3.3.0\failsafe-3.3.0.jar;C:\Users\ilciro\.m2\repository\org\seleniumhq\selenium\selenium-ie-driver\4.8.1\selenium-ie-driver-4.8.1.jar;C:\Users\ilciro\.m2\repository\org\seleniumhq\selenium\selenium-remote-driver\4.8.1\selenium-remote-driver-4.8.1.jar;C:\Users\ilciro\.m2\repository\com\beust\jcommander\1.82\jcommander-1.82.jar;C:\Users\ilciro\.m2\repository\io\netty\netty-buffer\4.1.87.Final\netty-buffer-4.1.87.Final.jar;C:\Users\ilciro\.m2\repository\io\netty\netty-codec-http\4.1.87.Final\netty-codec-http-4.1.87.Final.jar;C:\Users\ilciro\.m2\repository\io\netty\netty-codec\4.1.87.Final\netty-codec-4.1.87.Final.jar;C:\Users\ilciro\.m2\repository\io\netty\netty-handler\4.1.87.Final\netty-handler-4.1.87.Final.jar;C:\Users\ilciro\.m2\repository\io\netty\netty-common\4.1.87.Final\netty-common-4.1.87.Final.jar;C:\Users\ilciro\.m2\repository\io\netty\netty-transport-classes-epoll\4.1.87.Final\netty-transport-classes-epoll-4.1.87.Final.jar;C:\Users\ilciro\.m2\repository\io\netty\netty-transport-classes-kqueue\4.1.87.Final\netty-transport-classes-kqueue-4.1.87.Final.jar;C:\Users\ilciro\.m2\repository\io\netty\netty-transport-native-epoll\4.1.87.Final\netty-transport-native-epoll-4.1.87.Final.jar;C:\Users\ilciro\.m2\repository\io\netty\netty-transport-native-kqueue\4.1.87.Final\netty-transport-native-kqueue-4.1.87.Final.jar;C:\Users\ilciro\.m2\repository\io\netty\netty-transport-native-unix-common\4.1.87.Final\netty-transport-native-unix-common-4.1.87.Final.jar;C:\Users\ilciro\.m2\repository\io\netty\netty-transport\4.1.87.Final\netty-transport-4.1.87.Final.jar;C:\Users\ilciro\.m2\repository\io\netty\netty-resolver\4.1.87.Final\netty-resolver-4.1.87.Final.jar;C:\Users\ilciro\.m2\repository\io\opentelemetry\opentelemetry-api\1.22.0\opentelemetry-api-1.22.0.jar;C:\Users\ilciro\.m2\repository\io\opentelemetry\opentelemetry-context\1.22.0\opentelemetry-context-1.22.0.jar;C:\Users\ilciro\.m2\repository\io\opentelemetry\opentelemetry-exporter-logging\1.22.0\opentelemetry-exporter-logging-1.22.0.jar;C:\Users\ilciro\.m2\repository\io\opentelemetry\opentelemetry-sdk-metrics\1.22.0\opentelemetry-sdk-metrics-1.22.0.jar;C:\Users\ilciro\.m2\repository\io\opentelemetry\opentelemetry-sdk-logs\1.22.0-alpha\opentelemetry-sdk-logs-1.22.0-alpha.jar;C:\Users\ilciro\.m2\repository\io\opentelemetry\opentelemetry-api-logs\1.22.0-alpha\opentelemetry-api-logs-1.22.0-alpha.jar;C:\Users\ilciro\.m2\repository\io\opentelemetry\opentelemetry-sdk-common\1.22.0\opentelemetry-sdk-common-1.22.0.jar;C:\Users\ilciro\.m2\repository\io\opentelemetry\opentelemetry-sdk-extension-autoconfigure-spi\1.22.0\opentelemetry-sdk-extension-autoconfigure-spi-1.22.0.jar;C:\Users\ilciro\.m2\repository\io\opentelemetry\opentelemetry-sdk-extension-autoconfigure\1.22.0-alpha\opentelemetry-sdk-extension-autoconfigure-1.22.0-alpha.jar;C:\Users\ilciro\.m2\repository\io\opentelemetry\opentelemetry-sdk-trace\1.22.0\opentelemetry-sdk-trace-1.22.0.jar;C:\Users\ilciro\.m2\repository\io\opentelemetry\opentelemetry-sdk\1.22.0\opentelemetry-sdk-1.22.0.jar;C:\Users\ilciro\.m2\repository\io\opentelemetry\opentelemetry-semconv\1.22.0-alpha\opentelemetry-semconv-1.22.0-alpha.jar;C:\Users\ilciro\.m2\repository\io\ous\jtoml\2.0.0\jtoml-2.0.0.jar;C:\Users\ilciro\.m2\repository\net\bytebuddy\byte-buddy\1.12.22\byte-buddy-1.12.22.jar;C:\Users\ilciro\.m2\repository\org\apache\commons\commons-exec\1.3\commons-exec-1.3.jar;C:\Users\ilciro\.m2\repository\org\asynchttpclient\async-http-client\2.12.3\async-http-client-2.12.3.jar;C:\Users\ilciro\.m2\repository\org\asynchttpclient\async-http-client-netty-utils\2.12.3\async-http-client-netty-utils-2.12.3.jar;C:\Users\ilciro\.m2\repository\io\netty\netty-codec-socks\4.1.60.Final\netty-codec-socks-4.1.60.Final.jar;C:\Users\ilciro\.m2\repository\io\netty\netty-handler-proxy\4.1.60.Final\netty-handler-proxy-4.1.60.Final.jar;C:\Users\ilciro\.m2\repository\io\netty\netty-transport-native-epoll\4.1.60.Final\netty-transport-native-epoll-4.1.60.Final-linux-x86_64.jar;C:\Users\ilciro\.m2\repository\io\netty\netty-transport-native-kqueue\4.1.60.Final\netty-transport-native-kqueue-4.1.60.Final-osx-x86_64.jar;C:\Users\ilciro\.m2\repository\org\reactivestreams\reactive-streams\1.0.3\reactive-streams-1.0.3.jar;C:\Users\ilciro\.m2\repository\com\typesafe\netty\netty-reactive-streams\2.0.4\netty-reactive-streams-2.0.4.jar;C:\Users\ilciro\.m2\repository\org\slf4j\slf4j-api\1.7.30\slf4j-api-1.7.30.jar;C:\Users\ilciro\.m2\repository\org\seleniumhq\selenium\selenium-manager\4.8.1\selenium-manager-4.8.1.jar;C:\Users\ilciro\.m2\repository\org\seleniumhq\selenium\selenium-safari-driver\4.8.1\selenium-safari-driver-4.8.1.jar;C:\Users\ilciro\.m2\repository\org\seleniumhq\selenium\selenium-support\4.8.1\selenium-support-4.8.1.jar;C:\Users\ilciro\.m2\repository\org\seleniumhq\selenium\selenium-chrome-driver\4.8.1\selenium-chrome-driver-4.8.1.jar;C:\Users\ilciro\.m2\repository\com\google\auto\service\auto-service-annotations\1.0.1\auto-service-annotations-1.0.1.jar;C:\Users\ilciro\.m2\repository\com\google\auto\service\auto-service\1.0.1\auto-service-1.0.1.jar;C:\Users\ilciro\.m2\repository\com\google\auto\auto-common\1.2\auto-common-1.2.jar;C:\Users\ilciro\.m2\repository\com\google\guava\guava\31.1-jre\guava-31.1-jre.jar;C:\Users\ilciro\.m2\repository\com\google\guava\failureaccess\1.0.1\failureaccess-1.0.1.jar;C:\Users\ilciro\.m2\repository\com\google\guava\listenablefuture\9999.0-empty-to-avoid-conflict-with-guava\listenablefuture-9999.0-empty-to-avoid-conflict-with-guava.jar;C:\Users\ilciro\.m2\repository\com\google\code\findbugs\jsr305\3.0.2\jsr305-3.0.2.jar;C:\Users\ilciro\.m2\repository\org\checkerframework\checker-qual\3.12.0\checker-qual-3.12.0.jar;C:\Users\ilciro\.m2\repository\com\google\errorprone\error_prone_annotations\2.11.0\error_prone_annotations-2.11.0.jar;C:\Users\ilciro\.m2\repository\com\google\j2objc\j2objc-annotations\1.3\j2objc-annotations-1.3.jar;C:\Users\ilciro\.m2\repository\org\seleniumhq\selenium\selenium-chromium-driver\4.8.1\selenium-chromium-driver-4.8.1.jar;C:\Users\ilciro\.m2\repository\org\seleniumhq\selenium\selenium-json\4.8.1\selenium-json-4.8.1.jar;C:\Users\ilciro\.m2\repository\org\apache\tomcat\tomcat-catalina\10.1.7\tomcat-catalina-10.1.7.jar;C:\Users\ilciro\.m2\repository\org\apache\tomcat\tomcat-servlet-api\10.1.7\tomcat-servlet-api-10.1.7.jar;C:\Users\ilciro\.m2\repository\org\apache\tomcat\tomcat-jsp-api\10.1.7\tomcat-jsp-api-10.1.7.jar;C:\Users\ilciro\.m2\repository\org\apache\tomcat\tomcat-el-api\10.1.7\tomcat-el-api-10.1.7.jar;C:\Users\ilciro\.m2\repository\org\apache\tomcat\tomcat-juli\10.1.7\tomcat-juli-10.1.7.jar;C:\Users\ilciro\.m2\repository\org\apache\tomcat\tomcat-annotations-api\10.1.7\tomcat-annotations-api-10.1.7.jar;C:\Users\ilciro\.m2\repository\org\apache\tomcat\tomcat-api\10.1.7\tomcat-api-10.1.7.jar;C:\Users\ilciro\.m2\repository\org\apache\tomcat\tomcat-jni\10.1.7\tomcat-jni-10.1.7.jar;C:\Users\ilciro\.m2\repository\org\apache\tomcat\tomcat-coyote\10.1.7\tomcat-coyote-10.1.7.jar;C:\Users\ilciro\.m2\repository\org\apache\tomcat\tomcat-util\10.1.7\tomcat-util-10.1.7.jar;C:\Users\ilciro\.m2\repository\org\apache\tomcat\tomcat-util-scan\10.1.7\tomcat-util-scan-10.1.7.jar;C:\Users\ilciro\.m2\repository\org\apache\tomcat\tomcat-jaspic-api\10.1.7\tomcat-jaspic-api-10.1.7.jar;C:\Users\ilciro\.m2\repository\org\sonarsource\scanner\maven\sonar-maven-plugin\3.10.0.2594\sonar-maven-plugin-3.10.0.2594.jar;C:\Users\ilciro\.m2\repository\org\codehaus\plexus\plexus-sec-dispatcher\2.0\plexus-sec-dispatcher-2.0.jar;C:\Users\ilciro\.m2\repository\org\codehaus\plexus\plexus-utils\3.4.1\plexus-utils-3.4.1.jar;C:\Users\ilciro\.m2\repository\org\codehaus\plexus\plexus-cipher\2.0\plexus-cipher-2.0.jar;C:\Users\ilciro\.m2\repository\javax\inject\javax.inject\1\javax.inject-1.jar;C:\Users\ilciro\.m2\repository\org\sonarsource\scanner\api\sonar-scanner-api\2.16.3.1081\sonar-scanner-api-2.16.3.1081.jar;C:\Users\ilciro\.m2\repository\commons-lang\commons-lang\2.6\commons-lang-2.6.jar;"/>
    <property name="sun.cpu.endian" value="little"/>
    <property name="user.home" value="C:\Users\ilciro"/>
    <property name="user.language" value="it"/>
    <property name="java.specification.vendor" value="Oracle Corporation"/>
    <property name="java.version.date" value="2023-08-24"/>
    <property name="java.home" value="C:\Program Files\Eclipse Adoptium\jdk-17.0.8.101-hotspot"/>
    <property name="file.separator" value="\"/>
    <property name="basedir" value="C:\Users\ilciro\IdeaProjects\LibreriaFinale"/>
    <property name="java.vm.compressedOopsMode" value="32-bit"/>
    <property name="line.separator" value="&#10;"/>
    <property name="java.vm.specification.vendor" value="Oracle Corporation"/>
    <property name="java.specification.name" value="Java Platform API Specification"/>
    <property name="surefire.real.class.path" value="C:\Users\ilciro\AppData\Local\Temp\surefire9806578102848443409\surefirebooter13796622519336165396.jar"/>
    <property name="user.script" value=""/>
    <property name="sun.management.compiler" value="HotSpot 64-Bit Tiered Compilers"/>
    <property name="java.runtime.version" value="17.0.8.1+1"/>
    <property name="user.name" value="ilciro"/>
    <property name="path.separator" value=";"/>
    <property name="os.version" value="10.0"/>
    <property name="java.runtime.name" value="OpenJDK Runtime Environment"/>
    <property name="file.encoding" value="Cp1252"/>
    <property name="java.vm.name" value="OpenJDK 64-Bit Server VM"/>
    <property name="java.vendor.version" value="Temurin-17.0.8.1+1"/>
    <property name="localRepository" value="C:\Users\ilciro\.m2\repository"/>
    <property name="java.vendor.url.bug" value="https://github.com/adoptium/adoptium-support/issues"/>
    <property name="java.io.tmpdir" value="C:\Users\ilciro\AppData\Local\Temp\"/>
    <property name="idea.version" value="2022.2.2"/>
    <property name="java.version" value="17.0.8.1"/>
    <property name="user.dir" value="C:\Users\ilciro\IdeaProjects\LibreriaFinale"/>
    <property name="os.arch" value="amd64"/>
    <property name="java.vm.specification.name" value="Java Virtual Machine Specification"/>
    <property name="sun.os.patch.level" value=""/>
    <property name="native.encoding" value="Cp1252"/>
    <property name="java.library.path" value="C:\Program Files\Eclipse Adoptium\jdk-17.0.8.101-hotspot\bin;C:\WINDOWS\Sun\Java\bin;C:\WINDOWS\system32;C:\WINDOWS;C:\Program Files\Eclipse Adoptium\jdk-17.0.8.101-hotspot\bin;C:\WINDOWS\system32;C:\WINDOWS;C:\WINDOWS\System32\Wbem;C:\WINDOWS\System32\WindowsPowerShell\v1.0\;C:\WINDOWS\System32\OpenSSH\;C:\Program Files\Microsoft SQL Server\130\Tools\Binn\;C:\Program Files\Microsoft SQL Server\Client SDK\ODBC\170\Tools\Binn\;C:\Program Files\dotnet\;C:\Program Files\MySQL\MySQL Server 8.0\bin;C:\Program Files\TortoiseSVN\bin;C:\Program Files\VisualSVN Server\bin;C:\Program Files\Git\cmd;C:\Program Files\MySQL\MySQL Shell 8.0\bin\;C:\Users\ilciro\AppData\Local\Microsoft\WindowsApps;C:\Users\ilciro\.dotnet\tools;."/>
    <property name="java.vm.info" value="mixed mode, sharing"/>
    <property name="java.vendor" value="Eclipse Adoptium"/>
    <property name="java.vm.version" value="17.0.8.1+1"/>
    <property name="sun.io.unicode.encoding" value="UnicodeLittle"/>
    <property name="java.class.version" value="61.0"/>
  </properties>
  <testcase name="testAggiorna" classname="laptop.test.TestLaptop1" time="0.759">
    <system-err><![CDATA[ott 29, 2023 7:13:28 PM laptop.utilities.ConnToDb initailConnection
INFORMAZIONI: Connesso initial.....

ott 29, 2023 7:13:28 PM laptop.utilities.ConnToDb initailConnection
INFORMAZIONI: Connesso initial.....

ott 29, 2023 7:13:28 PM laptop.utilities.ConnToDb connection
INFORMAZIONI: Tentativo di conessione al server..........\\n
ott 29, 2023 7:13:28 PM laptop.utilities.ConnToDb connection
INFORMAZIONI: Connesso standard ........

ott 29, 2023 7:13:28 PM laptop.utilities.CreateDefaultDB createDefaultDB
AVVERTENZA: Ops..! qualcosa è andato storto nella connesione al database!
ott 29, 2023 7:13:28 PM laptop.controller.ControllerModificaUtente <init>
INFORMAZIONI: Costruttore ControllerModificaUtente
ott 29, 2023 7:13:28 PM laptop.utilities.ConnToDb generalConnection
INFORMAZIONI: Tentativo di conessione al server..........\\n
ott 29, 2023 7:13:28 PM laptop.utilities.ConnToDb generalConnection
INFORMAZIONI: Connesso standard ........

ott 29, 2023 7:13:28 PM laptop.utilities.ConnToDb generalConnection
INFORMAZIONI: Tentativo di conessione al server..........\\n
ott 29, 2023 7:13:28 PM laptop.utilities.ConnToDb generalConnection
INFORMAZIONI: Connesso standard ........

ott 29, 2023 7:13:28 PM laptop.utilities.ConnToDb generalConnection
INFORMAZIONI: Tentativo di conessione al server..........\\n
ott 29, 2023 7:13:28 PM laptop.utilities.ConnToDb generalConnection
INFORMAZIONI: Connesso standard ........

ott 29, 2023 7:13:28 PM laptop.utilities.ConnToDb generalConnection
INFORMAZIONI: Tentativo di conessione al server..........\\n
ott 29, 2023 7:13:28 PM laptop.utilities.ConnToDb generalConnection
INFORMAZIONI: Connesso standard ........

ott 29, 2023 7:13:28 PM laptop.utilities.ConnToDb generalConnection
INFORMAZIONI: Tentativo di conessione al server..........\\n
ott 29, 2023 7:13:28 PM laptop.utilities.ConnToDb generalConnection
INFORMAZIONI: Connesso standard ........

]]></system-err>
  </testcase>
  <testcase name="testAggiornaTot" classname="laptop.test.TestLaptop1" time="0.205">
    <system-err><![CDATA[ott 29, 2023 7:13:29 PM laptop.controller.ControllerModificaUtente <init>
INFORMAZIONI: Costruttore ControllerModificaUtente
ott 29, 2023 7:13:29 PM laptop.utilities.ConnToDb generalConnection
INFORMAZIONI: Tentativo di conessione al server..........\\n
ott 29, 2023 7:13:29 PM laptop.utilities.ConnToDb generalConnection
INFORMAZIONI: Connesso standard ........

ott 29, 2023 7:13:29 PM laptop.database.UsersDao pickData
INFORMAZIONI: errore in mysql :
ott 29, 2023 7:13:29 PM laptop.utilities.ConnToDb generalConnection
INFORMAZIONI: Tentativo di conessione al server..........\\n
ott 29, 2023 7:13:29 PM laptop.utilities.ConnToDb generalConnection
INFORMAZIONI: Connesso standard ........

]]></system-err>
  </testcase>
  <testcase name="testGetRivistaById" classname="laptop.test.TestLaptop1" time="0.219">
    <system-err><![CDATA[ott 29, 2023 7:13:29 PM laptop.controller.ControllerModificaUtente <init>
INFORMAZIONI: Costruttore ControllerModificaUtente
ott 29, 2023 7:13:29 PM laptop.utilities.ConnToDb generalConnection
INFORMAZIONI: Tentativo di conessione al server..........\\n
ott 29, 2023 7:13:29 PM laptop.utilities.ConnToDb generalConnection
INFORMAZIONI: Connesso standard ........

]]></system-err>
  </testcase>
  <testcase name="testScaricaLibro(int)[1]" classname="laptop.test.TestLaptop1" time="4.646">
    <system-err><![CDATA[ott 29, 2023 7:13:29 PM laptop.controller.ControllerModificaUtente <init>
INFORMAZIONI: Costruttore ControllerModificaUtente
]]></system-err>
  </testcase>
  <testcase name="testScaricaLibro(int)[2]" classname="laptop.test.TestLaptop1" time="0.28">
    <system-err><![CDATA[ott 29, 2023 7:13:34 PM laptop.controller.ControllerModificaUtente <init>
INFORMAZIONI: Costruttore ControllerModificaUtente
]]></system-err>
  </testcase>
  <testcase name="testScaricaLibro(int)[3]" classname="laptop.test.TestLaptop1" time="0.274">
    <system-err><![CDATA[ott 29, 2023 7:13:34 PM laptop.controller.ControllerModificaUtente <init>
INFORMAZIONI: Costruttore ControllerModificaUtente
]]></system-err>
  </testcase>
  <testcase name="testScaricaLibro(int)[4]" classname="laptop.test.TestLaptop1" time="0.358">
    <system-err><![CDATA[ott 29, 2023 7:13:35 PM laptop.controller.ControllerModificaUtente <init>
INFORMAZIONI: Costruttore ControllerModificaUtente
]]></system-err>
  </testcase>
  <testcase name="testScaricaLibro(int)[5]" classname="laptop.test.TestLaptop1" time="0.271">
    <system-err><![CDATA[ott 29, 2023 7:13:35 PM laptop.controller.ControllerModificaUtente <init>
INFORMAZIONI: Costruttore ControllerModificaUtente
]]></system-err>
  </testcase>
  <testcase name="testScaricaLibro(int)[6]" classname="laptop.test.TestLaptop1" time="0.185">
    <system-err><![CDATA[ott 29, 2023 7:13:35 PM laptop.controller.ControllerModificaUtente <init>
INFORMAZIONI: Costruttore ControllerModificaUtente
]]></system-err>
  </testcase>
  <testcase name="testGetDispG" classname="laptop.test.TestLaptop1" time="0.055">
    <system-err><![CDATA[ott 29, 2023 7:13:35 PM laptop.controller.ControllerModificaUtente <init>
INFORMAZIONI: Costruttore ControllerModificaUtente
ott 29, 2023 7:13:35 PM laptop.utilities.ConnToDb generalConnection
INFORMAZIONI: Tentativo di conessione al server..........\\n
ott 29, 2023 7:13:36 PM laptop.utilities.ConnToDb generalConnection
INFORMAZIONI: Connesso standard ........

]]></system-err>
  </testcase>
  <testcase name="testGetDispL" classname="laptop.test.TestLaptop1" time="0.048">
    <system-err><![CDATA[ott 29, 2023 7:13:36 PM laptop.controller.ControllerModificaUtente <init>
INFORMAZIONI: Costruttore ControllerModificaUtente
ott 29, 2023 7:13:36 PM laptop.utilities.ConnToDb generalConnection
INFORMAZIONI: Tentativo di conessione al server..........\\n
ott 29, 2023 7:13:36 PM laptop.utilities.ConnToDb generalConnection
INFORMAZIONI: Connesso standard ........

]]></system-err>
  </testcase>
  <testcase name="testGetDispR" classname="laptop.test.TestLaptop1" time="0.055">
    <system-err><![CDATA[ott 29, 2023 7:13:36 PM laptop.controller.ControllerModificaUtente <init>
INFORMAZIONI: Costruttore ControllerModificaUtente
ott 29, 2023 7:13:36 PM laptop.utilities.ConnToDb generalConnection
INFORMAZIONI: Tentativo di conessione al server..........\\n
ott 29, 2023 7:13:36 PM laptop.utilities.ConnToDb generalConnection
INFORMAZIONI: Connesso standard ........

]]></system-err>
  </testcase>
  <testcase name="testGetLista(String)[1]" classname="laptop.test.TestLaptop1" time="0.063">
    <system-err><![CDATA[ott 29, 2023 7:13:36 PM laptop.controller.ControllerModificaUtente <init>
INFORMAZIONI: Costruttore ControllerModificaUtente
ott 29, 2023 7:13:36 PM laptop.utilities.ConnToDb generalConnection
INFORMAZIONI: Tentativo di conessione al server..........\\n
ott 29, 2023 7:13:36 PM laptop.utilities.ConnToDb generalConnection
INFORMAZIONI: Connesso standard ........

]]></system-err>
  </testcase>
  <testcase name="testGetLista(String)[2]" classname="laptop.test.TestLaptop1" time="0.053">
    <system-err><![CDATA[ott 29, 2023 7:13:36 PM laptop.controller.ControllerModificaUtente <init>
INFORMAZIONI: Costruttore ControllerModificaUtente
ott 29, 2023 7:13:36 PM laptop.utilities.ConnToDb generalConnection
INFORMAZIONI: Tentativo di conessione al server..........\\n
ott 29, 2023 7:13:36 PM laptop.utilities.ConnToDb generalConnection
INFORMAZIONI: Connesso standard ........

]]></system-err>
  </testcase>
  <testcase name="testGetLista(String)[3]" classname="laptop.test.TestLaptop1" time="0.048">
    <system-err><![CDATA[ott 29, 2023 7:13:36 PM laptop.controller.ControllerModificaUtente <init>
INFORMAZIONI: Costruttore ControllerModificaUtente
ott 29, 2023 7:13:36 PM laptop.utilities.ConnToDb generalConnection
INFORMAZIONI: Tentativo di conessione al server..........\\n
ott 29, 2023 7:13:36 PM laptop.utilities.ConnToDb generalConnection
INFORMAZIONI: Connesso standard ........

]]></system-err>
  </testcase>
  <testcase name="testLogoutSE" classname="laptop.test.TestLaptop1" time="0.006">
    <system-err><![CDATA[ott 29, 2023 7:13:36 PM laptop.controller.ControllerModificaUtente <init>
INFORMAZIONI: Costruttore ControllerModificaUtente
ott 29, 2023 7:13:36 PM laptop.controller.ControllerHomePageAfterLoginSE logout
INFORMAZIONI: stai sloggando come Bao Publishing
ott 29, 2023 7:13:36 PM laptop.controller.ControllerHomePageAfterLoginSE logout
INFORMAZIONI: logout utente null
]]></system-err>
  </testcase>
  <testcase name="testTotaleG" classname="laptop.test.TestLaptop1" time="0.264">
    <system-err><![CDATA[ott 29, 2023 7:13:36 PM laptop.controller.ControllerModificaUtente <init>
INFORMAZIONI: Costruttore ControllerModificaUtente
ott 29, 2023 7:13:36 PM laptop.utilities.ConnToDb generalConnection
INFORMAZIONI: Tentativo di conessione al server..........\\n
ott 29, 2023 7:13:36 PM laptop.utilities.ConnToDb generalConnection
INFORMAZIONI: Connesso standard ........

ott 29, 2023 7:13:36 PM laptop.utilities.ConnToDb generalConnection
INFORMAZIONI: Tentativo di conessione al server..........\\n
ott 29, 2023 7:13:36 PM laptop.utilities.ConnToDb generalConnection
INFORMAZIONI: Connesso standard ........

]]></system-err>
  </testcase>
  <testcase name="testTotaleR" classname="laptop.test.TestLaptop1" time="0.443">
    <system-err><![CDATA[ott 29, 2023 7:13:36 PM laptop.controller.ControllerModificaUtente <init>
INFORMAZIONI: Costruttore ControllerModificaUtente
ott 29, 2023 7:13:36 PM laptop.utilities.ConnToDb generalConnection
INFORMAZIONI: Tentativo di conessione al server..........\\n
ott 29, 2023 7:13:36 PM laptop.utilities.ConnToDb generalConnection
INFORMAZIONI: Connesso standard ........

ott 29, 2023 7:13:36 PM laptop.utilities.ConnToDb generalConnection
INFORMAZIONI: Tentativo di conessione al server..........\\n
ott 29, 2023 7:13:36 PM laptop.utilities.ConnToDb generalConnection
INFORMAZIONI: Connesso standard ........

]]></system-err>
  </testcase>
  <testcase name="testGetNomeById" classname="laptop.test.TestLaptop1" time="0.039">
    <system-err><![CDATA[ott 29, 2023 7:13:37 PM laptop.controller.ControllerModificaUtente <init>
INFORMAZIONI: Costruttore ControllerModificaUtente
ott 29, 2023 7:13:37 PM laptop.utilities.ConnToDb generalConnection
INFORMAZIONI: Tentativo di conessione al server..........\\n
ott 29, 2023 7:13:37 PM laptop.utilities.ConnToDb generalConnection
INFORMAZIONI: Connesso standard ........

]]></system-err>
  </testcase>
  <testcase name="testGetNomeUser" classname="laptop.test.TestLaptop1" time="0.001">
    <system-err><![CDATA[ott 29, 2023 7:13:37 PM laptop.controller.ControllerModificaUtente <init>
INFORMAZIONI: Costruttore ControllerModificaUtente
]]></system-err>
  </testcase>
  <testcase name="testDisponibilitaLibro" classname="laptop.test.TestLaptop1" time="0.045">
    <system-err><![CDATA[ott 29, 2023 7:13:37 PM laptop.controller.ControllerModificaUtente <init>
INFORMAZIONI: Costruttore ControllerModificaUtente
ott 29, 2023 7:13:37 PM laptop.utilities.ConnToDb generalConnection
INFORMAZIONI: Tentativo di conessione al server..........\\n
ott 29, 2023 7:13:37 PM laptop.utilities.ConnToDb generalConnection
INFORMAZIONI: Connesso standard ........

ott 29, 2023 7:13:37 PM laptop.database.LibroDao checkDisp
INFORMAZIONI: libro disponibile
]]></system-err>
  </testcase>
  <testcase name="testCheckDataG" classname="laptop.test.TestLaptop1" time="0.259">
    <system-err><![CDATA[ott 29, 2023 7:13:37 PM laptop.controller.ControllerModificaUtente <init>
INFORMAZIONI: Costruttore ControllerModificaUtente
ott 29, 2023 7:13:37 PM laptop.utilities.ConnToDb generalConnection
INFORMAZIONI: Tentativo di conessione al server..........\\n
ott 29, 2023 7:13:37 PM laptop.utilities.ConnToDb generalConnection
INFORMAZIONI: Connesso standard ........

]]></system-err>
  </testcase>
  <testcase name="testCheckDataL" classname="laptop.test.TestLaptop1" time="0.154">
    <system-err><![CDATA[ott 29, 2023 7:13:37 PM laptop.controller.ControllerModificaUtente <init>
INFORMAZIONI: Costruttore ControllerModificaUtente
ott 29, 2023 7:13:37 PM laptop.utilities.ConnToDb generalConnection
INFORMAZIONI: Tentativo di conessione al server..........\\n
ott 29, 2023 7:13:37 PM laptop.utilities.ConnToDb generalConnection
INFORMAZIONI: Connesso standard ........

ott 29, 2023 7:13:37 PM laptop.database.LibroDao aggiornaLibro
INFORMAZIONI: row affected 1
]]></system-err>
  </testcase>
  <testcase name="testCheckDataR" classname="laptop.test.TestLaptop1" time="0.356">
    <system-err><![CDATA[ott 29, 2023 7:13:37 PM laptop.controller.ControllerModificaUtente <init>
INFORMAZIONI: Costruttore ControllerModificaUtente
ott 29, 2023 7:13:37 PM laptop.utilities.ConnToDb generalConnection
INFORMAZIONI: Tentativo di conessione al server..........\\n
ott 29, 2023 7:13:37 PM laptop.utilities.ConnToDb generalConnection
INFORMAZIONI: Connesso standard ........

]]></system-err>
  </testcase>
  <testcase name="testAnnullaOrdine" classname="laptop.test.TestLaptop1" time="0.094">
    <system-err><![CDATA[ott 29, 2023 7:13:37 PM laptop.controller.ControllerModificaUtente <init>
INFORMAZIONI: Costruttore ControllerModificaUtente
ott 29, 2023 7:13:37 PM laptop.utilities.ConnToDb generalConnection
INFORMAZIONI: Tentativo di conessione al server..........\\n
ott 29, 2023 7:13:37 PM laptop.utilities.ConnToDb generalConnection
INFORMAZIONI: Connesso standard ........

]]></system-err>
  </testcase>
  <testcase name="testDisponibilitaRivista" classname="laptop.test.TestLaptop1" time="0.142">
    <system-err><![CDATA[ott 29, 2023 7:13:38 PM laptop.controller.ControllerModificaUtente <init>
INFORMAZIONI: Costruttore ControllerModificaUtente
ott 29, 2023 7:13:38 PM laptop.utilities.ConnToDb generalConnection
INFORMAZIONI: Tentativo di conessione al server..........\\n
ott 29, 2023 7:13:38 PM laptop.utilities.ConnToDb generalConnection
INFORMAZIONI: Connesso standard ........

]]></system-err>
  </testcase>
  <testcase name="testGetRuoloTempUSer" classname="laptop.test.TestLaptop1" time="0.093">
    <system-err><![CDATA[ott 29, 2023 7:13:38 PM laptop.controller.ControllerModificaUtente <init>
INFORMAZIONI: Costruttore ControllerModificaUtente
ott 29, 2023 7:13:38 PM laptop.utilities.ConnToDb generalConnection
INFORMAZIONI: Tentativo di conessione al server..........\\n
ott 29, 2023 7:13:38 PM laptop.utilities.ConnToDb generalConnection
INFORMAZIONI: Connesso standard ........

]]></system-err>
  </testcase>
  <testcase name="testDisponibilitaGiornale" classname="laptop.test.TestLaptop1" time="0.037">
    <system-err><![CDATA[ott 29, 2023 7:13:38 PM laptop.controller.ControllerModificaUtente <init>
INFORMAZIONI: Costruttore ControllerModificaUtente
ott 29, 2023 7:13:38 PM laptop.utilities.ConnToDb generalConnection
INFORMAZIONI: Tentativo di conessione al server..........\\n
ott 29, 2023 7:13:38 PM laptop.utilities.ConnToDb generalConnection
INFORMAZIONI: Connesso standard ........

ott 29, 2023 7:13:38 PM laptop.database.GiornaleDao checkDisp
INFORMAZIONI: giornale Trovato
]]></system-err>
  </testcase>
  <testcase name="testGetGiornaliById" classname="laptop.test.TestLaptop1" time="0.037">
    <system-err><![CDATA[ott 29, 2023 7:13:38 PM laptop.controller.ControllerModificaUtente <init>
INFORMAZIONI: Costruttore ControllerModificaUtente
ott 29, 2023 7:13:38 PM laptop.utilities.ConnToDb generalConnection
INFORMAZIONI: Tentativo di conessione al server..........\\n
ott 29, 2023 7:13:38 PM laptop.utilities.ConnToDb generalConnection
INFORMAZIONI: Connesso standard ........

ott 29, 2023 7:13:38 PM laptop.database.GiornaleDao getGiornaliSingoloById
INFORMAZIONI: catalogo [laptop.model.raccolta.Giornale@2314cd97]
]]></system-err>
  </testcase>
  <testcase name="testGetTipo" classname="laptop.test.TestLaptop1" time="0.001">
    <system-err><![CDATA[ott 29, 2023 7:13:38 PM laptop.controller.ControllerModificaUtente <init>
INFORMAZIONI: Costruttore ControllerModificaUtente
]]></system-err>
  </testcase>
  <testcase name="testGetNumeroCC" classname="laptop.test.TestLaptop1" time="0.001">
    <system-err><![CDATA[ott 29, 2023 7:13:38 PM laptop.controller.ControllerModificaUtente <init>
INFORMAZIONI: Costruttore ControllerModificaUtente
]]></system-err>
  </testcase>
  <testcase name="testCheckDataGM" classname="laptop.test.TestLaptop1" time="0.476">
    <system-err><![CDATA[ott 29, 2023 7:13:38 PM laptop.controller.ControllerModificaUtente <init>
INFORMAZIONI: Costruttore ControllerModificaUtente
ott 29, 2023 7:13:38 PM laptop.utilities.ConnToDb generalConnection
INFORMAZIONI: Tentativo di conessione al server..........\\n
ott 29, 2023 7:13:38 PM laptop.utilities.ConnToDb generalConnection
INFORMAZIONI: Connesso standard ........

ott 29, 2023 7:13:38 PM laptop.database.GiornaleDao aggiornaGiornale
INFORMAZIONI:  rows aggiornalte 1
]]></system-err>
  </testcase>
  <testcase name="testCheckDataRM" classname="laptop.test.TestLaptop1" time="0.248">
    <system-err><![CDATA[ott 29, 2023 7:13:38 PM laptop.controller.ControllerModificaUtente <init>
INFORMAZIONI: Costruttore ControllerModificaUtente
ott 29, 2023 7:13:38 PM laptop.utilities.ConnToDb generalConnection
INFORMAZIONI: Tentativo di conessione al server..........\\n
ott 29, 2023 7:13:38 PM laptop.utilities.ConnToDb generalConnection
INFORMAZIONI: Connesso standard ........

ott 29, 2023 7:13:39 PM laptop.database.RivistaDao aggiornaRivista
INFORMAZIONI: rows afffected1
]]></system-err>
  </testcase>
  <testcase name="testGetAmmontare" classname="laptop.test.TestLaptop1" time="0.003">
    <system-err><![CDATA[ott 29, 2023 7:13:39 PM laptop.controller.ControllerModificaUtente <init>
INFORMAZIONI: Costruttore ControllerModificaUtente
]]></system-err>
  </testcase>
  <testcase name="testControllaG" classname="laptop.test.TestLaptop1" time="0.42">
    <system-err><![CDATA[ott 29, 2023 7:13:39 PM laptop.controller.ControllerModificaUtente <init>
INFORMAZIONI: Costruttore ControllerModificaUtente
ott 29, 2023 7:13:39 PM laptop.utilities.ConnToDb generalConnection
INFORMAZIONI: Tentativo di conessione al server..........\\n
ott 29, 2023 7:13:39 PM laptop.utilities.ConnToDb generalConnection
INFORMAZIONI: Connesso standard ........

ott 29, 2023 7:13:39 PM laptop.utilities.ConnToDb generalConnection
INFORMAZIONI: Tentativo di conessione al server..........\\n
ott 29, 2023 7:13:39 PM laptop.utilities.ConnToDb generalConnection
INFORMAZIONI: Connesso standard ........

ott 29, 2023 7:13:39 PM laptop.utilities.ConnToDb generalConnection
INFORMAZIONI: Tentativo di conessione al server..........\\n
ott 29, 2023 7:13:39 PM laptop.utilities.ConnToDb generalConnection
INFORMAZIONI: Connesso standard ........

]]></system-err>
  </testcase>
  <testcase name="testControllaL" classname="laptop.test.TestLaptop1" time="0.466">
    <system-err><![CDATA[ott 29, 2023 7:13:39 PM laptop.controller.ControllerModificaUtente <init>
INFORMAZIONI: Costruttore ControllerModificaUtente
ott 29, 2023 7:13:39 PM laptop.utilities.ConnToDb generalConnection
INFORMAZIONI: Tentativo di conessione al server..........\\n
ott 29, 2023 7:13:39 PM laptop.utilities.ConnToDb generalConnection
INFORMAZIONI: Connesso standard ........

ott 29, 2023 7:13:39 PM laptop.utilities.ConnToDb generalConnection
INFORMAZIONI: Tentativo di conessione al server..........\\n
ott 29, 2023 7:13:39 PM laptop.utilities.ConnToDb generalConnection
INFORMAZIONI: Connesso standard ........

ott 29, 2023 7:13:39 PM laptop.utilities.ConnToDb generalConnection
INFORMAZIONI: Tentativo di conessione al server..........\\n
ott 29, 2023 7:13:40 PM laptop.utilities.ConnToDb generalConnection
INFORMAZIONI: Connesso standard ........

]]></system-err>
  </testcase>
  <testcase name="testControllaR" classname="laptop.test.TestLaptop1" time="1.168">
    <system-err><![CDATA[ott 29, 2023 7:13:40 PM laptop.controller.ControllerModificaUtente <init>
INFORMAZIONI: Costruttore ControllerModificaUtente
ott 29, 2023 7:13:40 PM laptop.utilities.ConnToDb generalConnection
INFORMAZIONI: Tentativo di conessione al server..........\\n
ott 29, 2023 7:13:40 PM laptop.utilities.ConnToDb generalConnection
INFORMAZIONI: Connesso standard ........

ott 29, 2023 7:13:40 PM laptop.utilities.ConnToDb generalConnection
INFORMAZIONI: Tentativo di conessione al server..........\\n
ott 29, 2023 7:13:40 PM laptop.utilities.ConnToDb generalConnection
INFORMAZIONI: Connesso standard ........

ott 29, 2023 7:13:41 PM laptop.utilities.ConnToDb generalConnection
INFORMAZIONI: Tentativo di conessione al server..........\\n
ott 29, 2023 7:13:41 PM laptop.utilities.ConnToDb generalConnection
INFORMAZIONI: Connesso standard ........

]]></system-err>
  </testcase>
  <testcase name="testGetPrezzoTransazine" classname="laptop.test.TestLaptop1" time="0.036">
    <system-err><![CDATA[ott 29, 2023 7:13:41 PM laptop.controller.ControllerModificaUtente <init>
INFORMAZIONI: Costruttore ControllerModificaUtente
]]></system-err>
  </testcase>
  <testcase name="testGetCognomeUser" classname="laptop.test.TestLaptop1" time="0">
    <system-err><![CDATA[ott 29, 2023 7:13:41 PM laptop.controller.ControllerModificaUtente <init>
INFORMAZIONI: Costruttore ControllerModificaUtente
]]></system-err>
  </testcase>
  <testcase name="testControlla" classname="laptop.test.TestLaptop1" time="0.303">
    <system-err><![CDATA[ott 29, 2023 7:13:41 PM laptop.controller.ControllerModificaUtente <init>
INFORMAZIONI: Costruttore ControllerModificaUtente
ott 29, 2023 7:13:41 PM laptop.utilities.ConnToDb generalConnection
INFORMAZIONI: Tentativo di conessione al server..........\\n
ott 29, 2023 7:13:41 PM laptop.utilities.ConnToDb generalConnection
INFORMAZIONI: Connesso standard ........

ott 29, 2023 7:13:41 PM laptop.database.UsersDao checkUser
INFORMAZIONI: idUser zerocalcare@gmail.com
ott 29, 2023 7:13:41 PM laptop.utilities.ConnToDb generalConnection
INFORMAZIONI: Tentativo di conessione al server..........\\n
ott 29, 2023 7:13:41 PM laptop.utilities.ConnToDb generalConnection
INFORMAZIONI: Connesso standard ........

ott 29, 2023 7:13:41 PM laptop.utilities.ConnToDb generalConnection
INFORMAZIONI: Tentativo di conessione al server..........\\n
ott 29, 2023 7:13:41 PM laptop.utilities.ConnToDb generalConnection
INFORMAZIONI: Connesso standard ........

ott 29, 2023 7:13:41 PM laptop.database.UsersDao pickData
INFORMAZIONI: errore in mysql :
ott 29, 2023 7:13:41 PM laptop.controller.ControllerLogin controlla
INFORMAZIONI: loggato come W
]]></system-err>
  </testcase>
  <testcase name="testGetRivistaS" classname="laptop.test.TestLaptop1" time="0.053">
    <system-err><![CDATA[ott 29, 2023 7:13:41 PM laptop.controller.ControllerModificaUtente <init>
INFORMAZIONI: Costruttore ControllerModificaUtente
ott 29, 2023 7:13:41 PM laptop.utilities.ConnToDb generalConnection
INFORMAZIONI: Tentativo di conessione al server..........\\n
ott 29, 2023 7:13:41 PM laptop.utilities.ConnToDb generalConnection
INFORMAZIONI: Connesso standard ........

]]></system-err>
  </testcase>
  <testcase name="testGetScadenza" classname="laptop.test.TestLaptop1" time="0.004">
    <system-err><![CDATA[ott 29, 2023 7:13:41 PM laptop.controller.ControllerModificaUtente <init>
INFORMAZIONI: Costruttore ControllerModificaUtente
]]></system-err>
  </testcase>
  <testcase name="testScaricaRivista(int)[1]" classname="laptop.test.TestLaptop1" time="6.49">
    <system-err><![CDATA[ott 29, 2023 7:13:41 PM laptop.controller.ControllerModificaUtente <init>
INFORMAZIONI: Costruttore ControllerModificaUtente
]]></system-err>
  </testcase>
  <testcase name="testScaricaRivista(int)[2]" classname="laptop.test.TestLaptop1" time="0.183">
    <system-err><![CDATA[ott 29, 2023 7:13:48 PM laptop.controller.ControllerModificaUtente <init>
INFORMAZIONI: Costruttore ControllerModificaUtente
]]></system-err>
  </testcase>
  <testcase name="testScaricaRivista(int)[3]" classname="laptop.test.TestLaptop1" time="0.096">
    <system-err><![CDATA[ott 29, 2023 7:13:48 PM laptop.controller.ControllerModificaUtente <init>
INFORMAZIONI: Costruttore ControllerModificaUtente
]]></system-err>
  </testcase>
  <testcase name="testScaricaRivista(int)[4]" classname="laptop.test.TestLaptop1" time="0.049">
    <system-err><![CDATA[ott 29, 2023 7:13:48 PM laptop.controller.ControllerModificaUtente <init>
INFORMAZIONI: Costruttore ControllerModificaUtente
]]></system-err>
  </testcase>
  <testcase name="testScaricaRivista(int)[5]" classname="laptop.test.TestLaptop1" time="0.065">
    <system-err><![CDATA[ott 29, 2023 7:13:48 PM laptop.controller.ControllerModificaUtente <init>
INFORMAZIONI: Costruttore ControllerModificaUtente
]]></system-err>
  </testcase>
  <testcase name="testScaricaRivista(int)[6]" classname="laptop.test.TestLaptop1" time="0.037">
    <system-err><![CDATA[ott 29, 2023 7:13:48 PM laptop.controller.ControllerModificaUtente <init>
INFORMAZIONI: Costruttore ControllerModificaUtente
]]></system-err>
  </testcase>
  <testcase name="testGetNomeByIdG" classname="laptop.test.TestLaptop1" time="0.206">
    <system-err><![CDATA[ott 29, 2023 7:13:48 PM laptop.controller.ControllerModificaUtente <init>
INFORMAZIONI: Costruttore ControllerModificaUtente
ott 29, 2023 7:13:48 PM laptop.utilities.ConnToDb generalConnection
INFORMAZIONI: Tentativo di conessione al server..........\\n
ott 29, 2023 7:13:48 PM laptop.utilities.ConnToDb generalConnection
INFORMAZIONI: Connesso standard ........

]]></system-err>
  </testcase>
  <testcase name="testGetNomeByIdR" classname="laptop.test.TestLaptop1" time="0.066">
    <system-err><![CDATA[ott 29, 2023 7:13:48 PM laptop.controller.ControllerModificaUtente <init>
INFORMAZIONI: Costruttore ControllerModificaUtente
ott 29, 2023 7:13:48 PM laptop.utilities.ConnToDb generalConnection
INFORMAZIONI: Tentativo di conessione al server..........\\n
ott 29, 2023 7:13:48 PM laptop.utilities.ConnToDb generalConnection
INFORMAZIONI: Connesso standard ........

]]></system-err>
  </testcase>
  <testcase name="testAnnullaOrdineG" classname="laptop.test.TestLaptop1" time="1.557">
    <system-err><![CDATA[ott 29, 2023 7:13:48 PM laptop.controller.ControllerModificaUtente <init>
INFORMAZIONI: Costruttore ControllerModificaUtente
ott 29, 2023 7:13:48 PM laptop.utilities.ConnToDb generalConnection
INFORMAZIONI: Tentativo di conessione al server..........\\n
ott 29, 2023 7:13:48 PM laptop.utilities.ConnToDb generalConnection
INFORMAZIONI: Connesso standard ........

ott 29, 2023 7:13:49 PM laptop.utilities.ConnToDb generalConnection
INFORMAZIONI: Tentativo di conessione al server..........\\n
ott 29, 2023 7:13:49 PM laptop.utilities.ConnToDb generalConnection
INFORMAZIONI: Connesso standard ........

ott 29, 2023 7:13:49 PM laptop.utilities.ConnToDb generalConnection
INFORMAZIONI: Tentativo di conessione al server..........\\n
ott 29, 2023 7:13:49 PM laptop.utilities.ConnToDb generalConnection
INFORMAZIONI: Connesso standard ........

ott 29, 2023 7:13:49 PM laptop.utilities.ConnToDb generalConnection
INFORMAZIONI: Tentativo di conessione al server..........\\n
ott 29, 2023 7:13:49 PM laptop.utilities.ConnToDb generalConnection
INFORMAZIONI: Connesso standard ........

ott 29, 2023 7:13:49 PM laptop.utilities.ConnToDb generalConnection
INFORMAZIONI: Tentativo di conessione al server..........\\n
ott 29, 2023 7:13:49 PM laptop.utilities.ConnToDb generalConnection
INFORMAZIONI: Connesso standard ........

ott 29, 2023 7:13:49 PM laptop.utilities.ConnToDb generalConnection
INFORMAZIONI: Tentativo di conessione al server..........\\n
ott 29, 2023 7:13:49 PM laptop.utilities.ConnToDb generalConnection
INFORMAZIONI: Connesso standard ........

ott 29, 2023 7:13:49 PM laptop.utilities.ConnToDb generalConnection
INFORMAZIONI: Tentativo di conessione al server..........\\n
ott 29, 2023 7:13:50 PM laptop.utilities.ConnToDb generalConnection
INFORMAZIONI: Connesso standard ........

ott 29, 2023 7:13:50 PM laptop.utilities.ConnToDb generalConnection
INFORMAZIONI: Tentativo di conessione al server..........\\n
ott 29, 2023 7:13:50 PM laptop.utilities.ConnToDb generalConnection
INFORMAZIONI: Connesso standard ........

ott 29, 2023 7:13:50 PM laptop.utilities.ConnToDb generalConnection
INFORMAZIONI: Tentativo di conessione al server..........\\n
ott 29, 2023 7:13:50 PM laptop.utilities.ConnToDb generalConnection
INFORMAZIONI: Connesso standard ........

]]></system-err>
  </testcase>
  <testcase name="testAnnullaOrdineL" classname="laptop.test.TestLaptop1" time="5.456">
    <system-err><![CDATA[ott 29, 2023 7:13:50 PM laptop.controller.ControllerModificaUtente <init>
INFORMAZIONI: Costruttore ControllerModificaUtente
ott 29, 2023 7:13:50 PM laptop.utilities.ConnToDb generalConnection
INFORMAZIONI: Tentativo di conessione al server..........\\n
ott 29, 2023 7:13:50 PM laptop.utilities.ConnToDb generalConnection
INFORMAZIONI: Connesso standard ........

ott 29, 2023 7:13:50 PM laptop.utilities.ConnToDb generalConnection
INFORMAZIONI: Tentativo di conessione al server..........\\n
ott 29, 2023 7:13:50 PM laptop.utilities.ConnToDb generalConnection
INFORMAZIONI: Connesso standard ........

ott 29, 2023 7:13:51 PM laptop.utilities.ConnToDb generalConnection
INFORMAZIONI: Tentativo di conessione al server..........\\n
ott 29, 2023 7:13:51 PM laptop.utilities.ConnToDb generalConnection
INFORMAZIONI: Connesso standard ........

ott 29, 2023 7:13:52 PM laptop.utilities.ConnToDb generalConnection
INFORMAZIONI: Tentativo di conessione al server..........\\n
ott 29, 2023 7:13:52 PM laptop.utilities.ConnToDb generalConnection
INFORMAZIONI: Connesso standard ........

ott 29, 2023 7:13:53 PM laptop.utilities.ConnToDb generalConnection
INFORMAZIONI: Tentativo di conessione al server..........\\n
ott 29, 2023 7:13:53 PM laptop.utilities.ConnToDb generalConnection
INFORMAZIONI: Connesso standard ........

ott 29, 2023 7:13:54 PM laptop.utilities.ConnToDb generalConnection
INFORMAZIONI: Tentativo di conessione al server..........\\n
ott 29, 2023 7:13:54 PM laptop.utilities.ConnToDb generalConnection
INFORMAZIONI: Connesso standard ........

ott 29, 2023 7:13:54 PM laptop.utilities.ConnToDb generalConnection
INFORMAZIONI: Tentativo di conessione al server..........\\n
ott 29, 2023 7:13:54 PM laptop.utilities.ConnToDb generalConnection
INFORMAZIONI: Connesso standard ........

ott 29, 2023 7:13:54 PM laptop.utilities.ConnToDb generalConnection
INFORMAZIONI: Tentativo di conessione al server..........\\n
ott 29, 2023 7:13:54 PM laptop.utilities.ConnToDb generalConnection
INFORMAZIONI: Connesso standard ........

ott 29, 2023 7:13:55 PM laptop.utilities.ConnToDb generalConnection
INFORMAZIONI: Tentativo di conessione al server..........\\n
ott 29, 2023 7:13:55 PM laptop.utilities.ConnToDb generalConnection
INFORMAZIONI: Connesso standard ........

]]></system-err>
  </testcase>
  <testcase name="testAnnullaOrdineR" classname="laptop.test.TestLaptop1" time="1.354">
    <system-err><![CDATA[ott 29, 2023 7:13:55 PM laptop.controller.ControllerModificaUtente <init>
INFORMAZIONI: Costruttore ControllerModificaUtente
ott 29, 2023 7:13:55 PM laptop.utilities.ConnToDb generalConnection
INFORMAZIONI: Tentativo di conessione al server..........\\n
ott 29, 2023 7:13:55 PM laptop.utilities.ConnToDb generalConnection
INFORMAZIONI: Connesso standard ........

ott 29, 2023 7:13:56 PM laptop.utilities.ConnToDb generalConnection
INFORMAZIONI: Tentativo di conessione al server..........\\n
ott 29, 2023 7:13:56 PM laptop.utilities.ConnToDb generalConnection
INFORMAZIONI: Connesso standard ........

ott 29, 2023 7:13:56 PM laptop.utilities.ConnToDb generalConnection
INFORMAZIONI: Tentativo di conessione al server..........\\n
ott 29, 2023 7:13:56 PM laptop.utilities.ConnToDb generalConnection
INFORMAZIONI: Connesso standard ........

ott 29, 2023 7:13:56 PM laptop.utilities.ConnToDb generalConnection
INFORMAZIONI: Tentativo di conessione al server..........\\n
ott 29, 2023 7:13:56 PM laptop.utilities.ConnToDb generalConnection
INFORMAZIONI: Connesso standard ........

ott 29, 2023 7:13:56 PM laptop.utilities.ConnToDb generalConnection
INFORMAZIONI: Tentativo di conessione al server..........\\n
ott 29, 2023 7:13:56 PM laptop.utilities.ConnToDb generalConnection
INFORMAZIONI: Connesso standard ........

ott 29, 2023 7:13:56 PM laptop.utilities.ConnToDb generalConnection
INFORMAZIONI: Tentativo di conessione al server..........\\n
ott 29, 2023 7:13:56 PM laptop.utilities.ConnToDb generalConnection
INFORMAZIONI: Connesso standard ........

ott 29, 2023 7:13:56 PM laptop.utilities.ConnToDb generalConnection
INFORMAZIONI: Tentativo di conessione al server..........\\n
ott 29, 2023 7:13:56 PM laptop.utilities.ConnToDb generalConnection
INFORMAZIONI: Connesso standard ........

]]></system-err>
  </testcase>
  <testcase name="testGetGiornaleS" classname="laptop.test.TestLaptop1" time="0.037">
    <system-err><![CDATA[ott 29, 2023 7:13:57 PM laptop.controller.ControllerModificaUtente <init>
INFORMAZIONI: Costruttore ControllerModificaUtente
ott 29, 2023 7:13:57 PM laptop.utilities.ConnToDb generalConnection
INFORMAZIONI: Tentativo di conessione al server..........\\n
ott 29, 2023 7:13:57 PM laptop.utilities.ConnToDb generalConnection
INFORMAZIONI: Connesso standard ........

]]></system-err>
  </testcase>
  <testcase name="testGetCostoG" classname="laptop.test.TestLaptop1" time="0.04">
    <system-err><![CDATA[ott 29, 2023 7:13:57 PM laptop.controller.ControllerModificaUtente <init>
INFORMAZIONI: Costruttore ControllerModificaUtente
ott 29, 2023 7:13:57 PM laptop.utilities.ConnToDb generalConnection
INFORMAZIONI: Tentativo di conessione al server..........\\n
ott 29, 2023 7:13:57 PM laptop.utilities.ConnToDb generalConnection
INFORMAZIONI: Connesso standard ........

]]></system-err>
  </testcase>
  <testcase name="testGetCostoL" classname="laptop.test.TestLaptop1" time="0.033">
    <system-err><![CDATA[ott 29, 2023 7:13:57 PM laptop.controller.ControllerModificaUtente <init>
INFORMAZIONI: Costruttore ControllerModificaUtente
ott 29, 2023 7:13:57 PM laptop.utilities.ConnToDb generalConnection
INFORMAZIONI: Tentativo di conessione al server..........\\n
ott 29, 2023 7:13:57 PM laptop.utilities.ConnToDb generalConnection
INFORMAZIONI: Connesso standard ........

]]></system-err>
  </testcase>
  <testcase name="testGetCostoR" classname="laptop.test.TestLaptop1" time="0.042">
    <system-err><![CDATA[ott 29, 2023 7:13:57 PM laptop.controller.ControllerModificaUtente <init>
INFORMAZIONI: Costruttore ControllerModificaUtente
ott 29, 2023 7:13:57 PM laptop.utilities.ConnToDb generalConnection
INFORMAZIONI: Tentativo di conessione al server..........\\n
ott 29, 2023 7:13:57 PM laptop.utilities.ConnToDb generalConnection
INFORMAZIONI: Connesso standard ........

]]></system-err>
  </testcase>
  <testcase name="testCheckData" classname="laptop.test.TestLaptop1" time="0.162">
    <system-err><![CDATA[ott 29, 2023 7:13:57 PM laptop.controller.ControllerModificaUtente <init>
INFORMAZIONI: Costruttore ControllerModificaUtente
ott 29, 2023 7:13:57 PM laptop.utilities.ConnToDb generalConnection
INFORMAZIONI: Tentativo di conessione al server..........\\n
ott 29, 2023 7:13:57 PM laptop.utilities.ConnToDb generalConnection
INFORMAZIONI: Connesso standard ........

]]></system-err>
  </testcase>
  <testcase name="testRetTipoUser(String)[1]" classname="laptop.test.TestLaptop1" time="0.001">
    <system-err><![CDATA[ott 29, 2023 7:13:57 PM laptop.controller.ControllerModificaUtente <init>
INFORMAZIONI: Costruttore ControllerModificaUtente
]]></system-err>
  </testcase>
  <testcase name="testRetTipoUser(String)[2]" classname="laptop.test.TestLaptop1" time="0.002">
    <system-err><![CDATA[ott 29, 2023 7:13:57 PM laptop.controller.ControllerModificaUtente <init>
INFORMAZIONI: Costruttore ControllerModificaUtente
]]></system-err>
  </testcase>
  <testcase name="testRetTipoUser(String)[3]" classname="laptop.test.TestLaptop1" time="0.002">
    <system-err><![CDATA[ott 29, 2023 7:13:57 PM laptop.controller.ControllerModificaUtente <init>
INFORMAZIONI: Costruttore ControllerModificaUtente
]]></system-err>
  </testcase>
  <testcase name="testCancellaG" classname="laptop.test.TestLaptop1" time="0.269">
    <system-err><![CDATA[ott 29, 2023 7:13:57 PM laptop.controller.ControllerModificaUtente <init>
INFORMAZIONI: Costruttore ControllerModificaUtente
ott 29, 2023 7:13:57 PM laptop.utilities.ConnToDb generalConnection
INFORMAZIONI: Tentativo di conessione al server..........\\n
ott 29, 2023 7:13:57 PM laptop.utilities.ConnToDb generalConnection
INFORMAZIONI: Connesso standard ........

ott 29, 2023 7:13:57 PM laptop.database.GiornaleDao cancella
INFORMAZIONI: 
 rows affcted 1
]]></system-err>
  </testcase>
  <testcase name="testCancellaL" classname="laptop.test.TestLaptop1" time="0.489">
    <system-err><![CDATA[ott 29, 2023 7:13:57 PM laptop.controller.ControllerModificaUtente <init>
INFORMAZIONI: Costruttore ControllerModificaUtente
ott 29, 2023 7:13:57 PM laptop.utilities.ConnToDb generalConnection
INFORMAZIONI: Tentativo di conessione al server..........\\n
ott 29, 2023 7:13:57 PM laptop.utilities.ConnToDb generalConnection
INFORMAZIONI: Connesso standard ........

ott 29, 2023 7:13:58 PM laptop.database.LibroDao cancella
INFORMAZIONI: libro cancellato 1
]]></system-err>
  </testcase>
  <testcase name="testCancellaR" classname="laptop.test.TestLaptop1" time="0.135">
    <system-err><![CDATA[ott 29, 2023 7:13:58 PM laptop.controller.ControllerModificaUtente <init>
INFORMAZIONI: Costruttore ControllerModificaUtente
ott 29, 2023 7:13:58 PM laptop.utilities.ConnToDb generalConnection
INFORMAZIONI: Tentativo di conessione al server..........\\n
ott 29, 2023 7:13:58 PM laptop.utilities.ConnToDb generalConnection
INFORMAZIONI: Connesso standard ........

ott 29, 2023 7:13:58 PM laptop.database.RivistaDao cancella
INFORMAZIONI: row delected1
]]></system-err>
  </testcase>
  <testcase name="testGetLibroS" classname="laptop.test.TestLaptop1" time="0.037">
    <system-err><![CDATA[ott 29, 2023 7:13:58 PM laptop.controller.ControllerModificaUtente <init>
INFORMAZIONI: Costruttore ControllerModificaUtente
ott 29, 2023 7:13:58 PM laptop.utilities.ConnToDb generalConnection
INFORMAZIONI: Tentativo di conessione al server..........\\n
ott 29, 2023 7:13:58 PM laptop.utilities.ConnToDb generalConnection
INFORMAZIONI: Connesso standard ........

ott 29, 2023 7:13:58 PM laptop.database.LibroDao getLibroSingolo
INFORMAZIONI: ctalogo [laptop.model.raccolta.Libro@6ad26381, laptop.model.raccolta.Libro@4b20aa21, laptop.model.raccolta.Libro@f5167f0, laptop.model.raccolta.Libro@1260c85e, laptop.model.raccolta.Libro@6b576ff8, laptop.model.raccolta.Libro@25e8a111, laptop.model.raccolta.Libro@21022cbb, laptop.model.raccolta.Libro@353422fd, laptop.model.raccolta.Libro@654cb30c, laptop.model.raccolta.Libro@5cc669d, laptop.model.raccolta.Libro@351be56b, laptop.model.raccolta.Libro@212c0aff, laptop.model.raccolta.Libro@21780905, laptop.model.raccolta.Libro@47666b39, laptop.model.raccolta.Libro@2dbcee03, laptop.model.raccolta.Libro@6c8672b9, laptop.model.raccolta.Libro@dd77e0d, laptop.model.raccolta.Libro@799cf32d, laptop.model.raccolta.Libro@331ad6eb]
]]></system-err>
  </testcase>
  <testcase name="testGetLimite" classname="laptop.test.TestLaptop1" time="0.005">
    <system-err><![CDATA[ott 29, 2023 7:13:58 PM laptop.controller.ControllerModificaUtente <init>
INFORMAZIONI: Costruttore ControllerModificaUtente
]]></system-err>
  </testcase>
  <testcase name="testGetCiv" classname="laptop.test.TestLaptop1" time="0.001">
    <system-err><![CDATA[ott 29, 2023 7:13:58 PM laptop.controller.ControllerModificaUtente <init>
INFORMAZIONI: Costruttore ControllerModificaUtente
]]></system-err>
  </testcase>
  <testcase name="testLogout" classname="laptop.test.TestLaptop1" time="0.007">
    <system-err><![CDATA[ott 29, 2023 7:13:58 PM laptop.controller.ControllerModificaUtente <init>
INFORMAZIONI: Costruttore ControllerModificaUtente
ott 29, 2023 7:13:58 PM laptop.controller.ControllerHomePageAfterLogin logout
INFORMAZIONI: stai sloggando come Zerocalcare
ott 29, 2023 7:13:58 PM laptop.controller.ControllerHomePageAfterLogin logout
INFORMAZIONI: stai sloggando null
]]></system-err>
  </testcase>
  <testcase name="testPrendi" classname="laptop.test.TestLaptop1" time="0.031">
    <system-err><![CDATA[ott 29, 2023 7:13:58 PM laptop.controller.ControllerModificaUtente <init>
INFORMAZIONI: Costruttore ControllerModificaUtente
ott 29, 2023 7:13:58 PM laptop.utilities.ConnToDb generalConnection
INFORMAZIONI: Tentativo di conessione al server..........\\n
ott 29, 2023 7:13:58 PM laptop.utilities.ConnToDb generalConnection
INFORMAZIONI: Connesso standard ........

ott 29, 2023 7:13:58 PM laptop.database.UsersDao pickData
INFORMAZIONI: errore in mysql :
]]></system-err>
  </testcase>
  <testcase name="testTotale" classname="laptop.test.TestLaptop1" time="0.071">
    <system-err><![CDATA[ott 29, 2023 7:13:58 PM laptop.controller.ControllerModificaUtente <init>
INFORMAZIONI: Costruttore ControllerModificaUtente
ott 29, 2023 7:13:58 PM laptop.utilities.ConnToDb generalConnection
INFORMAZIONI: Tentativo di conessione al server..........\\n
ott 29, 2023 7:13:58 PM laptop.utilities.ConnToDb generalConnection
INFORMAZIONI: Connesso standard ........

ott 29, 2023 7:13:58 PM laptop.utilities.ConnToDb generalConnection
INFORMAZIONI: Tentativo di conessione al server..........\\n
ott 29, 2023 7:13:58 PM laptop.utilities.ConnToDb generalConnection
INFORMAZIONI: Connesso standard ........

]]></system-err>
  </testcase>
  <testcase name="testGetLibriById" classname="laptop.test.TestLaptop1" time="0.045">
    <system-err><![CDATA[ott 29, 2023 7:13:58 PM laptop.controller.ControllerModificaUtente <init>
INFORMAZIONI: Costruttore ControllerModificaUtente
ott 29, 2023 7:13:58 PM laptop.utilities.ConnToDb generalConnection
INFORMAZIONI: Tentativo di conessione al server..........\\n
ott 29, 2023 7:13:58 PM laptop.utilities.ConnToDb generalConnection
INFORMAZIONI: Connesso standard ........

ott 29, 2023 7:13:58 PM laptop.database.LibroDao getLibriSingoloById
INFORMAZIONI: catalogo trovato
]]></system-err>
  </testcase>
  <testcase name="testScaricaGiornale(int)[1]" classname="laptop.test.TestLaptop1" time="0.055">
    <system-err><![CDATA[ott 29, 2023 7:13:58 PM laptop.controller.ControllerModificaUtente <init>
INFORMAZIONI: Costruttore ControllerModificaUtente
]]></system-err>
  </testcase>
  <testcase name="testScaricaGiornale(int)[2]" classname="laptop.test.TestLaptop1" time="0.062">
    <system-err><![CDATA[ott 29, 2023 7:13:58 PM laptop.controller.ControllerModificaUtente <init>
INFORMAZIONI: Costruttore ControllerModificaUtente
]]></system-err>
  </testcase>
  <testcase name="testScaricaGiornale(int)[3]" classname="laptop.test.TestLaptop1" time="0.047">
    <system-err><![CDATA[ott 29, 2023 7:13:58 PM laptop.controller.ControllerModificaUtente <init>
INFORMAZIONI: Costruttore ControllerModificaUtente
]]></system-err>
  </testcase>
  <testcase name="testScaricaGiornale(int)[4]" classname="laptop.test.TestLaptop1" time="0.028">
    <system-err><![CDATA[ott 29, 2023 7:13:58 PM laptop.controller.ControllerModificaUtente <init>
INFORMAZIONI: Costruttore ControllerModificaUtente
]]></system-err>
  </testcase>
  <testcase name="testScaricaGiornale(int)[5]" classname="laptop.test.TestLaptop1" time="0.03">
    <system-err><![CDATA[ott 29, 2023 7:13:59 PM laptop.controller.ControllerModificaUtente <init>
INFORMAZIONI: Costruttore ControllerModificaUtente
]]></system-err>
  </testcase>
  <testcase name="testScaricaGiornale(int)[6]" classname="laptop.test.TestLaptop1" time="0.084">
    <system-err><![CDATA[ott 29, 2023 7:13:59 PM laptop.controller.ControllerModificaUtente <init>
INFORMAZIONI: Costruttore ControllerModificaUtente
]]></system-err>
  </testcase>
</testsuite>