<?xml version="1.0" encoding="UTF-8"?>
<testsuite xmlns:xsi="http://www.w3.org/2001/XMLSchema-instance" xsi:noNamespaceSchemaLocation="https://maven.apache.org/surefire/maven-surefire-plugin/xsd/surefire-test-report-3.0.xsd" version="3.0" name="laptop.test.TestLaptop3" time="4.084" tests="86" errors="0" skipped="0" failures="0">
  <properties>
    <property name="java.specification.version" value="17"/>
    <property name="sun.cpu.isalist" value="amd64"/>
    <property name="sun.jnu.encoding" value="Cp1252"/>
    <property name="sun.awt.enableExtraMouseButtons" value="true"/>
    <property name="java.class.path" value="C:\Users\ilciro\IdeaProjects\LibreriaFinale\target\test-classes;C:\Users\ilciro\IdeaProjects\LibreriaFinale\target\classes;C:\Users\ilciro\.m2\repository\org\junit\jupiter\junit-jupiter-api\5.9.1\junit-jupiter-api-5.9.1.jar;C:\Users\ilciro\.m2\repository\org\opentest4j\opentest4j\1.2.0\opentest4j-1.2.0.jar;C:\Users\ilciro\.m2\repository\org\junit\platform\junit-platform-commons\1.9.1\junit-platform-commons-1.9.1.jar;C:\Users\ilciro\.m2\repository\org\apiguardian\apiguardian-api\1.1.2\apiguardian-api-1.1.2.jar;C:\Users\ilciro\.m2\repository\org\junit\jupiter\junit-jupiter-engine\5.9.1\junit-jupiter-engine-5.9.1.jar;C:\Users\ilciro\.m2\repository\org\junit\platform\junit-platform-engine\1.9.1\junit-platform-engine-1.9.1.jar;C:\Users\ilciro\.m2\repository\org\junit\jupiter\junit-jupiter-params\5.9.1\junit-jupiter-params-5.9.1.jar;C:\Users\ilciro\.m2\repository\org\openjfx\javafx-controls\11\javafx-controls-11-win.jar;C:\Users\ilciro\.m2\repository\org\openjfx\javafx-graphics\11\javafx-graphics-11.jar;C:\Users\ilciro\.m2\repository\org\openjfx\javafx-graphics\11\javafx-graphics-11-win.jar;C:\Users\ilciro\.m2\repository\org\openjfx\javafx-base\11\javafx-base-11.jar;C:\Users\ilciro\.m2\repository\org\openjfx\javafx-base\11\javafx-base-11-win.jar;C:\Users\ilciro\.m2\repository\org\openjfx\javafx-fxml\11\javafx-fxml-11.jar;C:\Users\ilciro\.m2\repository\org\openjfx\javafx-fxml\11\javafx-fxml-11-win.jar;C:\Users\ilciro\.m2\repository\org\openjfx\javafx-controls\11\javafx-controls-11.jar;C:\Users\ilciro\.m2\repository\org\mybatis\mybatis\3.5.11\mybatis-3.5.11.jar;C:\Users\ilciro\.m2\repository\com\mysql\mysql-connector-j\8.0.31\mysql-connector-j-8.0.31.jar;C:\Users\ilciro\.m2\repository\com\google\protobuf\protobuf-java\3.19.4\protobuf-java-3.19.4.jar;C:\Users\ilciro\.m2\repository\com\itextpdf\itextpdf\5.5.13.3\itextpdf-5.5.13.3.jar;C:\Users\ilciro\.m2\repository\org\glassfish\web\jakarta.servlet.jsp.jstl\2.0.0\jakarta.servlet.jsp.jstl-2.0.0.jar;C:\Users\ilciro\.m2\repository\jakarta\servlet\jsp\jstl\jakarta.servlet.jsp.jstl-api\2.0.0\jakarta.servlet.jsp.jstl-api-2.0.0.jar;C:\Users\ilciro\.m2\repository\jakarta\servlet\jakarta.servlet-api\5.0.0\jakarta.servlet-api-5.0.0.jar;C:\Users\ilciro\.m2\repository\jakarta\el\jakarta.el-api\4.0.0\jakarta.el-api-4.0.0.jar;C:\Users\ilciro\.m2\repository\jakarta\xml\bind\jakarta.xml.bind-api\3.0.0\jakarta.xml.bind-api-3.0.0.jar;C:\Users\ilciro\.m2\repository\com\sun\activation\jakarta.activation\2.0.0\jakarta.activation-2.0.0.jar;C:\Users\ilciro\.m2\repository\org\seleniumhq\selenium\selenium-java\4.6.0\selenium-java-4.6.0.jar;C:\Users\ilciro\.m2\repository\org\seleniumhq\selenium\selenium-api\4.6.0\selenium-api-4.6.0.jar;C:\Users\ilciro\.m2\repository\org\seleniumhq\selenium\selenium-devtools-v105\4.6.0\selenium-devtools-v105-4.6.0.jar;C:\Users\ilciro\.m2\repository\org\seleniumhq\selenium\selenium-devtools-v106\4.6.0\selenium-devtools-v106-4.6.0.jar;C:\Users\ilciro\.m2\repository\org\seleniumhq\selenium\selenium-devtools-v107\4.6.0\selenium-devtools-v107-4.6.0.jar;C:\Users\ilciro\.m2\repository\org\seleniumhq\selenium\selenium-devtools-v85\4.6.0\selenium-devtools-v85-4.6.0.jar;C:\Users\ilciro\.m2\repository\org\seleniumhq\selenium\selenium-edge-driver\4.6.0\selenium-edge-driver-4.6.0.jar;C:\Users\ilciro\.m2\repository\org\seleniumhq\selenium\selenium-firefox-driver\4.6.0\selenium-firefox-driver-4.6.0.jar;C:\Users\ilciro\.m2\repository\org\seleniumhq\selenium\selenium-ie-driver\4.6.0\selenium-ie-driver-4.6.0.jar;C:\Users\ilciro\.m2\repository\org\seleniumhq\selenium\selenium-remote-driver\4.6.0\selenium-remote-driver-4.6.0.jar;C:\Users\ilciro\.m2\repository\com\beust\jcommander\1.82\jcommander-1.82.jar;C:\Users\ilciro\.m2\repository\io\netty\netty-buffer\4.1.84.Final\netty-buffer-4.1.84.Final.jar;C:\Users\ilciro\.m2\repository\io\netty\netty-codec-http\4.1.84.Final\netty-codec-http-4.1.84.Final.jar;C:\Users\ilciro\.m2\repository\io\netty\netty-codec\4.1.84.Final\netty-codec-4.1.84.Final.jar;C:\Users\ilciro\.m2\repository\io\netty\netty-handler\4.1.84.Final\netty-handler-4.1.84.Final.jar;C:\Users\ilciro\.m2\repository\io\netty\netty-common\4.1.84.Final\netty-common-4.1.84.Final.jar;C:\Users\ilciro\.m2\repository\io\netty\netty-transport-classes-epoll\4.1.84.Final\netty-transport-classes-epoll-4.1.84.Final.jar;C:\Users\ilciro\.m2\repository\io\netty\netty-transport-classes-kqueue\4.1.84.Final\netty-transport-classes-kqueue-4.1.84.Final.jar;C:\Users\ilciro\.m2\repository\io\netty\netty-transport-native-epoll\4.1.84.Final\netty-transport-native-epoll-4.1.84.Final.jar;C:\Users\ilciro\.m2\repository\io\netty\netty-transport-native-kqueue\4.1.84.Final\netty-transport-native-kqueue-4.1.84.Final.jar;C:\Users\ilciro\.m2\repository\io\netty\netty-transport-native-unix-common\4.1.84.Final\netty-transport-native-unix-common-4.1.84.Final.jar;C:\Users\ilciro\.m2\repository\io\netty\netty-transport\4.1.84.Final\netty-transport-4.1.84.Final.jar;C:\Users\ilciro\.m2\repository\io\netty\netty-resolver\4.1.84.Final\netty-resolver-4.1.84.Final.jar;C:\Users\ilciro\.m2\repository\io\opentelemetry\opentelemetry-api\1.19.0\opentelemetry-api-1.19.0.jar;C:\Users\ilciro\.m2\repository\io\opentelemetry\opentelemetry-context\1.19.0\opentelemetry-context-1.19.0.jar;C:\Users\ilciro\.m2\repository\io\opentelemetry\opentelemetry-exporter-logging\1.19.0\opentelemetry-exporter-logging-1.19.0.jar;C:\Users\ilciro\.m2\repository\io\opentelemetry\opentelemetry-sdk-metrics\1.19.0\opentelemetry-sdk-metrics-1.19.0.jar;C:\Users\ilciro\.m2\repository\io\opentelemetry\opentelemetry-sdk-logs\1.19.0-alpha\opentelemetry-sdk-logs-1.19.0-alpha.jar;C:\Users\ilciro\.m2\repository\io\opentelemetry\opentelemetry-api-logs\1.19.0-alpha\opentelemetry-api-logs-1.19.0-alpha.jar;C:\Users\ilciro\.m2\repository\io\opentelemetry\opentelemetry-sdk-common\1.19.0\opentelemetry-sdk-common-1.19.0.jar;C:\Users\ilciro\.m2\repository\io\opentelemetry\opentelemetry-sdk-extension-autoconfigure-spi\1.19.0\opentelemetry-sdk-extension-autoconfigure-spi-1.19.0.jar;C:\Users\ilciro\.m2\repository\io\opentelemetry\opentelemetry-sdk-extension-autoconfigure\1.19.0-alpha\opentelemetry-sdk-extension-autoconfigure-1.19.0-alpha.jar;C:\Users\ilciro\.m2\repository\io\opentelemetry\opentelemetry-exporter-common\1.19.0\opentelemetry-exporter-common-1.19.0.jar;C:\Users\ilciro\.m2\repository\io\opentelemetry\opentelemetry-sdk-trace\1.19.0\opentelemetry-sdk-trace-1.19.0.jar;C:\Users\ilciro\.m2\repository\io\opentelemetry\opentelemetry-sdk\1.19.0\opentelemetry-sdk-1.19.0.jar;C:\Users\ilciro\.m2\repository\io\opentelemetry\opentelemetry-semconv\1.19.0-alpha\opentelemetry-semconv-1.19.0-alpha.jar;C:\Users\ilciro\.m2\repository\io\ous\jtoml\2.0.0\jtoml-2.0.0.jar;C:\Users\ilciro\.m2\repository\net\bytebuddy\byte-buddy\1.12.18\byte-buddy-1.12.18.jar;C:\Users\ilciro\.m2\repository\org\apache\commons\commons-exec\1.3\commons-exec-1.3.jar;C:\Users\ilciro\.m2\repository\org\asynchttpclient\async-http-client\2.12.3\async-http-client-2.12.3.jar;C:\Users\ilciro\.m2\repository\org\asynchttpclient\async-http-client-netty-utils\2.12.3\async-http-client-netty-utils-2.12.3.jar;C:\Users\ilciro\.m2\repository\io\netty\netty-codec-socks\4.1.60.Final\netty-codec-socks-4.1.60.Final.jar;C:\Users\ilciro\.m2\repository\io\netty\netty-handler-proxy\4.1.60.Final\netty-handler-proxy-4.1.60.Final.jar;C:\Users\ilciro\.m2\repository\io\netty\netty-transport-native-epoll\4.1.60.Final\netty-transport-native-epoll-4.1.60.Final-linux-x86_64.jar;C:\Users\ilciro\.m2\repository\io\netty\netty-transport-native-kqueue\4.1.60.Final\netty-transport-native-kqueue-4.1.60.Final-osx-x86_64.jar;C:\Users\ilciro\.m2\repository\org\reactivestreams\reactive-streams\1.0.3\reactive-streams-1.0.3.jar;C:\Users\ilciro\.m2\repository\com\typesafe\netty\netty-reactive-streams\2.0.4\netty-reactive-streams-2.0.4.jar;C:\Users\ilciro\.m2\repository\org\slf4j\slf4j-api\1.7.30\slf4j-api-1.7.30.jar;C:\Users\ilciro\.m2\repository\org\seleniumhq\selenium\selenium-http\4.6.0\selenium-http-4.6.0.jar;C:\Users\ilciro\.m2\repository\dev\failsafe\failsafe\3.3.0\failsafe-3.3.0.jar;C:\Users\ilciro\.m2\repository\org\seleniumhq\selenium\selenium-manager\4.6.0\selenium-manager-4.6.0.jar;C:\Users\ilciro\.m2\repository\org\seleniumhq\selenium\selenium-safari-driver\4.6.0\selenium-safari-driver-4.6.0.jar;C:\Users\ilciro\.m2\repository\org\seleniumhq\selenium\selenium-support\4.6.0\selenium-support-4.6.0.jar;C:\Users\ilciro\.m2\repository\org\seleniumhq\selenium\selenium-chrome-driver\4.6.0\selenium-chrome-driver-4.6.0.jar;C:\Users\ilciro\.m2\repository\com\google\auto\service\auto-service-annotations\1.0.1\auto-service-annotations-1.0.1.jar;C:\Users\ilciro\.m2\repository\com\google\auto\service\auto-service\1.0.1\auto-service-1.0.1.jar;C:\Users\ilciro\.m2\repository\com\google\auto\auto-common\1.2\auto-common-1.2.jar;C:\Users\ilciro\.m2\repository\com\google\guava\guava\31.1-jre\guava-31.1-jre.jar;C:\Users\ilciro\.m2\repository\com\google\guava\failureaccess\1.0.1\failureaccess-1.0.1.jar;C:\Users\ilciro\.m2\repository\com\google\guava\listenablefuture\9999.0-empty-to-avoid-conflict-with-guava\listenablefuture-9999.0-empty-to-avoid-conflict-with-guava.jar;C:\Users\ilciro\.m2\repository\com\google\code\findbugs\jsr305\3.0.2\jsr305-3.0.2.jar;C:\Users\ilciro\.m2\repository\org\checkerframework\checker-qual\3.12.0\checker-qual-3.12.0.jar;C:\Users\ilciro\.m2\repository\com\google\errorprone\error_prone_annotations\2.11.0\error_prone_annotations-2.11.0.jar;C:\Users\ilciro\.m2\repository\com\google\j2objc\j2objc-annotations\1.3\j2objc-annotations-1.3.jar;C:\Users\ilciro\.m2\repository\org\seleniumhq\selenium\selenium-chromium-driver\4.6.0\selenium-chromium-driver-4.6.0.jar;C:\Users\ilciro\.m2\repository\org\seleniumhq\selenium\selenium-json\4.6.0\selenium-json-4.6.0.jar;C:\Users\ilciro\.m2\repository\org\apache\tomcat\tomcat-catalina\10.1.4\tomcat-catalina-10.1.4.jar;C:\Users\ilciro\.m2\repository\org\apache\tomcat\tomcat-servlet-api\10.1.4\tomcat-servlet-api-10.1.4.jar;C:\Users\ilciro\.m2\repository\org\apache\tomcat\tomcat-jsp-api\10.1.4\tomcat-jsp-api-10.1.4.jar;C:\Users\ilciro\.m2\repository\org\apache\tomcat\tomcat-el-api\10.1.4\tomcat-el-api-10.1.4.jar;C:\Users\ilciro\.m2\repository\org\apache\tomcat\tomcat-juli\10.1.4\tomcat-juli-10.1.4.jar;C:\Users\ilciro\.m2\repository\org\apache\tomcat\tomcat-annotations-api\10.1.4\tomcat-annotations-api-10.1.4.jar;C:\Users\ilciro\.m2\repository\org\apache\tomcat\tomcat-api\10.1.4\tomcat-api-10.1.4.jar;C:\Users\ilciro\.m2\repository\org\apache\tomcat\tomcat-jni\10.1.4\tomcat-jni-10.1.4.jar;C:\Users\ilciro\.m2\repository\org\apache\tomcat\tomcat-coyote\10.1.4\tomcat-coyote-10.1.4.jar;C:\Users\ilciro\.m2\repository\org\apache\tomcat\tomcat-util\10.1.4\tomcat-util-10.1.4.jar;C:\Users\ilciro\.m2\repository\org\apache\tomcat\tomcat-util-scan\10.1.4\tomcat-util-scan-10.1.4.jar;C:\Users\ilciro\.m2\repository\org\apache\tomcat\tomcat-jaspic-api\10.1.4\tomcat-jaspic-api-10.1.4.jar;"/>
    <property name="java.vm.vendor" value="Eclipse Adoptium"/>
    <property name="sun.arch.data.model" value="64"/>
    <property name="user.variant" value=""/>
    <property name="java.vendor.url" value="https://adoptium.net/"/>
    <property name="user.timezone" value="Europe/Rome"/>
    <property name="os.name" value="Windows 10"/>
    <property name="java.vm.specification.version" value="17"/>
    <property name="sun.java.launcher" value="SUN_STANDARD"/>
    <property name="user.country" value="IT"/>
    <property name="sun.boot.library.path" value="C:\Program Files\Eclipse Adoptium\jdk-17.0.8.101-hotspot\bin"/>
    <property name="sun.java.command" value="C:\Users\ilciro\AppData\Local\Temp\surefire10366861639697425687\surefirebooter10413753770953370279.jar C:\Users\ilciro\AppData\Local\Temp\surefire10366861639697425687 2023-10-28T11-41-30_210-jvmRun1 surefire9074452366716305482tmp surefire_03962211967809615317tmp"/>
    <property name="jdk.debug" value="release"/>
    <property name="surefire.test.class.path" value="C:\Users\ilciro\IdeaProjects\LibreriaFinale\target\test-classes;C:\Users\ilciro\IdeaProjects\LibreriaFinale\target\classes;C:\Users\ilciro\.m2\repository\org\junit\jupiter\junit-jupiter-api\5.9.1\junit-jupiter-api-5.9.1.jar;C:\Users\ilciro\.m2\repository\org\opentest4j\opentest4j\1.2.0\opentest4j-1.2.0.jar;C:\Users\ilciro\.m2\repository\org\junit\platform\junit-platform-commons\1.9.1\junit-platform-commons-1.9.1.jar;C:\Users\ilciro\.m2\repository\org\apiguardian\apiguardian-api\1.1.2\apiguardian-api-1.1.2.jar;C:\Users\ilciro\.m2\repository\org\junit\jupiter\junit-jupiter-engine\5.9.1\junit-jupiter-engine-5.9.1.jar;C:\Users\ilciro\.m2\repository\org\junit\platform\junit-platform-engine\1.9.1\junit-platform-engine-1.9.1.jar;C:\Users\ilciro\.m2\repository\org\junit\jupiter\junit-jupiter-params\5.9.1\junit-jupiter-params-5.9.1.jar;C:\Users\ilciro\.m2\repository\org\openjfx\javafx-controls\11\javafx-controls-11-win.jar;C:\Users\ilciro\.m2\repository\org\openjfx\javafx-graphics\11\javafx-graphics-11.jar;C:\Users\ilciro\.m2\repository\org\openjfx\javafx-graphics\11\javafx-graphics-11-win.jar;C:\Users\ilciro\.m2\repository\org\openjfx\javafx-base\11\javafx-base-11.jar;C:\Users\ilciro\.m2\repository\org\openjfx\javafx-base\11\javafx-base-11-win.jar;C:\Users\ilciro\.m2\repository\org\openjfx\javafx-fxml\11\javafx-fxml-11.jar;C:\Users\ilciro\.m2\repository\org\openjfx\javafx-fxml\11\javafx-fxml-11-win.jar;C:\Users\ilciro\.m2\repository\org\openjfx\javafx-controls\11\javafx-controls-11.jar;C:\Users\ilciro\.m2\repository\org\mybatis\mybatis\3.5.11\mybatis-3.5.11.jar;C:\Users\ilciro\.m2\repository\com\mysql\mysql-connector-j\8.0.31\mysql-connector-j-8.0.31.jar;C:\Users\ilciro\.m2\repository\com\google\protobuf\protobuf-java\3.19.4\protobuf-java-3.19.4.jar;C:\Users\ilciro\.m2\repository\com\itextpdf\itextpdf\5.5.13.3\itextpdf-5.5.13.3.jar;C:\Users\ilciro\.m2\repository\org\glassfish\web\jakarta.servlet.jsp.jstl\2.0.0\jakarta.servlet.jsp.jstl-2.0.0.jar;C:\Users\ilciro\.m2\repository\jakarta\servlet\jsp\jstl\jakarta.servlet.jsp.jstl-api\2.0.0\jakarta.servlet.jsp.jstl-api-2.0.0.jar;C:\Users\ilciro\.m2\repository\jakarta\servlet\jakarta.servlet-api\5.0.0\jakarta.servlet-api-5.0.0.jar;C:\Users\ilciro\.m2\repository\jakarta\el\jakarta.el-api\4.0.0\jakarta.el-api-4.0.0.jar;C:\Users\ilciro\.m2\repository\jakarta\xml\bind\jakarta.xml.bind-api\3.0.0\jakarta.xml.bind-api-3.0.0.jar;C:\Users\ilciro\.m2\repository\com\sun\activation\jakarta.activation\2.0.0\jakarta.activation-2.0.0.jar;C:\Users\ilciro\.m2\repository\org\seleniumhq\selenium\selenium-java\4.6.0\selenium-java-4.6.0.jar;C:\Users\ilciro\.m2\repository\org\seleniumhq\selenium\selenium-api\4.6.0\selenium-api-4.6.0.jar;C:\Users\ilciro\.m2\repository\org\seleniumhq\selenium\selenium-devtools-v105\4.6.0\selenium-devtools-v105-4.6.0.jar;C:\Users\ilciro\.m2\repository\org\seleniumhq\selenium\selenium-devtools-v106\4.6.0\selenium-devtools-v106-4.6.0.jar;C:\Users\ilciro\.m2\repository\org\seleniumhq\selenium\selenium-devtools-v107\4.6.0\selenium-devtools-v107-4.6.0.jar;C:\Users\ilciro\.m2\repository\org\seleniumhq\selenium\selenium-devtools-v85\4.6.0\selenium-devtools-v85-4.6.0.jar;C:\Users\ilciro\.m2\repository\org\seleniumhq\selenium\selenium-edge-driver\4.6.0\selenium-edge-driver-4.6.0.jar;C:\Users\ilciro\.m2\repository\org\seleniumhq\selenium\selenium-firefox-driver\4.6.0\selenium-firefox-driver-4.6.0.jar;C:\Users\ilciro\.m2\repository\org\seleniumhq\selenium\selenium-ie-driver\4.6.0\selenium-ie-driver-4.6.0.jar;C:\Users\ilciro\.m2\repository\org\seleniumhq\selenium\selenium-remote-driver\4.6.0\selenium-remote-driver-4.6.0.jar;C:\Users\ilciro\.m2\repository\com\beust\jcommander\1.82\jcommander-1.82.jar;C:\Users\ilciro\.m2\repository\io\netty\netty-buffer\4.1.84.Final\netty-buffer-4.1.84.Final.jar;C:\Users\ilciro\.m2\repository\io\netty\netty-codec-http\4.1.84.Final\netty-codec-http-4.1.84.Final.jar;C:\Users\ilciro\.m2\repository\io\netty\netty-codec\4.1.84.Final\netty-codec-4.1.84.Final.jar;C:\Users\ilciro\.m2\repository\io\netty\netty-handler\4.1.84.Final\netty-handler-4.1.84.Final.jar;C:\Users\ilciro\.m2\repository\io\netty\netty-common\4.1.84.Final\netty-common-4.1.84.Final.jar;C:\Users\ilciro\.m2\repository\io\netty\netty-transport-classes-epoll\4.1.84.Final\netty-transport-classes-epoll-4.1.84.Final.jar;C:\Users\ilciro\.m2\repository\io\netty\netty-transport-classes-kqueue\4.1.84.Final\netty-transport-classes-kqueue-4.1.84.Final.jar;C:\Users\ilciro\.m2\repository\io\netty\netty-transport-native-epoll\4.1.84.Final\netty-transport-native-epoll-4.1.84.Final.jar;C:\Users\ilciro\.m2\repository\io\netty\netty-transport-native-kqueue\4.1.84.Final\netty-transport-native-kqueue-4.1.84.Final.jar;C:\Users\ilciro\.m2\repository\io\netty\netty-transport-native-unix-common\4.1.84.Final\netty-transport-native-unix-common-4.1.84.Final.jar;C:\Users\ilciro\.m2\repository\io\netty\netty-transport\4.1.84.Final\netty-transport-4.1.84.Final.jar;C:\Users\ilciro\.m2\repository\io\netty\netty-resolver\4.1.84.Final\netty-resolver-4.1.84.Final.jar;C:\Users\ilciro\.m2\repository\io\opentelemetry\opentelemetry-api\1.19.0\opentelemetry-api-1.19.0.jar;C:\Users\ilciro\.m2\repository\io\opentelemetry\opentelemetry-context\1.19.0\opentelemetry-context-1.19.0.jar;C:\Users\ilciro\.m2\repository\io\opentelemetry\opentelemetry-exporter-logging\1.19.0\opentelemetry-exporter-logging-1.19.0.jar;C:\Users\ilciro\.m2\repository\io\opentelemetry\opentelemetry-sdk-metrics\1.19.0\opentelemetry-sdk-metrics-1.19.0.jar;C:\Users\ilciro\.m2\repository\io\opentelemetry\opentelemetry-sdk-logs\1.19.0-alpha\opentelemetry-sdk-logs-1.19.0-alpha.jar;C:\Users\ilciro\.m2\repository\io\opentelemetry\opentelemetry-api-logs\1.19.0-alpha\opentelemetry-api-logs-1.19.0-alpha.jar;C:\Users\ilciro\.m2\repository\io\opentelemetry\opentelemetry-sdk-common\1.19.0\opentelemetry-sdk-common-1.19.0.jar;C:\Users\ilciro\.m2\repository\io\opentelemetry\opentelemetry-sdk-extension-autoconfigure-spi\1.19.0\opentelemetry-sdk-extension-autoconfigure-spi-1.19.0.jar;C:\Users\ilciro\.m2\repository\io\opentelemetry\opentelemetry-sdk-extension-autoconfigure\1.19.0-alpha\opentelemetry-sdk-extension-autoconfigure-1.19.0-alpha.jar;C:\Users\ilciro\.m2\repository\io\opentelemetry\opentelemetry-exporter-common\1.19.0\opentelemetry-exporter-common-1.19.0.jar;C:\Users\ilciro\.m2\repository\io\opentelemetry\opentelemetry-sdk-trace\1.19.0\opentelemetry-sdk-trace-1.19.0.jar;C:\Users\ilciro\.m2\repository\io\opentelemetry\opentelemetry-sdk\1.19.0\opentelemetry-sdk-1.19.0.jar;C:\Users\ilciro\.m2\repository\io\opentelemetry\opentelemetry-semconv\1.19.0-alpha\opentelemetry-semconv-1.19.0-alpha.jar;C:\Users\ilciro\.m2\repository\io\ous\jtoml\2.0.0\jtoml-2.0.0.jar;C:\Users\ilciro\.m2\repository\net\bytebuddy\byte-buddy\1.12.18\byte-buddy-1.12.18.jar;C:\Users\ilciro\.m2\repository\org\apache\commons\commons-exec\1.3\commons-exec-1.3.jar;C:\Users\ilciro\.m2\repository\org\asynchttpclient\async-http-client\2.12.3\async-http-client-2.12.3.jar;C:\Users\ilciro\.m2\repository\org\asynchttpclient\async-http-client-netty-utils\2.12.3\async-http-client-netty-utils-2.12.3.jar;C:\Users\ilciro\.m2\repository\io\netty\netty-codec-socks\4.1.60.Final\netty-codec-socks-4.1.60.Final.jar;C:\Users\ilciro\.m2\repository\io\netty\netty-handler-proxy\4.1.60.Final\netty-handler-proxy-4.1.60.Final.jar;C:\Users\ilciro\.m2\repository\io\netty\netty-transport-native-epoll\4.1.60.Final\netty-transport-native-epoll-4.1.60.Final-linux-x86_64.jar;C:\Users\ilciro\.m2\repository\io\netty\netty-transport-native-kqueue\4.1.60.Final\netty-transport-native-kqueue-4.1.60.Final-osx-x86_64.jar;C:\Users\ilciro\.m2\repository\org\reactivestreams\reactive-streams\1.0.3\reactive-streams-1.0.3.jar;C:\Users\ilciro\.m2\repository\com\typesafe\netty\netty-reactive-streams\2.0.4\netty-reactive-streams-2.0.4.jar;C:\Users\ilciro\.m2\repository\org\slf4j\slf4j-api\1.7.30\slf4j-api-1.7.30.jar;C:\Users\ilciro\.m2\repository\org\seleniumhq\selenium\selenium-http\4.6.0\selenium-http-4.6.0.jar;C:\Users\ilciro\.m2\repository\dev\failsafe\failsafe\3.3.0\failsafe-3.3.0.jar;C:\Users\ilciro\.m2\repository\org\seleniumhq\selenium\selenium-manager\4.6.0\selenium-manager-4.6.0.jar;C:\Users\ilciro\.m2\repository\org\seleniumhq\selenium\selenium-safari-driver\4.6.0\selenium-safari-driver-4.6.0.jar;C:\Users\ilciro\.m2\repository\org\seleniumhq\selenium\selenium-support\4.6.0\selenium-support-4.6.0.jar;C:\Users\ilciro\.m2\repository\org\seleniumhq\selenium\selenium-chrome-driver\4.6.0\selenium-chrome-driver-4.6.0.jar;C:\Users\ilciro\.m2\repository\com\google\auto\service\auto-service-annotations\1.0.1\auto-service-annotations-1.0.1.jar;C:\Users\ilciro\.m2\repository\com\google\auto\service\auto-service\1.0.1\auto-service-1.0.1.jar;C:\Users\ilciro\.m2\repository\com\google\auto\auto-common\1.2\auto-common-1.2.jar;C:\Users\ilciro\.m2\repository\com\google\guava\guava\31.1-jre\guava-31.1-jre.jar;C:\Users\ilciro\.m2\repository\com\google\guava\failureaccess\1.0.1\failureaccess-1.0.1.jar;C:\Users\ilciro\.m2\repository\com\google\guava\listenablefuture\9999.0-empty-to-avoid-conflict-with-guava\listenablefuture-9999.0-empty-to-avoid-conflict-with-guava.jar;C:\Users\ilciro\.m2\repository\com\google\code\findbugs\jsr305\3.0.2\jsr305-3.0.2.jar;C:\Users\ilciro\.m2\repository\org\checkerframework\checker-qual\3.12.0\checker-qual-3.12.0.jar;C:\Users\ilciro\.m2\repository\com\google\errorprone\error_prone_annotations\2.11.0\error_prone_annotations-2.11.0.jar;C:\Users\ilciro\.m2\repository\com\google\j2objc\j2objc-annotations\1.3\j2objc-annotations-1.3.jar;C:\Users\ilciro\.m2\repository\org\seleniumhq\selenium\selenium-chromium-driver\4.6.0\selenium-chromium-driver-4.6.0.jar;C:\Users\ilciro\.m2\repository\org\seleniumhq\selenium\selenium-json\4.6.0\selenium-json-4.6.0.jar;C:\Users\ilciro\.m2\repository\org\apache\tomcat\tomcat-catalina\10.1.4\tomcat-catalina-10.1.4.jar;C:\Users\ilciro\.m2\repository\org\apache\tomcat\tomcat-servlet-api\10.1.4\tomcat-servlet-api-10.1.4.jar;C:\Users\ilciro\.m2\repository\org\apache\tomcat\tomcat-jsp-api\10.1.4\tomcat-jsp-api-10.1.4.jar;C:\Users\ilciro\.m2\repository\org\apache\tomcat\tomcat-el-api\10.1.4\tomcat-el-api-10.1.4.jar;C:\Users\ilciro\.m2\repository\org\apache\tomcat\tomcat-juli\10.1.4\tomcat-juli-10.1.4.jar;C:\Users\ilciro\.m2\repository\org\apache\tomcat\tomcat-annotations-api\10.1.4\tomcat-annotations-api-10.1.4.jar;C:\Users\ilciro\.m2\repository\org\apache\tomcat\tomcat-api\10.1.4\tomcat-api-10.1.4.jar;C:\Users\ilciro\.m2\repository\org\apache\tomcat\tomcat-jni\10.1.4\tomcat-jni-10.1.4.jar;C:\Users\ilciro\.m2\repository\org\apache\tomcat\tomcat-coyote\10.1.4\tomcat-coyote-10.1.4.jar;C:\Users\ilciro\.m2\repository\org\apache\tomcat\tomcat-util\10.1.4\tomcat-util-10.1.4.jar;C:\Users\ilciro\.m2\repository\org\apache\tomcat\tomcat-util-scan\10.1.4\tomcat-util-scan-10.1.4.jar;C:\Users\ilciro\.m2\repository\org\apache\tomcat\tomcat-jaspic-api\10.1.4\tomcat-jaspic-api-10.1.4.jar;"/>
    <property name="sun.cpu.endian" value="little"/>
    <property name="user.home" value="C:\Users\ilciro"/>
    <property name="user.language" value="it"/>
    <property name="java.specification.vendor" value="Oracle Corporation"/>
    <property name="java.version.date" value="2023-08-24"/>
    <property name="java.home" value="C:\Program Files\Eclipse Adoptium\jdk-17.0.8.101-hotspot"/>
    <property name="file.separator" value="\"/>
    <property name="basedir" value="C:\Users\ilciro\IdeaProjects\LibreriaFinale"/>
    <property name="java.vm.compressedOopsMode" value="32-bit"/>
    <property name="line.separator" value="&#10;"/>
    <property name="java.vm.specification.vendor" value="Oracle Corporation"/>
    <property name="java.specification.name" value="Java Platform API Specification"/>
    <property name="surefire.real.class.path" value="C:\Users\ilciro\AppData\Local\Temp\surefire10366861639697425687\surefirebooter10413753770953370279.jar"/>
    <property name="user.script" value=""/>
    <property name="sun.management.compiler" value="HotSpot 64-Bit Tiered Compilers"/>
    <property name="java.runtime.version" value="17.0.8.1+1"/>
    <property name="user.name" value="ilciro"/>
    <property name="path.separator" value=";"/>
    <property name="os.version" value="10.0"/>
    <property name="java.runtime.name" value="OpenJDK Runtime Environment"/>
    <property name="file.encoding" value="Cp1252"/>
    <property name="java.vm.name" value="OpenJDK 64-Bit Server VM"/>
    <property name="java.vendor.version" value="Temurin-17.0.8.1+1"/>
    <property name="localRepository" value="C:\Users\ilciro\.m2\repository"/>
    <property name="java.vendor.url.bug" value="https://github.com/adoptium/adoptium-support/issues"/>
    <property name="java.io.tmpdir" value="C:\Users\ilciro\AppData\Local\Temp\"/>
    <property name="idea.version" value="2022.2.2"/>
    <property name="java.version" value="17.0.8.1"/>
    <property name="user.dir" value="C:\Users\ilciro\IdeaProjects\LibreriaFinale"/>
    <property name="os.arch" value="amd64"/>
    <property name="java.vm.specification.name" value="Java Virtual Machine Specification"/>
    <property name="sun.os.patch.level" value=""/>
    <property name="native.encoding" value="Cp1252"/>
    <property name="java.library.path" value="C:\Program Files\Eclipse Adoptium\jdk-17.0.8.101-hotspot\bin;C:\WINDOWS\Sun\Java\bin;C:\WINDOWS\system32;C:\WINDOWS;C:\Program Files\Eclipse Adoptium\jdk-17.0.8.101-hotspot\bin;C:\WINDOWS\system32;C:\WINDOWS;C:\WINDOWS\System32\Wbem;C:\WINDOWS\System32\WindowsPowerShell\v1.0\;C:\WINDOWS\System32\OpenSSH\;C:\Program Files\Microsoft SQL Server\130\Tools\Binn\;C:\Program Files\Microsoft SQL Server\Client SDK\ODBC\170\Tools\Binn\;C:\Program Files\dotnet\;C:\Program Files\MySQL\MySQL Server 8.0\bin;C:\Program Files\Git\cmd;C:\Program Files\MySQL\MySQL Shell 8.0\bin\;C:\Users\ilciro\AppData\Local\Microsoft\WindowsApps;C:\Users\ilciro\.dotnet\tools;."/>
    <property name="java.vm.info" value="mixed mode, sharing"/>
    <property name="java.vendor" value="Eclipse Adoptium"/>
    <property name="java.vm.version" value="17.0.8.1+1"/>
    <property name="sun.io.unicode.encoding" value="UnicodeLittle"/>
    <property name="java.class.version" value="61.0"/>
  </properties>
  <testcase name="testGetPassword" classname="laptop.test.TestLaptop3" time="0.001">
    <system-err><![CDATA[ott 28, 2023 11:42:10 AM laptop.controller.ControllerUserPage <init>
INFORMAZIONI: Costruttore ControllerUserPage
ott 28, 2023 11:42:10 AM laptop.controller.ControllerAggiungiUtente <init>
INFORMAZIONI: Costruttore ControllerAggiungiUtente
ott 28, 2023 11:42:10 AM laptop.controller.ControllerModificaUtente <init>
INFORMAZIONI: Costruttore ControllerModificaUtente
ott 28, 2023 11:42:10 AM laptop.controller.ControllerCancellaUser <init>
INFORMAZIONI: Costruttore ControllerCancellaUser
]]></system-err>
  </testcase>
  <testcase name="testGetEmail" classname="laptop.test.TestLaptop3" time="0.002">
    <system-err><![CDATA[ott 28, 2023 11:42:10 AM laptop.controller.ControllerUserPage <init>
INFORMAZIONI: Costruttore ControllerUserPage
ott 28, 2023 11:42:10 AM laptop.controller.ControllerAggiungiUtente <init>
INFORMAZIONI: Costruttore ControllerAggiungiUtente
ott 28, 2023 11:42:10 AM laptop.controller.ControllerModificaUtente <init>
INFORMAZIONI: Costruttore ControllerModificaUtente
ott 28, 2023 11:42:10 AM laptop.controller.ControllerCancellaUser <init>
INFORMAZIONI: Costruttore ControllerCancellaUser
]]></system-err>
  </testcase>
  <testcase name="testGetNomeU" classname="laptop.test.TestLaptop3" time="0.003">
    <system-err><![CDATA[ott 28, 2023 11:42:10 AM laptop.controller.ControllerUserPage <init>
INFORMAZIONI: Costruttore ControllerUserPage
ott 28, 2023 11:42:10 AM laptop.controller.ControllerAggiungiUtente <init>
INFORMAZIONI: Costruttore ControllerAggiungiUtente
ott 28, 2023 11:42:10 AM laptop.controller.ControllerModificaUtente <init>
INFORMAZIONI: Costruttore ControllerModificaUtente
ott 28, 2023 11:42:10 AM laptop.controller.ControllerCancellaUser <init>
INFORMAZIONI: Costruttore ControllerCancellaUser
]]></system-err>
  </testcase>
  <testcase name="testGetDescrizioneTU" classname="laptop.test.TestLaptop3" time="0.001">
    <system-err><![CDATA[ott 28, 2023 11:42:10 AM laptop.controller.ControllerUserPage <init>
INFORMAZIONI: Costruttore ControllerUserPage
ott 28, 2023 11:42:10 AM laptop.controller.ControllerAggiungiUtente <init>
INFORMAZIONI: Costruttore ControllerAggiungiUtente
ott 28, 2023 11:42:10 AM laptop.controller.ControllerModificaUtente <init>
INFORMAZIONI: Costruttore ControllerModificaUtente
ott 28, 2023 11:42:10 AM laptop.controller.ControllerCancellaUser <init>
INFORMAZIONI: Costruttore ControllerCancellaUser
]]></system-err>
  </testcase>
  <testcase name="testAggiornaTotale" classname="laptop.test.TestLaptop3" time="0.713">
    <system-err><![CDATA[ott 28, 2023 11:42:10 AM laptop.controller.ControllerUserPage <init>
INFORMAZIONI: Costruttore ControllerUserPage
ott 28, 2023 11:42:10 AM laptop.controller.ControllerAggiungiUtente <init>
INFORMAZIONI: Costruttore ControllerAggiungiUtente
ott 28, 2023 11:42:10 AM laptop.controller.ControllerModificaUtente <init>
INFORMAZIONI: Costruttore ControllerModificaUtente
ott 28, 2023 11:42:10 AM laptop.controller.ControllerCancellaUser <init>
INFORMAZIONI: Costruttore ControllerCancellaUser
ott 28, 2023 11:42:10 AM laptop.utilities.ConnToDb generalConnection
INFORMAZIONI: Tentativo di conessione al server..........\\n
ott 28, 2023 11:42:10 AM laptop.utilities.ConnToDb generalConnection
INFORMAZIONI: Connesso standard ........

ott 28, 2023 11:42:10 AM laptop.database.UsersDao pickData
INFORMAZIONI: errore in mysql :
ott 28, 2023 11:42:10 AM laptop.utilities.ConnToDb generalConnection
INFORMAZIONI: Tentativo di conessione al server..........\\n
ott 28, 2023 11:42:10 AM laptop.utilities.ConnToDb generalConnection
INFORMAZIONI: Connesso standard ........

]]></system-err>
  </testcase>
  <testcase name="testGetEditore" classname="laptop.test.TestLaptop3" time="0">
    <system-err><![CDATA[ott 28, 2023 11:42:11 AM laptop.controller.ControllerUserPage <init>
INFORMAZIONI: Costruttore ControllerUserPage
ott 28, 2023 11:42:11 AM laptop.controller.ControllerAggiungiUtente <init>
INFORMAZIONI: Costruttore ControllerAggiungiUtente
ott 28, 2023 11:42:11 AM laptop.controller.ControllerModificaUtente <init>
INFORMAZIONI: Costruttore ControllerModificaUtente
ott 28, 2023 11:42:11 AM laptop.controller.ControllerCancellaUser <init>
INFORMAZIONI: Costruttore ControllerCancellaUser
]]></system-err>
  </testcase>
  <testcase name="testUpdateDataL" classname="laptop.test.TestLaptop3" time="0.39">
    <system-err><![CDATA[ott 28, 2023 11:42:11 AM laptop.controller.ControllerUserPage <init>
INFORMAZIONI: Costruttore ControllerUserPage
ott 28, 2023 11:42:11 AM laptop.controller.ControllerAggiungiUtente <init>
INFORMAZIONI: Costruttore ControllerAggiungiUtente
ott 28, 2023 11:42:11 AM laptop.controller.ControllerModificaUtente <init>
INFORMAZIONI: Costruttore ControllerModificaUtente
ott 28, 2023 11:42:11 AM laptop.controller.ControllerCancellaUser <init>
INFORMAZIONI: Costruttore ControllerCancellaUser
ott 28, 2023 11:42:11 AM laptop.utilities.ConnToDb generalConnection
INFORMAZIONI: Tentativo di conessione al server..........\\n
ott 28, 2023 11:42:11 AM laptop.utilities.ConnToDb generalConnection
INFORMAZIONI: Connesso standard ........

ott 28, 2023 11:42:11 AM laptop.database.LibroDao aggiornaData
INFORMAZIONI: libri aggiornati 2.
]]></system-err>
  </testcase>
  <testcase name="testAnnullaOrdine" classname="laptop.test.TestLaptop3" time="0.302">
    <system-err><![CDATA[ott 28, 2023 11:42:11 AM laptop.controller.ControllerUserPage <init>
INFORMAZIONI: Costruttore ControllerUserPage
ott 28, 2023 11:42:11 AM laptop.controller.ControllerAggiungiUtente <init>
INFORMAZIONI: Costruttore ControllerAggiungiUtente
ott 28, 2023 11:42:11 AM laptop.controller.ControllerModificaUtente <init>
INFORMAZIONI: Costruttore ControllerModificaUtente
ott 28, 2023 11:42:11 AM laptop.controller.ControllerCancellaUser <init>
INFORMAZIONI: Costruttore ControllerCancellaUser
ott 28, 2023 11:42:11 AM laptop.utilities.ConnToDb generalConnection
INFORMAZIONI: Tentativo di conessione al server..........\\n
ott 28, 2023 11:42:11 AM laptop.utilities.ConnToDb generalConnection
INFORMAZIONI: Connesso standard ........

ott 28, 2023 11:42:11 AM laptop.utilities.ConnToDb generalConnection
INFORMAZIONI: Tentativo di conessione al server..........\\n
ott 28, 2023 11:42:11 AM laptop.utilities.ConnToDb generalConnection
INFORMAZIONI: Connesso standard ........

]]></system-err>
  </testcase>
  <testcase name="testGetId" classname="laptop.test.TestLaptop3" time="0.001">
    <system-err><![CDATA[ott 28, 2023 11:42:12 AM laptop.controller.ControllerUserPage <init>
INFORMAZIONI: Costruttore ControllerUserPage
ott 28, 2023 11:42:12 AM laptop.controller.ControllerAggiungiUtente <init>
INFORMAZIONI: Costruttore ControllerAggiungiUtente
ott 28, 2023 11:42:12 AM laptop.controller.ControllerModificaUtente <init>
INFORMAZIONI: Costruttore ControllerModificaUtente
ott 28, 2023 11:42:12 AM laptop.controller.ControllerCancellaUser <init>
INFORMAZIONI: Costruttore ControllerCancellaUser
]]></system-err>
  </testcase>
  <testcase name="testGetId(int)[1]" classname="laptop.test.TestLaptop3" time="0.002">
    <system-err><![CDATA[ott 28, 2023 11:42:12 AM laptop.controller.ControllerUserPage <init>
INFORMAZIONI: Costruttore ControllerUserPage
ott 28, 2023 11:42:12 AM laptop.controller.ControllerAggiungiUtente <init>
INFORMAZIONI: Costruttore ControllerAggiungiUtente
ott 28, 2023 11:42:12 AM laptop.controller.ControllerModificaUtente <init>
INFORMAZIONI: Costruttore ControllerModificaUtente
ott 28, 2023 11:42:12 AM laptop.controller.ControllerCancellaUser <init>
INFORMAZIONI: Costruttore ControllerCancellaUser
]]></system-err>
  </testcase>
  <testcase name="testGetId(int)[2]" classname="laptop.test.TestLaptop3" time="0.001">
    <system-err><![CDATA[ott 28, 2023 11:42:12 AM laptop.controller.ControllerUserPage <init>
INFORMAZIONI: Costruttore ControllerUserPage
ott 28, 2023 11:42:12 AM laptop.controller.ControllerAggiungiUtente <init>
INFORMAZIONI: Costruttore ControllerAggiungiUtente
ott 28, 2023 11:42:12 AM laptop.controller.ControllerModificaUtente <init>
INFORMAZIONI: Costruttore ControllerModificaUtente
ott 28, 2023 11:42:12 AM laptop.controller.ControllerCancellaUser <init>
INFORMAZIONI: Costruttore ControllerCancellaUser
]]></system-err>
  </testcase>
  <testcase name="testGetId(int)[3]" classname="laptop.test.TestLaptop3" time="0.001">
    <system-err><![CDATA[ott 28, 2023 11:42:12 AM laptop.controller.ControllerUserPage <init>
INFORMAZIONI: Costruttore ControllerUserPage
ott 28, 2023 11:42:12 AM laptop.controller.ControllerAggiungiUtente <init>
INFORMAZIONI: Costruttore ControllerAggiungiUtente
ott 28, 2023 11:42:12 AM laptop.controller.ControllerModificaUtente <init>
INFORMAZIONI: Costruttore ControllerModificaUtente
ott 28, 2023 11:42:12 AM laptop.controller.ControllerCancellaUser <init>
INFORMAZIONI: Costruttore ControllerCancellaUser
]]></system-err>
  </testcase>
  <testcase name="testGetId(int)[4]" classname="laptop.test.TestLaptop3" time="0.001">
    <system-err><![CDATA[ott 28, 2023 11:42:12 AM laptop.controller.ControllerUserPage <init>
INFORMAZIONI: Costruttore ControllerUserPage
ott 28, 2023 11:42:12 AM laptop.controller.ControllerAggiungiUtente <init>
INFORMAZIONI: Costruttore ControllerAggiungiUtente
ott 28, 2023 11:42:12 AM laptop.controller.ControllerModificaUtente <init>
INFORMAZIONI: Costruttore ControllerModificaUtente
ott 28, 2023 11:42:12 AM laptop.controller.ControllerCancellaUser <init>
INFORMAZIONI: Costruttore ControllerCancellaUser
]]></system-err>
  </testcase>
  <testcase name="testGetId(int)[5]" classname="laptop.test.TestLaptop3" time="0.001">
    <system-err><![CDATA[ott 28, 2023 11:42:12 AM laptop.controller.ControllerUserPage <init>
INFORMAZIONI: Costruttore ControllerUserPage
ott 28, 2023 11:42:12 AM laptop.controller.ControllerAggiungiUtente <init>
INFORMAZIONI: Costruttore ControllerAggiungiUtente
ott 28, 2023 11:42:12 AM laptop.controller.ControllerModificaUtente <init>
INFORMAZIONI: Costruttore ControllerModificaUtente
ott 28, 2023 11:42:12 AM laptop.controller.ControllerCancellaUser <init>
INFORMAZIONI: Costruttore ControllerCancellaUser
]]></system-err>
  </testcase>
  <testcase name="testLeggi(int)[1]" classname="laptop.test.TestLaptop3" time="0.008">
    <system-err><![CDATA[ott 28, 2023 11:42:12 AM laptop.controller.ControllerUserPage <init>
INFORMAZIONI: Costruttore ControllerUserPage
ott 28, 2023 11:42:12 AM laptop.controller.ControllerAggiungiUtente <init>
INFORMAZIONI: Costruttore ControllerAggiungiUtente
ott 28, 2023 11:42:12 AM laptop.controller.ControllerModificaUtente <init>
INFORMAZIONI: Costruttore ControllerModificaUtente
ott 28, 2023 11:42:12 AM laptop.controller.ControllerCancellaUser <init>
INFORMAZIONI: Costruttore ControllerCancellaUser
]]></system-err>
  </testcase>
  <testcase name="testLeggi(int)[2]" classname="laptop.test.TestLaptop3" time="0.008">
    <system-err><![CDATA[ott 28, 2023 11:42:12 AM laptop.controller.ControllerUserPage <init>
INFORMAZIONI: Costruttore ControllerUserPage
ott 28, 2023 11:42:12 AM laptop.controller.ControllerAggiungiUtente <init>
INFORMAZIONI: Costruttore ControllerAggiungiUtente
ott 28, 2023 11:42:12 AM laptop.controller.ControllerModificaUtente <init>
INFORMAZIONI: Costruttore ControllerModificaUtente
ott 28, 2023 11:42:12 AM laptop.controller.ControllerCancellaUser <init>
INFORMAZIONI: Costruttore ControllerCancellaUser
]]></system-err>
  </testcase>
  <testcase name="testLeggi(int)[3]" classname="laptop.test.TestLaptop3" time="0.008">
    <system-err><![CDATA[ott 28, 2023 11:42:12 AM laptop.controller.ControllerUserPage <init>
INFORMAZIONI: Costruttore ControllerUserPage
ott 28, 2023 11:42:12 AM laptop.controller.ControllerAggiungiUtente <init>
INFORMAZIONI: Costruttore ControllerAggiungiUtente
ott 28, 2023 11:42:12 AM laptop.controller.ControllerModificaUtente <init>
INFORMAZIONI: Costruttore ControllerModificaUtente
ott 28, 2023 11:42:12 AM laptop.controller.ControllerCancellaUser <init>
INFORMAZIONI: Costruttore ControllerCancellaUser
]]></system-err>
  </testcase>
  <testcase name="testLeggi(int)[4]" classname="laptop.test.TestLaptop3" time="0.007">
    <system-err><![CDATA[ott 28, 2023 11:42:12 AM laptop.controller.ControllerUserPage <init>
INFORMAZIONI: Costruttore ControllerUserPage
ott 28, 2023 11:42:12 AM laptop.controller.ControllerAggiungiUtente <init>
INFORMAZIONI: Costruttore ControllerAggiungiUtente
ott 28, 2023 11:42:12 AM laptop.controller.ControllerModificaUtente <init>
INFORMAZIONI: Costruttore ControllerModificaUtente
ott 28, 2023 11:42:12 AM laptop.controller.ControllerCancellaUser <init>
INFORMAZIONI: Costruttore ControllerCancellaUser
]]></system-err>
  </testcase>
  <testcase name="testLeggi(int)[5]" classname="laptop.test.TestLaptop3" time="0.008">
    <system-err><![CDATA[ott 28, 2023 11:42:12 AM laptop.controller.ControllerUserPage <init>
INFORMAZIONI: Costruttore ControllerUserPage
ott 28, 2023 11:42:12 AM laptop.controller.ControllerAggiungiUtente <init>
INFORMAZIONI: Costruttore ControllerAggiungiUtente
ott 28, 2023 11:42:12 AM laptop.controller.ControllerModificaUtente <init>
INFORMAZIONI: Costruttore ControllerModificaUtente
ott 28, 2023 11:42:12 AM laptop.controller.ControllerCancellaUser <init>
INFORMAZIONI: Costruttore ControllerCancellaUser
]]></system-err>
  </testcase>
  <testcase name="testRetId" classname="laptop.test.TestLaptop3" time="0.022">
    <system-err><![CDATA[ott 28, 2023 11:42:12 AM laptop.controller.ControllerUserPage <init>
INFORMAZIONI: Costruttore ControllerUserPage
ott 28, 2023 11:42:12 AM laptop.controller.ControllerAggiungiUtente <init>
INFORMAZIONI: Costruttore ControllerAggiungiUtente
ott 28, 2023 11:42:12 AM laptop.controller.ControllerModificaUtente <init>
INFORMAZIONI: Costruttore ControllerModificaUtente
ott 28, 2023 11:42:12 AM laptop.controller.ControllerCancellaUser <init>
INFORMAZIONI: Costruttore ControllerCancellaUser
ott 28, 2023 11:42:12 AM laptop.utilities.ConnToDb generalConnection
INFORMAZIONI: Tentativo di conessione al server..........\\n
ott 28, 2023 11:42:12 AM laptop.utilities.ConnToDb generalConnection
INFORMAZIONI: Connesso standard ........

]]></system-err>
  </testcase>
  <testcase name="testGetDataPubb" classname="laptop.test.TestLaptop3" time="0.001">
    <system-err><![CDATA[ott 28, 2023 11:42:12 AM laptop.controller.ControllerUserPage <init>
INFORMAZIONI: Costruttore ControllerUserPage
ott 28, 2023 11:42:12 AM laptop.controller.ControllerAggiungiUtente <init>
INFORMAZIONI: Costruttore ControllerAggiungiUtente
ott 28, 2023 11:42:12 AM laptop.controller.ControllerModificaUtente <init>
INFORMAZIONI: Costruttore ControllerModificaUtente
ott 28, 2023 11:42:12 AM laptop.controller.ControllerCancellaUser <init>
INFORMAZIONI: Costruttore ControllerCancellaUser
]]></system-err>
  </testcase>
  <testcase name="testRetUltimoOrdine" classname="laptop.test.TestLaptop3" time="0.026">
    <system-err><![CDATA[ott 28, 2023 11:42:12 AM laptop.controller.ControllerUserPage <init>
INFORMAZIONI: Costruttore ControllerUserPage
ott 28, 2023 11:42:12 AM laptop.controller.ControllerAggiungiUtente <init>
INFORMAZIONI: Costruttore ControllerAggiungiUtente
ott 28, 2023 11:42:12 AM laptop.controller.ControllerModificaUtente <init>
INFORMAZIONI: Costruttore ControllerModificaUtente
ott 28, 2023 11:42:12 AM laptop.controller.ControllerCancellaUser <init>
INFORMAZIONI: Costruttore ControllerCancellaUser
ott 28, 2023 11:42:12 AM laptop.utilities.ConnToDb generalConnection
INFORMAZIONI: Tentativo di conessione al server..........\\n
ott 28, 2023 11:42:12 AM laptop.utilities.ConnToDb generalConnection
INFORMAZIONI: Connesso standard ........

]]></system-err>
  </testcase>
  <testcase name="testGetDesc" classname="laptop.test.TestLaptop3" time="0.021">
    <system-err><![CDATA[ott 28, 2023 11:42:12 AM laptop.controller.ControllerUserPage <init>
INFORMAZIONI: Costruttore ControllerUserPage
ott 28, 2023 11:42:12 AM laptop.controller.ControllerAggiungiUtente <init>
INFORMAZIONI: Costruttore ControllerAggiungiUtente
ott 28, 2023 11:42:12 AM laptop.controller.ControllerModificaUtente <init>
INFORMAZIONI: Costruttore ControllerModificaUtente
ott 28, 2023 11:42:12 AM laptop.controller.ControllerCancellaUser <init>
INFORMAZIONI: Costruttore ControllerCancellaUser
ott 28, 2023 11:42:12 AM laptop.utilities.ConnToDb generalConnection
INFORMAZIONI: Tentativo di conessione al server..........\\n
ott 28, 2023 11:42:12 AM laptop.utilities.ConnToDb generalConnection
INFORMAZIONI: Connesso standard ........

]]></system-err>
  </testcase>
  <testcase name="testGetDisp" classname="laptop.test.TestLaptop3" time="0.001">
    <system-err><![CDATA[ott 28, 2023 11:42:12 AM laptop.controller.ControllerUserPage <init>
INFORMAZIONI: Costruttore ControllerUserPage
ott 28, 2023 11:42:12 AM laptop.controller.ControllerAggiungiUtente <init>
INFORMAZIONI: Costruttore ControllerAggiungiUtente
ott 28, 2023 11:42:12 AM laptop.controller.ControllerModificaUtente <init>
INFORMAZIONI: Costruttore ControllerModificaUtente
ott 28, 2023 11:42:12 AM laptop.controller.ControllerCancellaUser <init>
INFORMAZIONI: Costruttore ControllerCancellaUser
]]></system-err>
  </testcase>
  <testcase name="testGetNome" classname="laptop.test.TestLaptop3" time="0">
    <system-err><![CDATA[ott 28, 2023 11:42:12 AM laptop.controller.ControllerUserPage <init>
INFORMAZIONI: Costruttore ControllerUserPage
ott 28, 2023 11:42:12 AM laptop.controller.ControllerAggiungiUtente <init>
INFORMAZIONI: Costruttore ControllerAggiungiUtente
ott 28, 2023 11:42:12 AM laptop.controller.ControllerModificaUtente <init>
INFORMAZIONI: Costruttore ControllerModificaUtente
ott 28, 2023 11:42:12 AM laptop.controller.ControllerCancellaUser <init>
INFORMAZIONI: Costruttore ControllerCancellaUser
]]></system-err>
  </testcase>
  <testcase name="testDispRivista" classname="laptop.test.TestLaptop3" time="0.024">
    <system-err><![CDATA[ott 28, 2023 11:42:12 AM laptop.controller.ControllerUserPage <init>
INFORMAZIONI: Costruttore ControllerUserPage
ott 28, 2023 11:42:12 AM laptop.controller.ControllerAggiungiUtente <init>
INFORMAZIONI: Costruttore ControllerAggiungiUtente
ott 28, 2023 11:42:12 AM laptop.controller.ControllerModificaUtente <init>
INFORMAZIONI: Costruttore ControllerModificaUtente
ott 28, 2023 11:42:12 AM laptop.controller.ControllerCancellaUser <init>
INFORMAZIONI: Costruttore ControllerCancellaUser
ott 28, 2023 11:42:12 AM laptop.utilities.ConnToDb generalConnection
INFORMAZIONI: Tentativo di conessione al server..........\\n
ott 28, 2023 11:42:12 AM laptop.utilities.ConnToDb generalConnection
INFORMAZIONI: Connesso standard ........

]]></system-err>
  </testcase>
  <testcase name="testGetTipologia(String)[1]" classname="laptop.test.TestLaptop3" time="0.002">
    <system-err><![CDATA[ott 28, 2023 11:42:12 AM laptop.controller.ControllerUserPage <init>
INFORMAZIONI: Costruttore ControllerUserPage
ott 28, 2023 11:42:12 AM laptop.controller.ControllerAggiungiUtente <init>
INFORMAZIONI: Costruttore ControllerAggiungiUtente
ott 28, 2023 11:42:12 AM laptop.controller.ControllerModificaUtente <init>
INFORMAZIONI: Costruttore ControllerModificaUtente
ott 28, 2023 11:42:12 AM laptop.controller.ControllerCancellaUser <init>
INFORMAZIONI: Costruttore ControllerCancellaUser
]]></system-err>
  </testcase>
  <testcase name="testGetTipologia(String)[2]" classname="laptop.test.TestLaptop3" time="0.001">
    <system-err><![CDATA[ott 28, 2023 11:42:12 AM laptop.controller.ControllerUserPage <init>
INFORMAZIONI: Costruttore ControllerUserPage
ott 28, 2023 11:42:12 AM laptop.controller.ControllerAggiungiUtente <init>
INFORMAZIONI: Costruttore ControllerAggiungiUtente
ott 28, 2023 11:42:12 AM laptop.controller.ControllerModificaUtente <init>
INFORMAZIONI: Costruttore ControllerModificaUtente
ott 28, 2023 11:42:12 AM laptop.controller.ControllerCancellaUser <init>
INFORMAZIONI: Costruttore ControllerCancellaUser
]]></system-err>
  </testcase>
  <testcase name="testGetTipologia(String)[3]" classname="laptop.test.TestLaptop3" time="0.001">
    <system-err><![CDATA[ott 28, 2023 11:42:12 AM laptop.controller.ControllerUserPage <init>
INFORMAZIONI: Costruttore ControllerUserPage
ott 28, 2023 11:42:12 AM laptop.controller.ControllerAggiungiUtente <init>
INFORMAZIONI: Costruttore ControllerAggiungiUtente
ott 28, 2023 11:42:12 AM laptop.controller.ControllerModificaUtente <init>
INFORMAZIONI: Costruttore ControllerModificaUtente
ott 28, 2023 11:42:12 AM laptop.controller.ControllerCancellaUser <init>
INFORMAZIONI: Costruttore ControllerCancellaUser
]]></system-err>
  </testcase>
  <testcase name="testGetTipologia(String)[4]" classname="laptop.test.TestLaptop3" time="0.001">
    <system-err><![CDATA[ott 28, 2023 11:42:12 AM laptop.controller.ControllerUserPage <init>
INFORMAZIONI: Costruttore ControllerUserPage
ott 28, 2023 11:42:12 AM laptop.controller.ControllerAggiungiUtente <init>
INFORMAZIONI: Costruttore ControllerAggiungiUtente
ott 28, 2023 11:42:12 AM laptop.controller.ControllerModificaUtente <init>
INFORMAZIONI: Costruttore ControllerModificaUtente
ott 28, 2023 11:42:12 AM laptop.controller.ControllerCancellaUser <init>
INFORMAZIONI: Costruttore ControllerCancellaUser
]]></system-err>
  </testcase>
  <testcase name="testGetTipologia(String)[5]" classname="laptop.test.TestLaptop3" time="0.001">
    <system-err><![CDATA[ott 28, 2023 11:42:12 AM laptop.controller.ControllerUserPage <init>
INFORMAZIONI: Costruttore ControllerUserPage
ott 28, 2023 11:42:12 AM laptop.controller.ControllerAggiungiUtente <init>
INFORMAZIONI: Costruttore ControllerAggiungiUtente
ott 28, 2023 11:42:12 AM laptop.controller.ControllerModificaUtente <init>
INFORMAZIONI: Costruttore ControllerModificaUtente
ott 28, 2023 11:42:12 AM laptop.controller.ControllerCancellaUser <init>
INFORMAZIONI: Costruttore ControllerCancellaUser
]]></system-err>
  </testcase>
  <testcase name="testGetTipologia(String)[6]" classname="laptop.test.TestLaptop3" time="0.001">
    <system-err><![CDATA[ott 28, 2023 11:42:12 AM laptop.controller.ControllerUserPage <init>
INFORMAZIONI: Costruttore ControllerUserPage
ott 28, 2023 11:42:12 AM laptop.controller.ControllerAggiungiUtente <init>
INFORMAZIONI: Costruttore ControllerAggiungiUtente
ott 28, 2023 11:42:12 AM laptop.controller.ControllerModificaUtente <init>
INFORMAZIONI: Costruttore ControllerModificaUtente
ott 28, 2023 11:42:12 AM laptop.controller.ControllerCancellaUser <init>
INFORMAZIONI: Costruttore ControllerCancellaUser
]]></system-err>
  </testcase>
  <testcase name="testGetTipologia(String)[7]" classname="laptop.test.TestLaptop3" time="0.001">
    <system-err><![CDATA[ott 28, 2023 11:42:12 AM laptop.controller.ControllerUserPage <init>
INFORMAZIONI: Costruttore ControllerUserPage
ott 28, 2023 11:42:12 AM laptop.controller.ControllerAggiungiUtente <init>
INFORMAZIONI: Costruttore ControllerAggiungiUtente
ott 28, 2023 11:42:12 AM laptop.controller.ControllerModificaUtente <init>
INFORMAZIONI: Costruttore ControllerModificaUtente
ott 28, 2023 11:42:12 AM laptop.controller.ControllerCancellaUser <init>
INFORMAZIONI: Costruttore ControllerCancellaUser
]]></system-err>
  </testcase>
  <testcase name="testGetTipologia(String)[8]" classname="laptop.test.TestLaptop3" time="0.001">
    <system-err><![CDATA[ott 28, 2023 11:42:12 AM laptop.controller.ControllerUserPage <init>
INFORMAZIONI: Costruttore ControllerUserPage
ott 28, 2023 11:42:12 AM laptop.controller.ControllerAggiungiUtente <init>
INFORMAZIONI: Costruttore ControllerAggiungiUtente
ott 28, 2023 11:42:12 AM laptop.controller.ControllerModificaUtente <init>
INFORMAZIONI: Costruttore ControllerModificaUtente
ott 28, 2023 11:42:12 AM laptop.controller.ControllerCancellaUser <init>
INFORMAZIONI: Costruttore ControllerCancellaUser
]]></system-err>
  </testcase>
  <testcase name="testGetTipologia(String)[9]" classname="laptop.test.TestLaptop3" time="0.001">
    <system-err><![CDATA[ott 28, 2023 11:42:12 AM laptop.controller.ControllerUserPage <init>
INFORMAZIONI: Costruttore ControllerUserPage
ott 28, 2023 11:42:12 AM laptop.controller.ControllerAggiungiUtente <init>
INFORMAZIONI: Costruttore ControllerAggiungiUtente
ott 28, 2023 11:42:12 AM laptop.controller.ControllerModificaUtente <init>
INFORMAZIONI: Costruttore ControllerModificaUtente
ott 28, 2023 11:42:12 AM laptop.controller.ControllerCancellaUser <init>
INFORMAZIONI: Costruttore ControllerCancellaUser
]]></system-err>
  </testcase>
  <testcase name="testGetTipologia(String)[10]" classname="laptop.test.TestLaptop3" time="0.001">
    <system-err><![CDATA[ott 28, 2023 11:42:12 AM laptop.controller.ControllerUserPage <init>
INFORMAZIONI: Costruttore ControllerUserPage
ott 28, 2023 11:42:12 AM laptop.controller.ControllerAggiungiUtente <init>
INFORMAZIONI: Costruttore ControllerAggiungiUtente
ott 28, 2023 11:42:12 AM laptop.controller.ControllerModificaUtente <init>
INFORMAZIONI: Costruttore ControllerModificaUtente
ott 28, 2023 11:42:12 AM laptop.controller.ControllerCancellaUser <init>
INFORMAZIONI: Costruttore ControllerCancellaUser
]]></system-err>
  </testcase>
  <testcase name="testGetTipologia(String)[11]" classname="laptop.test.TestLaptop3" time="0.001">
    <system-err><![CDATA[ott 28, 2023 11:42:12 AM laptop.controller.ControllerUserPage <init>
INFORMAZIONI: Costruttore ControllerUserPage
ott 28, 2023 11:42:12 AM laptop.controller.ControllerAggiungiUtente <init>
INFORMAZIONI: Costruttore ControllerAggiungiUtente
ott 28, 2023 11:42:12 AM laptop.controller.ControllerModificaUtente <init>
INFORMAZIONI: Costruttore ControllerModificaUtente
ott 28, 2023 11:42:12 AM laptop.controller.ControllerCancellaUser <init>
INFORMAZIONI: Costruttore ControllerCancellaUser
]]></system-err>
  </testcase>
  <testcase name="testGetTipologia(String)[12]" classname="laptop.test.TestLaptop3" time="0.001">
    <system-err><![CDATA[ott 28, 2023 11:42:12 AM laptop.controller.ControllerUserPage <init>
INFORMAZIONI: Costruttore ControllerUserPage
ott 28, 2023 11:42:12 AM laptop.controller.ControllerAggiungiUtente <init>
INFORMAZIONI: Costruttore ControllerAggiungiUtente
ott 28, 2023 11:42:12 AM laptop.controller.ControllerModificaUtente <init>
INFORMAZIONI: Costruttore ControllerModificaUtente
ott 28, 2023 11:42:12 AM laptop.controller.ControllerCancellaUser <init>
INFORMAZIONI: Costruttore ControllerCancellaUser
]]></system-err>
  </testcase>
  <testcase name="testGetTipologia(String)[13]" classname="laptop.test.TestLaptop3" time="0.001">
    <system-err><![CDATA[ott 28, 2023 11:42:12 AM laptop.controller.ControllerUserPage <init>
INFORMAZIONI: Costruttore ControllerUserPage
ott 28, 2023 11:42:12 AM laptop.controller.ControllerAggiungiUtente <init>
INFORMAZIONI: Costruttore ControllerAggiungiUtente
ott 28, 2023 11:42:12 AM laptop.controller.ControllerModificaUtente <init>
INFORMAZIONI: Costruttore ControllerModificaUtente
ott 28, 2023 11:42:12 AM laptop.controller.ControllerCancellaUser <init>
INFORMAZIONI: Costruttore ControllerCancellaUser
]]></system-err>
  </testcase>
  <testcase name="testGetTipologia(String)[14]" classname="laptop.test.TestLaptop3" time="0.001">
    <system-err><![CDATA[ott 28, 2023 11:42:12 AM laptop.controller.ControllerUserPage <init>
INFORMAZIONI: Costruttore ControllerUserPage
ott 28, 2023 11:42:12 AM laptop.controller.ControllerAggiungiUtente <init>
INFORMAZIONI: Costruttore ControllerAggiungiUtente
ott 28, 2023 11:42:12 AM laptop.controller.ControllerModificaUtente <init>
INFORMAZIONI: Costruttore ControllerModificaUtente
ott 28, 2023 11:42:12 AM laptop.controller.ControllerCancellaUser <init>
INFORMAZIONI: Costruttore ControllerCancellaUser
]]></system-err>
  </testcase>
  <testcase name="testInserisciPagamento(String)[1]" classname="laptop.test.TestLaptop3" time="0.323">
    <system-err><![CDATA[ott 28, 2023 11:42:12 AM laptop.controller.ControllerUserPage <init>
INFORMAZIONI: Costruttore ControllerUserPage
ott 28, 2023 11:42:12 AM laptop.controller.ControllerAggiungiUtente <init>
INFORMAZIONI: Costruttore ControllerAggiungiUtente
ott 28, 2023 11:42:12 AM laptop.controller.ControllerModificaUtente <init>
INFORMAZIONI: Costruttore ControllerModificaUtente
ott 28, 2023 11:42:12 AM laptop.controller.ControllerCancellaUser <init>
INFORMAZIONI: Costruttore ControllerCancellaUser
ott 28, 2023 11:42:12 AM laptop.utilities.ConnToDb generalConnection
INFORMAZIONI: Tentativo di conessione al server..........\\n
ott 28, 2023 11:42:12 AM laptop.utilities.ConnToDb generalConnection
INFORMAZIONI: Connesso standard ........

]]></system-err>
  </testcase>
  <testcase name="testInserisciPagamento(String)[2]" classname="laptop.test.TestLaptop3" time="0.236">
    <system-err><![CDATA[ott 28, 2023 11:42:12 AM laptop.controller.ControllerUserPage <init>
INFORMAZIONI: Costruttore ControllerUserPage
ott 28, 2023 11:42:12 AM laptop.controller.ControllerAggiungiUtente <init>
INFORMAZIONI: Costruttore ControllerAggiungiUtente
ott 28, 2023 11:42:12 AM laptop.controller.ControllerModificaUtente <init>
INFORMAZIONI: Costruttore ControllerModificaUtente
ott 28, 2023 11:42:12 AM laptop.controller.ControllerCancellaUser <init>
INFORMAZIONI: Costruttore ControllerCancellaUser
ott 28, 2023 11:42:12 AM laptop.utilities.ConnToDb generalConnection
INFORMAZIONI: Tentativo di conessione al server..........\\n
ott 28, 2023 11:42:12 AM laptop.utilities.ConnToDb generalConnection
INFORMAZIONI: Connesso standard ........

]]></system-err>
  </testcase>
  <testcase name="testCancellaUser" classname="laptop.test.TestLaptop3" time="0.121">
    <system-err><![CDATA[ott 28, 2023 11:42:12 AM laptop.controller.ControllerUserPage <init>
INFORMAZIONI: Costruttore ControllerUserPage
ott 28, 2023 11:42:12 AM laptop.controller.ControllerAggiungiUtente <init>
INFORMAZIONI: Costruttore ControllerAggiungiUtente
ott 28, 2023 11:42:12 AM laptop.controller.ControllerModificaUtente <init>
INFORMAZIONI: Costruttore ControllerModificaUtente
ott 28, 2023 11:42:12 AM laptop.controller.ControllerCancellaUser <init>
INFORMAZIONI: Costruttore ControllerCancellaUser
ott 28, 2023 11:42:12 AM laptop.utilities.ConnToDb generalConnection
INFORMAZIONI: Tentativo di conessione al server..........\\n
ott 28, 2023 11:42:12 AM laptop.utilities.ConnToDb generalConnection
INFORMAZIONI: Connesso standard ........

ott 28, 2023 11:42:12 AM laptop.database.UsersDao deleteUser
INFORMAZIONI: cancello user ruoloEDITORE
]]></system-err>
  </testcase>
  <testcase name="testListaUsers" classname="laptop.test.TestLaptop3" time="0.024">
    <system-err><![CDATA[ott 28, 2023 11:42:12 AM laptop.controller.ControllerUserPage <init>
INFORMAZIONI: Costruttore ControllerUserPage
ott 28, 2023 11:42:12 AM laptop.controller.ControllerAggiungiUtente <init>
INFORMAZIONI: Costruttore ControllerAggiungiUtente
ott 28, 2023 11:42:12 AM laptop.controller.ControllerModificaUtente <init>
INFORMAZIONI: Costruttore ControllerModificaUtente
ott 28, 2023 11:42:12 AM laptop.controller.ControllerCancellaUser <init>
INFORMAZIONI: Costruttore ControllerCancellaUser
ott 28, 2023 11:42:12 AM laptop.utilities.ConnToDb generalConnection
INFORMAZIONI: Tentativo di conessione al server..........\\n
ott 28, 2023 11:42:12 AM laptop.utilities.ConnToDb generalConnection
INFORMAZIONI: Connesso standard ........

]]></system-err>
  </testcase>
  <testcase name="testGetPasswordU" classname="laptop.test.TestLaptop3" time="0">
    <system-err><![CDATA[ott 28, 2023 11:42:12 AM laptop.controller.ControllerUserPage <init>
INFORMAZIONI: Costruttore ControllerUserPage
ott 28, 2023 11:42:12 AM laptop.controller.ControllerAggiungiUtente <init>
INFORMAZIONI: Costruttore ControllerAggiungiUtente
ott 28, 2023 11:42:12 AM laptop.controller.ControllerModificaUtente <init>
INFORMAZIONI: Costruttore ControllerModificaUtente
ott 28, 2023 11:42:12 AM laptop.controller.ControllerCancellaUser <init>
INFORMAZIONI: Costruttore ControllerCancellaUser
]]></system-err>
  </testcase>
  <testcase name="testGetDataDiNascitaU" classname="laptop.test.TestLaptop3" time="0.001">
    <system-err><![CDATA[ott 28, 2023 11:42:12 AM laptop.controller.ControllerUserPage <init>
INFORMAZIONI: Costruttore ControllerUserPage
ott 28, 2023 11:42:12 AM laptop.controller.ControllerAggiungiUtente <init>
INFORMAZIONI: Costruttore ControllerAggiungiUtente
ott 28, 2023 11:42:12 AM laptop.controller.ControllerModificaUtente <init>
INFORMAZIONI: Costruttore ControllerModificaUtente
ott 28, 2023 11:42:12 AM laptop.controller.ControllerCancellaUser <init>
INFORMAZIONI: Costruttore ControllerCancellaUser
]]></system-err>
  </testcase>
  <testcase name="testGetCognomeU" classname="laptop.test.TestLaptop3" time="0.001">
    <system-err><![CDATA[ott 28, 2023 11:42:12 AM laptop.controller.ControllerUserPage <init>
INFORMAZIONI: Costruttore ControllerUserPage
ott 28, 2023 11:42:12 AM laptop.controller.ControllerAggiungiUtente <init>
INFORMAZIONI: Costruttore ControllerAggiungiUtente
ott 28, 2023 11:42:12 AM laptop.controller.ControllerModificaUtente <init>
INFORMAZIONI: Costruttore ControllerModificaUtente
ott 28, 2023 11:42:12 AM laptop.controller.ControllerCancellaUser <init>
INFORMAZIONI: Costruttore ControllerCancellaUser
]]></system-err>
  </testcase>
  <testcase name="testGetDescrizione" classname="laptop.test.TestLaptop3" time="0.001">
    <system-err><![CDATA[ott 28, 2023 11:42:12 AM laptop.controller.ControllerUserPage <init>
INFORMAZIONI: Costruttore ControllerUserPage
ott 28, 2023 11:42:12 AM laptop.controller.ControllerAggiungiUtente <init>
INFORMAZIONI: Costruttore ControllerAggiungiUtente
ott 28, 2023 11:42:12 AM laptop.controller.ControllerModificaUtente <init>
INFORMAZIONI: Costruttore ControllerModificaUtente
ott 28, 2023 11:42:12 AM laptop.controller.ControllerCancellaUser <init>
INFORMAZIONI: Costruttore ControllerCancellaUser
]]></system-err>
  </testcase>
  <testcase name="testGetIdRuoloF" classname="laptop.test.TestLaptop3" time="0.001">
    <system-err><![CDATA[ott 28, 2023 11:42:12 AM laptop.controller.ControllerUserPage <init>
INFORMAZIONI: Costruttore ControllerUserPage
ott 28, 2023 11:42:12 AM laptop.controller.ControllerAggiungiUtente <init>
INFORMAZIONI: Costruttore ControllerAggiungiUtente
ott 28, 2023 11:42:12 AM laptop.controller.ControllerModificaUtente <init>
INFORMAZIONI: Costruttore ControllerModificaUtente
ott 28, 2023 11:42:12 AM laptop.controller.ControllerCancellaUser <init>
INFORMAZIONI: Costruttore ControllerCancellaUser
]]></system-err>
  </testcase>
  <testcase name="testGetIdRuoloU(String)[1]" classname="laptop.test.TestLaptop3" time="0">
    <system-err><![CDATA[ott 28, 2023 11:42:12 AM laptop.controller.ControllerUserPage <init>
INFORMAZIONI: Costruttore ControllerUserPage
ott 28, 2023 11:42:12 AM laptop.controller.ControllerAggiungiUtente <init>
INFORMAZIONI: Costruttore ControllerAggiungiUtente
ott 28, 2023 11:42:12 AM laptop.controller.ControllerModificaUtente <init>
INFORMAZIONI: Costruttore ControllerModificaUtente
ott 28, 2023 11:42:12 AM laptop.controller.ControllerCancellaUser <init>
INFORMAZIONI: Costruttore ControllerCancellaUser
]]></system-err>
  </testcase>
  <testcase name="testGetIdRuoloU(String)[2]" classname="laptop.test.TestLaptop3" time="0.001">
    <system-err><![CDATA[ott 28, 2023 11:42:12 AM laptop.controller.ControllerUserPage <init>
INFORMAZIONI: Costruttore ControllerUserPage
ott 28, 2023 11:42:12 AM laptop.controller.ControllerAggiungiUtente <init>
INFORMAZIONI: Costruttore ControllerAggiungiUtente
ott 28, 2023 11:42:12 AM laptop.controller.ControllerModificaUtente <init>
INFORMAZIONI: Costruttore ControllerModificaUtente
ott 28, 2023 11:42:12 AM laptop.controller.ControllerCancellaUser <init>
INFORMAZIONI: Costruttore ControllerCancellaUser
]]></system-err>
  </testcase>
  <testcase name="testGetIdRuoloU(String)[3]" classname="laptop.test.TestLaptop3" time="0">
    <system-err><![CDATA[ott 28, 2023 11:42:12 AM laptop.controller.ControllerUserPage <init>
INFORMAZIONI: Costruttore ControllerUserPage
ott 28, 2023 11:42:12 AM laptop.controller.ControllerAggiungiUtente <init>
INFORMAZIONI: Costruttore ControllerAggiungiUtente
ott 28, 2023 11:42:12 AM laptop.controller.ControllerModificaUtente <init>
INFORMAZIONI: Costruttore ControllerModificaUtente
ott 28, 2023 11:42:12 AM laptop.controller.ControllerCancellaUser <init>
INFORMAZIONI: Costruttore ControllerCancellaUser
]]></system-err>
  </testcase>
  <testcase name="testGetCopieRim" classname="laptop.test.TestLaptop3" time="0.001">
    <system-err><![CDATA[ott 28, 2023 11:42:12 AM laptop.controller.ControllerUserPage <init>
INFORMAZIONI: Costruttore ControllerUserPage
ott 28, 2023 11:42:12 AM laptop.controller.ControllerAggiungiUtente <init>
INFORMAZIONI: Costruttore ControllerAggiungiUtente
ott 28, 2023 11:42:12 AM laptop.controller.ControllerModificaUtente <init>
INFORMAZIONI: Costruttore ControllerModificaUtente
ott 28, 2023 11:42:12 AM laptop.controller.ControllerCancellaUser <init>
INFORMAZIONI: Costruttore ControllerCancellaUser
]]></system-err>
  </testcase>
  <testcase name="testGetAutore(String)[1]" classname="laptop.test.TestLaptop3" time="0.001">
    <system-err><![CDATA[ott 28, 2023 11:42:13 AM laptop.controller.ControllerUserPage <init>
INFORMAZIONI: Costruttore ControllerUserPage
ott 28, 2023 11:42:13 AM laptop.controller.ControllerAggiungiUtente <init>
INFORMAZIONI: Costruttore ControllerAggiungiUtente
ott 28, 2023 11:42:13 AM laptop.controller.ControllerModificaUtente <init>
INFORMAZIONI: Costruttore ControllerModificaUtente
ott 28, 2023 11:42:13 AM laptop.controller.ControllerCancellaUser <init>
INFORMAZIONI: Costruttore ControllerCancellaUser
]]></system-err>
  </testcase>
  <testcase name="testGetAutore(String)[2]" classname="laptop.test.TestLaptop3" time="0.001">
    <system-err><![CDATA[ott 28, 2023 11:42:13 AM laptop.controller.ControllerUserPage <init>
INFORMAZIONI: Costruttore ControllerUserPage
ott 28, 2023 11:42:13 AM laptop.controller.ControllerAggiungiUtente <init>
INFORMAZIONI: Costruttore ControllerAggiungiUtente
ott 28, 2023 11:42:13 AM laptop.controller.ControllerModificaUtente <init>
INFORMAZIONI: Costruttore ControllerModificaUtente
ott 28, 2023 11:42:13 AM laptop.controller.ControllerCancellaUser <init>
INFORMAZIONI: Costruttore ControllerCancellaUser
]]></system-err>
  </testcase>
  <testcase name="testGetAutore(String)[3]" classname="laptop.test.TestLaptop3" time="0.001">
    <system-err><![CDATA[ott 28, 2023 11:42:13 AM laptop.controller.ControllerUserPage <init>
INFORMAZIONI: Costruttore ControllerUserPage
ott 28, 2023 11:42:13 AM laptop.controller.ControllerAggiungiUtente <init>
INFORMAZIONI: Costruttore ControllerAggiungiUtente
ott 28, 2023 11:42:13 AM laptop.controller.ControllerModificaUtente <init>
INFORMAZIONI: Costruttore ControllerModificaUtente
ott 28, 2023 11:42:13 AM laptop.controller.ControllerCancellaUser <init>
INFORMAZIONI: Costruttore ControllerCancellaUser
]]></system-err>
  </testcase>
  <testcase name="testGetInstanceU" classname="laptop.test.TestLaptop3" time="0.001">
    <system-err><![CDATA[ott 28, 2023 11:42:13 AM laptop.controller.ControllerUserPage <init>
INFORMAZIONI: Costruttore ControllerUserPage
ott 28, 2023 11:42:13 AM laptop.controller.ControllerAggiungiUtente <init>
INFORMAZIONI: Costruttore ControllerAggiungiUtente
ott 28, 2023 11:42:13 AM laptop.controller.ControllerModificaUtente <init>
INFORMAZIONI: Costruttore ControllerModificaUtente
ott 28, 2023 11:42:13 AM laptop.controller.ControllerCancellaUser <init>
INFORMAZIONI: Costruttore ControllerCancellaUser
]]></system-err>
  </testcase>
  <testcase name="testGetEmailU" classname="laptop.test.TestLaptop3" time="0">
    <system-err><![CDATA[ott 28, 2023 11:42:13 AM laptop.controller.ControllerUserPage <init>
INFORMAZIONI: Costruttore ControllerUserPage
ott 28, 2023 11:42:13 AM laptop.controller.ControllerAggiungiUtente <init>
INFORMAZIONI: Costruttore ControllerAggiungiUtente
ott 28, 2023 11:42:13 AM laptop.controller.ControllerModificaUtente <init>
INFORMAZIONI: Costruttore ControllerModificaUtente
ott 28, 2023 11:42:13 AM laptop.controller.ControllerCancellaUser <init>
INFORMAZIONI: Costruttore ControllerCancellaUser
]]></system-err>
  </testcase>
  <testcase name="testCheckData" classname="laptop.test.TestLaptop3" time="0.369">
    <system-err><![CDATA[ott 28, 2023 11:42:13 AM laptop.controller.ControllerUserPage <init>
INFORMAZIONI: Costruttore ControllerUserPage
ott 28, 2023 11:42:13 AM laptop.controller.ControllerAggiungiUtente <init>
INFORMAZIONI: Costruttore ControllerAggiungiUtente
ott 28, 2023 11:42:13 AM laptop.controller.ControllerModificaUtente <init>
INFORMAZIONI: Costruttore ControllerModificaUtente
ott 28, 2023 11:42:13 AM laptop.controller.ControllerCancellaUser <init>
INFORMAZIONI: Costruttore ControllerCancellaUser
ott 28, 2023 11:42:13 AM laptop.utilities.ConnToDb generalConnection
INFORMAZIONI: Tentativo di conessione al server..........\\n
ott 28, 2023 11:42:13 AM laptop.utilities.ConnToDb generalConnection
INFORMAZIONI: Connesso standard ........

]]></system-err>
  </testcase>
  <testcase name="testCheckDisp" classname="laptop.test.TestLaptop3" time="0.045">
    <system-err><![CDATA[ott 28, 2023 11:42:13 AM laptop.controller.ControllerUserPage <init>
INFORMAZIONI: Costruttore ControllerUserPage
ott 28, 2023 11:42:13 AM laptop.controller.ControllerAggiungiUtente <init>
INFORMAZIONI: Costruttore ControllerAggiungiUtente
ott 28, 2023 11:42:13 AM laptop.controller.ControllerModificaUtente <init>
INFORMAZIONI: Costruttore ControllerModificaUtente
ott 28, 2023 11:42:13 AM laptop.controller.ControllerCancellaUser <init>
INFORMAZIONI: Costruttore ControllerCancellaUser
ott 28, 2023 11:42:13 AM laptop.utilities.ConnToDb generalConnection
INFORMAZIONI: Tentativo di conessione al server..........\\n
ott 28, 2023 11:42:13 AM laptop.utilities.ConnToDb generalConnection
INFORMAZIONI: Connesso standard ........

]]></system-err>
  </testcase>
  <testcase name="testIdLibro" classname="laptop.test.TestLaptop3" time="0.047">
    <system-err><![CDATA[ott 28, 2023 11:42:13 AM laptop.controller.ControllerUserPage <init>
INFORMAZIONI: Costruttore ControllerUserPage
ott 28, 2023 11:42:13 AM laptop.controller.ControllerAggiungiUtente <init>
INFORMAZIONI: Costruttore ControllerAggiungiUtente
ott 28, 2023 11:42:13 AM laptop.controller.ControllerModificaUtente <init>
INFORMAZIONI: Costruttore ControllerModificaUtente
ott 28, 2023 11:42:13 AM laptop.controller.ControllerCancellaUser <init>
INFORMAZIONI: Costruttore ControllerCancellaUser
ott 28, 2023 11:42:13 AM laptop.utilities.ConnToDb generalConnection
INFORMAZIONI: Tentativo di conessione al server..........\\n
ott 28, 2023 11:42:13 AM laptop.utilities.ConnToDb generalConnection
INFORMAZIONI: Connesso standard ........

]]></system-err>
  </testcase>
  <testcase name="testAggiornaCopieVendute" classname="laptop.test.TestLaptop3" time="0.177">
    <system-err><![CDATA[ott 28, 2023 11:42:13 AM laptop.controller.ControllerUserPage <init>
INFORMAZIONI: Costruttore ControllerUserPage
ott 28, 2023 11:42:13 AM laptop.controller.ControllerAggiungiUtente <init>
INFORMAZIONI: Costruttore ControllerAggiungiUtente
ott 28, 2023 11:42:13 AM laptop.controller.ControllerModificaUtente <init>
INFORMAZIONI: Costruttore ControllerModificaUtente
ott 28, 2023 11:42:13 AM laptop.controller.ControllerCancellaUser <init>
INFORMAZIONI: Costruttore ControllerCancellaUser
ott 28, 2023 11:42:13 AM laptop.utilities.ConnToDb generalConnection
INFORMAZIONI: Tentativo di conessione al server..........\\n
ott 28, 2023 11:42:13 AM laptop.utilities.ConnToDb generalConnection
INFORMAZIONI: Connesso standard ........

]]></system-err>
  </testcase>
  <testcase name="testGetLingua" classname="laptop.test.TestLaptop3" time="0">
    <system-err><![CDATA[ott 28, 2023 11:42:13 AM laptop.controller.ControllerUserPage <init>
INFORMAZIONI: Costruttore ControllerUserPage
ott 28, 2023 11:42:13 AM laptop.controller.ControllerAggiungiUtente <init>
INFORMAZIONI: Costruttore ControllerAggiungiUtente
ott 28, 2023 11:42:13 AM laptop.controller.ControllerModificaUtente <init>
INFORMAZIONI: Costruttore ControllerModificaUtente
ott 28, 2023 11:42:13 AM laptop.controller.ControllerCancellaUser <init>
INFORMAZIONI: Costruttore ControllerCancellaUser
]]></system-err>
  </testcase>
  <testcase name="testGetCognome" classname="laptop.test.TestLaptop3" time="0.001">
    <system-err><![CDATA[ott 28, 2023 11:42:13 AM laptop.controller.ControllerUserPage <init>
INFORMAZIONI: Costruttore ControllerUserPage
ott 28, 2023 11:42:13 AM laptop.controller.ControllerAggiungiUtente <init>
INFORMAZIONI: Costruttore ControllerAggiungiUtente
ott 28, 2023 11:42:13 AM laptop.controller.ControllerModificaUtente <init>
INFORMAZIONI: Costruttore ControllerModificaUtente
ott 28, 2023 11:42:13 AM laptop.controller.ControllerCancellaUser <init>
INFORMAZIONI: Costruttore ControllerCancellaUser
]]></system-err>
  </testcase>
  <testcase name="testRivistaSinngoloById" classname="laptop.test.TestLaptop3" time="0.03">
    <system-err><![CDATA[ott 28, 2023 11:42:13 AM laptop.controller.ControllerUserPage <init>
INFORMAZIONI: Costruttore ControllerUserPage
ott 28, 2023 11:42:13 AM laptop.controller.ControllerAggiungiUtente <init>
INFORMAZIONI: Costruttore ControllerAggiungiUtente
ott 28, 2023 11:42:13 AM laptop.controller.ControllerModificaUtente <init>
INFORMAZIONI: Costruttore ControllerModificaUtente
ott 28, 2023 11:42:13 AM laptop.controller.ControllerCancellaUser <init>
INFORMAZIONI: Costruttore ControllerCancellaUser
ott 28, 2023 11:42:13 AM laptop.utilities.ConnToDb generalConnection
INFORMAZIONI: Tentativo di conessione al server..........\\n
ott 28, 2023 11:42:13 AM laptop.utilities.ConnToDb generalConnection
INFORMAZIONI: Connesso standard ........

]]></system-err>
  </testcase>
  <testcase name="testGetIdU" classname="laptop.test.TestLaptop3" time="0.001">
    <system-err><![CDATA[ott 28, 2023 11:42:13 AM laptop.controller.ControllerUserPage <init>
INFORMAZIONI: Costruttore ControllerUserPage
ott 28, 2023 11:42:13 AM laptop.controller.ControllerAggiungiUtente <init>
INFORMAZIONI: Costruttore ControllerAggiungiUtente
ott 28, 2023 11:42:13 AM laptop.controller.ControllerModificaUtente <init>
INFORMAZIONI: Costruttore ControllerModificaUtente
ott 28, 2023 11:42:13 AM laptop.controller.ControllerCancellaUser <init>
INFORMAZIONI: Costruttore ControllerCancellaUser
]]></system-err>
  </testcase>
  <testcase name="testGetPrezzo" classname="laptop.test.TestLaptop3" time="0.001">
    <system-err><![CDATA[ott 28, 2023 11:42:13 AM laptop.controller.ControllerUserPage <init>
INFORMAZIONI: Costruttore ControllerUserPage
ott 28, 2023 11:42:13 AM laptop.controller.ControllerAggiungiUtente <init>
INFORMAZIONI: Costruttore ControllerAggiungiUtente
ott 28, 2023 11:42:13 AM laptop.controller.ControllerModificaUtente <init>
INFORMAZIONI: Costruttore ControllerModificaUtente
ott 28, 2023 11:42:13 AM laptop.controller.ControllerCancellaUser <init>
INFORMAZIONI: Costruttore ControllerCancellaUser
]]></system-err>
  </testcase>
  <testcase name="testGetTitolo(String)[1]" classname="laptop.test.TestLaptop3" time="0.002">
    <system-err><![CDATA[ott 28, 2023 11:42:13 AM laptop.controller.ControllerUserPage <init>
INFORMAZIONI: Costruttore ControllerUserPage
ott 28, 2023 11:42:13 AM laptop.controller.ControllerAggiungiUtente <init>
INFORMAZIONI: Costruttore ControllerAggiungiUtente
ott 28, 2023 11:42:13 AM laptop.controller.ControllerModificaUtente <init>
INFORMAZIONI: Costruttore ControllerModificaUtente
ott 28, 2023 11:42:13 AM laptop.controller.ControllerCancellaUser <init>
INFORMAZIONI: Costruttore ControllerCancellaUser
]]></system-err>
  </testcase>
  <testcase name="testGetTitolo(String)[2]" classname="laptop.test.TestLaptop3" time="0.001">
    <system-err><![CDATA[ott 28, 2023 11:42:13 AM laptop.controller.ControllerUserPage <init>
INFORMAZIONI: Costruttore ControllerUserPage
ott 28, 2023 11:42:13 AM laptop.controller.ControllerAggiungiUtente <init>
INFORMAZIONI: Costruttore ControllerAggiungiUtente
ott 28, 2023 11:42:13 AM laptop.controller.ControllerModificaUtente <init>
INFORMAZIONI: Costruttore ControllerModificaUtente
ott 28, 2023 11:42:13 AM laptop.controller.ControllerCancellaUser <init>
INFORMAZIONI: Costruttore ControllerCancellaUser
]]></system-err>
  </testcase>
  <testcase name="testGetTitolo(String)[3]" classname="laptop.test.TestLaptop3" time="0">
    <system-err><![CDATA[ott 28, 2023 11:42:13 AM laptop.controller.ControllerUserPage <init>
INFORMAZIONI: Costruttore ControllerUserPage
ott 28, 2023 11:42:13 AM laptop.controller.ControllerAggiungiUtente <init>
INFORMAZIONI: Costruttore ControllerAggiungiUtente
ott 28, 2023 11:42:13 AM laptop.controller.ControllerModificaUtente <init>
INFORMAZIONI: Costruttore ControllerModificaUtente
ott 28, 2023 11:42:13 AM laptop.controller.ControllerCancellaUser <init>
INFORMAZIONI: Costruttore ControllerCancellaUser
]]></system-err>
  </testcase>
  <testcase name="testScarica(int)[1]" classname="laptop.test.TestLaptop3" time="0.04">
    <system-err><![CDATA[ott 28, 2023 11:42:13 AM laptop.controller.ControllerUserPage <init>
INFORMAZIONI: Costruttore ControllerUserPage
ott 28, 2023 11:42:13 AM laptop.controller.ControllerAggiungiUtente <init>
INFORMAZIONI: Costruttore ControllerAggiungiUtente
ott 28, 2023 11:42:13 AM laptop.controller.ControllerModificaUtente <init>
INFORMAZIONI: Costruttore ControllerModificaUtente
ott 28, 2023 11:42:13 AM laptop.controller.ControllerCancellaUser <init>
INFORMAZIONI: Costruttore ControllerCancellaUser
]]></system-err>
  </testcase>
  <testcase name="testScarica(int)[2]" classname="laptop.test.TestLaptop3" time="0.035">
    <system-err><![CDATA[ott 28, 2023 11:42:13 AM laptop.controller.ControllerUserPage <init>
INFORMAZIONI: Costruttore ControllerUserPage
ott 28, 2023 11:42:13 AM laptop.controller.ControllerAggiungiUtente <init>
INFORMAZIONI: Costruttore ControllerAggiungiUtente
ott 28, 2023 11:42:13 AM laptop.controller.ControllerModificaUtente <init>
INFORMAZIONI: Costruttore ControllerModificaUtente
ott 28, 2023 11:42:13 AM laptop.controller.ControllerCancellaUser <init>
INFORMAZIONI: Costruttore ControllerCancellaUser
]]></system-err>
  </testcase>
  <testcase name="testScarica(int)[3]" classname="laptop.test.TestLaptop3" time="0.022">
    <system-err><![CDATA[ott 28, 2023 11:42:13 AM laptop.controller.ControllerUserPage <init>
INFORMAZIONI: Costruttore ControllerUserPage
ott 28, 2023 11:42:13 AM laptop.controller.ControllerAggiungiUtente <init>
INFORMAZIONI: Costruttore ControllerAggiungiUtente
ott 28, 2023 11:42:13 AM laptop.controller.ControllerModificaUtente <init>
INFORMAZIONI: Costruttore ControllerModificaUtente
ott 28, 2023 11:42:13 AM laptop.controller.ControllerCancellaUser <init>
INFORMAZIONI: Costruttore ControllerCancellaUser
]]></system-err>
  </testcase>
  <testcase name="testScarica(int)[4]" classname="laptop.test.TestLaptop3" time="0.025">
    <system-err><![CDATA[ott 28, 2023 11:42:13 AM laptop.controller.ControllerUserPage <init>
INFORMAZIONI: Costruttore ControllerUserPage
ott 28, 2023 11:42:13 AM laptop.controller.ControllerAggiungiUtente <init>
INFORMAZIONI: Costruttore ControllerAggiungiUtente
ott 28, 2023 11:42:13 AM laptop.controller.ControllerModificaUtente <init>
INFORMAZIONI: Costruttore ControllerModificaUtente
ott 28, 2023 11:42:13 AM laptop.controller.ControllerCancellaUser <init>
INFORMAZIONI: Costruttore ControllerCancellaUser
]]></system-err>
  </testcase>
  <testcase name="testScarica(int)[5]" classname="laptop.test.TestLaptop3" time="0.036">
    <system-err><![CDATA[ott 28, 2023 11:42:13 AM laptop.controller.ControllerUserPage <init>
INFORMAZIONI: Costruttore ControllerUserPage
ott 28, 2023 11:42:13 AM laptop.controller.ControllerAggiungiUtente <init>
INFORMAZIONI: Costruttore ControllerAggiungiUtente
ott 28, 2023 11:42:13 AM laptop.controller.ControllerModificaUtente <init>
INFORMAZIONI: Costruttore ControllerModificaUtente
ott 28, 2023 11:42:13 AM laptop.controller.ControllerCancellaUser <init>
INFORMAZIONI: Costruttore ControllerCancellaUser
]]></system-err>
  </testcase>
  <testcase name="testGetUtenti" classname="laptop.test.TestLaptop3" time="0.041">
    <system-err><![CDATA[ott 28, 2023 11:42:13 AM laptop.controller.ControllerUserPage <init>
INFORMAZIONI: Costruttore ControllerUserPage
ott 28, 2023 11:42:13 AM laptop.controller.ControllerAggiungiUtente <init>
INFORMAZIONI: Costruttore ControllerAggiungiUtente
ott 28, 2023 11:42:13 AM laptop.controller.ControllerModificaUtente <init>
INFORMAZIONI: Costruttore ControllerModificaUtente
ott 28, 2023 11:42:13 AM laptop.controller.ControllerCancellaUser <init>
INFORMAZIONI: Costruttore ControllerCancellaUser
ott 28, 2023 11:42:13 AM laptop.utilities.ConnToDb generalConnection
INFORMAZIONI: Tentativo di conessione al server..........\\n
ott 28, 2023 11:42:13 AM laptop.utilities.ConnToDb generalConnection
INFORMAZIONI: Connesso standard ........

]]></system-err>
  </testcase>
  <testcase name="testGetIdRuoloFU" classname="laptop.test.TestLaptop3" time="0.001">
    <system-err><![CDATA[ott 28, 2023 11:42:13 AM laptop.controller.ControllerUserPage <init>
INFORMAZIONI: Costruttore ControllerUserPage
ott 28, 2023 11:42:13 AM laptop.controller.ControllerAggiungiUtente <init>
INFORMAZIONI: Costruttore ControllerAggiungiUtente
ott 28, 2023 11:42:13 AM laptop.controller.ControllerModificaUtente <init>
INFORMAZIONI: Costruttore ControllerModificaUtente
ott 28, 2023 11:42:13 AM laptop.controller.ControllerCancellaUser <init>
INFORMAZIONI: Costruttore ControllerCancellaUser
]]></system-err>
  </testcase>
  <testcase name="testGetTitoloRivista" classname="laptop.test.TestLaptop3" time="0.025">
    <system-err><![CDATA[ott 28, 2023 11:42:13 AM laptop.controller.ControllerUserPage <init>
INFORMAZIONI: Costruttore ControllerUserPage
ott 28, 2023 11:42:13 AM laptop.controller.ControllerAggiungiUtente <init>
INFORMAZIONI: Costruttore ControllerAggiungiUtente
ott 28, 2023 11:42:13 AM laptop.controller.ControllerModificaUtente <init>
INFORMAZIONI: Costruttore ControllerModificaUtente
ott 28, 2023 11:42:13 AM laptop.controller.ControllerCancellaUser <init>
INFORMAZIONI: Costruttore ControllerCancellaUser
ott 28, 2023 11:42:13 AM laptop.utilities.ConnToDb generalConnection
INFORMAZIONI: Tentativo di conessione al server..........\\n
ott 28, 2023 11:42:13 AM laptop.utilities.ConnToDb generalConnection
INFORMAZIONI: Connesso standard ........

]]></system-err>
  </testcase>
  <testcase name="testGetDataDiNascita" classname="laptop.test.TestLaptop3" time="0">
    <system-err><![CDATA[ott 28, 2023 11:42:13 AM laptop.controller.ControllerUserPage <init>
INFORMAZIONI: Costruttore ControllerUserPage
ott 28, 2023 11:42:13 AM laptop.controller.ControllerAggiungiUtente <init>
INFORMAZIONI: Costruttore ControllerAggiungiUtente
ott 28, 2023 11:42:13 AM laptop.controller.ControllerModificaUtente <init>
INFORMAZIONI: Costruttore ControllerModificaUtente
ott 28, 2023 11:42:13 AM laptop.controller.ControllerCancellaUser <init>
INFORMAZIONI: Costruttore ControllerCancellaUser
]]></system-err>
  </testcase>
  <testcase name="testLibroTitolo" classname="laptop.test.TestLaptop3" time="0.034">
    <system-err><![CDATA[ott 28, 2023 11:42:13 AM laptop.controller.ControllerUserPage <init>
INFORMAZIONI: Costruttore ControllerUserPage
ott 28, 2023 11:42:13 AM laptop.controller.ControllerAggiungiUtente <init>
INFORMAZIONI: Costruttore ControllerAggiungiUtente
ott 28, 2023 11:42:13 AM laptop.controller.ControllerModificaUtente <init>
INFORMAZIONI: Costruttore ControllerModificaUtente
ott 28, 2023 11:42:13 AM laptop.controller.ControllerCancellaUser <init>
INFORMAZIONI: Costruttore ControllerCancellaUser
ott 28, 2023 11:42:13 AM laptop.utilities.ConnToDb generalConnection
INFORMAZIONI: Tentativo di conessione al server..........\\n
ott 28, 2023 11:42:14 AM laptop.utilities.ConnToDb generalConnection
INFORMAZIONI: Connesso standard ........

]]></system-err>
  </testcase>
  <testcase name="testCambioTemUser" classname="laptop.test.TestLaptop3" time="0.577">
    <system-err><![CDATA[ott 28, 2023 11:42:14 AM laptop.controller.ControllerUserPage <init>
INFORMAZIONI: Costruttore ControllerUserPage
ott 28, 2023 11:42:14 AM laptop.controller.ControllerAggiungiUtente <init>
INFORMAZIONI: Costruttore ControllerAggiungiUtente
ott 28, 2023 11:42:14 AM laptop.controller.ControllerModificaUtente <init>
INFORMAZIONI: Costruttore ControllerModificaUtente
ott 28, 2023 11:42:14 AM laptop.controller.ControllerCancellaUser <init>
INFORMAZIONI: Costruttore ControllerCancellaUser
ott 28, 2023 11:42:14 AM laptop.utilities.ConnToDb generalConnection
INFORMAZIONI: Tentativo di conessione al server..........\\n
ott 28, 2023 11:42:14 AM laptop.utilities.ConnToDb generalConnection
INFORMAZIONI: Connesso standard ........

ott 28, 2023 11:42:14 AM laptop.utilities.ConnToDb generalConnection
INFORMAZIONI: Tentativo di conessione al server..........\\n
ott 28, 2023 11:42:14 AM laptop.utilities.ConnToDb generalConnection
INFORMAZIONI: Connesso standard ........

ott 28, 2023 11:42:14 AM laptop.utilities.ConnToDb generalConnection
INFORMAZIONI: Tentativo di conessione al server..........\\n
ott 28, 2023 11:42:14 AM laptop.utilities.ConnToDb generalConnection
INFORMAZIONI: Connesso standard ........

]]></system-err>
  </testcase>
  <testcase name="testGetPagamenti" classname="laptop.test.TestLaptop3" time="0.062">
    <system-err><![CDATA[ott 28, 2023 11:42:14 AM laptop.controller.ControllerUserPage <init>
INFORMAZIONI: Costruttore ControllerUserPage
ott 28, 2023 11:42:14 AM laptop.controller.ControllerAggiungiUtente <init>
INFORMAZIONI: Costruttore ControllerAggiungiUtente
ott 28, 2023 11:42:14 AM laptop.controller.ControllerModificaUtente <init>
INFORMAZIONI: Costruttore ControllerModificaUtente
ott 28, 2023 11:42:14 AM laptop.controller.ControllerCancellaUser <init>
INFORMAZIONI: Costruttore ControllerCancellaUser
ott 28, 2023 11:42:14 AM laptop.utilities.ConnToDb generalConnection
INFORMAZIONI: Tentativo di conessione al server..........\\n
ott 28, 2023 11:42:14 AM laptop.utilities.ConnToDb generalConnection
INFORMAZIONI: Connesso standard ........

]]></system-err>
  </testcase>
  <testcase name="testGetIdRuolo(String)[1]" classname="laptop.test.TestLaptop3" time="0.001">
    <system-err><![CDATA[ott 28, 2023 11:42:14 AM laptop.controller.ControllerUserPage <init>
INFORMAZIONI: Costruttore ControllerUserPage
ott 28, 2023 11:42:14 AM laptop.controller.ControllerAggiungiUtente <init>
INFORMAZIONI: Costruttore ControllerAggiungiUtente
ott 28, 2023 11:42:14 AM laptop.controller.ControllerModificaUtente <init>
INFORMAZIONI: Costruttore ControllerModificaUtente
ott 28, 2023 11:42:14 AM laptop.controller.ControllerCancellaUser <init>
INFORMAZIONI: Costruttore ControllerCancellaUser
]]></system-err>
  </testcase>
  <testcase name="testGetIdRuolo(String)[2]" classname="laptop.test.TestLaptop3" time="0.003">
    <system-err><![CDATA[ott 28, 2023 11:42:14 AM laptop.controller.ControllerUserPage <init>
INFORMAZIONI: Costruttore ControllerUserPage
ott 28, 2023 11:42:14 AM laptop.controller.ControllerAggiungiUtente <init>
INFORMAZIONI: Costruttore ControllerAggiungiUtente
ott 28, 2023 11:42:14 AM laptop.controller.ControllerModificaUtente <init>
INFORMAZIONI: Costruttore ControllerModificaUtente
ott 28, 2023 11:42:14 AM laptop.controller.ControllerCancellaUser <init>
INFORMAZIONI: Costruttore ControllerCancellaUser
]]></system-err>
  </testcase>
  <testcase name="testGetIdRuolo(String)[3]" classname="laptop.test.TestLaptop3" time="0.001">
    <system-err><![CDATA[ott 28, 2023 11:42:14 AM laptop.controller.ControllerUserPage <init>
INFORMAZIONI: Costruttore ControllerUserPage
ott 28, 2023 11:42:14 AM laptop.controller.ControllerAggiungiUtente <init>
INFORMAZIONI: Costruttore ControllerAggiungiUtente
ott 28, 2023 11:42:14 AM laptop.controller.ControllerModificaUtente <init>
INFORMAZIONI: Costruttore ControllerModificaUtente
ott 28, 2023 11:42:14 AM laptop.controller.ControllerCancellaUser <init>
INFORMAZIONI: Costruttore ControllerCancellaUser
]]></system-err>
  </testcase>
  <testcase name="testGetInstance" classname="laptop.test.TestLaptop3" time="0.001">
    <system-err><![CDATA[ott 28, 2023 11:42:14 AM laptop.controller.ControllerUserPage <init>
INFORMAZIONI: Costruttore ControllerUserPage
ott 28, 2023 11:42:14 AM laptop.controller.ControllerAggiungiUtente <init>
INFORMAZIONI: Costruttore ControllerAggiungiUtente
ott 28, 2023 11:42:14 AM laptop.controller.ControllerModificaUtente <init>
INFORMAZIONI: Costruttore ControllerModificaUtente
ott 28, 2023 11:42:14 AM laptop.controller.ControllerCancellaUser <init>
INFORMAZIONI: Costruttore ControllerCancellaUser
]]></system-err>
  </testcase>
</testsuite>