<?xml version="1.0" encoding="UTF-8"?>
<testsuite xmlns:xsi="http://www.w3.org/2001/XMLSchema-instance" xsi:noNamespaceSchemaLocation="https://maven.apache.org/surefire/maven-surefire-plugin/xsd/surefire-test-report-3.0.xsd" version="3.0" name="laptop.test.TestLaptop1" time="69.316" tests="77" errors="0" skipped="0" failures="0">
  <properties>
    <property name="java.specification.version" value="17"/>
    <property name="sun.cpu.isalist" value="amd64"/>
    <property name="sun.jnu.encoding" value="Cp1252"/>
    <property name="sun.awt.enableExtraMouseButtons" value="true"/>
    <property name="java.class.path" value="C:\Users\dani\eclipse-workspace\LibreriaMaven\target\test-classes;C:\Users\dani\eclipse-workspace\LibreriaMaven\target\classes;C:\Users\dani\.m2\repository\org\junit\jupiter\junit-jupiter-api\5.9.1\junit-jupiter-api-5.9.1.jar;C:\Users\dani\.m2\repository\org\opentest4j\opentest4j\1.2.0\opentest4j-1.2.0.jar;C:\Users\dani\.m2\repository\org\junit\platform\junit-platform-commons\1.9.1\junit-platform-commons-1.9.1.jar;C:\Users\dani\.m2\repository\org\apiguardian\apiguardian-api\1.1.2\apiguardian-api-1.1.2.jar;C:\Users\dani\.m2\repository\org\junit\jupiter\junit-jupiter-engine\5.9.1\junit-jupiter-engine-5.9.1.jar;C:\Users\dani\.m2\repository\org\junit\platform\junit-platform-engine\1.9.1\junit-platform-engine-1.9.1.jar;C:\Users\dani\.m2\repository\org\junit\jupiter\junit-jupiter-params\5.9.1\junit-jupiter-params-5.9.1.jar;C:\Users\dani\.m2\repository\org\openjfx\javafx-controls\11\javafx-controls-11-win.jar;C:\Users\dani\.m2\repository\org\openjfx\javafx-graphics\11\javafx-graphics-11.jar;C:\Users\dani\.m2\repository\org\openjfx\javafx-graphics\11\javafx-graphics-11-win.jar;C:\Users\dani\.m2\repository\org\openjfx\javafx-base\11\javafx-base-11.jar;C:\Users\dani\.m2\repository\org\openjfx\javafx-base\11\javafx-base-11-win.jar;C:\Users\dani\.m2\repository\org\openjfx\javafx-fxml\11\javafx-fxml-11.jar;C:\Users\dani\.m2\repository\org\openjfx\javafx-fxml\11\javafx-fxml-11-win.jar;C:\Users\dani\.m2\repository\org\openjfx\javafx-controls\11\javafx-controls-11.jar;C:\Users\dani\.m2\repository\org\mybatis\mybatis\3.5.11\mybatis-3.5.11.jar;C:\Users\dani\.m2\repository\com\mysql\mysql-connector-j\8.0.31\mysql-connector-j-8.0.31.jar;C:\Users\dani\.m2\repository\com\google\protobuf\protobuf-java\3.19.4\protobuf-java-3.19.4.jar;C:\Users\dani\.m2\repository\com\itextpdf\itextpdf\5.5.13.3\itextpdf-5.5.13.3.jar;C:\Users\dani\.m2\repository\org\glassfish\web\jakarta.servlet.jsp.jstl\2.0.0\jakarta.servlet.jsp.jstl-2.0.0.jar;C:\Users\dani\.m2\repository\jakarta\servlet\jsp\jstl\jakarta.servlet.jsp.jstl-api\2.0.0\jakarta.servlet.jsp.jstl-api-2.0.0.jar;C:\Users\dani\.m2\repository\jakarta\servlet\jakarta.servlet-api\5.0.0\jakarta.servlet-api-5.0.0.jar;C:\Users\dani\.m2\repository\jakarta\el\jakarta.el-api\4.0.0\jakarta.el-api-4.0.0.jar;C:\Users\dani\.m2\repository\jakarta\xml\bind\jakarta.xml.bind-api\3.0.0\jakarta.xml.bind-api-3.0.0.jar;C:\Users\dani\.m2\repository\com\sun\activation\jakarta.activation\2.0.0\jakarta.activation-2.0.0.jar;C:\Users\dani\.m2\repository\org\seleniumhq\selenium\selenium-java\4.6.0\selenium-java-4.6.0.jar;C:\Users\dani\.m2\repository\org\seleniumhq\selenium\selenium-api\4.6.0\selenium-api-4.6.0.jar;C:\Users\dani\.m2\repository\org\seleniumhq\selenium\selenium-devtools-v105\4.6.0\selenium-devtools-v105-4.6.0.jar;C:\Users\dani\.m2\repository\org\seleniumhq\selenium\selenium-devtools-v106\4.6.0\selenium-devtools-v106-4.6.0.jar;C:\Users\dani\.m2\repository\org\seleniumhq\selenium\selenium-devtools-v107\4.6.0\selenium-devtools-v107-4.6.0.jar;C:\Users\dani\.m2\repository\org\seleniumhq\selenium\selenium-devtools-v85\4.6.0\selenium-devtools-v85-4.6.0.jar;C:\Users\dani\.m2\repository\org\seleniumhq\selenium\selenium-edge-driver\4.6.0\selenium-edge-driver-4.6.0.jar;C:\Users\dani\.m2\repository\org\seleniumhq\selenium\selenium-firefox-driver\4.6.0\selenium-firefox-driver-4.6.0.jar;C:\Users\dani\.m2\repository\org\seleniumhq\selenium\selenium-ie-driver\4.6.0\selenium-ie-driver-4.6.0.jar;C:\Users\dani\.m2\repository\org\seleniumhq\selenium\selenium-remote-driver\4.6.0\selenium-remote-driver-4.6.0.jar;C:\Users\dani\.m2\repository\com\beust\jcommander\1.82\jcommander-1.82.jar;C:\Users\dani\.m2\repository\io\netty\netty-buffer\4.1.84.Final\netty-buffer-4.1.84.Final.jar;C:\Users\dani\.m2\repository\io\netty\netty-codec-http\4.1.84.Final\netty-codec-http-4.1.84.Final.jar;C:\Users\dani\.m2\repository\io\netty\netty-codec\4.1.84.Final\netty-codec-4.1.84.Final.jar;C:\Users\dani\.m2\repository\io\netty\netty-handler\4.1.84.Final\netty-handler-4.1.84.Final.jar;C:\Users\dani\.m2\repository\io\netty\netty-common\4.1.84.Final\netty-common-4.1.84.Final.jar;C:\Users\dani\.m2\repository\io\netty\netty-transport-classes-epoll\4.1.84.Final\netty-transport-classes-epoll-4.1.84.Final.jar;C:\Users\dani\.m2\repository\io\netty\netty-transport-classes-kqueue\4.1.84.Final\netty-transport-classes-kqueue-4.1.84.Final.jar;C:\Users\dani\.m2\repository\io\netty\netty-transport-native-epoll\4.1.84.Final\netty-transport-native-epoll-4.1.84.Final.jar;C:\Users\dani\.m2\repository\io\netty\netty-transport-native-kqueue\4.1.84.Final\netty-transport-native-kqueue-4.1.84.Final.jar;C:\Users\dani\.m2\repository\io\netty\netty-transport-native-unix-common\4.1.84.Final\netty-transport-native-unix-common-4.1.84.Final.jar;C:\Users\dani\.m2\repository\io\netty\netty-transport\4.1.84.Final\netty-transport-4.1.84.Final.jar;C:\Users\dani\.m2\repository\io\netty\netty-resolver\4.1.84.Final\netty-resolver-4.1.84.Final.jar;C:\Users\dani\.m2\repository\io\opentelemetry\opentelemetry-api\1.19.0\opentelemetry-api-1.19.0.jar;C:\Users\dani\.m2\repository\io\opentelemetry\opentelemetry-context\1.19.0\opentelemetry-context-1.19.0.jar;C:\Users\dani\.m2\repository\io\opentelemetry\opentelemetry-exporter-logging\1.19.0\opentelemetry-exporter-logging-1.19.0.jar;C:\Users\dani\.m2\repository\io\opentelemetry\opentelemetry-sdk-metrics\1.19.0\opentelemetry-sdk-metrics-1.19.0.jar;C:\Users\dani\.m2\repository\io\opentelemetry\opentelemetry-sdk-logs\1.19.0-alpha\opentelemetry-sdk-logs-1.19.0-alpha.jar;C:\Users\dani\.m2\repository\io\opentelemetry\opentelemetry-api-logs\1.19.0-alpha\opentelemetry-api-logs-1.19.0-alpha.jar;C:\Users\dani\.m2\repository\io\opentelemetry\opentelemetry-sdk-common\1.19.0\opentelemetry-sdk-common-1.19.0.jar;C:\Users\dani\.m2\repository\io\opentelemetry\opentelemetry-sdk-extension-autoconfigure-spi\1.19.0\opentelemetry-sdk-extension-autoconfigure-spi-1.19.0.jar;C:\Users\dani\.m2\repository\io\opentelemetry\opentelemetry-sdk-extension-autoconfigure\1.19.0-alpha\opentelemetry-sdk-extension-autoconfigure-1.19.0-alpha.jar;C:\Users\dani\.m2\repository\io\opentelemetry\opentelemetry-exporter-common\1.19.0\opentelemetry-exporter-common-1.19.0.jar;C:\Users\dani\.m2\repository\io\opentelemetry\opentelemetry-sdk-trace\1.19.0\opentelemetry-sdk-trace-1.19.0.jar;C:\Users\dani\.m2\repository\io\opentelemetry\opentelemetry-sdk\1.19.0\opentelemetry-sdk-1.19.0.jar;C:\Users\dani\.m2\repository\io\opentelemetry\opentelemetry-semconv\1.19.0-alpha\opentelemetry-semconv-1.19.0-alpha.jar;C:\Users\dani\.m2\repository\io\ous\jtoml\2.0.0\jtoml-2.0.0.jar;C:\Users\dani\.m2\repository\net\bytebuddy\byte-buddy\1.12.18\byte-buddy-1.12.18.jar;C:\Users\dani\.m2\repository\org\apache\commons\commons-exec\1.3\commons-exec-1.3.jar;C:\Users\dani\.m2\repository\org\asynchttpclient\async-http-client\2.12.3\async-http-client-2.12.3.jar;C:\Users\dani\.m2\repository\org\asynchttpclient\async-http-client-netty-utils\2.12.3\async-http-client-netty-utils-2.12.3.jar;C:\Users\dani\.m2\repository\io\netty\netty-codec-socks\4.1.60.Final\netty-codec-socks-4.1.60.Final.jar;C:\Users\dani\.m2\repository\io\netty\netty-handler-proxy\4.1.60.Final\netty-handler-proxy-4.1.60.Final.jar;C:\Users\dani\.m2\repository\io\netty\netty-transport-native-epoll\4.1.60.Final\netty-transport-native-epoll-4.1.60.Final-linux-x86_64.jar;C:\Users\dani\.m2\repository\io\netty\netty-transport-native-kqueue\4.1.60.Final\netty-transport-native-kqueue-4.1.60.Final-osx-x86_64.jar;C:\Users\dani\.m2\repository\org\reactivestreams\reactive-streams\1.0.3\reactive-streams-1.0.3.jar;C:\Users\dani\.m2\repository\com\typesafe\netty\netty-reactive-streams\2.0.4\netty-reactive-streams-2.0.4.jar;C:\Users\dani\.m2\repository\org\slf4j\slf4j-api\1.7.30\slf4j-api-1.7.30.jar;C:\Users\dani\.m2\repository\org\seleniumhq\selenium\selenium-http\4.6.0\selenium-http-4.6.0.jar;C:\Users\dani\.m2\repository\dev\failsafe\failsafe\3.3.0\failsafe-3.3.0.jar;C:\Users\dani\.m2\repository\org\seleniumhq\selenium\selenium-manager\4.6.0\selenium-manager-4.6.0.jar;C:\Users\dani\.m2\repository\org\seleniumhq\selenium\selenium-safari-driver\4.6.0\selenium-safari-driver-4.6.0.jar;C:\Users\dani\.m2\repository\org\seleniumhq\selenium\selenium-support\4.6.0\selenium-support-4.6.0.jar;C:\Users\dani\.m2\repository\org\seleniumhq\selenium\selenium-chrome-driver\4.6.0\selenium-chrome-driver-4.6.0.jar;C:\Users\dani\.m2\repository\com\google\auto\service\auto-service-annotations\1.0.1\auto-service-annotations-1.0.1.jar;C:\Users\dani\.m2\repository\com\google\auto\service\auto-service\1.0.1\auto-service-1.0.1.jar;C:\Users\dani\.m2\repository\com\google\auto\auto-common\1.2\auto-common-1.2.jar;C:\Users\dani\.m2\repository\com\google\guava\guava\31.1-jre\guava-31.1-jre.jar;C:\Users\dani\.m2\repository\com\google\guava\failureaccess\1.0.1\failureaccess-1.0.1.jar;C:\Users\dani\.m2\repository\com\google\guava\listenablefuture\9999.0-empty-to-avoid-conflict-with-guava\listenablefuture-9999.0-empty-to-avoid-conflict-with-guava.jar;C:\Users\dani\.m2\repository\com\google\code\findbugs\jsr305\3.0.2\jsr305-3.0.2.jar;C:\Users\dani\.m2\repository\org\checkerframework\checker-qual\3.12.0\checker-qual-3.12.0.jar;C:\Users\dani\.m2\repository\com\google\errorprone\error_prone_annotations\2.11.0\error_prone_annotations-2.11.0.jar;C:\Users\dani\.m2\repository\com\google\j2objc\j2objc-annotations\1.3\j2objc-annotations-1.3.jar;C:\Users\dani\.m2\repository\org\seleniumhq\selenium\selenium-chromium-driver\4.6.0\selenium-chromium-driver-4.6.0.jar;C:\Users\dani\.m2\repository\org\seleniumhq\selenium\selenium-json\4.6.0\selenium-json-4.6.0.jar;C:\Users\dani\.m2\repository\org\apache\tomcat\tomcat-catalina\10.1.4\tomcat-catalina-10.1.4.jar;C:\Users\dani\.m2\repository\org\apache\tomcat\tomcat-servlet-api\10.1.4\tomcat-servlet-api-10.1.4.jar;C:\Users\dani\.m2\repository\org\apache\tomcat\tomcat-jsp-api\10.1.4\tomcat-jsp-api-10.1.4.jar;C:\Users\dani\.m2\repository\org\apache\tomcat\tomcat-el-api\10.1.4\tomcat-el-api-10.1.4.jar;C:\Users\dani\.m2\repository\org\apache\tomcat\tomcat-juli\10.1.4\tomcat-juli-10.1.4.jar;C:\Users\dani\.m2\repository\org\apache\tomcat\tomcat-annotations-api\10.1.4\tomcat-annotations-api-10.1.4.jar;C:\Users\dani\.m2\repository\org\apache\tomcat\tomcat-api\10.1.4\tomcat-api-10.1.4.jar;C:\Users\dani\.m2\repository\org\apache\tomcat\tomcat-jni\10.1.4\tomcat-jni-10.1.4.jar;C:\Users\dani\.m2\repository\org\apache\tomcat\tomcat-coyote\10.1.4\tomcat-coyote-10.1.4.jar;C:\Users\dani\.m2\repository\org\apache\tomcat\tomcat-util\10.1.4\tomcat-util-10.1.4.jar;C:\Users\dani\.m2\repository\org\apache\tomcat\tomcat-util-scan\10.1.4\tomcat-util-scan-10.1.4.jar;C:\Users\dani\.m2\repository\org\apache\tomcat\tomcat-jaspic-api\10.1.4\tomcat-jaspic-api-10.1.4.jar;"/>
    <property name="java.vm.vendor" value="Eclipse Adoptium"/>
    <property name="sun.arch.data.model" value="64"/>
    <property name="user.variant" value=""/>
    <property name="java.vendor.url" value="https://adoptium.net/"/>
    <property name="user.timezone" value="Europe/Rome"/>
    <property name="os.name" value="Windows 10"/>
    <property name="java.vm.specification.version" value="17"/>
    <property name="sun.java.launcher" value="SUN_STANDARD"/>
    <property name="user.country" value="IT"/>
    <property name="sun.boot.library.path" value="C:\Program Files\Eclipse Adoptium\jdk-17.0.5.8-hotspot\bin"/>
    <property name="sun.java.command" value="C:\Users\dani\AppData\Local\Temp\surefire17058102876751707951\surefirebooter7273657003019780896.jar C:\Users\dani\AppData\Local\Temp\surefire17058102876751707951 2023-03-04T10-26-04_672-jvmRun1 surefire17885897079682539458tmp surefire_08636850326404005957tmp"/>
    <property name="jdk.debug" value="release"/>
    <property name="surefire.test.class.path" value="C:\Users\dani\eclipse-workspace\LibreriaMaven\target\test-classes;C:\Users\dani\eclipse-workspace\LibreriaMaven\target\classes;C:\Users\dani\.m2\repository\org\junit\jupiter\junit-jupiter-api\5.9.1\junit-jupiter-api-5.9.1.jar;C:\Users\dani\.m2\repository\org\opentest4j\opentest4j\1.2.0\opentest4j-1.2.0.jar;C:\Users\dani\.m2\repository\org\junit\platform\junit-platform-commons\1.9.1\junit-platform-commons-1.9.1.jar;C:\Users\dani\.m2\repository\org\apiguardian\apiguardian-api\1.1.2\apiguardian-api-1.1.2.jar;C:\Users\dani\.m2\repository\org\junit\jupiter\junit-jupiter-engine\5.9.1\junit-jupiter-engine-5.9.1.jar;C:\Users\dani\.m2\repository\org\junit\platform\junit-platform-engine\1.9.1\junit-platform-engine-1.9.1.jar;C:\Users\dani\.m2\repository\org\junit\jupiter\junit-jupiter-params\5.9.1\junit-jupiter-params-5.9.1.jar;C:\Users\dani\.m2\repository\org\openjfx\javafx-controls\11\javafx-controls-11-win.jar;C:\Users\dani\.m2\repository\org\openjfx\javafx-graphics\11\javafx-graphics-11.jar;C:\Users\dani\.m2\repository\org\openjfx\javafx-graphics\11\javafx-graphics-11-win.jar;C:\Users\dani\.m2\repository\org\openjfx\javafx-base\11\javafx-base-11.jar;C:\Users\dani\.m2\repository\org\openjfx\javafx-base\11\javafx-base-11-win.jar;C:\Users\dani\.m2\repository\org\openjfx\javafx-fxml\11\javafx-fxml-11.jar;C:\Users\dani\.m2\repository\org\openjfx\javafx-fxml\11\javafx-fxml-11-win.jar;C:\Users\dani\.m2\repository\org\openjfx\javafx-controls\11\javafx-controls-11.jar;C:\Users\dani\.m2\repository\org\mybatis\mybatis\3.5.11\mybatis-3.5.11.jar;C:\Users\dani\.m2\repository\com\mysql\mysql-connector-j\8.0.31\mysql-connector-j-8.0.31.jar;C:\Users\dani\.m2\repository\com\google\protobuf\protobuf-java\3.19.4\protobuf-java-3.19.4.jar;C:\Users\dani\.m2\repository\com\itextpdf\itextpdf\5.5.13.3\itextpdf-5.5.13.3.jar;C:\Users\dani\.m2\repository\org\glassfish\web\jakarta.servlet.jsp.jstl\2.0.0\jakarta.servlet.jsp.jstl-2.0.0.jar;C:\Users\dani\.m2\repository\jakarta\servlet\jsp\jstl\jakarta.servlet.jsp.jstl-api\2.0.0\jakarta.servlet.jsp.jstl-api-2.0.0.jar;C:\Users\dani\.m2\repository\jakarta\servlet\jakarta.servlet-api\5.0.0\jakarta.servlet-api-5.0.0.jar;C:\Users\dani\.m2\repository\jakarta\el\jakarta.el-api\4.0.0\jakarta.el-api-4.0.0.jar;C:\Users\dani\.m2\repository\jakarta\xml\bind\jakarta.xml.bind-api\3.0.0\jakarta.xml.bind-api-3.0.0.jar;C:\Users\dani\.m2\repository\com\sun\activation\jakarta.activation\2.0.0\jakarta.activation-2.0.0.jar;C:\Users\dani\.m2\repository\org\seleniumhq\selenium\selenium-java\4.6.0\selenium-java-4.6.0.jar;C:\Users\dani\.m2\repository\org\seleniumhq\selenium\selenium-api\4.6.0\selenium-api-4.6.0.jar;C:\Users\dani\.m2\repository\org\seleniumhq\selenium\selenium-devtools-v105\4.6.0\selenium-devtools-v105-4.6.0.jar;C:\Users\dani\.m2\repository\org\seleniumhq\selenium\selenium-devtools-v106\4.6.0\selenium-devtools-v106-4.6.0.jar;C:\Users\dani\.m2\repository\org\seleniumhq\selenium\selenium-devtools-v107\4.6.0\selenium-devtools-v107-4.6.0.jar;C:\Users\dani\.m2\repository\org\seleniumhq\selenium\selenium-devtools-v85\4.6.0\selenium-devtools-v85-4.6.0.jar;C:\Users\dani\.m2\repository\org\seleniumhq\selenium\selenium-edge-driver\4.6.0\selenium-edge-driver-4.6.0.jar;C:\Users\dani\.m2\repository\org\seleniumhq\selenium\selenium-firefox-driver\4.6.0\selenium-firefox-driver-4.6.0.jar;C:\Users\dani\.m2\repository\org\seleniumhq\selenium\selenium-ie-driver\4.6.0\selenium-ie-driver-4.6.0.jar;C:\Users\dani\.m2\repository\org\seleniumhq\selenium\selenium-remote-driver\4.6.0\selenium-remote-driver-4.6.0.jar;C:\Users\dani\.m2\repository\com\beust\jcommander\1.82\jcommander-1.82.jar;C:\Users\dani\.m2\repository\io\netty\netty-buffer\4.1.84.Final\netty-buffer-4.1.84.Final.jar;C:\Users\dani\.m2\repository\io\netty\netty-codec-http\4.1.84.Final\netty-codec-http-4.1.84.Final.jar;C:\Users\dani\.m2\repository\io\netty\netty-codec\4.1.84.Final\netty-codec-4.1.84.Final.jar;C:\Users\dani\.m2\repository\io\netty\netty-handler\4.1.84.Final\netty-handler-4.1.84.Final.jar;C:\Users\dani\.m2\repository\io\netty\netty-common\4.1.84.Final\netty-common-4.1.84.Final.jar;C:\Users\dani\.m2\repository\io\netty\netty-transport-classes-epoll\4.1.84.Final\netty-transport-classes-epoll-4.1.84.Final.jar;C:\Users\dani\.m2\repository\io\netty\netty-transport-classes-kqueue\4.1.84.Final\netty-transport-classes-kqueue-4.1.84.Final.jar;C:\Users\dani\.m2\repository\io\netty\netty-transport-native-epoll\4.1.84.Final\netty-transport-native-epoll-4.1.84.Final.jar;C:\Users\dani\.m2\repository\io\netty\netty-transport-native-kqueue\4.1.84.Final\netty-transport-native-kqueue-4.1.84.Final.jar;C:\Users\dani\.m2\repository\io\netty\netty-transport-native-unix-common\4.1.84.Final\netty-transport-native-unix-common-4.1.84.Final.jar;C:\Users\dani\.m2\repository\io\netty\netty-transport\4.1.84.Final\netty-transport-4.1.84.Final.jar;C:\Users\dani\.m2\repository\io\netty\netty-resolver\4.1.84.Final\netty-resolver-4.1.84.Final.jar;C:\Users\dani\.m2\repository\io\opentelemetry\opentelemetry-api\1.19.0\opentelemetry-api-1.19.0.jar;C:\Users\dani\.m2\repository\io\opentelemetry\opentelemetry-context\1.19.0\opentelemetry-context-1.19.0.jar;C:\Users\dani\.m2\repository\io\opentelemetry\opentelemetry-exporter-logging\1.19.0\opentelemetry-exporter-logging-1.19.0.jar;C:\Users\dani\.m2\repository\io\opentelemetry\opentelemetry-sdk-metrics\1.19.0\opentelemetry-sdk-metrics-1.19.0.jar;C:\Users\dani\.m2\repository\io\opentelemetry\opentelemetry-sdk-logs\1.19.0-alpha\opentelemetry-sdk-logs-1.19.0-alpha.jar;C:\Users\dani\.m2\repository\io\opentelemetry\opentelemetry-api-logs\1.19.0-alpha\opentelemetry-api-logs-1.19.0-alpha.jar;C:\Users\dani\.m2\repository\io\opentelemetry\opentelemetry-sdk-common\1.19.0\opentelemetry-sdk-common-1.19.0.jar;C:\Users\dani\.m2\repository\io\opentelemetry\opentelemetry-sdk-extension-autoconfigure-spi\1.19.0\opentelemetry-sdk-extension-autoconfigure-spi-1.19.0.jar;C:\Users\dani\.m2\repository\io\opentelemetry\opentelemetry-sdk-extension-autoconfigure\1.19.0-alpha\opentelemetry-sdk-extension-autoconfigure-1.19.0-alpha.jar;C:\Users\dani\.m2\repository\io\opentelemetry\opentelemetry-exporter-common\1.19.0\opentelemetry-exporter-common-1.19.0.jar;C:\Users\dani\.m2\repository\io\opentelemetry\opentelemetry-sdk-trace\1.19.0\opentelemetry-sdk-trace-1.19.0.jar;C:\Users\dani\.m2\repository\io\opentelemetry\opentelemetry-sdk\1.19.0\opentelemetry-sdk-1.19.0.jar;C:\Users\dani\.m2\repository\io\opentelemetry\opentelemetry-semconv\1.19.0-alpha\opentelemetry-semconv-1.19.0-alpha.jar;C:\Users\dani\.m2\repository\io\ous\jtoml\2.0.0\jtoml-2.0.0.jar;C:\Users\dani\.m2\repository\net\bytebuddy\byte-buddy\1.12.18\byte-buddy-1.12.18.jar;C:\Users\dani\.m2\repository\org\apache\commons\commons-exec\1.3\commons-exec-1.3.jar;C:\Users\dani\.m2\repository\org\asynchttpclient\async-http-client\2.12.3\async-http-client-2.12.3.jar;C:\Users\dani\.m2\repository\org\asynchttpclient\async-http-client-netty-utils\2.12.3\async-http-client-netty-utils-2.12.3.jar;C:\Users\dani\.m2\repository\io\netty\netty-codec-socks\4.1.60.Final\netty-codec-socks-4.1.60.Final.jar;C:\Users\dani\.m2\repository\io\netty\netty-handler-proxy\4.1.60.Final\netty-handler-proxy-4.1.60.Final.jar;C:\Users\dani\.m2\repository\io\netty\netty-transport-native-epoll\4.1.60.Final\netty-transport-native-epoll-4.1.60.Final-linux-x86_64.jar;C:\Users\dani\.m2\repository\io\netty\netty-transport-native-kqueue\4.1.60.Final\netty-transport-native-kqueue-4.1.60.Final-osx-x86_64.jar;C:\Users\dani\.m2\repository\org\reactivestreams\reactive-streams\1.0.3\reactive-streams-1.0.3.jar;C:\Users\dani\.m2\repository\com\typesafe\netty\netty-reactive-streams\2.0.4\netty-reactive-streams-2.0.4.jar;C:\Users\dani\.m2\repository\org\slf4j\slf4j-api\1.7.30\slf4j-api-1.7.30.jar;C:\Users\dani\.m2\repository\org\seleniumhq\selenium\selenium-http\4.6.0\selenium-http-4.6.0.jar;C:\Users\dani\.m2\repository\dev\failsafe\failsafe\3.3.0\failsafe-3.3.0.jar;C:\Users\dani\.m2\repository\org\seleniumhq\selenium\selenium-manager\4.6.0\selenium-manager-4.6.0.jar;C:\Users\dani\.m2\repository\org\seleniumhq\selenium\selenium-safari-driver\4.6.0\selenium-safari-driver-4.6.0.jar;C:\Users\dani\.m2\repository\org\seleniumhq\selenium\selenium-support\4.6.0\selenium-support-4.6.0.jar;C:\Users\dani\.m2\repository\org\seleniumhq\selenium\selenium-chrome-driver\4.6.0\selenium-chrome-driver-4.6.0.jar;C:\Users\dani\.m2\repository\com\google\auto\service\auto-service-annotations\1.0.1\auto-service-annotations-1.0.1.jar;C:\Users\dani\.m2\repository\com\google\auto\service\auto-service\1.0.1\auto-service-1.0.1.jar;C:\Users\dani\.m2\repository\com\google\auto\auto-common\1.2\auto-common-1.2.jar;C:\Users\dani\.m2\repository\com\google\guava\guava\31.1-jre\guava-31.1-jre.jar;C:\Users\dani\.m2\repository\com\google\guava\failureaccess\1.0.1\failureaccess-1.0.1.jar;C:\Users\dani\.m2\repository\com\google\guava\listenablefuture\9999.0-empty-to-avoid-conflict-with-guava\listenablefuture-9999.0-empty-to-avoid-conflict-with-guava.jar;C:\Users\dani\.m2\repository\com\google\code\findbugs\jsr305\3.0.2\jsr305-3.0.2.jar;C:\Users\dani\.m2\repository\org\checkerframework\checker-qual\3.12.0\checker-qual-3.12.0.jar;C:\Users\dani\.m2\repository\com\google\errorprone\error_prone_annotations\2.11.0\error_prone_annotations-2.11.0.jar;C:\Users\dani\.m2\repository\com\google\j2objc\j2objc-annotations\1.3\j2objc-annotations-1.3.jar;C:\Users\dani\.m2\repository\org\seleniumhq\selenium\selenium-chromium-driver\4.6.0\selenium-chromium-driver-4.6.0.jar;C:\Users\dani\.m2\repository\org\seleniumhq\selenium\selenium-json\4.6.0\selenium-json-4.6.0.jar;C:\Users\dani\.m2\repository\org\apache\tomcat\tomcat-catalina\10.1.4\tomcat-catalina-10.1.4.jar;C:\Users\dani\.m2\repository\org\apache\tomcat\tomcat-servlet-api\10.1.4\tomcat-servlet-api-10.1.4.jar;C:\Users\dani\.m2\repository\org\apache\tomcat\tomcat-jsp-api\10.1.4\tomcat-jsp-api-10.1.4.jar;C:\Users\dani\.m2\repository\org\apache\tomcat\tomcat-el-api\10.1.4\tomcat-el-api-10.1.4.jar;C:\Users\dani\.m2\repository\org\apache\tomcat\tomcat-juli\10.1.4\tomcat-juli-10.1.4.jar;C:\Users\dani\.m2\repository\org\apache\tomcat\tomcat-annotations-api\10.1.4\tomcat-annotations-api-10.1.4.jar;C:\Users\dani\.m2\repository\org\apache\tomcat\tomcat-api\10.1.4\tomcat-api-10.1.4.jar;C:\Users\dani\.m2\repository\org\apache\tomcat\tomcat-jni\10.1.4\tomcat-jni-10.1.4.jar;C:\Users\dani\.m2\repository\org\apache\tomcat\tomcat-coyote\10.1.4\tomcat-coyote-10.1.4.jar;C:\Users\dani\.m2\repository\org\apache\tomcat\tomcat-util\10.1.4\tomcat-util-10.1.4.jar;C:\Users\dani\.m2\repository\org\apache\tomcat\tomcat-util-scan\10.1.4\tomcat-util-scan-10.1.4.jar;C:\Users\dani\.m2\repository\org\apache\tomcat\tomcat-jaspic-api\10.1.4\tomcat-jaspic-api-10.1.4.jar;"/>
    <property name="sun.cpu.endian" value="little"/>
    <property name="user.home" value="C:\Users\dani"/>
    <property name="user.language" value="it"/>
    <property name="java.specification.vendor" value="Oracle Corporation"/>
    <property name="java.version.date" value="2022-10-18"/>
    <property name="java.home" value="C:\Program Files\Eclipse Adoptium\jdk-17.0.5.8-hotspot"/>
    <property name="file.separator" value="\"/>
    <property name="style.color" value="always"/>
    <property name="basedir" value="C:\Users\dani\eclipse-workspace\LibreriaMaven"/>
    <property name="java.vm.compressedOopsMode" value="32-bit"/>
    <property name="line.separator" value="&#10;"/>
    <property name="java.vm.specification.vendor" value="Oracle Corporation"/>
    <property name="java.specification.name" value="Java Platform API Specification"/>
    <property name="surefire.real.class.path" value="C:\Users\dani\AppData\Local\Temp\surefire17058102876751707951\surefirebooter7273657003019780896.jar"/>
    <property name="user.script" value=""/>
    <property name="sun.management.compiler" value="HotSpot 64-Bit Tiered Compilers"/>
    <property name="java.runtime.version" value="17.0.5+8"/>
    <property name="user.name" value="dani"/>
    <property name="path.separator" value=";"/>
    <property name="os.version" value="10.0"/>
    <property name="java.runtime.name" value="OpenJDK Runtime Environment"/>
    <property name="file.encoding" value="Cp1252"/>
    <property name="java.vm.name" value="OpenJDK 64-Bit Server VM"/>
    <property name="java.vendor.version" value="Temurin-17.0.5+8"/>
    <property name="localRepository" value="C:\Users\dani\.m2\repository"/>
    <property name="java.vendor.url.bug" value="https://github.com/adoptium/adoptium-support/issues"/>
    <property name="java.io.tmpdir" value="C:\Users\dani\AppData\Local\Temp\"/>
    <property name="java.version" value="17.0.5"/>
    <property name="user.dir" value="C:\Users\dani\eclipse-workspace\LibreriaMaven"/>
    <property name="os.arch" value="amd64"/>
    <property name="java.vm.specification.name" value="Java Virtual Machine Specification"/>
    <property name="sun.os.patch.level" value=""/>
    <property name="native.encoding" value="Cp1252"/>
    <property name="java.library.path" value="C:\Program Files\Eclipse Adoptium\jdk-17.0.5.8-hotspot\bin;C:\WINDOWS\Sun\Java\bin;C:\WINDOWS\system32;C:\WINDOWS;C:/Users/dani/.p2/pool/plugins/org.eclipse.justj.openjdk.hotspot.jre.full.win32.x86_64_17.0.6.v20230204-1729/jre/bin/server;C:/Users/dani/.p2/pool/plugins/org.eclipse.justj.openjdk.hotspot.jre.full.win32.x86_64_17.0.6.v20230204-1729/jre/bin;C:\Program Files\OpenJDK\jdk-11.0.17.8-hotspot\bin;C:\WINDOWS\system32;C:\WINDOWS;C:\WINDOWS\System32\Wbem;C:\WINDOWS\System32\WindowsPowerShell\v1.0\;C:\Program Files\MySQL\MySQL Server 8.0\bin;C:\Program Files\MySQL\MySQL Connector C 6.1\include;C:\Program Files\MySQL\MySQL Server 8.0\include;C:\Program Files\MySQL\MySQL Connector C 6.1\lib;C:\ProgramData\MySQL\MySQL Server 8.0;C:\WINDOWS\System32\OpenSSH\;C:\Program Files\Git\cmd;C:\Program Files\TortoiseGit\bin;C:\Program Files\TortoiseSVN\bin;C:\Users\dani\Desktop\apache-maven-3.8.6-bin\apache-maven-3.8.6\bin;C:\Program Files\Java\jdk-11.0.9\bin;C:\Program Files\MySQL\MySQL Shell 8.0\bin\;C:\Program Files\MySQL\MySQL Connector C 6.1\include;C:\MinGW\bin;C:\Program Files\MySQL\MySQL Connector C 6.1\bin;C:\Program Files\MySQL\MySQL Server 8.0\include;C:\Users\dani\AppData\Local\Microsoft\WindowsApps;C:\Users\dani\AppData\Local\GitHubDesktop\bin;C:\WINDOWS\System32;;."/>
    <property name="java.vm.info" value="mixed mode, sharing"/>
    <property name="java.vendor" value="Eclipse Adoptium"/>
    <property name="java.vm.version" value="17.0.5+8"/>
    <property name="sun.io.unicode.encoding" value="UnicodeLittle"/>
    <property name="java.class.version" value="61.0"/>
  </properties>
  <testcase name="testAggiorna" classname="laptop.test.TestLaptop1" time="1.201">
    <system-out><![CDATA[INSERT INTO `ispw`.`libro`
(`titolo`,`numeroPagine`,`Cod_isbn`,`editore`,`autore`,`lingua`,`categoria`,
`dataPubblicazione`,`recensione`,`copieVendute`,`breveDescrizione`,`disp`,
`prezzo`,`copieRimanenti`)
VALUES
("Apocalypse town: Cronache dalla fine della civilta' urbana",239,"0000000001","Laterza",
"Alessandro Coppola","Iataliano","LIBRI_UNIVERSITARI","2012-05-18"," urbanistica della contemporaneita' :Il libro esplora una condizione limite delle citta' americane in decrescita, aprendo una prospettiva ed una riflessione sul futuro prossimo del territorio urbano europeo.
Da leggere assolutamente ",600,"Dalle praterie urbane di Youngstown, dove l'amministrazione comunale si Ã¨ ormai ridotta a pianificare con zelo l'autodistruzione della citta', all'industria del riciclo e della decostruzione di Buffalo, in cui attivisti visionari smontano con dovizia e con amore cio' che resta della citta'; dai deserti alimentari di Detroit e Philadelphia, dove sono scomparsi negozi e supermercati e gli abitanti si organizzano con geniali intraprese agricole"
,1,7.99,5571),#1
("Dobbiamo restituire fiducia ai mercati Falso! ",152,"0000000002","Editori Laterza","Andrea Baranes ",
"Italiano","ECONOMIA","2014-03-01"," Contro i falsi miti : Andrea Baranes spiega con semplicita' perchÃ¨ quello dei mercati Ã¨ un falso problema. Un libro agile e compresibile a tutti. "
,100,"Oggi la speculazione domina la finanza. La finanza controlla l'ECONOMIA. L'ECONOMIA determina le scelte politiche. La politica impatta sulla vita delle persone. Quello che dobbiamo fare Ã¨ semplicemente ribaltare l'attuale scala di valori e leggere al contrario le frasi precedenti."
,1,5.99,540),#2
("Il libro dello splendore",102,"8877107324","SE "," Ariel Toaff","Italiano",
"LETTERATURA_NARRATIVA","2008-02-28"," Un libretto utilissimo : Leggere questo libro per me che mi sto avvicinando alla Cabala Ã¨ stato davvero importante. La prefazione di Elio Toaff Ã¨ straordinaria e capisco anche la grandezza di questo rabbino nei decenni scorsi. Premetto che io non sono di religione ebraica ma proprio questo libro mi ha introdotto dentro una filosofia veramente fondamentale."
,500,"Il testo classico della Cabbala Ã¨ lo Zohar (II libro dello splendore), per secoli considerato sacro all'ebraismo e ancor oggi venerato nei circoli mistici, al pari della Bibbia e del Talmud. Attribuito dai cabbalisti a Rabbi Shim on bar Yochai, celebre dottore della Mishna, e ambientato nella Palestina della seconda meta' del II secolo dell era volgare.",
1,14.90,48),#3
("Come i servizi segreti usano i media",240,"0000000003","Ponte alle grazie","Aldo Giannuli","Italiano","LETTERATURA_NARRATIVA",
"2012-11-22"," Male: Nonostante l'avessi trovato inutilmente lungo, non mi era dispiaciuto il precedente libro di Giannuli Come funzionano i servizi segreti. Con questo volume invece non posso che segnalare un notevole passo indietro dell'autore. Il capitolo dedicato all'OSINT, che dovrebbe costituire il cuore del libro, e' decisamente scarso e per fonti utilizzate (il tutto e' basato quasi esclusivamente su un singolo documento tecnico NATO datato 2002!) e per capacita' di comprensione dell'autore, la quale appare oltremodo limitata (non da' fondamentalmente mai l'idea di capire cosa sia effettivamente l'OSINT e oserei dire piu' in generale l'attivita' di intelligence). Davvero terribili, cosi' come nel volume precedente, tutti i riferimenti fatti alla tecnologia per l'intelligence. Inutile ed assolutamente campata per aria la sezione conclusiva Brioche, cappuccino e intelligence, che sembra soltanto un modo con il quale l'autore riesce a riciclare materiale preparato in altre sedi. Insomma, lettura decisamente deludente."
,40,"Dopo il grande successo di Come funzionano i servizi segreti, Aldo Giannuli torna a scrivere dâ€™intelligence, affrontando uno degli aspetti meno conosciuti e piu' controversi dellâ€™attivita' dei servizi: il modo in cui manipolano e utilizzano lâ€™informazione."
,1,6.49,100),#4
("Sulla vertia'",180,"0000000004","laterza","Donand Davidson","italiano","LETTERATURA_NARRATIVA","1705-01-01","NO",4,"",0,41,0),#5
("Erasgon Vol 1",592,"8817061622","RIZZOLI","Christopher Paolini","Italiano","FANTASCIENZA_FANTASY","2012-10-03",
"Ottimo inizio: Il libro e' arrivato nei tempi previsti ed in ottime condizioni. Come si puo' leggere anche sulla presentazione, il libro e' stato scritto quando l'autore aveva 15 anni, fattore che si nota subito. Ha uno stile ancora immaturo, poco sviluppato nei dialoghi e nelle descrizioni.
Nonostante cio', la lettura e' scorrevole e interessante per chi ama il genere.",40000,"Quando Eragon trova una liscia pietra blu nella foresta, Ã¨ convinto che gli sia toccata una grande fortuna: potra' venderla e nutrire la sua famiglia per tutto l'inverno. Ma la pietra in realta' e' un uovo. Quando si schiude rivelando il suo straordinario contenuto, un cucciolo di drago, Eragon scopre che gli e' toccato in sorte un'eredita' antica come l'Impero. Forte di una spada magica e dei consigli di un vecchio cantastorie, dovra' cavarsela in un universo denso di magia, mistero e insidie, imparare a distinguere l'amico dal nemico, dimostrare di essere il degno erede dei Cavalieri dei Draghi."
,1,12.00,1000),#6
("Scritti inediti di linguistica generale",146,"8842068276","Laterza","Ferdinand de Saussure","Italiano","LINGUISTICA_SCRITTURA","2005-04-14",
"",0,"",0,0,0),#7
("Alchimia e kabbalah",107,"8867231553","SE","Alchimia e kabbalah","italiano","ALTRO","2012-07-02","",100,"",1,17,40),#8
("EXCEL le 10 cose che devi conoscere del foglio elettronico",61,"1520510888","Independently published","Giampietro Lanzanova","Italiano","INFORMATICA","2017-02-02",
"Utile compendio : Utile compendio per chi non e' molto pratico di excel. Ho comprato anche il libro seguente e non me ne sono pentita. Certo, per maggiori approfondimenti forse serve un corso piu' ampio"
,40,"Il percorso formativo dellâ€™apprendimento in genere e' sempre piuttosto lungo, ma andare subito al sodo della questione puo' consentire di fare un salto qualitativo rapido delle proprie conoscenze, ed e' proprio lo scopo di questo libro"
,1,9.99,500),#9
(" Dungeons & Dragons - 5a Edizione - Manuale del Giocatore",315,"0000000005","Asmodee","Wizard of the coast",
"italiano","ALTRO","2018-01-01","Ottimo MAnulae: Ottimo manuale per chi vuole iniziare a giocare di ruolo",
23000,"",1,45,1000),#10
("Grammatica italiana",123,"0000000006","Garzanti","Redazioni Garzanti","italiano","ALTRO","2012-10-31","",550,"",1,5,40000),#11
("Kobane calling. Oggi:",312,"8832734591","Bao Publishing","Zerocalcare","Italiana","FUMETTI_MANGA",
"2020-05-14","assurdo",2000,"compralo",1,22,10),#â™¥11
("A babbo morto. Una storia di Natale ",0,"8832735512","Bao Publishing","Zerocalcare","Italiana","FUMETTI_MANGA",
"2020-11-12","ottimo",100,"compralo",1,11,10),#12
("Scheletri",240,"8832734893","Bao Publishing","Zerocalcare","Italiana","FUMETTI_MANGA",
"2020-10-15","ottimo",1000,"compralo",1,20,15),#13
("La scuola di pizze in faccia del professor Calcare",298 ,"8832733250","Bao Publishing","Zerocalcare","Italiana","FUMETTI_MANGA",
"2019-10-21","ottimo",1070,"compralo",1,20,48),#14
("Dodici",95,"8865431806","Bao Publishing","Zerocalcare","Italiana","FUMETTI_MANGA",
"2013-10-17","ottimo",1000,"compralo",1,11,11),#15
("Tecniche proibite di persuasione, manipolazione e influenza utilizzando schemi di linguaggio e tecniche di PNL",
226 ,"1722235608","CreateSpace Independent Publishing Platform","Zerocalcare","Italiana","FUMETTI_MANGA",
"2018-07-01","ottimo",1000,"compralo se vuoi vievere da re",1,15.40,3),#16
("CiccioGamer89 Presenta Fortnite. Trucchi e Segreti",135,"8893675056","Magazzini Salani","CiccioGamer89","Italiana","COMPUTER_GIOCHI",
"2018-09-27","evita dai ",10,"non compralo",1,11,2),#17
("In cucina con ciccio",120 ,"8893678683","Magazzini Salani","Cicciogamer89","Italiana","FUMETTI_MANGA",
"2013-10-17","ottimo",1,"compralo",1,16.50,20);#18


INSERT INTO `ispw`.`giornale`
(`titolo`,`tipologia`,`lingua`,`editore`,`dataPubblicazione`,`copiRim`,`disp`,`prezzo`)
VALUES
("La Republica1","Quotidiano","Italiano","La Republica","2021-01-31",0,0,2.0),
("La Republica2","Quotidiano","Italiano","La Republica","2021-01-30",0,0,3.0),
("La Republica3","Quotidiano","Italiano","La Republica","2021-02-01",10,1,2.0),
("La Republica4","Quotidiano","Italiano","La Republica","2021-02-02",14,1,2.0),
("La Republica5","Quotidiano","Italiano","La Republica","2021-02-03",10,1,2.0),
("La Republica6","Quotidiano","Italiano","La Republica","2021-02-04",15,1,2.0),
("Il Fatto Quotidiano1","Quotidiano","Italiano","Il Fatto Quotidiano","2021-01-31",0,0,2.0),
("Il Fatto Quotidiano2","Quotidiano","Italiano","Il Fatto Quotidiano","2021-01-30",0,0,2.0),
("Il Fatto Quotidiano3","Quotidiano","Italiano","Il Fatto Quotidiano","2021-02-01",0,0,2.0),
("Il Fatto Quotidiano4","Quotidiano","Italiano","Il Fatto Quotidiano","2021-02-02",15,1,2.0),
("Il Fatto Quotidiano5","Quotidiano","Italiano","Il Fatto Quotidiano","2021-02-03",16,1,2.0),
("La gazzetta del profeta","Quotidiano","Italiano", "Hoepli","2022-05-05",20,1,0.85);



INSERT INTO `ispw`.`rivista`
(`titolo`,`tipologia`,`autore`,`lingua`,`editore`,`Descrizione`,
`dataPubblicazione`,`disp`,`prezzo`,`copieRimanenti`)
VALUES
("Focus","MENSILE","Focus","Italiano","Bao Publishing","Ogni tanto qualcosa e' simpatica ufo a parte e l'articolo di come combattere uno squalo e' meraviglioso","2021-01-13",
1,5,123),
("Focus Junior","MENSILE","Focus","Italiano","Bao Publishing","Carino magari qualche bambino sviluppa interesse per il complottismo","2021-01-21",1,2,1234),
("Tv Sorrisi e canzoni","SETTIMANALE","Panorama","Italiano","Bao Publishing","ok","2021-02-02",0,4,0),
("Rivista A","SPORTIVO","Bao Publishing","Italiano","Bao Publishing","okok ","1970-01-01",1,2,121),
("Rivista B","SPORTIVO","Bao Publishing","Italiano","Bao Publishing","testo casuale","1970-01-01",1,2,321);

INSERT INTO `ispw`.`users`
(`idRuolo`,`Nome`,`Cognome`,`Email`,`pwd`,`DataDiNascita`)
VALUES
("A","admin","admin","admin@admin.com","Admin871","1980-10-26"),
("A","Gianni","Morandi","giannni@gmail.com","BigHand21","1940-10-18"),
("U","gino","zaia","gino@zaia.eu","25041995Gz","1995-04-25"),
("U","Giulia","Conforto","giuliaConforto@gmail.eu","12345678Gc","1998-09-05"),
("W","Zerocalcare","Zerocalcare","zerocalcare@gmail.com","Zerocalcare21","1980-05-20"),
("E","Bao Publishing","Bao Publishing","baoPublishing@gmail.com","BaoPub2021","1960-11-21"),
("U","franco","rossi","francoRossi12@gmail.com","Fr12Rossi","1985-05-06"),
("U","lisa","gialli","lisagialli15@libero.it","lisgil159","1961-11-09"),
("U","marco","arancioni","maran@libero.it","maran147","1972-01-12"),
("U","andrea","verdi","a.verdi1@gmail.com","averdi19852","1998-06-05");



INSERT INTO `ispw`.`negozio`
(`nome`,`via`,`isValid`,`isOpen`)
VALUES
("Negozio A","via A",true,false),
("Negozio B","via B",true,true),
("Negozio C","via C",false,true),
("Negozio D","via D",false,false);




]]></system-out>
    <system-err><![CDATA[mar 04, 2023 10:26:17 AM laptop.utilities.ConnToDb initailConnection
INFORMAZIONI: Connesso initial.....

mar 04, 2023 10:26:18 AM laptop.utilities.ConnToDb initailConnection
INFORMAZIONI: Connesso initial.....

mar 04, 2023 10:26:18 AM laptop.utilities.ConnToDb connection
INFORMAZIONI: Tentativo di conessione al server..........\\n
mar 04, 2023 10:26:18 AM laptop.utilities.ConnToDb connection
INFORMAZIONI: Errore in mysql..........\n
java.sql.SQLSyntaxErrorException: Unknown database 'ispw'
	at com.mysql.cj.jdbc.exceptions.SQLError.createSQLException(SQLError.java:120)
	at com.mysql.cj.jdbc.exceptions.SQLExceptionsMapping.translateException(SQLExceptionsMapping.java:122)
	at com.mysql.cj.jdbc.ConnectionImpl.createNewIO(ConnectionImpl.java:828)
	at com.mysql.cj.jdbc.ConnectionImpl.<init>(ConnectionImpl.java:448)
	at com.mysql.cj.jdbc.ConnectionImpl.getInstance(ConnectionImpl.java:241)
	at com.mysql.cj.jdbc.NonRegisteringDriver.connect(NonRegisteringDriver.java:198)
	at java.sql/java.sql.DriverManager.getConnection(DriverManager.java:681)
	at java.sql/java.sql.DriverManager.getConnection(DriverManager.java:229)
	at laptop.utilities.ConnToDb.connection(ConnToDb.java:76)
	at laptop.utilities.CreateDefaultDB.createDefaultDB(CreateDefaultDB.java:89)
	at laptop.test.TestLaptop1.creaDB(TestLaptop1.java:82)
	at java.base/jdk.internal.reflect.NativeMethodAccessorImpl.invoke0(Native Method)
	at java.base/jdk.internal.reflect.NativeMethodAccessorImpl.invoke(NativeMethodAccessorImpl.java:77)
	at java.base/jdk.internal.reflect.DelegatingMethodAccessorImpl.invoke(DelegatingMethodAccessorImpl.java:43)
	at java.base/java.lang.reflect.Method.invoke(Method.java:568)
	at org.junit.platform.commons.util.ReflectionUtils.invokeMethod(ReflectionUtils.java:727)
	at org.junit.jupiter.engine.execution.MethodInvocation.proceed(MethodInvocation.java:60)
	at org.junit.jupiter.engine.execution.InvocationInterceptorChain$ValidatingInvocation.proceed(InvocationInterceptorChain.java:131)
	at org.junit.jupiter.engine.extension.TimeoutExtension.intercept(TimeoutExtension.java:156)
	at org.junit.jupiter.engine.extension.TimeoutExtension.interceptLifecycleMethod(TimeoutExtension.java:128)
	at org.junit.jupiter.engine.extension.TimeoutExtension.interceptBeforeAllMethod(TimeoutExtension.java:70)
	at org.junit.jupiter.engine.execution.InterceptingExecutableInvoker$ReflectiveInterceptorCall.lambda$ofVoidMethod$0(InterceptingExecutableInvoker.java:103)
	at org.junit.jupiter.engine.execution.InterceptingExecutableInvoker.lambda$invoke$0(InterceptingExecutableInvoker.java:93)
	at org.junit.jupiter.engine.execution.InvocationInterceptorChain$InterceptedInvocation.proceed(InvocationInterceptorChain.java:106)
	at org.junit.jupiter.engine.execution.InvocationInterceptorChain.proceed(InvocationInterceptorChain.java:64)
	at org.junit.jupiter.engine.execution.InvocationInterceptorChain.chainAndInvoke(InvocationInterceptorChain.java:45)
	at org.junit.jupiter.engine.execution.InvocationInterceptorChain.invoke(InvocationInterceptorChain.java:37)
	at org.junit.jupiter.engine.execution.InterceptingExecutableInvoker.invoke(InterceptingExecutableInvoker.java:92)
	at org.junit.jupiter.engine.execution.InterceptingExecutableInvoker.invoke(InterceptingExecutableInvoker.java:86)
	at org.junit.jupiter.engine.descriptor.ClassBasedTestDescriptor.lambda$invokeBeforeAllMethods$13(ClassBasedTestDescriptor.java:411)
	at org.junit.platform.engine.support.hierarchical.ThrowableCollector.execute(ThrowableCollector.java:73)
	at org.junit.jupiter.engine.descriptor.ClassBasedTestDescriptor.invokeBeforeAllMethods(ClassBasedTestDescriptor.java:409)
	at org.junit.jupiter.engine.descriptor.ClassBasedTestDescriptor.before(ClassBasedTestDescriptor.java:215)
	at org.junit.jupiter.engine.descriptor.ClassBasedTestDescriptor.before(ClassBasedTestDescriptor.java:84)
	at org.junit.platform.engine.support.hierarchical.NodeTestTask.lambda$executeRecursively$6(NodeTestTask.java:148)
	at org.junit.platform.engine.support.hierarchical.ThrowableCollector.execute(ThrowableCollector.java:73)
	at org.junit.platform.engine.support.hierarchical.NodeTestTask.lambda$executeRecursively$8(NodeTestTask.java:141)
	at org.junit.platform.engine.support.hierarchical.Node.around(Node.java:137)
	at org.junit.platform.engine.support.hierarchical.NodeTestTask.lambda$executeRecursively$9(NodeTestTask.java:139)
	at org.junit.platform.engine.support.hierarchical.ThrowableCollector.execute(ThrowableCollector.java:73)
	at org.junit.platform.engine.support.hierarchical.NodeTestTask.executeRecursively(NodeTestTask.java:138)
	at org.junit.platform.engine.support.hierarchical.NodeTestTask.execute(NodeTestTask.java:95)
	at java.base/java.util.ArrayList.forEach(ArrayList.java:1511)
	at org.junit.platform.engine.support.hierarchical.SameThreadHierarchicalTestExecutorService.invokeAll(SameThreadHierarchicalTestExecutorService.java:41)
	at org.junit.platform.engine.support.hierarchical.NodeTestTask.lambda$executeRecursively$6(NodeTestTask.java:155)
	at org.junit.platform.engine.support.hierarchical.ThrowableCollector.execute(ThrowableCollector.java:73)
	at org.junit.platform.engine.support.hierarchical.NodeTestTask.lambda$executeRecursively$8(NodeTestTask.java:141)
	at org.junit.platform.engine.support.hierarchical.Node.around(Node.java:137)
	at org.junit.platform.engine.support.hierarchical.NodeTestTask.lambda$executeRecursively$9(NodeTestTask.java:139)
	at org.junit.platform.engine.support.hierarchical.ThrowableCollector.execute(ThrowableCollector.java:73)
	at org.junit.platform.engine.support.hierarchical.NodeTestTask.executeRecursively(NodeTestTask.java:138)
	at org.junit.platform.engine.support.hierarchical.NodeTestTask.execute(NodeTestTask.java:95)
	at org.junit.platform.engine.support.hierarchical.SameThreadHierarchicalTestExecutorService.submit(SameThreadHierarchicalTestExecutorService.java:35)
	at org.junit.platform.engine.support.hierarchical.HierarchicalTestExecutor.execute(HierarchicalTestExecutor.java:57)
	at org.junit.platform.engine.support.hierarchical.HierarchicalTestEngine.execute(HierarchicalTestEngine.java:54)
	at org.junit.platform.launcher.core.EngineExecutionOrchestrator.execute(EngineExecutionOrchestrator.java:147)
	at org.junit.platform.launcher.core.EngineExecutionOrchestrator.execute(EngineExecutionOrchestrator.java:127)
	at org.junit.platform.launcher.core.EngineExecutionOrchestrator.execute(EngineExecutionOrchestrator.java:90)
	at org.junit.platform.launcher.core.EngineExecutionOrchestrator.lambda$execute$0(EngineExecutionOrchestrator.java:55)
	at org.junit.platform.launcher.core.EngineExecutionOrchestrator.withInterceptedStreams(EngineExecutionOrchestrator.java:102)
	at org.junit.platform.launcher.core.EngineExecutionOrchestrator.execute(EngineExecutionOrchestrator.java:54)
	at org.junit.platform.launcher.core.DefaultLauncher.execute(DefaultLauncher.java:114)
	at org.junit.platform.launcher.core.DefaultLauncher.execute(DefaultLauncher.java:86)
	at org.junit.platform.launcher.core.DefaultLauncherSession$DelegatingLauncher.execute(DefaultLauncherSession.java:86)
	at org.junit.platform.launcher.core.SessionPerRequestLauncher.execute(SessionPerRequestLauncher.java:53)
	at org.apache.maven.surefire.junitplatform.JUnitPlatformProvider.execute(JUnitPlatformProvider.java:188)
	at org.apache.maven.surefire.junitplatform.JUnitPlatformProvider.invokeAllTests(JUnitPlatformProvider.java:154)
	at org.apache.maven.surefire.junitplatform.JUnitPlatformProvider.invoke(JUnitPlatformProvider.java:128)
	at org.apache.maven.surefire.booter.ForkedBooter.runSuitesInProcess(ForkedBooter.java:428)
	at org.apache.maven.surefire.booter.ForkedBooter.execute(ForkedBooter.java:162)
	at org.apache.maven.surefire.booter.ForkedBooter.run(ForkedBooter.java:562)
	at org.apache.maven.surefire.booter.ForkedBooter.main(ForkedBooter.java:548)

mar 04, 2023 10:26:34 AM laptop.utilities.CreateDefaultDB createDefaultDB
INFORMAZIONI: Connesso a mysql workbench, ma non ho torvato il database 'ispw'
Database creato tabelle create

mar 04, 2023 10:26:34 AM laptop.utilities.PopulateDefaultDb createLibri
INFORMAZIONI: ---------Chiamo stored insLibri---------


mar 04, 2023 10:26:34 AM laptop.utilities.ConnToDb generalConnection
INFORMAZIONI: Tentativo di conessione al server..........\\n
mar 04, 2023 10:26:34 AM laptop.utilities.ConnToDb generalConnection
INFORMAZIONI: Connesso standard ........

mar 04, 2023 10:26:35 AM laptop.utilities.PopulateDefaultDb createGiornale
INFORMAZIONI: ---------Chiamo stored insGiornali---------


mar 04, 2023 10:26:35 AM laptop.utilities.ConnToDb generalConnection
INFORMAZIONI: Tentativo di conessione al server..........\\n
mar 04, 2023 10:26:35 AM laptop.utilities.ConnToDb generalConnection
INFORMAZIONI: Connesso standard ........

mar 04, 2023 10:26:35 AM laptop.utilities.PopulateDefaultDb createRivista
INFORMAZIONI: ---------Chiamo stored insRiviste---------


mar 04, 2023 10:26:35 AM laptop.utilities.ConnToDb generalConnection
INFORMAZIONI: Tentativo di conessione al server..........\\n
mar 04, 2023 10:26:35 AM laptop.utilities.ConnToDb generalConnection
INFORMAZIONI: Connesso standard ........

mar 04, 2023 10:26:36 AM laptop.utilities.PopulateDefaultDb createUser
INFORMAZIONI: ---------Chiamo stored insUsers---------


mar 04, 2023 10:26:36 AM laptop.utilities.ConnToDb generalConnection
INFORMAZIONI: Tentativo di conessione al server..........\\n
mar 04, 2023 10:26:36 AM laptop.utilities.ConnToDb generalConnection
INFORMAZIONI: Connesso standard ........

mar 04, 2023 10:26:37 AM laptop.utilities.PopulateDefaultDb createNegozio
INFORMAZIONI: ---------Chiamo stored insNegozi---------


mar 04, 2023 10:26:37 AM laptop.utilities.ConnToDb generalConnection
INFORMAZIONI: Tentativo di conessione al server..........\\n
mar 04, 2023 10:26:37 AM laptop.utilities.ConnToDb generalConnection
INFORMAZIONI: Connesso standard ........

mar 04, 2023 10:26:37 AM laptop.utilities.ConnToDb generalConnection
INFORMAZIONI: Tentativo di conessione al server..........\\n
mar 04, 2023 10:26:37 AM laptop.utilities.ConnToDb generalConnection
INFORMAZIONI: Connesso standard ........

mar 04, 2023 10:26:37 AM laptop.utilities.PopulateDefaultDb daiPrivilegi
INFORMAZIONI: Dai privilegi generali
mar 04, 2023 10:26:37 AM laptop.utilities.CreateDefaultDB createDefaultDB
INFORMAZIONI: tabella popolata valori default
mar 04, 2023 10:26:37 AM laptop.utilities.CreateDefaultDB createDefaultDB
INFORMAZIONI: trovato db e connesso.. buon proseguimento
mar 04, 2023 10:26:38 AM laptop.controller.ControllerModificaUtente <init>
INFORMAZIONI: Costruttore ControllerModificaUtente
mar 04, 2023 10:26:38 AM laptop.utilities.ConnToDb generalConnection
INFORMAZIONI: Tentativo di conessione al server..........\\n
mar 04, 2023 10:26:38 AM laptop.utilities.ConnToDb generalConnection
INFORMAZIONI: Connesso standard ........

mar 04, 2023 10:26:38 AM laptop.utilities.ConnToDb generalConnection
INFORMAZIONI: Tentativo di conessione al server..........\\n
mar 04, 2023 10:26:38 AM laptop.utilities.ConnToDb generalConnection
INFORMAZIONI: Connesso standard ........

mar 04, 2023 10:26:38 AM laptop.utilities.ConnToDb generalConnection
INFORMAZIONI: Tentativo di conessione al server..........\\n
mar 04, 2023 10:26:38 AM laptop.utilities.ConnToDb generalConnection
INFORMAZIONI: Connesso standard ........

mar 04, 2023 10:26:38 AM laptop.utilities.ConnToDb generalConnection
INFORMAZIONI: Tentativo di conessione al server..........\\n
mar 04, 2023 10:26:39 AM laptop.utilities.ConnToDb generalConnection
INFORMAZIONI: Connesso standard ........

mar 04, 2023 10:26:39 AM laptop.utilities.ConnToDb generalConnection
INFORMAZIONI: Tentativo di conessione al server..........\\n
mar 04, 2023 10:26:39 AM laptop.utilities.ConnToDb generalConnection
INFORMAZIONI: Connesso standard ........

]]></system-err>
  </testcase>
  <testcase name="testAggiornaTot" classname="laptop.test.TestLaptop1" time="0.554">
    <system-err><![CDATA[mar 04, 2023 10:26:39 AM laptop.controller.ControllerModificaUtente <init>
INFORMAZIONI: Costruttore ControllerModificaUtente
mar 04, 2023 10:26:39 AM laptop.utilities.ConnToDb generalConnection
INFORMAZIONI: Tentativo di conessione al server..........\\n
mar 04, 2023 10:26:39 AM laptop.utilities.ConnToDb generalConnection
INFORMAZIONI: Connesso standard ........

mar 04, 2023 10:26:39 AM laptop.database.UsersDao pickData
INFORMAZIONI: errore in mysql :
mar 04, 2023 10:26:39 AM laptop.utilities.ConnToDb generalConnection
INFORMAZIONI: Tentativo di conessione al server..........\\n
mar 04, 2023 10:26:39 AM laptop.utilities.ConnToDb generalConnection
INFORMAZIONI: Connesso standard ........

]]></system-err>
  </testcase>
  <testcase name="testGetRivistaById" classname="laptop.test.TestLaptop1" time="0.577">
    <system-err><![CDATA[mar 04, 2023 10:26:39 AM laptop.controller.ControllerModificaUtente <init>
INFORMAZIONI: Costruttore ControllerModificaUtente
mar 04, 2023 10:26:40 AM laptop.utilities.ConnToDb generalConnection
INFORMAZIONI: Tentativo di conessione al server..........\\n
mar 04, 2023 10:26:40 AM laptop.utilities.ConnToDb generalConnection
INFORMAZIONI: Connesso standard ........

]]></system-err>
  </testcase>
  <testcase name="testGetGiornali" classname="laptop.test.TestLaptop1" time="0.14">
    <system-err><![CDATA[mar 04, 2023 10:26:40 AM laptop.controller.ControllerModificaUtente <init>
INFORMAZIONI: Costruttore ControllerModificaUtente
mar 04, 2023 10:26:40 AM laptop.utilities.ConnToDb generalConnection
INFORMAZIONI: Tentativo di conessione al server..........\\n
mar 04, 2023 10:26:40 AM laptop.utilities.ConnToDb generalConnection
INFORMAZIONI: Connesso standard ........

]]></system-err>
  </testcase>
  <testcase name="testScaricaLibro(int)[1]" classname="laptop.test.TestLaptop1" time="6.143">
    <system-err><![CDATA[mar 04, 2023 10:26:41 AM laptop.controller.ControllerModificaUtente <init>
INFORMAZIONI: Costruttore ControllerModificaUtente
]]></system-err>
  </testcase>
  <testcase name="testScaricaLibro(int)[2]" classname="laptop.test.TestLaptop1" time="1.247">
    <system-err><![CDATA[mar 04, 2023 10:26:47 AM laptop.controller.ControllerModificaUtente <init>
INFORMAZIONI: Costruttore ControllerModificaUtente
]]></system-err>
  </testcase>
  <testcase name="testScaricaLibro(int)[3]" classname="laptop.test.TestLaptop1" time="1.064">
    <system-err><![CDATA[mar 04, 2023 10:26:48 AM laptop.controller.ControllerModificaUtente <init>
INFORMAZIONI: Costruttore ControllerModificaUtente
]]></system-err>
  </testcase>
  <testcase name="testScaricaLibro(int)[4]" classname="laptop.test.TestLaptop1" time="0.904">
    <system-err><![CDATA[mar 04, 2023 10:26:49 AM laptop.controller.ControllerModificaUtente <init>
INFORMAZIONI: Costruttore ControllerModificaUtente
]]></system-err>
  </testcase>
  <testcase name="testScaricaLibro(int)[5]" classname="laptop.test.TestLaptop1" time="1.213">
    <system-err><![CDATA[mar 04, 2023 10:26:50 AM laptop.controller.ControllerModificaUtente <init>
INFORMAZIONI: Costruttore ControllerModificaUtente
]]></system-err>
  </testcase>
  <testcase name="testScaricaLibro(int)[6]" classname="laptop.test.TestLaptop1" time="0.474">
    <system-err><![CDATA[mar 04, 2023 10:26:51 AM laptop.controller.ControllerModificaUtente <init>
INFORMAZIONI: Costruttore ControllerModificaUtente
]]></system-err>
  </testcase>
  <testcase name="testGetDispG" classname="laptop.test.TestLaptop1" time="0.043">
    <system-err><![CDATA[mar 04, 2023 10:26:52 AM laptop.controller.ControllerModificaUtente <init>
INFORMAZIONI: Costruttore ControllerModificaUtente
mar 04, 2023 10:26:52 AM laptop.utilities.ConnToDb generalConnection
INFORMAZIONI: Tentativo di conessione al server..........\\n
mar 04, 2023 10:26:52 AM laptop.utilities.ConnToDb generalConnection
INFORMAZIONI: Connesso standard ........

]]></system-err>
  </testcase>
  <testcase name="testGetDispL" classname="laptop.test.TestLaptop1" time="0.234">
    <system-err><![CDATA[mar 04, 2023 10:26:52 AM laptop.controller.ControllerModificaUtente <init>
INFORMAZIONI: Costruttore ControllerModificaUtente
mar 04, 2023 10:26:52 AM laptop.utilities.ConnToDb generalConnection
INFORMAZIONI: Tentativo di conessione al server..........\\n
mar 04, 2023 10:26:52 AM laptop.utilities.ConnToDb generalConnection
INFORMAZIONI: Connesso standard ........

]]></system-err>
  </testcase>
  <testcase name="testGetDispR" classname="laptop.test.TestLaptop1" time="0.07">
    <system-err><![CDATA[mar 04, 2023 10:26:52 AM laptop.controller.ControllerModificaUtente <init>
INFORMAZIONI: Costruttore ControllerModificaUtente
mar 04, 2023 10:26:52 AM laptop.utilities.ConnToDb generalConnection
INFORMAZIONI: Tentativo di conessione al server..........\\n
mar 04, 2023 10:26:52 AM laptop.utilities.ConnToDb generalConnection
INFORMAZIONI: Connesso standard ........

]]></system-err>
  </testcase>
  <testcase name="testGetLibri" classname="laptop.test.TestLaptop1" time="0.065">
    <system-err><![CDATA[mar 04, 2023 10:26:52 AM laptop.controller.ControllerModificaUtente <init>
INFORMAZIONI: Costruttore ControllerModificaUtente
mar 04, 2023 10:26:52 AM laptop.utilities.ConnToDb generalConnection
INFORMAZIONI: Tentativo di conessione al server..........\\n
mar 04, 2023 10:26:52 AM laptop.utilities.ConnToDb generalConnection
INFORMAZIONI: Connesso standard ........

]]></system-err>
  </testcase>
  <testcase name="testLogoutSE" classname="laptop.test.TestLaptop1" time="0.005">
    <system-err><![CDATA[mar 04, 2023 10:26:52 AM laptop.controller.ControllerModificaUtente <init>
INFORMAZIONI: Costruttore ControllerModificaUtente
mar 04, 2023 10:26:52 AM laptop.controller.ControllerHomePageAfterLoginSE logout
INFORMAZIONI: stai sloggando come Bao Publishing
mar 04, 2023 10:26:52 AM laptop.controller.ControllerHomePageAfterLoginSE logout
INFORMAZIONI: logout utente null
]]></system-err>
  </testcase>
  <testcase name="testTotaleG" classname="laptop.test.TestLaptop1" time="1.865">
    <system-err><![CDATA[mar 04, 2023 10:26:52 AM laptop.controller.ControllerModificaUtente <init>
INFORMAZIONI: Costruttore ControllerModificaUtente
mar 04, 2023 10:26:52 AM laptop.utilities.ConnToDb generalConnection
INFORMAZIONI: Tentativo di conessione al server..........\\n
mar 04, 2023 10:26:52 AM laptop.utilities.ConnToDb generalConnection
INFORMAZIONI: Connesso standard ........

mar 04, 2023 10:26:52 AM laptop.utilities.ConnToDb generalConnection
INFORMAZIONI: Tentativo di conessione al server..........\\n
mar 04, 2023 10:26:52 AM laptop.utilities.ConnToDb generalConnection
INFORMAZIONI: Connesso standard ........

]]></system-err>
  </testcase>
  <testcase name="testTotaleR" classname="laptop.test.TestLaptop1" time="1.998">
    <system-err><![CDATA[mar 04, 2023 10:26:54 AM laptop.controller.ControllerModificaUtente <init>
INFORMAZIONI: Costruttore ControllerModificaUtente
mar 04, 2023 10:26:54 AM laptop.utilities.ConnToDb generalConnection
INFORMAZIONI: Tentativo di conessione al server..........\\n
mar 04, 2023 10:26:54 AM laptop.utilities.ConnToDb generalConnection
INFORMAZIONI: Connesso standard ........

mar 04, 2023 10:26:54 AM laptop.utilities.ConnToDb generalConnection
INFORMAZIONI: Tentativo di conessione al server..........\\n
mar 04, 2023 10:26:54 AM laptop.utilities.ConnToDb generalConnection
INFORMAZIONI: Connesso standard ........

]]></system-err>
  </testcase>
  <testcase name="testGetNomeById" classname="laptop.test.TestLaptop1" time="0.029">
    <system-err><![CDATA[mar 04, 2023 10:26:56 AM laptop.controller.ControllerModificaUtente <init>
INFORMAZIONI: Costruttore ControllerModificaUtente
mar 04, 2023 10:26:56 AM laptop.utilities.ConnToDb generalConnection
INFORMAZIONI: Tentativo di conessione al server..........\\n
mar 04, 2023 10:26:56 AM laptop.utilities.ConnToDb generalConnection
INFORMAZIONI: Connesso standard ........

]]></system-err>
  </testcase>
  <testcase name="testGetNomeUser" classname="laptop.test.TestLaptop1" time="0.003">
    <system-err><![CDATA[mar 04, 2023 10:26:56 AM laptop.controller.ControllerModificaUtente <init>
INFORMAZIONI: Costruttore ControllerModificaUtente
]]></system-err>
  </testcase>
  <testcase name="testDisponibilitaLibro" classname="laptop.test.TestLaptop1" time="0.029">
    <system-err><![CDATA[mar 04, 2023 10:26:56 AM laptop.controller.ControllerModificaUtente <init>
INFORMAZIONI: Costruttore ControllerModificaUtente
mar 04, 2023 10:26:56 AM laptop.utilities.ConnToDb generalConnection
INFORMAZIONI: Tentativo di conessione al server..........\\n
mar 04, 2023 10:26:56 AM laptop.utilities.ConnToDb generalConnection
INFORMAZIONI: Connesso standard ........

mar 04, 2023 10:26:56 AM laptop.database.LibroDao checkDisp
INFORMAZIONI: libro disponibile
]]></system-err>
  </testcase>
  <testcase name="testCheckDataG" classname="laptop.test.TestLaptop1" time="1.665">
    <system-err><![CDATA[mar 04, 2023 10:26:56 AM laptop.controller.ControllerModificaUtente <init>
INFORMAZIONI: Costruttore ControllerModificaUtente
mar 04, 2023 10:26:56 AM laptop.utilities.ConnToDb generalConnection
INFORMAZIONI: Tentativo di conessione al server..........\\n
mar 04, 2023 10:26:56 AM laptop.utilities.ConnToDb generalConnection
INFORMAZIONI: Connesso standard ........

]]></system-err>
  </testcase>
  <testcase name="testCheckDataL" classname="laptop.test.TestLaptop1" time="0.798">
    <system-err><![CDATA[mar 04, 2023 10:26:58 AM laptop.controller.ControllerModificaUtente <init>
INFORMAZIONI: Costruttore ControllerModificaUtente
mar 04, 2023 10:26:58 AM laptop.utilities.ConnToDb generalConnection
INFORMAZIONI: Tentativo di conessione al server..........\\n
mar 04, 2023 10:26:58 AM laptop.utilities.ConnToDb generalConnection
INFORMAZIONI: Connesso standard ........

mar 04, 2023 10:26:59 AM laptop.database.LibroDao aggiornaLibro
INFORMAZIONI: row affected 1
]]></system-err>
  </testcase>
  <testcase name="testCheckDataR" classname="laptop.test.TestLaptop1" time="1.067">
    <system-err><![CDATA[mar 04, 2023 10:26:59 AM laptop.controller.ControllerModificaUtente <init>
INFORMAZIONI: Costruttore ControllerModificaUtente
mar 04, 2023 10:26:59 AM laptop.utilities.ConnToDb generalConnection
INFORMAZIONI: Tentativo di conessione al server..........\\n
mar 04, 2023 10:26:59 AM laptop.utilities.ConnToDb generalConnection
INFORMAZIONI: Connesso standard ........

]]></system-err>
  </testcase>
  <testcase name="testAnnullaOrdine" classname="laptop.test.TestLaptop1" time="2.407">
    <system-err><![CDATA[mar 04, 2023 10:27:00 AM laptop.controller.ControllerModificaUtente <init>
INFORMAZIONI: Costruttore ControllerModificaUtente
mar 04, 2023 10:27:00 AM laptop.utilities.ConnToDb generalConnection
INFORMAZIONI: Tentativo di conessione al server..........\\n
mar 04, 2023 10:27:00 AM laptop.utilities.ConnToDb generalConnection
INFORMAZIONI: Connesso standard ........

]]></system-err>
  </testcase>
  <testcase name="testDisponibilitaRivista" classname="laptop.test.TestLaptop1" time="0.133">
    <system-err><![CDATA[mar 04, 2023 10:27:02 AM laptop.controller.ControllerModificaUtente <init>
INFORMAZIONI: Costruttore ControllerModificaUtente
mar 04, 2023 10:27:02 AM laptop.utilities.ConnToDb generalConnection
INFORMAZIONI: Tentativo di conessione al server..........\\n
mar 04, 2023 10:27:02 AM laptop.utilities.ConnToDb generalConnection
INFORMAZIONI: Connesso standard ........

]]></system-err>
  </testcase>
  <testcase name="testGetRuoloTempUSer" classname="laptop.test.TestLaptop1" time="0.13">
    <system-err><![CDATA[mar 04, 2023 10:27:02 AM laptop.controller.ControllerModificaUtente <init>
INFORMAZIONI: Costruttore ControllerModificaUtente
mar 04, 2023 10:27:02 AM laptop.utilities.ConnToDb generalConnection
INFORMAZIONI: Tentativo di conessione al server..........\\n
mar 04, 2023 10:27:02 AM laptop.utilities.ConnToDb generalConnection
INFORMAZIONI: Connesso standard ........

]]></system-err>
  </testcase>
  <testcase name="testDisponibilitaGiornale" classname="laptop.test.TestLaptop1" time="0.164">
    <system-err><![CDATA[mar 04, 2023 10:27:02 AM laptop.controller.ControllerModificaUtente <init>
INFORMAZIONI: Costruttore ControllerModificaUtente
mar 04, 2023 10:27:02 AM laptop.utilities.ConnToDb generalConnection
INFORMAZIONI: Tentativo di conessione al server..........\\n
mar 04, 2023 10:27:02 AM laptop.utilities.ConnToDb generalConnection
INFORMAZIONI: Connesso standard ........

mar 04, 2023 10:27:02 AM laptop.database.GiornaleDao checkDisp
INFORMAZIONI: giornale Trovato
]]></system-err>
  </testcase>
  <testcase name="testGetGiornaliById" classname="laptop.test.TestLaptop1" time="0.243">
    <system-err><![CDATA[mar 04, 2023 10:27:02 AM laptop.controller.ControllerModificaUtente <init>
INFORMAZIONI: Costruttore ControllerModificaUtente
mar 04, 2023 10:27:03 AM laptop.utilities.ConnToDb generalConnection
INFORMAZIONI: Tentativo di conessione al server..........\\n
mar 04, 2023 10:27:03 AM laptop.utilities.ConnToDb generalConnection
INFORMAZIONI: Connesso standard ........

mar 04, 2023 10:27:03 AM laptop.database.GiornaleDao getGiornaliSingoloById
INFORMAZIONI: catalogo [laptop.model.raccolta.Giornale@6bf77ee]
]]></system-err>
  </testcase>
  <testcase name="testGetTipo" classname="laptop.test.TestLaptop1" time="0.212">
    <system-err><![CDATA[mar 04, 2023 10:27:03 AM laptop.controller.ControllerModificaUtente <init>
INFORMAZIONI: Costruttore ControllerModificaUtente
]]></system-err>
  </testcase>
  <testcase name="testGetNumeroCC" classname="laptop.test.TestLaptop1" time="0.003">
    <system-err><![CDATA[mar 04, 2023 10:27:03 AM laptop.controller.ControllerModificaUtente <init>
INFORMAZIONI: Costruttore ControllerModificaUtente
]]></system-err>
  </testcase>
  <testcase name="testCheckDataGM" classname="laptop.test.TestLaptop1" time="2.205">
    <system-err><![CDATA[mar 04, 2023 10:27:03 AM laptop.controller.ControllerModificaUtente <init>
INFORMAZIONI: Costruttore ControllerModificaUtente
mar 04, 2023 10:27:03 AM laptop.utilities.ConnToDb generalConnection
INFORMAZIONI: Tentativo di conessione al server..........\\n
mar 04, 2023 10:27:03 AM laptop.utilities.ConnToDb generalConnection
INFORMAZIONI: Connesso standard ........

mar 04, 2023 10:27:05 AM laptop.database.GiornaleDao aggiornaGiornale
INFORMAZIONI:  rows aggiornalte 1
]]></system-err>
  </testcase>
  <testcase name="testCheckDataRM" classname="laptop.test.TestLaptop1" time="0.539">
    <system-err><![CDATA[mar 04, 2023 10:27:05 AM laptop.controller.ControllerModificaUtente <init>
INFORMAZIONI: Costruttore ControllerModificaUtente
mar 04, 2023 10:27:05 AM laptop.utilities.ConnToDb generalConnection
INFORMAZIONI: Tentativo di conessione al server..........\\n
mar 04, 2023 10:27:05 AM laptop.utilities.ConnToDb generalConnection
INFORMAZIONI: Connesso standard ........

mar 04, 2023 10:27:06 AM laptop.database.RivistaDao aggiornaRivista
INFORMAZIONI: rows afffected1
]]></system-err>
  </testcase>
  <testcase name="testGetAmmontare" classname="laptop.test.TestLaptop1" time="0.007">
    <system-err><![CDATA[mar 04, 2023 10:27:06 AM laptop.controller.ControllerModificaUtente <init>
INFORMAZIONI: Costruttore ControllerModificaUtente
]]></system-err>
  </testcase>
  <testcase name="testControllaG" classname="laptop.test.TestLaptop1" time="1.222">
    <system-err><![CDATA[mar 04, 2023 10:27:06 AM laptop.controller.ControllerModificaUtente <init>
INFORMAZIONI: Costruttore ControllerModificaUtente
mar 04, 2023 10:27:06 AM laptop.utilities.ConnToDb generalConnection
INFORMAZIONI: Tentativo di conessione al server..........\\n
mar 04, 2023 10:27:06 AM laptop.utilities.ConnToDb generalConnection
INFORMAZIONI: Connesso standard ........

mar 04, 2023 10:27:06 AM laptop.utilities.ConnToDb generalConnection
INFORMAZIONI: Tentativo di conessione al server..........\\n
mar 04, 2023 10:27:06 AM laptop.utilities.ConnToDb generalConnection
INFORMAZIONI: Connesso standard ........

mar 04, 2023 10:27:07 AM laptop.utilities.ConnToDb generalConnection
INFORMAZIONI: Tentativo di conessione al server..........\\n
mar 04, 2023 10:27:07 AM laptop.utilities.ConnToDb generalConnection
INFORMAZIONI: Connesso standard ........

]]></system-err>
  </testcase>
  <testcase name="testControllaL" classname="laptop.test.TestLaptop1" time="1.061">
    <system-err><![CDATA[mar 04, 2023 10:27:07 AM laptop.controller.ControllerModificaUtente <init>
INFORMAZIONI: Costruttore ControllerModificaUtente
mar 04, 2023 10:27:07 AM laptop.utilities.ConnToDb generalConnection
INFORMAZIONI: Tentativo di conessione al server..........\\n
mar 04, 2023 10:27:07 AM laptop.utilities.ConnToDb generalConnection
INFORMAZIONI: Connesso standard ........

mar 04, 2023 10:27:07 AM laptop.utilities.ConnToDb generalConnection
INFORMAZIONI: Tentativo di conessione al server..........\\n
mar 04, 2023 10:27:07 AM laptop.utilities.ConnToDb generalConnection
INFORMAZIONI: Connesso standard ........

mar 04, 2023 10:27:08 AM laptop.utilities.ConnToDb generalConnection
INFORMAZIONI: Tentativo di conessione al server..........\\n
mar 04, 2023 10:27:08 AM laptop.utilities.ConnToDb generalConnection
INFORMAZIONI: Connesso standard ........

]]></system-err>
  </testcase>
  <testcase name="testControllaR" classname="laptop.test.TestLaptop1" time="1.228">
    <system-err><![CDATA[mar 04, 2023 10:27:08 AM laptop.controller.ControllerModificaUtente <init>
INFORMAZIONI: Costruttore ControllerModificaUtente
mar 04, 2023 10:27:08 AM laptop.utilities.ConnToDb generalConnection
INFORMAZIONI: Tentativo di conessione al server..........\\n
mar 04, 2023 10:27:08 AM laptop.utilities.ConnToDb generalConnection
INFORMAZIONI: Connesso standard ........

mar 04, 2023 10:27:08 AM laptop.utilities.ConnToDb generalConnection
INFORMAZIONI: Tentativo di conessione al server..........\\n
mar 04, 2023 10:27:08 AM laptop.utilities.ConnToDb generalConnection
INFORMAZIONI: Connesso standard ........

mar 04, 2023 10:27:09 AM laptop.utilities.ConnToDb generalConnection
INFORMAZIONI: Tentativo di conessione al server..........\\n
mar 04, 2023 10:27:09 AM laptop.utilities.ConnToDb generalConnection
INFORMAZIONI: Connesso standard ........

]]></system-err>
  </testcase>
  <testcase name="testGetPrezzoTransazine" classname="laptop.test.TestLaptop1" time="0.001">
    <system-err><![CDATA[mar 04, 2023 10:27:09 AM laptop.controller.ControllerModificaUtente <init>
INFORMAZIONI: Costruttore ControllerModificaUtente
]]></system-err>
  </testcase>
  <testcase name="testGetCognomeUser" classname="laptop.test.TestLaptop1" time="0.001">
    <system-err><![CDATA[mar 04, 2023 10:27:09 AM laptop.controller.ControllerModificaUtente <init>
INFORMAZIONI: Costruttore ControllerModificaUtente
]]></system-err>
  </testcase>
  <testcase name="testControlla" classname="laptop.test.TestLaptop1" time="0.116">
    <system-err><![CDATA[mar 04, 2023 10:27:09 AM laptop.controller.ControllerModificaUtente <init>
INFORMAZIONI: Costruttore ControllerModificaUtente
mar 04, 2023 10:27:09 AM laptop.utilities.ConnToDb generalConnection
INFORMAZIONI: Tentativo di conessione al server..........\\n
mar 04, 2023 10:27:09 AM laptop.utilities.ConnToDb generalConnection
INFORMAZIONI: Connesso standard ........

mar 04, 2023 10:27:09 AM laptop.database.UsersDao checkUser
INFORMAZIONI: idUser zerocalcare@gmail.com
mar 04, 2023 10:27:09 AM laptop.utilities.ConnToDb generalConnection
INFORMAZIONI: Tentativo di conessione al server..........\\n
mar 04, 2023 10:27:09 AM laptop.utilities.ConnToDb generalConnection
INFORMAZIONI: Connesso standard ........

mar 04, 2023 10:27:09 AM laptop.utilities.ConnToDb generalConnection
INFORMAZIONI: Tentativo di conessione al server..........\\n
mar 04, 2023 10:27:09 AM laptop.utilities.ConnToDb generalConnection
INFORMAZIONI: Connesso standard ........

mar 04, 2023 10:27:09 AM laptop.database.UsersDao pickData
INFORMAZIONI: errore in mysql :
mar 04, 2023 10:27:09 AM laptop.controller.ControllerLogin controlla
INFORMAZIONI: loggato come W
]]></system-err>
  </testcase>
  <testcase name="testGetRivistaS" classname="laptop.test.TestLaptop1" time="0.037">
    <system-err><![CDATA[mar 04, 2023 10:27:09 AM laptop.controller.ControllerModificaUtente <init>
INFORMAZIONI: Costruttore ControllerModificaUtente
mar 04, 2023 10:27:09 AM laptop.utilities.ConnToDb generalConnection
INFORMAZIONI: Tentativo di conessione al server..........\\n
mar 04, 2023 10:27:09 AM laptop.utilities.ConnToDb generalConnection
INFORMAZIONI: Connesso standard ........

]]></system-err>
  </testcase>
  <testcase name="testGetScadenza" classname="laptop.test.TestLaptop1" time="0.001">
    <system-err><![CDATA[mar 04, 2023 10:27:09 AM laptop.controller.ControllerModificaUtente <init>
INFORMAZIONI: Costruttore ControllerModificaUtente
]]></system-err>
  </testcase>
  <testcase name="testScaricaRivista(int)[1]" classname="laptop.test.TestLaptop1" time="0.512">
    <system-err><![CDATA[mar 04, 2023 10:27:09 AM laptop.controller.ControllerModificaUtente <init>
INFORMAZIONI: Costruttore ControllerModificaUtente
]]></system-err>
  </testcase>
  <testcase name="testScaricaRivista(int)[2]" classname="laptop.test.TestLaptop1" time="0.375">
    <system-err><![CDATA[mar 04, 2023 10:27:10 AM laptop.controller.ControllerModificaUtente <init>
INFORMAZIONI: Costruttore ControllerModificaUtente
]]></system-err>
  </testcase>
  <testcase name="testScaricaRivista(int)[3]" classname="laptop.test.TestLaptop1" time="0.046">
    <system-err><![CDATA[mar 04, 2023 10:27:10 AM laptop.controller.ControllerModificaUtente <init>
INFORMAZIONI: Costruttore ControllerModificaUtente
]]></system-err>
  </testcase>
  <testcase name="testScaricaRivista(int)[4]" classname="laptop.test.TestLaptop1" time="0.022">
    <system-err><![CDATA[mar 04, 2023 10:27:10 AM laptop.controller.ControllerModificaUtente <init>
INFORMAZIONI: Costruttore ControllerModificaUtente
]]></system-err>
  </testcase>
  <testcase name="testScaricaRivista(int)[5]" classname="laptop.test.TestLaptop1" time="0.019">
    <system-err><![CDATA[mar 04, 2023 10:27:10 AM laptop.controller.ControllerModificaUtente <init>
INFORMAZIONI: Costruttore ControllerModificaUtente
]]></system-err>
  </testcase>
  <testcase name="testScaricaRivista(int)[6]" classname="laptop.test.TestLaptop1" time="0.021">
    <system-err><![CDATA[mar 04, 2023 10:27:10 AM laptop.controller.ControllerModificaUtente <init>
INFORMAZIONI: Costruttore ControllerModificaUtente
]]></system-err>
  </testcase>
  <testcase name="testGetNomeByIdG" classname="laptop.test.TestLaptop1" time="0.031">
    <system-err><![CDATA[mar 04, 2023 10:27:10 AM laptop.controller.ControllerModificaUtente <init>
INFORMAZIONI: Costruttore ControllerModificaUtente
mar 04, 2023 10:27:10 AM laptop.utilities.ConnToDb generalConnection
INFORMAZIONI: Tentativo di conessione al server..........\\n
mar 04, 2023 10:27:11 AM laptop.utilities.ConnToDb generalConnection
INFORMAZIONI: Connesso standard ........

]]></system-err>
  </testcase>
  <testcase name="testGetNomeByIdR" classname="laptop.test.TestLaptop1" time="0.03">
    <system-err><![CDATA[mar 04, 2023 10:27:11 AM laptop.controller.ControllerModificaUtente <init>
INFORMAZIONI: Costruttore ControllerModificaUtente
mar 04, 2023 10:27:11 AM laptop.utilities.ConnToDb generalConnection
INFORMAZIONI: Tentativo di conessione al server..........\\n
mar 04, 2023 10:27:11 AM laptop.utilities.ConnToDb generalConnection
INFORMAZIONI: Connesso standard ........

]]></system-err>
  </testcase>
  <testcase name="testAnnullaOrdineG" classname="laptop.test.TestLaptop1" time="5.259">
    <system-err><![CDATA[mar 04, 2023 10:27:11 AM laptop.controller.ControllerModificaUtente <init>
INFORMAZIONI: Costruttore ControllerModificaUtente
mar 04, 2023 10:27:11 AM laptop.utilities.ConnToDb generalConnection
INFORMAZIONI: Tentativo di conessione al server..........\\n
mar 04, 2023 10:27:11 AM laptop.utilities.ConnToDb generalConnection
INFORMAZIONI: Connesso standard ........

mar 04, 2023 10:27:11 AM laptop.utilities.ConnToDb generalConnection
INFORMAZIONI: Tentativo di conessione al server..........\\n
mar 04, 2023 10:27:11 AM laptop.utilities.ConnToDb generalConnection
INFORMAZIONI: Connesso standard ........

mar 04, 2023 10:27:12 AM laptop.utilities.ConnToDb generalConnection
INFORMAZIONI: Tentativo di conessione al server..........\\n
mar 04, 2023 10:27:12 AM laptop.utilities.ConnToDb generalConnection
INFORMAZIONI: Connesso standard ........

mar 04, 2023 10:27:13 AM laptop.utilities.ConnToDb generalConnection
INFORMAZIONI: Tentativo di conessione al server..........\\n
mar 04, 2023 10:27:13 AM laptop.utilities.ConnToDb generalConnection
INFORMAZIONI: Connesso standard ........

mar 04, 2023 10:27:14 AM laptop.utilities.ConnToDb generalConnection
INFORMAZIONI: Tentativo di conessione al server..........\\n
mar 04, 2023 10:27:14 AM laptop.utilities.ConnToDb generalConnection
INFORMAZIONI: Connesso standard ........

mar 04, 2023 10:27:14 AM laptop.utilities.ConnToDb generalConnection
INFORMAZIONI: Tentativo di conessione al server..........\\n
mar 04, 2023 10:27:14 AM laptop.utilities.ConnToDb generalConnection
INFORMAZIONI: Connesso standard ........

mar 04, 2023 10:27:14 AM laptop.utilities.ConnToDb generalConnection
INFORMAZIONI: Tentativo di conessione al server..........\\n
mar 04, 2023 10:27:14 AM laptop.utilities.ConnToDb generalConnection
INFORMAZIONI: Connesso standard ........

mar 04, 2023 10:27:14 AM laptop.utilities.ConnToDb generalConnection
INFORMAZIONI: Tentativo di conessione al server..........\\n
mar 04, 2023 10:27:15 AM laptop.utilities.ConnToDb generalConnection
INFORMAZIONI: Connesso standard ........

mar 04, 2023 10:27:15 AM laptop.utilities.ConnToDb generalConnection
INFORMAZIONI: Tentativo di conessione al server..........\\n
mar 04, 2023 10:27:15 AM laptop.utilities.ConnToDb generalConnection
INFORMAZIONI: Connesso standard ........

]]></system-err>
  </testcase>
  <testcase name="testAnnullaOrdineL" classname="laptop.test.TestLaptop1" time="2.761">
    <system-err><![CDATA[mar 04, 2023 10:27:16 AM laptop.controller.ControllerModificaUtente <init>
INFORMAZIONI: Costruttore ControllerModificaUtente
mar 04, 2023 10:27:16 AM laptop.utilities.ConnToDb generalConnection
INFORMAZIONI: Tentativo di conessione al server..........\\n
mar 04, 2023 10:27:16 AM laptop.utilities.ConnToDb generalConnection
INFORMAZIONI: Connesso standard ........

mar 04, 2023 10:27:16 AM laptop.utilities.ConnToDb generalConnection
INFORMAZIONI: Tentativo di conessione al server..........\\n
mar 04, 2023 10:27:16 AM laptop.utilities.ConnToDb generalConnection
INFORMAZIONI: Connesso standard ........

mar 04, 2023 10:27:16 AM laptop.utilities.ConnToDb generalConnection
INFORMAZIONI: Tentativo di conessione al server..........\\n
mar 04, 2023 10:27:16 AM laptop.utilities.ConnToDb generalConnection
INFORMAZIONI: Connesso standard ........

mar 04, 2023 10:27:17 AM laptop.utilities.ConnToDb generalConnection
INFORMAZIONI: Tentativo di conessione al server..........\\n
mar 04, 2023 10:27:17 AM laptop.utilities.ConnToDb generalConnection
INFORMAZIONI: Connesso standard ........

mar 04, 2023 10:27:17 AM laptop.utilities.ConnToDb generalConnection
INFORMAZIONI: Tentativo di conessione al server..........\\n
mar 04, 2023 10:27:17 AM laptop.utilities.ConnToDb generalConnection
INFORMAZIONI: Connesso standard ........

mar 04, 2023 10:27:17 AM laptop.utilities.ConnToDb generalConnection
INFORMAZIONI: Tentativo di conessione al server..........\\n
mar 04, 2023 10:27:17 AM laptop.utilities.ConnToDb generalConnection
INFORMAZIONI: Connesso standard ........

mar 04, 2023 10:27:18 AM laptop.utilities.ConnToDb generalConnection
INFORMAZIONI: Tentativo di conessione al server..........\\n
mar 04, 2023 10:27:18 AM laptop.utilities.ConnToDb generalConnection
INFORMAZIONI: Connesso standard ........

mar 04, 2023 10:27:18 AM laptop.utilities.ConnToDb generalConnection
INFORMAZIONI: Tentativo di conessione al server..........\\n
mar 04, 2023 10:27:18 AM laptop.utilities.ConnToDb generalConnection
INFORMAZIONI: Connesso standard ........

mar 04, 2023 10:27:18 AM laptop.utilities.ConnToDb generalConnection
INFORMAZIONI: Tentativo di conessione al server..........\\n
mar 04, 2023 10:27:18 AM laptop.utilities.ConnToDb generalConnection
INFORMAZIONI: Connesso standard ........

]]></system-err>
  </testcase>
  <testcase name="testAnnullaOrdineR" classname="laptop.test.TestLaptop1" time="2.47">
    <system-err><![CDATA[mar 04, 2023 10:27:19 AM laptop.controller.ControllerModificaUtente <init>
INFORMAZIONI: Costruttore ControllerModificaUtente
mar 04, 2023 10:27:19 AM laptop.utilities.ConnToDb generalConnection
INFORMAZIONI: Tentativo di conessione al server..........\\n
mar 04, 2023 10:27:19 AM laptop.utilities.ConnToDb generalConnection
INFORMAZIONI: Connesso standard ........

mar 04, 2023 10:27:19 AM laptop.utilities.ConnToDb generalConnection
INFORMAZIONI: Tentativo di conessione al server..........\\n
mar 04, 2023 10:27:19 AM laptop.utilities.ConnToDb generalConnection
INFORMAZIONI: Connesso standard ........

mar 04, 2023 10:27:20 AM laptop.utilities.ConnToDb generalConnection
INFORMAZIONI: Tentativo di conessione al server..........\\n
mar 04, 2023 10:27:20 AM laptop.utilities.ConnToDb generalConnection
INFORMAZIONI: Connesso standard ........

mar 04, 2023 10:27:20 AM laptop.utilities.ConnToDb generalConnection
INFORMAZIONI: Tentativo di conessione al server..........\\n
mar 04, 2023 10:27:20 AM laptop.utilities.ConnToDb generalConnection
INFORMAZIONI: Connesso standard ........

mar 04, 2023 10:27:20 AM laptop.utilities.ConnToDb generalConnection
INFORMAZIONI: Tentativo di conessione al server..........\\n
mar 04, 2023 10:27:20 AM laptop.utilities.ConnToDb generalConnection
INFORMAZIONI: Connesso standard ........

mar 04, 2023 10:27:20 AM laptop.utilities.ConnToDb generalConnection
INFORMAZIONI: Tentativo di conessione al server..........\\n
mar 04, 2023 10:27:20 AM laptop.utilities.ConnToDb generalConnection
INFORMAZIONI: Connesso standard ........

mar 04, 2023 10:27:21 AM laptop.utilities.ConnToDb generalConnection
INFORMAZIONI: Tentativo di conessione al server..........\\n
mar 04, 2023 10:27:21 AM laptop.utilities.ConnToDb generalConnection
INFORMAZIONI: Connesso standard ........

]]></system-err>
  </testcase>
  <testcase name="testGetGiornaleS" classname="laptop.test.TestLaptop1" time="0.044">
    <system-err><![CDATA[mar 04, 2023 10:27:21 AM laptop.controller.ControllerModificaUtente <init>
INFORMAZIONI: Costruttore ControllerModificaUtente
mar 04, 2023 10:27:21 AM laptop.utilities.ConnToDb generalConnection
INFORMAZIONI: Tentativo di conessione al server..........\\n
mar 04, 2023 10:27:21 AM laptop.utilities.ConnToDb generalConnection
INFORMAZIONI: Connesso standard ........

]]></system-err>
  </testcase>
  <testcase name="testGetCostoG" classname="laptop.test.TestLaptop1" time="0.04">
    <system-err><![CDATA[mar 04, 2023 10:27:21 AM laptop.controller.ControllerModificaUtente <init>
INFORMAZIONI: Costruttore ControllerModificaUtente
mar 04, 2023 10:27:21 AM laptop.utilities.ConnToDb generalConnection
INFORMAZIONI: Tentativo di conessione al server..........\\n
mar 04, 2023 10:27:21 AM laptop.utilities.ConnToDb generalConnection
INFORMAZIONI: Connesso standard ........

]]></system-err>
  </testcase>
  <testcase name="testGetCostoL" classname="laptop.test.TestLaptop1" time="0.031">
    <system-err><![CDATA[mar 04, 2023 10:27:21 AM laptop.controller.ControllerModificaUtente <init>
INFORMAZIONI: Costruttore ControllerModificaUtente
mar 04, 2023 10:27:21 AM laptop.utilities.ConnToDb generalConnection
INFORMAZIONI: Tentativo di conessione al server..........\\n
mar 04, 2023 10:27:21 AM laptop.utilities.ConnToDb generalConnection
INFORMAZIONI: Connesso standard ........

]]></system-err>
  </testcase>
  <testcase name="testGetCostoR" classname="laptop.test.TestLaptop1" time="0.032">
    <system-err><![CDATA[mar 04, 2023 10:27:21 AM laptop.controller.ControllerModificaUtente <init>
INFORMAZIONI: Costruttore ControllerModificaUtente
mar 04, 2023 10:27:21 AM laptop.utilities.ConnToDb generalConnection
INFORMAZIONI: Tentativo di conessione al server..........\\n
mar 04, 2023 10:27:21 AM laptop.utilities.ConnToDb generalConnection
INFORMAZIONI: Connesso standard ........

]]></system-err>
  </testcase>
  <testcase name="testCheckData" classname="laptop.test.TestLaptop1" time="0.433">
    <system-err><![CDATA[mar 04, 2023 10:27:21 AM laptop.controller.ControllerModificaUtente <init>
INFORMAZIONI: Costruttore ControllerModificaUtente
mar 04, 2023 10:27:21 AM laptop.utilities.ConnToDb generalConnection
INFORMAZIONI: Tentativo di conessione al server..........\\n
mar 04, 2023 10:27:21 AM laptop.utilities.ConnToDb generalConnection
INFORMAZIONI: Connesso standard ........

]]></system-err>
  </testcase>
  <testcase name="testRetTipoUser(String)[1]" classname="laptop.test.TestLaptop1" time="0.002">
    <system-err><![CDATA[mar 04, 2023 10:27:22 AM laptop.controller.ControllerModificaUtente <init>
INFORMAZIONI: Costruttore ControllerModificaUtente
]]></system-err>
  </testcase>
  <testcase name="testRetTipoUser(String)[2]" classname="laptop.test.TestLaptop1" time="0.003">
    <system-err><![CDATA[mar 04, 2023 10:27:22 AM laptop.controller.ControllerModificaUtente <init>
INFORMAZIONI: Costruttore ControllerModificaUtente
]]></system-err>
  </testcase>
  <testcase name="testRetTipoUser(String)[3]" classname="laptop.test.TestLaptop1" time="0.002">
    <system-err><![CDATA[mar 04, 2023 10:27:22 AM laptop.controller.ControllerModificaUtente <init>
INFORMAZIONI: Costruttore ControllerModificaUtente
]]></system-err>
  </testcase>
  <testcase name="testCancellaG" classname="laptop.test.TestLaptop1" time="0.392">
    <system-err><![CDATA[mar 04, 2023 10:27:22 AM laptop.controller.ControllerModificaUtente <init>
INFORMAZIONI: Costruttore ControllerModificaUtente
mar 04, 2023 10:27:22 AM laptop.utilities.ConnToDb generalConnection
INFORMAZIONI: Tentativo di conessione al server..........\\n
mar 04, 2023 10:27:22 AM laptop.utilities.ConnToDb generalConnection
INFORMAZIONI: Connesso standard ........

mar 04, 2023 10:27:22 AM laptop.database.GiornaleDao cancella
INFORMAZIONI: 
 rows affcted 1
]]></system-err>
  </testcase>
  <testcase name="testCancellaL" classname="laptop.test.TestLaptop1" time="0.285">
    <system-err><![CDATA[mar 04, 2023 10:27:22 AM laptop.controller.ControllerModificaUtente <init>
INFORMAZIONI: Costruttore ControllerModificaUtente
mar 04, 2023 10:27:22 AM laptop.utilities.ConnToDb generalConnection
INFORMAZIONI: Tentativo di conessione al server..........\\n
mar 04, 2023 10:27:22 AM laptop.utilities.ConnToDb generalConnection
INFORMAZIONI: Connesso standard ........

mar 04, 2023 10:27:22 AM laptop.database.LibroDao cancella
INFORMAZIONI: libro cancellato 1
]]></system-err>
  </testcase>
  <testcase name="testCancellaR" classname="laptop.test.TestLaptop1" time="0.42">
    <system-err><![CDATA[mar 04, 2023 10:27:22 AM laptop.controller.ControllerModificaUtente <init>
INFORMAZIONI: Costruttore ControllerModificaUtente
mar 04, 2023 10:27:22 AM laptop.utilities.ConnToDb generalConnection
INFORMAZIONI: Tentativo di conessione al server..........\\n
mar 04, 2023 10:27:22 AM laptop.utilities.ConnToDb generalConnection
INFORMAZIONI: Connesso standard ........

mar 04, 2023 10:27:23 AM laptop.database.RivistaDao cancella
INFORMAZIONI: row delected1
]]></system-err>
  </testcase>
  <testcase name="testGetLibroS" classname="laptop.test.TestLaptop1" time="0.037">
    <system-err><![CDATA[mar 04, 2023 10:27:23 AM laptop.controller.ControllerModificaUtente <init>
INFORMAZIONI: Costruttore ControllerModificaUtente
mar 04, 2023 10:27:23 AM laptop.utilities.ConnToDb generalConnection
INFORMAZIONI: Tentativo di conessione al server..........\\n
mar 04, 2023 10:27:23 AM laptop.utilities.ConnToDb generalConnection
INFORMAZIONI: Connesso standard ........

mar 04, 2023 10:27:23 AM laptop.database.LibroDao getLibroSingolo
INFORMAZIONI: ctalogo [laptop.model.raccolta.Libro@7d5d77a6, laptop.model.raccolta.Libro@71b7e9c8, laptop.model.raccolta.Libro@55202ba6, laptop.model.raccolta.Libro@2ef1fc8a, laptop.model.raccolta.Libro@38874eb5, laptop.model.raccolta.Libro@76b019c4, laptop.model.raccolta.Libro@221961af, laptop.model.raccolta.Libro@32ddcca, laptop.model.raccolta.Libro@1ddc8fc, laptop.model.raccolta.Libro@77d58f3a, laptop.model.raccolta.Libro@1e288c76, laptop.model.raccolta.Libro@738ed8f5, laptop.model.raccolta.Libro@1cfb7450, laptop.model.raccolta.Libro@478c84aa, laptop.model.raccolta.Libro@1d1deb11, laptop.model.raccolta.Libro@18d1d137, laptop.model.raccolta.Libro@5f4f6f89, laptop.model.raccolta.Libro@7c45191e, laptop.model.raccolta.Libro@ef220e4]
]]></system-err>
  </testcase>
  <testcase name="testGetLimite" classname="laptop.test.TestLaptop1" time="0.001">
    <system-err><![CDATA[mar 04, 2023 10:27:23 AM laptop.controller.ControllerModificaUtente <init>
INFORMAZIONI: Costruttore ControllerModificaUtente
]]></system-err>
  </testcase>
  <testcase name="testGetCiv" classname="laptop.test.TestLaptop1" time="0.001">
    <system-err><![CDATA[mar 04, 2023 10:27:23 AM laptop.controller.ControllerModificaUtente <init>
INFORMAZIONI: Costruttore ControllerModificaUtente
]]></system-err>
  </testcase>
  <testcase name="testLogout" classname="laptop.test.TestLaptop1" time="0.005">
    <system-err><![CDATA[mar 04, 2023 10:27:23 AM laptop.controller.ControllerModificaUtente <init>
INFORMAZIONI: Costruttore ControllerModificaUtente
mar 04, 2023 10:27:23 AM laptop.controller.ControllerHomePageAfterLogin logout
INFORMAZIONI: stai sloggando come Zerocalcare
mar 04, 2023 10:27:23 AM laptop.controller.ControllerHomePageAfterLogin logout
INFORMAZIONI: stai sloggando null
]]></system-err>
  </testcase>
  <testcase name="testGetRiviste" classname="laptop.test.TestLaptop1" time="0.026">
    <system-err><![CDATA[mar 04, 2023 10:27:23 AM laptop.controller.ControllerModificaUtente <init>
INFORMAZIONI: Costruttore ControllerModificaUtente
mar 04, 2023 10:27:23 AM laptop.utilities.ConnToDb generalConnection
INFORMAZIONI: Tentativo di conessione al server..........\\n
mar 04, 2023 10:27:23 AM laptop.utilities.ConnToDb generalConnection
INFORMAZIONI: Connesso standard ........

]]></system-err>
  </testcase>
  <testcase name="testPrendi" classname="laptop.test.TestLaptop1" time="0.023">
    <system-err><![CDATA[mar 04, 2023 10:27:23 AM laptop.controller.ControllerModificaUtente <init>
INFORMAZIONI: Costruttore ControllerModificaUtente
mar 04, 2023 10:27:23 AM laptop.utilities.ConnToDb generalConnection
INFORMAZIONI: Tentativo di conessione al server..........\\n
mar 04, 2023 10:27:23 AM laptop.utilities.ConnToDb generalConnection
INFORMAZIONI: Connesso standard ........

mar 04, 2023 10:27:23 AM laptop.database.UsersDao pickData
INFORMAZIONI: errore in mysql :
]]></system-err>
  </testcase>
  <testcase name="testTotale" classname="laptop.test.TestLaptop1" time="0.045">
    <system-err><![CDATA[mar 04, 2023 10:27:23 AM laptop.controller.ControllerModificaUtente <init>
INFORMAZIONI: Costruttore ControllerModificaUtente
mar 04, 2023 10:27:23 AM laptop.utilities.ConnToDb generalConnection
INFORMAZIONI: Tentativo di conessione al server..........\\n
mar 04, 2023 10:27:23 AM laptop.utilities.ConnToDb generalConnection
INFORMAZIONI: Connesso standard ........

mar 04, 2023 10:27:23 AM laptop.utilities.ConnToDb generalConnection
INFORMAZIONI: Tentativo di conessione al server..........\\n
mar 04, 2023 10:27:23 AM laptop.utilities.ConnToDb generalConnection
INFORMAZIONI: Connesso standard ........

mar 04, 2023 10:27:23 AM laptop.controller.ControllerAcquista totale
INFORMAZIONI: vis vale 
]]></system-err>
  </testcase>
  <testcase name="testGetLibriById" classname="laptop.test.TestLaptop1" time="0.028">
    <system-err><![CDATA[mar 04, 2023 10:27:23 AM laptop.controller.ControllerModificaUtente <init>
INFORMAZIONI: Costruttore ControllerModificaUtente
mar 04, 2023 10:27:23 AM laptop.utilities.ConnToDb generalConnection
INFORMAZIONI: Tentativo di conessione al server..........\\n
mar 04, 2023 10:27:23 AM laptop.utilities.ConnToDb generalConnection
INFORMAZIONI: Connesso standard ........

mar 04, 2023 10:27:23 AM laptop.database.LibroDao getLibriSingoloById
INFORMAZIONI: catalogo trovato
]]></system-err>
  </testcase>
  <testcase name="testScaricaGiornale(int)[1]" classname="laptop.test.TestLaptop1" time="0.096">
    <system-err><![CDATA[mar 04, 2023 10:27:23 AM laptop.controller.ControllerModificaUtente <init>
INFORMAZIONI: Costruttore ControllerModificaUtente
]]></system-err>
  </testcase>
  <testcase name="testScaricaGiornale(int)[2]" classname="laptop.test.TestLaptop1" time="0.166">
    <system-err><![CDATA[mar 04, 2023 10:27:23 AM laptop.controller.ControllerModificaUtente <init>
INFORMAZIONI: Costruttore ControllerModificaUtente
]]></system-err>
  </testcase>
  <testcase name="testScaricaGiornale(int)[3]" classname="laptop.test.TestLaptop1" time="0.048">
    <system-err><![CDATA[mar 04, 2023 10:27:23 AM laptop.controller.ControllerModificaUtente <init>
INFORMAZIONI: Costruttore ControllerModificaUtente
]]></system-err>
  </testcase>
  <testcase name="testScaricaGiornale(int)[4]" classname="laptop.test.TestLaptop1" time="0.036">
    <system-err><![CDATA[mar 04, 2023 10:27:23 AM laptop.controller.ControllerModificaUtente <init>
INFORMAZIONI: Costruttore ControllerModificaUtente
]]></system-err>
  </testcase>
  <testcase name="testScaricaGiornale(int)[5]" classname="laptop.test.TestLaptop1" time="0.075">
    <system-err><![CDATA[mar 04, 2023 10:27:23 AM laptop.controller.ControllerModificaUtente <init>
INFORMAZIONI: Costruttore ControllerModificaUtente
]]></system-err>
  </testcase>
  <testcase name="testScaricaGiornale(int)[6]" classname="laptop.test.TestLaptop1" time="0.16">
    <system-err><![CDATA[mar 04, 2023 10:27:23 AM laptop.controller.ControllerModificaUtente <init>
INFORMAZIONI: Costruttore ControllerModificaUtente
]]></system-err>
  </testcase>
</testsuite>